#
# A fatal error has been detected by the Java Runtime Environment:
#
#  SIGSEGV (0xb) at pc=0x00007f1660ab8880, pid=5152, tid=0x00007f15d37af700
#
# JRE version: Java(TM) SE Runtime Environment (8.0_152-b16) (build 1.8.0_152-b16)
# Java VM: Java HotSpot(TM) 64-Bit Server VM (25.152-b16 mixed mode linux-amd64 compressed oops)
# Problematic frame:
# C  [libarcsoft_fsdk_face_recognition.so+0x2e880]
#
# Failed to write core dump. Core dumps have been disabled. To enable core dumping, try "ulimit -c unlimited" before starting Java again
#
# If you would like to submit a bug report, please visit:
#   http://bugreport.java.com/bugreport/crash.jsp
#

---------------  T H R E A D  ---------------

Current thread is native thread

siginfo: si_signo: 11 (SIGSEGV), si_code: 2 (SEGV_ACCERR), si_addr: 0x00007f15c40d21ac

Registers:
RAX=0x00007f15c40d21ac, RBX=0x00007f1595fdd620, RCX=0x0000000000008a06, RDX=0x0000000000000280
RSP=0x00007f15d37aee98, RBP=0x000000000002022c, RSI=0x00000000000000ea, RDI=0x00000000000000e9
R8 =0x000000000e7f1800, R9 =0x00007f15d37b1f62, R10=0x00000000018dda2c, R11=0x00007f15d37c5822
R12=0x0000000000000009, R13=0x0000000000000428, R14=0x00007f1595fd2960, R15=0x000000000003d997
RIP=0x00007f1660ab8880, EFLAGS=0x0000000000010202, CSGSFS=0x002b000000000033, ERR=0x0000000000000004
  TRAPNO=0x000000000000000e

Top of Stack: (sp=0x00007f15d37aee98)
0x00007f15d37aee98:   0000000100000280 00007f15d383faec
0x00007f15d37aeea8:   00007f15d383faf0 00007f15d383faf4
0x00007f15d37aeeb8:   00007f16622796c0 00007f15d38b8d70
0x00007f15d37aeec8:   ffb828360000071c 00007f15d38b8d70
0x00007f15d37aeed8:   00007f15d38b8d20 00007f15d38b8d70
0x00007f15d37aeee8:   00007f15d38b8d48 00007f15d38b8da0
0x00007f15d37aeef8:   00007f1660aae970 00007f1595fd29a0
0x00007f15d37aef08:   00007f1660abc67f 0000000000000000
0x00007f15d37aef18:   000004d800000000 0000000000000000
0x00007f15d37aef28:   0000000000000000 0000000000000000
0x00007f15d37aef38:   0000000000000000 00007f168c91a44f
0x00007f15d37aef48:   00007f15d37af9c0 0000000000000001
0x00007f15d37aef58:   00007f168c5146ba 0000000000000000
0x00007f15d37aef68:   00007f15d37af700 00007f15d37af700
0x00007f15d37aef78:   b99b34c078a1e93d 0000000000000000
0x00007f15d37aef88:   00007f168c91a44f 00007f15d37af9c0
0x00007f15d37aef98:   0000000000000001 47b09235a661e93d
0x00007f15d37aefa8:   47b62c62f45be93d 0000000000000000
0x00007f15d37aefb8:   0000000000000000 0000000000000000
0x00007f15d37aefc8:   0000000000000000 0000000000000000
0x00007f15d37aefd8:   0000000000000000 0000000000000000
0x00007f15d37aefe8:   0000000000000000 00007f15d37af700
0x00007f15d37aeff8:   00007f168be303dd 0000000000000000
0x00007f15d37af008:   0000000000000000 0000000000000000
0x00007f15d37af018:   0000000000000000 0000000000000000
0x00007f15d37af028:   0000000000000000 0000000000000000
0x00007f15d37af038:   0000000000000000 0000000000000000
0x00007f15d37af048:   0000000000000000 0000000000000000
0x00007f15d37af058:   0000000000000000 0000000000000000
0x00007f15d37af068:   0000000000000000 0000000000000000
0x00007f15d37af078:   0000000000000000 0000000000000000
0x00007f15d37af088:   0000000000000000 0000000000000000 

Instructions: (pc=0x00007f1660ab8880)
0x00007f1660ab8860:   d8 c1 fa 11 0f af 54 24 b8 48 63 d2 48 01 d0 48
0x00007f1660ab8870:   03 44 24 d0 81 3b 01 08 00 00 0f 84 e0 00 00 00
0x00007f1660ab8880:   0f b6 10 0f b6 48 01 89 f8 d1 e9 d1 ea c1 f8 04
0x00007f1660ab8890:   48 83 7c 24 20 00 0f 84 94 00 00 00 c1 e0 07 48 

Register to memory mapping:

RAX=0x00007f15c40d21ac is an unknown value
RBX=0x00007f1595fdd620 is pointing into the stack for thread: 0x00007f15c4055000
RCX=0x0000000000008a06 is an unknown value
RDX=0x0000000000000280 is an unknown value
RSP=0x00007f15d37aee98 is an unknown value
RBP=0x000000000002022c is an unknown value
RSI=0x00000000000000ea is an unknown value
RDI=0x00000000000000e9 is an unknown value
R8 =0x000000000e7f1800 is an unknown value
R9 =0x00007f15d37b1f62 is an unknown value
R10=0x00000000018dda2c is an unknown value
R11=0x00007f15d37c5822 is an unknown value
R12=0x0000000000000009 is an unknown value
R13=0x0000000000000428 is an unknown value
R14=0x00007f1595fd2960 is pointing into the stack for thread: 0x00007f15c4055000
R15=0x000000000003d997 is an unknown value


Stack: [0x00007f15d2faf000,0x00007f15d37b0000],  sp=0x00007f15d37aee98,  free space=8191k
Native frames: (J=compiled Java code, j=interpreted, Vv=VM code, C=native code)
C  [libarcsoft_fsdk_face_recognition.so+0x2e880]


---------------  P R O C E S S  ---------------

VM state:not at safepoint (normal execution)

VM Mutex/Monitor currently owned by a thread: None

Heap:
 PSYoungGen      total 131072K, used 122808K [0x00000000d7600000, 0x00000000dfc00000, 0x0000000100000000)
  eden space 124928K, 95% used [0x00000000d7600000,0x00000000dea2bc30,0x00000000df000000)
  from space 6144K, 62% used [0x00000000df600000,0x00000000df9c2538,0x00000000dfc00000)
  to   space 6144K, 0% used [0x00000000df000000,0x00000000df000000,0x00000000df600000)
 ParOldGen       total 83456K, used 939K [0x0000000086200000, 0x000000008b380000, 0x00000000d7600000)
  object space 83456K, 1% used [0x0000000086200000,0x00000000862eae60,0x000000008b380000)
 Metaspace       used 9768K, capacity 9958K, committed 10112K, reserved 1058816K
  class space    used 1027K, capacity 1095K, committed 1152K, reserved 1048576K

Card table byte_map: [0x00007f1688feb000,0x00007f16893bb000] byte_map_base: 0x00007f1688bba000

Marking Bits: (ParMarkBitMap*) 0x00007f168bcfc1a0
 Begin Bits: [0x00007f1671310000, 0x00007f1673188000)
 End Bits:   [0x00007f1673188000, 0x00007f1675000000)

Polling page: 0x00007f168c94c000

CodeCache: size=245760Kb used=4320Kb max_used=4403Kb free=241439Kb
 bounds [0x00007f1675000000, 0x00007f1675460000, 0x00007f1684000000]
 total_blobs=1532 nmethods=1135 adapters=311
 compilation: enabled

Compilation events (10 events):
Event: 110.354 Thread 0x00007f1684265000 1196       3       java.util.HashSet::iterator (13 bytes)
Event: 110.355 Thread 0x00007f1684265000 nmethod 1196 0x00007f167542e190 code [0x00007f167542e320, 0x00007f167542e5f8]
Event: 110.463 Thread 0x00007f1684262800 1197       4       com.sun.jna.IntegerType::setValue (306 bytes)
Event: 110.467 Thread 0x00007f1684262800 nmethod 1197 0x00007f1675114e90 code [0x00007f1675115020, 0x00007f1675115348]
Event: 111.134 Thread 0x00007f1684260800 1198       4       java.net.SocketInputStream::read (15 bytes)
Event: 111.136 Thread 0x00007f1684260800 nmethod 1198 0x00007f167510ecd0 code [0x00007f167510ee20, 0x00007f167510eec8]
Event: 111.174 Thread 0x00007f1684265000 1199       3       java.util.HashMap$KeySet::iterator (12 bytes)
Event: 111.174 Thread 0x00007f1684265000 nmethod 1199 0x00007f167542dcd0 code [0x00007f167542de40, 0x00007f167542e0a8]
Event: 111.174 Thread 0x00007f1684265000 1200       3       java.util.HashMap$KeyIterator::<init> (11 bytes)
Event: 111.174 Thread 0x00007f1684265000 nmethod 1200 0x00007f167542d910 code [0x00007f167542da80, 0x00007f167542dc28]

GC Heap History (10 events):
Event: 1.507 GC heap before
{Heap before GC invocations=2 (full 0):
 PSYoungGen      total 36352K, used 36327K [0x00000000d7600000, 0x00000000d9e80000, 0x0000000100000000)
  eden space 31232K, 100% used [0x00000000d7600000,0x00000000d9480000,0x00000000d9480000)
  from space 5120K, 99% used [0x00000000d9480000,0x00000000d9979d98,0x00000000d9980000)
  to   space 5120K, 0% used [0x00000000d9980000,0x00000000d9980000,0x00000000d9e80000)
 ParOldGen       total 83456K, used 851K [0x0000000086200000, 0x000000008b380000, 0x00000000d7600000)
  object space 83456K, 1% used [0x0000000086200000,0x00000000862d4e60,0x000000008b380000)
 Metaspace       used 9037K, capacity 9230K, committed 9600K, reserved 1058816K
  class space    used 980K, capacity 1027K, committed 1152K, reserved 1048576K
Event: 1.533 GC heap after
Heap after GC invocations=2 (full 0):
 PSYoungGen      total 36352K, used 3461K [0x00000000d7600000, 0x00000000dbd00000, 0x0000000100000000)
  eden space 31232K, 0% used [0x00000000d7600000,0x00000000d7600000,0x00000000d9480000)
  from space 5120K, 67% used [0x00000000d9980000,0x00000000d9ce1658,0x00000000d9e80000)
  to   space 5120K, 0% used [0x00000000d9480000,0x00000000d9480000,0x00000000d9980000)
 ParOldGen       total 83456K, used 859K [0x0000000086200000, 0x000000008b380000, 0x00000000d7600000)
  object space 83456K, 1% used [0x0000000086200000,0x00000000862d6e60,0x000000008b380000)
 Metaspace       used 9037K, capacity 9230K, committed 9600K, reserved 1058816K
  class space    used 980K, capacity 1027K, committed 1152K, reserved 1048576K
}
Event: 1.655 GC heap before
{Heap before GC invocations=3 (full 0):
 PSYoungGen      total 36352K, used 34693K [0x00000000d7600000, 0x00000000dbd00000, 0x0000000100000000)
  eden space 31232K, 100% used [0x00000000d7600000,0x00000000d9480000,0x00000000d9480000)
  from space 5120K, 67% used [0x00000000d9980000,0x00000000d9ce1658,0x00000000d9e80000)
  to   space 5120K, 0% used [0x00000000d9480000,0x00000000d9480000,0x00000000d9980000)
 ParOldGen       total 83456K, used 859K [0x0000000086200000, 0x000000008b380000, 0x00000000d7600000)
  object space 83456K, 1% used [0x0000000086200000,0x00000000862d6e60,0x000000008b380000)
 Metaspace       used 9109K, capacity 9294K, committed 9600K, reserved 1058816K
  class space    used 980K, capacity 1027K, committed 1152K, reserved 1048576K
Event: 1.676 GC heap after
Heap after GC invocations=3 (full 0):
 PSYoungGen      total 36352K, used 4898K [0x00000000d7600000, 0x00000000dbd00000, 0x0000000100000000)
  eden space 31232K, 0% used [0x00000000d7600000,0x00000000d7600000,0x00000000d9480000)
  from space 5120K, 95% used [0x00000000d9480000,0x00000000d9948b90,0x00000000d9980000)
  to   space 5120K, 0% used [0x00000000db800000,0x00000000db800000,0x00000000dbd00000)
 ParOldGen       total 83456K, used 867K [0x0000000086200000, 0x000000008b380000, 0x00000000d7600000)
  object space 83456K, 1% used [0x0000000086200000,0x00000000862d8e60,0x000000008b380000)
 Metaspace       used 9109K, capacity 9294K, committed 9600K, reserved 1058816K
  class space    used 980K, capacity 1027K, committed 1152K, reserved 1048576K
}
Event: 1.791 GC heap before
{Heap before GC invocations=4 (full 0):
 PSYoungGen      total 36352K, used 36088K [0x00000000d7600000, 0x00000000dbd00000, 0x0000000100000000)
  eden space 31232K, 99% used [0x00000000d7600000,0x00000000d9475808,0x00000000d9480000)
  from space 5120K, 95% used [0x00000000d9480000,0x00000000d9948b90,0x00000000d9980000)
  to   space 5120K, 0% used [0x00000000db800000,0x00000000db800000,0x00000000dbd00000)
 ParOldGen       total 83456K, used 867K [0x0000000086200000, 0x000000008b380000, 0x00000000d7600000)
  object space 83456K, 1% used [0x0000000086200000,0x00000000862d8e60,0x000000008b380000)
 Metaspace       used 9164K, capacity 9294K, committed 9600K, reserved 1058816K
  class space    used 980K, capacity 1027K, committed 1152K, reserved 1048576K
Event: 1.795 GC heap after
Heap after GC invocations=4 (full 0):
 PSYoungGen      total 67584K, used 4257K [0x00000000d7600000, 0x00000000dbd00000, 0x0000000100000000)
  eden space 62464K, 0% used [0x00000000d7600000,0x00000000d7600000,0x00000000db300000)
  from space 5120K, 83% used [0x00000000db800000,0x00000000dbc286e0,0x00000000dbd00000)
  to   space 5120K, 0% used [0x00000000db300000,0x00000000db300000,0x00000000db800000)
 ParOldGen       total 83456K, used 875K [0x0000000086200000, 0x000000008b380000, 0x00000000d7600000)
  object space 83456K, 1% used [0x0000000086200000,0x00000000862dae60,0x000000008b380000)
 Metaspace       used 9164K, capacity 9294K, committed 9600K, reserved 1058816K
  class space    used 980K, capacity 1027K, committed 1152K, reserved 1048576K
}
Event: 2.003 GC heap before
{Heap before GC invocations=5 (full 0):
 PSYoungGen      total 67584K, used 66721K [0x00000000d7600000, 0x00000000dbd00000, 0x0000000100000000)
  eden space 62464K, 100% used [0x00000000d7600000,0x00000000db300000,0x00000000db300000)
  from space 5120K, 83% used [0x00000000db800000,0x00000000dbc286e0,0x00000000dbd00000)
  to   space 5120K, 0% used [0x00000000db300000,0x00000000db300000,0x00000000db800000)
 ParOldGen       total 83456K, used 875K [0x0000000086200000, 0x000000008b380000, 0x00000000d7600000)
  object space 83456K, 1% used [0x0000000086200000,0x00000000862dae60,0x000000008b380000)
 Metaspace       used 9228K, capacity 9364K, committed 9600K, reserved 1058816K
  class space    used 981K, capacity 1028K, committed 1152K, reserved 1048576K
Event: 2.008 GC heap after
Heap after GC invocations=5 (full 0):
 PSYoungGen      total 67584K, used 5102K [0x00000000d7600000, 0x00000000dfc00000, 0x0000000100000000)
  eden space 62464K, 0% used [0x00000000d7600000,0x00000000d7600000,0x00000000db300000)
  from space 5120K, 99% used [0x00000000db300000,0x00000000db7fbbb0,0x00000000db800000)
  to   space 6144K, 0% used [0x00000000df600000,0x00000000df600000,0x00000000dfc00000)
 ParOldGen       total 83456K, used 931K [0x0000000086200000, 0x000000008b380000, 0x00000000d7600000)
  object space 83456K, 1% used [0x0000000086200000,0x00000000862e8e60,0x000000008b380000)
 Metaspace       used 9228K, capacity 9364K, committed 9600K, reserved 1058816K
  class space    used 981K, capacity 1028K, committed 1152K, reserved 1048576K
}
Event: 41.746 GC heap before
{Heap before GC invocations=6 (full 0):
 PSYoungGen      total 67584K, used 67566K [0x00000000d7600000, 0x00000000dfc00000, 0x0000000100000000)
  eden space 62464K, 100% used [0x00000000d7600000,0x00000000db300000,0x00000000db300000)
  from space 5120K, 99% used [0x00000000db300000,0x00000000db7fbbb0,0x00000000db800000)
  to   space 6144K, 0% used [0x00000000df600000,0x00000000df600000,0x00000000dfc00000)
 ParOldGen       total 83456K, used 931K [0x0000000086200000, 0x000000008b380000, 0x00000000d7600000)
  object space 83456K, 1% used [0x0000000086200000,0x00000000862e8e60,0x000000008b380000)
 Metaspace       used 9661K, capacity 9824K, committed 10112K, reserved 1058816K
  class space    used 1026K, capacity 1094K, committed 1152K, reserved 1048576K
Event: 41.754 GC heap after
Heap after GC invocations=6 (full 0):
 PSYoungGen      total 131072K, used 3849K [0x00000000d7600000, 0x00000000dfc00000, 0x0000000100000000)
  eden space 124928K, 0% used [0x00000000d7600000,0x00000000d7600000,0x00000000df000000)
  from space 6144K, 62% used [0x00000000df600000,0x00000000df9c2538,0x00000000dfc00000)
  to   space 6144K, 0% used [0x00000000df000000,0x00000000df000000,0x00000000df600000)
 ParOldGen       total 83456K, used 939K [0x0000000086200000, 0x000000008b380000, 0x00000000d7600000)
  object space 83456K, 1% used [0x0000000086200000,0x00000000862eae60,0x000000008b380000)
 Metaspace       used 9661K, capacity 9824K, committed 10112K, reserved 1058816K
  class space    used 1026K, capacity 1094K, committed 1152K, reserved 1048576K
}

Deoptimization events (9 events):
Event: 1.160 Thread 0x00007f168400c000 Uncommon trap: reason=unstable_if action=reinterpret pc=0x00007f167523961c method=java.lang.String.replace(CC)Ljava/lang/String; @ 26
Event: 57.513 Thread 0x00007f15c4020800 Uncommon trap: reason=null_check action=make_not_entrant pc=0x00007f16753e81e8 method=com.sun.jna.Structure.readField(Lcom/sun/jna/Structure$StructField;)Ljava/lang/Object; @ 32
Event: 57.513 Thread 0x00007f15c4020800 Uncommon trap: reason=null_check action=make_not_entrant pc=0x00007f16753e15bc method=com.sun.jna.Pointer.getValue(JLjava/lang/Class;Ljava/lang/Object;)Ljava/lang/Object; @ 6
Event: 58.348 Thread 0x00007f15c4021800 Uncommon trap: reason=null_check action=make_not_entrant pc=0x00007f16753eb858 method=com.sun.jna.Structure.readField(Lcom/sun/jna/Structure$StructField;)Ljava/lang/Object; @ 41
Event: 59.180 Thread 0x00007f15c4022800 Uncommon trap: reason=null_check action=make_not_entrant pc=0x00007f1675402b08 method=com.sun.jna.Structure.readField(Lcom/sun/jna/Structure$StructField;)Ljava/lang/Object; @ 56
Event: 59.285 Thread 0x00007f15c4022800 Uncommon trap: reason=null_check action=make_not_entrant pc=0x00007f167540980c method=com.sun.jna.Structure.readField(Lcom/sun/jna/Structure$StructField;)Ljava/lang/Object; @ 65
Event: 60.004 Thread 0x00007f15c4023800 Uncommon trap: reason=null_check action=make_not_entrant pc=0x00007f167540f5bc method=com.sun.jna.Structure.readField(Lcom/sun/jna/Structure$StructField;)Ljava/lang/Object; @ 74
Event: 63.416 Thread 0x00007f15c4028000 Uncommon trap: reason=null_check action=make_not_entrant pc=0x00007f167541c454 method=com.sun.jna.Native.getNativeSize(Ljava/lang/Class;)I @ 4
Event: 70.088 Thread 0x00007f15c4031000 Uncommon trap: reason=null_check action=make_not_entrant pc=0x00007f1675436fd8 method=com.sun.jna.Function.invoke(Ljava/lang/reflect/Method;[Ljava/lang/Class;Ljava/lang/Class;[Ljava/lang/Object;Ljava/util/Map;)Ljava/lang/Object; @ 207

Classes redefined (0 events):
No events

Internal exceptions (8 events):
Event: 0.033 Thread 0x00007f168400c000 Exception <a 'java/lang/NoSuchMethodError': Method sun.misc.Unsafe.defineClass(Ljava/lang/String;[BII)Ljava/lang/Class; name or signature does not match> (0x00000000d7607ca8) thrown at [/HUDSON/workspace/8-2-build-linux-amd64/jdk8u152/9742/hotspot/src/sha
Event: 0.033 Thread 0x00007f168400c000 Exception <a 'java/lang/NoSuchMethodError': Method sun.misc.Unsafe.prefetchRead(Ljava/lang/Object;J)V name or signature does not match> (0x00000000d7607f90) thrown at [/HUDSON/workspace/8-2-build-linux-amd64/jdk8u152/9742/hotspot/src/share/vm/prims/jni.cp
Event: 0.329 Thread 0x00007f16842a7800 Exception <a 'java/security/PrivilegedActionException'> (0x00000000d79af5e0) thrown at [/HUDSON/workspace/8-2-build-linux-amd64/jdk8u152/9742/hotspot/src/share/vm/prims/jvm.cpp, line 1390]
Event: 0.329 Thread 0x00007f16842a7800 Exception <a 'java/security/PrivilegedActionException'> (0x00000000d79af7f0) thrown at [/HUDSON/workspace/8-2-build-linux-amd64/jdk8u152/9742/hotspot/src/share/vm/prims/jvm.cpp, line 1390]
Event: 0.331 Thread 0x00007f16842a7800 Exception <a 'java/security/PrivilegedActionException'> (0x00000000d79b1b18) thrown at [/HUDSON/workspace/8-2-build-linux-amd64/jdk8u152/9742/hotspot/src/share/vm/prims/jvm.cpp, line 1390]
Event: 0.331 Thread 0x00007f16842a7800 Exception <a 'java/security/PrivilegedActionException'> (0x00000000d79b1d28) thrown at [/HUDSON/workspace/8-2-build-linux-amd64/jdk8u152/9742/hotspot/src/share/vm/prims/jvm.cpp, line 1390]
Event: 1.108 Thread 0x00007f168400c000 Exception <a 'java/lang/NoSuchFieldError': method resolution failed> (0x00000000d8afb568) thrown at [/HUDSON/workspace/8-2-build-linux-amd64/jdk8u152/9742/hotspot/src/share/vm/prims/methodHandles.cpp, line 1167]
Event: 1.113 Thread 0x00007f168400c000 Exception <a 'java/lang/NoSuchFieldError': method resolution failed> (0x00000000d8b094f8) thrown at [/HUDSON/workspace/8-2-build-linux-amd64/jdk8u152/9742/hotspot/src/share/vm/prims/methodHandles.cpp, line 1167]

Events (10 events):
Event: 111.071 Thread 0x00007f15c8095000 Thread added: 0x00007f15c8095000
Event: 111.071 Executing VM operation: RevokeBias
Event: 111.071 Executing VM operation: RevokeBias done
Event: 111.133 Thread 0x00007f15c4052000 Thread added: 0x00007f15c4052000
Event: 111.275 Thread 0x00007f15b40ea000 Thread added: 0x00007f15b40ea000
Event: 111.276 Thread 0x00007f15b40ea000 Thread exited: 0x00007f15b40ea000
Event: 111.961 Thread 0x00007f15c4053800 Thread added: 0x00007f15c4053800
Event: 112.105 Thread 0x00007f15bc079800 Thread added: 0x00007f15bc079800
Event: 112.106 Thread 0x00007f15bc079800 Thread exited: 0x00007f15bc079800
Event: 112.781 Thread 0x00007f15c4055000 Thread added: 0x00007f15c4055000


Dynamic libraries:
00400000-00401000 r-xp 00000000 08:17 3810873                            /usr/local/jdk1.8.0_152/bin/java
00600000-00601000 rw-p 00000000 08:17 3810873                            /usr/local/jdk1.8.0_152/bin/java
025ad000-02776000 rw-p 00000000 00:00 0                                  [heap]
86200000-8b380000 rw-p 00000000 00:00 0 
8b380000-d7600000 ---p 00000000 00:00 0 
d7600000-dfc00000 rw-p 00000000 00:00 0 
dfc00000-100000000 ---p 00000000 00:00 0 
100000000-100120000 rw-p 00000000 00:00 0 
100120000-140000000 ---p 00000000 00:00 0 
7f1595edf000-7f1595ee2000 ---p 00000000 00:00 0 
7f1595ee2000-7f1595fe0000 rw-p 00000000 00:00 0 
7f1595fe0000-7f1595fe3000 ---p 00000000 00:00 0 
7f1595fe3000-7f15960e1000 rw-p 00000000 00:00 0 
7f15960e1000-7f15960e4000 ---p 00000000 00:00 0 
7f15960e4000-7f15961e2000 rw-p 00000000 00:00 0 
7f15961e2000-7f15961e5000 ---p 00000000 00:00 0 
7f15961e5000-7f15962e3000 rw-p 00000000 00:00 0 
7f15962e3000-7f15962e6000 ---p 00000000 00:00 0 
7f15962e6000-7f15963e4000 rw-p 00000000 00:00 0 
7f15963e4000-7f15963e7000 ---p 00000000 00:00 0 
7f15963e7000-7f15964e5000 rw-p 00000000 00:00 0 
7f15964e5000-7f15964e8000 ---p 00000000 00:00 0 
7f15964e8000-7f15965e6000 rw-p 00000000 00:00 0 
7f15965e6000-7f15965e9000 ---p 00000000 00:00 0 
7f15965e9000-7f15966e7000 rw-p 00000000 00:00 0 
7f15966e7000-7f15966ea000 ---p 00000000 00:00 0 
7f15966ea000-7f15967e8000 rw-p 00000000 00:00 0 
7f15967e8000-7f15967eb000 ---p 00000000 00:00 0 
7f15967eb000-7f15968e9000 rw-p 00000000 00:00 0 
7f15968e9000-7f15968ec000 ---p 00000000 00:00 0 
7f15968ec000-7f15969ea000 rw-p 00000000 00:00 0 
7f15969ea000-7f15969ed000 ---p 00000000 00:00 0 
7f15969ed000-7f1596aeb000 rw-p 00000000 00:00 0 
7f1596aeb000-7f1596aee000 ---p 00000000 00:00 0 
7f1596aee000-7f1596bec000 rw-p 00000000 00:00 0 
7f1596bec000-7f1596bef000 ---p 00000000 00:00 0 
7f1596bef000-7f1596ced000 rw-p 00000000 00:00 0 
7f1596ced000-7f1596cf0000 ---p 00000000 00:00 0 
7f1596cf0000-7f1596dee000 rw-p 00000000 00:00 0 
7f1596dee000-7f1596df1000 ---p 00000000 00:00 0 
7f1596df1000-7f1596eef000 rw-p 00000000 00:00 0 
7f1596eef000-7f1596ef2000 ---p 00000000 00:00 0 
7f1596ef2000-7f1596ff0000 rw-p 00000000 00:00 0 
7f1596ff0000-7f1596ff3000 ---p 00000000 00:00 0 
7f1596ff3000-7f15970f1000 rw-p 00000000 00:00 0 
7f15970f1000-7f15970f4000 ---p 00000000 00:00 0 
7f15970f4000-7f15971f2000 rw-p 00000000 00:00 0 
7f15971f2000-7f15971f5000 ---p 00000000 00:00 0 
7f15971f5000-7f15972f3000 rw-p 00000000 00:00 0 
7f15972f3000-7f15972f6000 ---p 00000000 00:00 0 
7f15972f6000-7f15973f4000 rw-p 00000000 00:00 0 
7f15973f4000-7f15973f7000 ---p 00000000 00:00 0 
7f15973f7000-7f15974f5000 rw-p 00000000 00:00 0 
7f15974f5000-7f15974f8000 ---p 00000000 00:00 0 
7f15974f8000-7f15975f6000 rw-p 00000000 00:00 0 
7f15975f6000-7f15975f9000 ---p 00000000 00:00 0 
7f15975f9000-7f15976f7000 rw-p 00000000 00:00 0 
7f15976f7000-7f15976fa000 ---p 00000000 00:00 0 
7f15976fa000-7f15977f8000 rw-p 00000000 00:00 0 
7f15977f8000-7f15977fb000 ---p 00000000 00:00 0 
7f15977fb000-7f15978f9000 rw-p 00000000 00:00 0 
7f15978f9000-7f15978fc000 ---p 00000000 00:00 0 
7f15978fc000-7f15979fa000 rw-p 00000000 00:00 0 
7f15979fa000-7f15979fd000 ---p 00000000 00:00 0 
7f15979fd000-7f1597afb000 rw-p 00000000 00:00 0 
7f1597afb000-7f1597afe000 ---p 00000000 00:00 0 
7f1597afe000-7f1597bfc000 rw-p 00000000 00:00 0 
7f1597bfc000-7f1597bff000 ---p 00000000 00:00 0 
7f1597bff000-7f1597cfd000 rw-p 00000000 00:00 0 
7f1597cfd000-7f1597d00000 ---p 00000000 00:00 0 
7f1597d00000-7f1597dfe000 rw-p 00000000 00:00 0 
7f1597dfe000-7f1597e01000 ---p 00000000 00:00 0 
7f1597e01000-7f1597eff000 rw-p 00000000 00:00 0 
7f1597eff000-7f1597f02000 ---p 00000000 00:00 0 
7f1597f02000-7f1598000000 rw-p 00000000 00:00 0 
7f1598000000-7f15981a9000 rw-p 00000000 00:00 0 
7f15981a9000-7f159c000000 ---p 00000000 00:00 0 
7f159c0c1000-7f159c0c4000 ---p 00000000 00:00 0 
7f159c0c4000-7f159c1c2000 rw-p 00000000 00:00 0 
7f159c1c2000-7f159c1c5000 ---p 00000000 00:00 0 
7f159c1c5000-7f159c2c3000 rw-p 00000000 00:00 0 
7f159c2c3000-7f159c2c6000 ---p 00000000 00:00 0 
7f159c2c6000-7f159c3c4000 rw-p 00000000 00:00 0 
7f159c3c4000-7f159c3c7000 ---p 00000000 00:00 0 
7f159c3c7000-7f159c4c5000 rw-p 00000000 00:00 0 
7f159c4c5000-7f159c4c8000 ---p 00000000 00:00 0 
7f159c4c8000-7f159c5c6000 rw-p 00000000 00:00 0 
7f159c5c6000-7f159c5c9000 ---p 00000000 00:00 0 
7f159c5c9000-7f159c6c7000 rw-p 00000000 00:00 0 
7f159c6c7000-7f159c6ca000 ---p 00000000 00:00 0 
7f159c6ca000-7f159c7c8000 rw-p 00000000 00:00 0 
7f159c7c8000-7f159c7cb000 ---p 00000000 00:00 0 
7f159c7cb000-7f159c8c9000 rw-p 00000000 00:00 0 
7f159c8c9000-7f159c8cc000 ---p 00000000 00:00 0 
7f159c8cc000-7f159c9ca000 rw-p 00000000 00:00 0 
7f159c9ca000-7f159c9cd000 ---p 00000000 00:00 0 
7f159c9cd000-7f159cacb000 rw-p 00000000 00:00 0 
7f159cacb000-7f159cace000 ---p 00000000 00:00 0 
7f159cace000-7f159cbcc000 rw-p 00000000 00:00 0 
7f159cbcc000-7f159cbcf000 ---p 00000000 00:00 0 
7f159cbcf000-7f159cccd000 rw-p 00000000 00:00 0 
7f159cccd000-7f159ccd0000 ---p 00000000 00:00 0 
7f159ccd0000-7f159cdce000 rw-p 00000000 00:00 0 
7f159cdce000-7f159cdd1000 ---p 00000000 00:00 0 
7f159cdd1000-7f159cecf000 rw-p 00000000 00:00 0 
7f159cecf000-7f159ced2000 ---p 00000000 00:00 0 
7f159ced2000-7f159cfd0000 rw-p 00000000 00:00 0 
7f159cfd0000-7f159cfd3000 ---p 00000000 00:00 0 
7f159cfd3000-7f159d0d1000 rw-p 00000000 00:00 0 
7f159d0d1000-7f159d0d4000 ---p 00000000 00:00 0 
7f159d0d4000-7f159d1d2000 rw-p 00000000 00:00 0 
7f159d1d2000-7f159d1d5000 ---p 00000000 00:00 0 
7f159d1d5000-7f159d2d3000 rw-p 00000000 00:00 0 
7f159d2d3000-7f159d2d6000 ---p 00000000 00:00 0 
7f159d2d6000-7f159d3d4000 rw-p 00000000 00:00 0 
7f159d3d4000-7f159d3d7000 ---p 00000000 00:00 0 
7f159d3d7000-7f159d4d5000 rw-p 00000000 00:00 0 
7f159d4d5000-7f159d4d8000 ---p 00000000 00:00 0 
7f159d4d8000-7f159d5d6000 rw-p 00000000 00:00 0 
7f159d5d6000-7f159d5d9000 ---p 00000000 00:00 0 
7f159d5d9000-7f159d6d7000 rw-p 00000000 00:00 0 
7f159d6d7000-7f159d6da000 ---p 00000000 00:00 0 
7f159d6da000-7f159d7d8000 rw-p 00000000 00:00 0 
7f159d7d8000-7f159d7db000 ---p 00000000 00:00 0 
7f159d7db000-7f159d8d9000 rw-p 00000000 00:00 0 
7f159d8d9000-7f159d8dc000 ---p 00000000 00:00 0 
7f159d8dc000-7f159d9da000 rw-p 00000000 00:00 0 
7f159d9da000-7f159d9dd000 ---p 00000000 00:00 0 
7f159d9dd000-7f159dadb000 rw-p 00000000 00:00 0 
7f159dadb000-7f159dade000 ---p 00000000 00:00 0 
7f159dade000-7f159dbdc000 rw-p 00000000 00:00 0 
7f159dbdc000-7f159dbdf000 ---p 00000000 00:00 0 
7f159dbdf000-7f159dcdd000 rw-p 00000000 00:00 0 
7f159dcdd000-7f159dce0000 ---p 00000000 00:00 0 
7f159dce0000-7f159ddde000 rw-p 00000000 00:00 0 
7f159ddde000-7f159dde1000 ---p 00000000 00:00 0 
7f159dde1000-7f159dedf000 rw-p 00000000 00:00 0 
7f159dedf000-7f159dee2000 ---p 00000000 00:00 0 
7f159dee2000-7f159dfe0000 rw-p 00000000 00:00 0 
7f159dfe0000-7f159dfe3000 ---p 00000000 00:00 0 
7f159dfe3000-7f159e0e1000 rw-p 00000000 00:00 0 
7f159e0e1000-7f159e0e4000 ---p 00000000 00:00 0 
7f159e0e4000-7f159e1e2000 rw-p 00000000 00:00 0 
7f159e1e2000-7f159e1e5000 ---p 00000000 00:00 0 
7f159e1e5000-7f159e2e3000 rw-p 00000000 00:00 0 
7f159e2e3000-7f159e2e6000 ---p 00000000 00:00 0 
7f159e2e6000-7f159e3e4000 rw-p 00000000 00:00 0 
7f159e3e4000-7f159e3e7000 ---p 00000000 00:00 0 
7f159e3e7000-7f159e4e5000 rw-p 00000000 00:00 0 
7f159e4e5000-7f159e4e8000 ---p 00000000 00:00 0 
7f159e4e8000-7f159e5e6000 rw-p 00000000 00:00 0 
7f159e5e6000-7f159e5e9000 ---p 00000000 00:00 0 
7f159e5e9000-7f159e6e7000 rw-p 00000000 00:00 0 
7f159e6e7000-7f159e6ea000 ---p 00000000 00:00 0 
7f159e6ea000-7f159e7e8000 rw-p 00000000 00:00 0 
7f159e7e8000-7f159e7eb000 ---p 00000000 00:00 0 
7f159e7eb000-7f159e8e9000 rw-p 00000000 00:00 0 
7f159e8e9000-7f159e8ec000 ---p 00000000 00:00 0 
7f159e8ec000-7f159e9ea000 rw-p 00000000 00:00 0 
7f159e9ea000-7f159e9ed000 ---p 00000000 00:00 0 
7f159e9ed000-7f159eaeb000 rw-p 00000000 00:00 0 
7f159eaeb000-7f159eaee000 ---p 00000000 00:00 0 
7f159eaee000-7f159ebec000 rw-p 00000000 00:00 0 
7f159ebec000-7f159ebef000 ---p 00000000 00:00 0 
7f159ebef000-7f159eced000 rw-p 00000000 00:00 0 
7f159eced000-7f159ecf0000 ---p 00000000 00:00 0 
7f159ecf0000-7f159edee000 rw-p 00000000 00:00 0 
7f159edee000-7f159edf1000 ---p 00000000 00:00 0 
7f159edf1000-7f159eeef000 rw-p 00000000 00:00 0 
7f159eeef000-7f159eef2000 ---p 00000000 00:00 0 
7f159eef2000-7f159eff0000 rw-p 00000000 00:00 0 
7f159eff0000-7f159eff3000 ---p 00000000 00:00 0 
7f159eff3000-7f159f0f1000 rw-p 00000000 00:00 0 
7f159f0f1000-7f159f0f4000 ---p 00000000 00:00 0 
7f159f0f4000-7f159f1f2000 rw-p 00000000 00:00 0 
7f159f1f2000-7f159f1f5000 ---p 00000000 00:00 0 
7f159f1f5000-7f159f2f3000 rw-p 00000000 00:00 0 
7f159f2f3000-7f159f2f6000 ---p 00000000 00:00 0 
7f159f2f6000-7f159f3f4000 rw-p 00000000 00:00 0 
7f159f3f4000-7f159f3f7000 ---p 00000000 00:00 0 
7f159f3f7000-7f159f4f5000 rw-p 00000000 00:00 0 
7f159f4f5000-7f159f4f8000 ---p 00000000 00:00 0 
7f159f4f8000-7f159f5f6000 rw-p 00000000 00:00 0 
7f159f5f6000-7f159f5f9000 ---p 00000000 00:00 0 
7f159f5f9000-7f159f6f7000 rw-p 00000000 00:00 0 
7f159f6f7000-7f159f6fa000 ---p 00000000 00:00 0 
7f159f6fa000-7f159f7f8000 rw-p 00000000 00:00 0 
7f159f7f8000-7f159f7fb000 ---p 00000000 00:00 0 
7f159f7fb000-7f159f8f9000 rw-p 00000000 00:00 0 
7f159f8f9000-7f159f8fc000 ---p 00000000 00:00 0 
7f159f8fc000-7f159f9fa000 rw-p 00000000 00:00 0 
7f159f9fa000-7f159f9fd000 ---p 00000000 00:00 0 
7f159f9fd000-7f159fafb000 rw-p 00000000 00:00 0 
7f159fafb000-7f159fafe000 ---p 00000000 00:00 0 
7f159fafe000-7f159fbfc000 rw-p 00000000 00:00 0 
7f159fbfc000-7f159fbff000 ---p 00000000 00:00 0 
7f159fbff000-7f159fcfd000 rw-p 00000000 00:00 0 
7f159fcfd000-7f159fd00000 ---p 00000000 00:00 0 
7f159fd00000-7f159fdfe000 rw-p 00000000 00:00 0 
7f159fdfe000-7f159fe01000 ---p 00000000 00:00 0 
7f159fe01000-7f159feff000 rw-p 00000000 00:00 0 
7f159feff000-7f159ff02000 ---p 00000000 00:00 0 
7f159ff02000-7f15a0000000 rw-p 00000000 00:00 0 
7f15a0000000-7f15a01a8000 rw-p 00000000 00:00 0 
7f15a01a8000-7f15a4000000 ---p 00000000 00:00 0 
7f15a4000000-7f15a41a9000 rw-p 00000000 00:00 0 
7f15a41a9000-7f15a8000000 ---p 00000000 00:00 0 
7f15a8000000-7f15a8219000 rw-p 00000000 00:00 0 
7f15a8219000-7f15ac000000 ---p 00000000 00:00 0 
7f15ac000000-7f15ac132000 rw-p 00000000 00:00 0 
7f15ac132000-7f15b0000000 ---p 00000000 00:00 0 
7f15b0000000-7f15b021e000 rw-p 00000000 00:00 0 
7f15b021e000-7f15b4000000 ---p 00000000 00:00 0 
7f15b4000000-7f15b41aa000 rw-p 00000000 00:00 0 
7f15b41aa000-7f15b8000000 ---p 00000000 00:00 0 
7f15b8000000-7f15b821b000 rw-p 00000000 00:00 0 
7f15b821b000-7f15bc000000 ---p 00000000 00:00 0 
7f15bc000000-7f15bc1ae000 rw-p 00000000 00:00 0 
7f15bc1ae000-7f15c0000000 ---p 00000000 00:00 0 
7f15c0000000-7f15c021b000 rw-p 00000000 00:00 0 
7f15c021b000-7f15c4000000 ---p 00000000 00:00 0 
7f15c4000000-7f15c40d2000 rw-p 00000000 00:00 0 
7f15c40d2000-7f15c8000000 ---p 00000000 00:00 0 
7f15c8000000-7f15c814c000 rw-p 00000000 00:00 0 
7f15c814c000-7f15cc000000 ---p 00000000 00:00 0 
7f15cc0a0000-7f15cc0a3000 ---p 00000000 00:00 0 
7f15cc0a3000-7f15cc1a1000 rw-p 00000000 00:00 0 
7f15cc1a1000-7f15cc1a4000 ---p 00000000 00:00 0 
7f15cc1a4000-7f15cc2a2000 rw-p 00000000 00:00 0 
7f15cc2a2000-7f15cc2a5000 ---p 00000000 00:00 0 
7f15cc2a5000-7f15cd7a4000 rw-p 00000000 00:00 0 
7f15cd7a4000-7f15cd7a5000 ---p 00000000 00:00 0 
7f15cd7a5000-7f15cdfa5000 rw-p 00000000 00:00 0 
7f15cdfa5000-7f15cdfa6000 ---p 00000000 00:00 0 
7f15cdfa6000-7f15ce7a6000 rw-p 00000000 00:00 0 
7f15ce7a6000-7f15ce7a7000 ---p 00000000 00:00 0 
7f15ce7a7000-7f15cefa7000 rw-p 00000000 00:00 0 
7f15cefa7000-7f15cefa8000 ---p 00000000 00:00 0 
7f15cefa8000-7f15cf7a8000 rw-p 00000000 00:00 0 
7f15cf7a8000-7f15cf7a9000 ---p 00000000 00:00 0 
7f15cf7a9000-7f15cffa9000 rw-p 00000000 00:00 0 
7f15cffa9000-7f15cffaa000 ---p 00000000 00:00 0 
7f15cffaa000-7f15d07aa000 rw-p 00000000 00:00 0 
7f15d07aa000-7f15d07ab000 ---p 00000000 00:00 0 
7f15d07ab000-7f15d0fab000 rw-p 00000000 00:00 0 
7f15d0fab000-7f15d0fac000 ---p 00000000 00:00 0 
7f15d0fac000-7f15d17ac000 rw-p 00000000 00:00 0 
7f15d17ac000-7f15d17ad000 ---p 00000000 00:00 0 
7f15d17ad000-7f15d1fad000 rw-p 00000000 00:00 0 
7f15d1fad000-7f15d1fae000 ---p 00000000 00:00 0 
7f15d1fae000-7f15d27ae000 rw-p 00000000 00:00 0 
7f15d27ae000-7f15d27af000 ---p 00000000 00:00 0 
7f15d27af000-7f15d2faf000 rw-p 00000000 00:00 0 
7f15d2faf000-7f15d2fb0000 ---p 00000000 00:00 0 
7f15d2fb0000-7f15d73b2000 rw-p 00000000 00:00 0 
7f15d73b2000-7f15d73b3000 ---p 00000000 00:00 0 
7f15d73b3000-7f15d7bb3000 rw-p 00000000 00:00 0 
7f15d7bb3000-7f15d7bb4000 ---p 00000000 00:00 0 
7f15d7bb4000-7f15d83b4000 rw-p 00000000 00:00 0 
7f15d83b4000-7f15d83b5000 ---p 00000000 00:00 0 
7f15d83b5000-7f15d8bb5000 rw-p 00000000 00:00 0 
7f15d8bb5000-7f15d8bb6000 ---p 00000000 00:00 0 
7f15d8bb6000-7f15d93b6000 rw-p 00000000 00:00 0 
7f15d93b6000-7f15d93b7000 ---p 00000000 00:00 0 
7f15d93b7000-7f15d9bb7000 rw-p 00000000 00:00 0 
7f15d9bb7000-7f15d9bb8000 ---p 00000000 00:00 0 
7f15d9bb8000-7f15da3b8000 rw-p 00000000 00:00 0 
7f15da3b8000-7f15da3b9000 ---p 00000000 00:00 0 
7f15da3b9000-7f15dabb9000 rw-p 00000000 00:00 0 
7f15dabb9000-7f15dabba000 ---p 00000000 00:00 0 
7f15dabba000-7f15db3ba000 rw-p 00000000 00:00 0 
7f15db3ba000-7f15db3bb000 ---p 00000000 00:00 0 
7f15db3bb000-7f15dbbbb000 rw-p 00000000 00:00 0 
7f15dbbbb000-7f15dbbbc000 ---p 00000000 00:00 0 
7f15dbbbc000-7f15dc3bc000 rw-p 00000000 00:00 0 
7f15dc3bc000-7f15dc3bd000 ---p 00000000 00:00 0 
7f15dc3bd000-7f15dcbbd000 rw-p 00000000 00:00 0 
7f15dcbbd000-7f15dcbbe000 ---p 00000000 00:00 0 
7f15dcbbe000-7f15e0fc0000 rw-p 00000000 00:00 0 
7f15e0fc0000-7f15e0fc1000 ---p 00000000 00:00 0 
7f15e0fc1000-7f15e17c1000 rw-p 00000000 00:00 0 
7f15e17c1000-7f15e17c2000 ---p 00000000 00:00 0 
7f15e17c2000-7f15e1fc2000 rw-p 00000000 00:00 0 
7f15e1fc2000-7f15e1fc3000 ---p 00000000 00:00 0 
7f15e1fc3000-7f15e27c3000 rw-p 00000000 00:00 0 
7f15e27c3000-7f15e27c4000 ---p 00000000 00:00 0 
7f15e27c4000-7f15e2fc4000 rw-p 00000000 00:00 0 
7f15e2fc4000-7f15e2fc5000 ---p 00000000 00:00 0 
7f15e2fc5000-7f15e37c5000 rw-p 00000000 00:00 0 
7f15e37c5000-7f15e37c6000 ---p 00000000 00:00 0 
7f15e37c6000-7f15e3fc6000 rw-p 00000000 00:00 0 
7f15e3fc6000-7f15e3fc7000 ---p 00000000 00:00 0 
7f15e3fc7000-7f15e47c7000 rw-p 00000000 00:00 0 
7f15e47c7000-7f15e47c8000 ---p 00000000 00:00 0 
7f15e47c8000-7f15e4fc8000 rw-p 00000000 00:00 0 
7f15e4fc8000-7f15e4fc9000 ---p 00000000 00:00 0 
7f15e4fc9000-7f15e57c9000 rw-p 00000000 00:00 0 
7f15e57c9000-7f15e57ca000 ---p 00000000 00:00 0 
7f15e57ca000-7f15e5fca000 rw-p 00000000 00:00 0 
7f15e5fca000-7f15e5fcb000 ---p 00000000 00:00 0 
7f15e5fcb000-7f15e67cb000 rw-p 00000000 00:00 0 
7f15e67cb000-7f15e67cc000 ---p 00000000 00:00 0 
7f15e67cc000-7f15eabce000 rw-p 00000000 00:00 0 
7f15eabce000-7f15eabcf000 ---p 00000000 00:00 0 
7f15eabcf000-7f15eb3cf000 rw-p 00000000 00:00 0 
7f15eb3cf000-7f15eb3d0000 ---p 00000000 00:00 0 
7f15eb3d0000-7f15ebbd0000 rw-p 00000000 00:00 0 
7f15ebbd0000-7f15ebbd1000 ---p 00000000 00:00 0 
7f15ebbd1000-7f15ec3d1000 rw-p 00000000 00:00 0 
7f15ec3d1000-7f15ec3d2000 ---p 00000000 00:00 0 
7f15ec3d2000-7f15ecbd2000 rw-p 00000000 00:00 0 
7f15ecbd2000-7f15ecbd3000 ---p 00000000 00:00 0 
7f15ecbd3000-7f15ed3d3000 rw-p 00000000 00:00 0 
7f15ed3d3000-7f15ed3d4000 ---p 00000000 00:00 0 
7f15ed3d4000-7f15edbd4000 rw-p 00000000 00:00 0 
7f15edbd4000-7f15edbd5000 ---p 00000000 00:00 0 
7f15edbd5000-7f15ee3d5000 rw-p 00000000 00:00 0 
7f15ee3d5000-7f15ee3d6000 ---p 00000000 00:00 0 
7f15ee3d6000-7f15eebd6000 rw-p 00000000 00:00 0 
7f15eebd6000-7f15eebd7000 ---p 00000000 00:00 0 
7f15eebd7000-7f15ef3d7000 rw-p 00000000 00:00 0 
7f15ef3d7000-7f15ef3d8000 ---p 00000000 00:00 0 
7f15ef3d8000-7f15efbd8000 rw-p 00000000 00:00 0 
7f15efbd8000-7f15efbd9000 ---p 00000000 00:00 0 
7f15efbd9000-7f15f03d9000 rw-p 00000000 00:00 0 
7f15f03d9000-7f15f03da000 ---p 00000000 00:00 0 
7f15f03da000-7f15f47dc000 rw-p 00000000 00:00 0 
7f15f47dc000-7f15f47dd000 ---p 00000000 00:00 0 
7f15f47dd000-7f15f4fdd000 rw-p 00000000 00:00 0 
7f15f4fdd000-7f15f4fde000 ---p 00000000 00:00 0 
7f15f4fde000-7f15f57de000 rw-p 00000000 00:00 0 
7f15f57de000-7f15f57df000 ---p 00000000 00:00 0 
7f15f57df000-7f15f5fdf000 rw-p 00000000 00:00 0 
7f15f5fdf000-7f15f5fe0000 ---p 00000000 00:00 0 
7f15f5fe0000-7f15f67e0000 rw-p 00000000 00:00 0 
7f15f67e0000-7f15f67e1000 ---p 00000000 00:00 0 
7f15f67e1000-7f15f6fe1000 rw-p 00000000 00:00 0 
7f15f6fe1000-7f15f6fe2000 ---p 00000000 00:00 0 
7f15f6fe2000-7f15f77e2000 rw-p 00000000 00:00 0 
7f15f77e2000-7f15f77e3000 ---p 00000000 00:00 0 
7f15f77e3000-7f15f7fe3000 rw-p 00000000 00:00 0 
7f15f7fe3000-7f15f7fe4000 ---p 00000000 00:00 0 
7f15f7fe4000-7f15f87e4000 rw-p 00000000 00:00 0 
7f15f87e4000-7f15f87e5000 ---p 00000000 00:00 0 
7f15f87e5000-7f15f8fe5000 rw-p 00000000 00:00 0 
7f15f8fe5000-7f15f8fe6000 ---p 00000000 00:00 0 
7f15f8fe6000-7f15f97e6000 rw-p 00000000 00:00 0 
7f15f97e6000-7f15f97e7000 ---p 00000000 00:00 0 
7f15f97e7000-7f15f9fe7000 rw-p 00000000 00:00 0 
7f15f9fe7000-7f15f9fe8000 ---p 00000000 00:00 0 
7f15f9fe8000-7f15fe3ea000 rw-p 00000000 00:00 0 
7f15fe3ea000-7f15fe3eb000 ---p 00000000 00:00 0 
7f15fe3eb000-7f15febeb000 rw-p 00000000 00:00 0 
7f15febeb000-7f15febec000 ---p 00000000 00:00 0 
7f15febec000-7f15ff3ec000 rw-p 00000000 00:00 0 
7f15ff3ec000-7f15ff3ed000 ---p 00000000 00:00 0 
7f15ff3ed000-7f15ffbed000 rw-p 00000000 00:00 0 
7f15ffbed000-7f15ffbee000 ---p 00000000 00:00 0 
7f15ffbee000-7f16003ee000 rw-p 00000000 00:00 0 
7f16003ee000-7f16003ef000 ---p 00000000 00:00 0 
7f16003ef000-7f1600bef000 rw-p 00000000 00:00 0 
7f1600bef000-7f1600bf0000 ---p 00000000 00:00 0 
7f1600bf0000-7f16013f0000 rw-p 00000000 00:00 0 
7f16013f0000-7f16013f1000 ---p 00000000 00:00 0 
7f16013f1000-7f1601bf1000 rw-p 00000000 00:00 0 
7f1601bf1000-7f1601bf2000 ---p 00000000 00:00 0 
7f1601bf2000-7f16023f2000 rw-p 00000000 00:00 0 
7f16023f2000-7f16023f3000 ---p 00000000 00:00 0 
7f16023f3000-7f1602bf3000 rw-p 00000000 00:00 0 
7f1602bf3000-7f1602bf4000 ---p 00000000 00:00 0 
7f1602bf4000-7f16033f4000 rw-p 00000000 00:00 0 
7f16033f4000-7f16033f5000 ---p 00000000 00:00 0 
7f16033f5000-7f1603bf5000 rw-p 00000000 00:00 0 
7f1603bf5000-7f1603bf6000 ---p 00000000 00:00 0 
7f1603bf6000-7f1607ff8000 rw-p 00000000 00:00 0 
7f1607ff8000-7f1607ff9000 ---p 00000000 00:00 0 
7f1607ff9000-7f16087f9000 rw-p 00000000 00:00 0 
7f16087f9000-7f16087fa000 ---p 00000000 00:00 0 
7f16087fa000-7f1608ffa000 rw-p 00000000 00:00 0 
7f1608ffa000-7f1608ffb000 ---p 00000000 00:00 0 
7f1608ffb000-7f16097fb000 rw-p 00000000 00:00 0 
7f16097fb000-7f16097fc000 ---p 00000000 00:00 0 
7f16097fc000-7f1609ffc000 rw-p 00000000 00:00 0 
7f1609ffc000-7f1609ffd000 ---p 00000000 00:00 0 
7f1609ffd000-7f160a7fd000 rw-p 00000000 00:00 0 
7f160a7fd000-7f160a7fe000 ---p 00000000 00:00 0 
7f160a7fe000-7f160affe000 rw-p 00000000 00:00 0 
7f160affe000-7f160afff000 ---p 00000000 00:00 0 
7f160afff000-7f160b7ff000 rw-p 00000000 00:00 0 
7f160b7ff000-7f160b800000 ---p 00000000 00:00 0 
7f160b800000-7f160c000000 rw-p 00000000 00:00 0 
7f160c000000-7f160c1e8000 rw-p 00000000 00:00 0 
7f160c1e8000-7f1610000000 ---p 00000000 00:00 0 
7f16100f6000-7f16100f9000 ---p 00000000 00:00 0 
7f16100f9000-7f16101f7000 rw-p 00000000 00:00 0 
7f16101f7000-7f16101fa000 ---p 00000000 00:00 0 
7f16101fa000-7f16102f8000 rw-p 00000000 00:00 0 
7f16102f8000-7f16102fb000 ---p 00000000 00:00 0 
7f16102fb000-7f16103f9000 rw-p 00000000 00:00 0 
7f16103f9000-7f16103fc000 ---p 00000000 00:00 0 
7f16103fc000-7f16104fa000 rw-p 00000000 00:00 0 
7f16104fa000-7f16104fd000 ---p 00000000 00:00 0 
7f16104fd000-7f16105fb000 rw-p 00000000 00:00 0 
7f16105fb000-7f16105fe000 ---p 00000000 00:00 0 
7f16105fe000-7f16106fc000 rw-p 00000000 00:00 0 
7f16106fc000-7f16106ff000 ---p 00000000 00:00 0 
7f16106ff000-7f16107fd000 rw-p 00000000 00:00 0 
7f16107fd000-7f16107fe000 ---p 00000000 00:00 0 
7f16107fe000-7f1610ffe000 rw-p 00000000 00:00 0 
7f1610ffe000-7f1610fff000 ---p 00000000 00:00 0 
7f1610fff000-7f1614000000 rw-p 00000000 00:00 0 
7f1614000000-7f16141e8000 rw-p 00000000 00:00 0 
7f16141e8000-7f1618000000 ---p 00000000 00:00 0 
7f16180cc000-7f16180cf000 ---p 00000000 00:00 0 
7f16180cf000-7f16181cd000 rw-p 00000000 00:00 0 
7f16181cd000-7f16181ce000 ---p 00000000 00:00 0 
7f16181ce000-7f16189ce000 rw-p 00000000 00:00 0 
7f16189ce000-7f16189cf000 ---p 00000000 00:00 0 
7f16189cf000-7f161928f000 rw-p 00000000 00:00 0 
7f161928f000-7f16193cf000 ---p 00000000 00:00 0 
7f16193cf000-7f16193d0000 ---p 00000000 00:00 0 
7f16193d0000-7f1619bd0000 rw-p 00000000 00:00 0 
7f1619bd0000-7f1619d10000 r-xp 00000000 08:17 99849                      /home/diamond/Documents/Controller/bin/linux-x86-64/libarcsoft_fsdk_face_detection.so
7f1619d10000-7f1619f10000 ---p 00140000 08:17 99849                      /home/diamond/Documents/Controller/bin/linux-x86-64/libarcsoft_fsdk_face_detection.so
7f1619f10000-7f1619f11000 r--p 00140000 08:17 99849                      /home/diamond/Documents/Controller/bin/linux-x86-64/libarcsoft_fsdk_face_detection.so
7f1619f11000-7f1619f12000 rw-p 00141000 08:17 99849                      /home/diamond/Documents/Controller/bin/linux-x86-64/libarcsoft_fsdk_face_detection.so
7f1619f12000-7f161b313000 rw-p 00000000 00:00 0 
7f161b313000-7f161b314000 ---p 00000000 00:00 0 
7f161b314000-7f161bb14000 rw-p 00000000 00:00 0 
7f161bb14000-7f161bb15000 ---p 00000000 00:00 0 
7f161bb15000-7f161c315000 rw-p 00000000 00:00 0 
7f161c315000-7f161c316000 ---p 00000000 00:00 0 
7f161c316000-7f161cb16000 rw-p 00000000 00:00 0 
7f161cb16000-7f161cb17000 ---p 00000000 00:00 0 
7f161cb17000-7f161d317000 rw-p 00000000 00:00 0 
7f161d317000-7f161d318000 ---p 00000000 00:00 0 
7f161d318000-7f161db18000 rw-p 00000000 00:00 0 
7f161db18000-7f161db19000 ---p 00000000 00:00 0 
7f161db19000-7f161e319000 rw-p 00000000 00:00 0 
7f161e319000-7f161e31a000 ---p 00000000 00:00 0 
7f161e31a000-7f161eb1a000 rw-p 00000000 00:00 0 
7f161eb1a000-7f161eb1b000 ---p 00000000 00:00 0 
7f161eb1b000-7f161f31b000 rw-p 00000000 00:00 0 
7f161f31b000-7f161f31c000 ---p 00000000 00:00 0 
7f161f31c000-7f161fb1c000 rw-p 00000000 00:00 0 
7f161fb1c000-7f161fb1d000 ---p 00000000 00:00 0 
7f161fb1d000-7f162031d000 rw-p 00000000 00:00 0 
7f162031d000-7f162031e000 ---p 00000000 00:00 0 
7f162031e000-7f1620b1e000 rw-p 00000000 00:00 0 
7f1620b1e000-7f1620b1f000 ---p 00000000 00:00 0 
7f1620b1f000-7f162131f000 rw-p 00000000 00:00 0 
7f162131f000-7f1621320000 ---p 00000000 00:00 0 
7f1621320000-7f1621b20000 rw-p 00000000 00:00 0 
7f1621b20000-7f1621b29000 r-xp 00000000 08:17 266779                     /lib/x86_64-linux-gnu/libcrypt-2.23.so
7f1621b29000-7f1621d28000 ---p 00009000 08:17 266779                     /lib/x86_64-linux-gnu/libcrypt-2.23.so
7f1621d28000-7f1621d29000 r--p 00008000 08:17 266779                     /lib/x86_64-linux-gnu/libcrypt-2.23.so
7f1621d29000-7f1621d2a000 rw-p 00009000 08:17 266779                     /lib/x86_64-linux-gnu/libcrypt-2.23.so
7f1621d2a000-7f1621d58000 rw-p 00000000 00:00 0 
7f1621d58000-7f1621d9f000 r-xp 00000000 08:17 3810210                    /usr/lib/x86_64-linux-gnu/libhx509.so.5.0.0
7f1621d9f000-7f1621f9e000 ---p 00047000 08:17 3810210                    /usr/lib/x86_64-linux-gnu/libhx509.so.5.0.0
7f1621f9e000-7f1621fa0000 r--p 00046000 08:17 3810210                    /usr/lib/x86_64-linux-gnu/libhx509.so.5.0.0
7f1621fa0000-7f1621fa2000 rw-p 00048000 08:17 3810210                    /usr/lib/x86_64-linux-gnu/libhx509.so.5.0.0
7f1621fa2000-7f1621fa3000 rw-p 00000000 00:00 0 
7f1621fa3000-7f1621fb1000 r-xp 00000000 08:17 3810192                    /usr/lib/x86_64-linux-gnu/libheimbase.so.1.0.0
7f1621fb1000-7f16221b0000 ---p 0000e000 08:17 3810192                    /usr/lib/x86_64-linux-gnu/libheimbase.so.1.0.0
7f16221b0000-7f16221b1000 r--p 0000d000 08:17 3810192                    /usr/lib/x86_64-linux-gnu/libheimbase.so.1.0.0
7f16221b1000-7f16221b2000 rw-p 0000e000 08:17 3810192                    /usr/lib/x86_64-linux-gnu/libheimbase.so.1.0.0
7f16221b2000-7f16221d9000 r-xp 00000000 08:17 3810867                    /usr/lib/x86_64-linux-gnu/libwind.so.0.0.0
7f16221d9000-7f16223d9000 ---p 00027000 08:17 3810867                    /usr/lib/x86_64-linux-gnu/libwind.so.0.0.0
7f16223d9000-7f16223da000 r--p 00027000 08:17 3810867                    /usr/lib/x86_64-linux-gnu/libwind.so.0.0.0
7f16223da000-7f16223db000 rw-p 00028000 08:17 3810867                    /usr/lib/x86_64-linux-gnu/libwind.so.0.0.0
7f16223db000-7f16223e2000 r-xp 00000000 08:17 3809925                    /usr/lib/x86_64-linux-gnu/libffi.so.6.0.4
7f16223e2000-7f16225e1000 ---p 00007000 08:17 3809925                    /usr/lib/x86_64-linux-gnu/libffi.so.6.0.4
7f16225e1000-7f16225e2000 r--p 00006000 08:17 3809925                    /usr/lib/x86_64-linux-gnu/libffi.so.6.0.4
7f16225e2000-7f16225e3000 rw-p 00007000 08:17 3809925                    /usr/lib/x86_64-linux-gnu/libffi.so.6.0.4
7f16225e3000-7f16225f8000 r-xp 00000000 08:17 3810608                    /usr/lib/x86_64-linux-gnu/libroken.so.18.1.0
7f16225f8000-7f16227f7000 ---p 00015000 08:17 3810608                    /usr/lib/x86_64-linux-gnu/libroken.so.18.1.0
7f16227f7000-7f16227f8000 r--p 00014000 08:17 3810608                    /usr/lib/x86_64-linux-gnu/libroken.so.18.1.0
7f16227f8000-7f16227f9000 rw-p 00015000 08:17 3810608                    /usr/lib/x86_64-linux-gnu/libroken.so.18.1.0
7f16227f9000-7f1622829000 r-xp 00000000 08:17 3810190                    /usr/lib/x86_64-linux-gnu/libhcrypto.so.4.1.0
7f1622829000-7f1622a29000 ---p 00030000 08:17 3810190                    /usr/lib/x86_64-linux-gnu/libhcrypto.so.4.1.0
7f1622a29000-7f1622a2a000 r--p 00030000 08:17 3810190                    /usr/lib/x86_64-linux-gnu/libhcrypto.so.4.1.0
7f1622a2a000-7f1622a2b000 rw-p 00031000 08:17 3810190                    /usr/lib/x86_64-linux-gnu/libhcrypto.so.4.1.0
7f1622a2b000-7f1622a2c000 rw-p 00000000 00:00 0 
7f1622a2c000-7f1622acb000 r-xp 00000000 08:17 3809627                    /usr/lib/x86_64-linux-gnu/libasn1.so.8.0.0
7f1622acb000-7f1622cca000 ---p 0009f000 08:17 3809627                    /usr/lib/x86_64-linux-gnu/libasn1.so.8.0.0
7f1622cca000-7f1622ccb000 r--p 0009e000 08:17 3809627                    /usr/lib/x86_64-linux-gnu/libasn1.so.8.0.0
7f1622ccb000-7f1622cce000 rw-p 0009f000 08:17 3809627                    /usr/lib/x86_64-linux-gnu/libasn1.so.8.0.0
7f1622cce000-7f1622d52000 r-xp 00000000 08:17 3810297                    /usr/lib/x86_64-linux-gnu/libkrb5.so.26.0.0
7f1622d52000-7f1622f51000 ---p 00084000 08:17 3810297                    /usr/lib/x86_64-linux-gnu/libkrb5.so.26.0.0
7f1622f51000-7f1622f54000 r--p 00083000 08:17 3810297                    /usr/lib/x86_64-linux-gnu/libkrb5.so.26.0.0
7f1622f54000-7f1622f57000 rw-p 00086000 08:17 3810297                    /usr/lib/x86_64-linux-gnu/libkrb5.so.26.0.0
7f1622f57000-7f1622f58000 rw-p 00000000 00:00 0 
7f1622f58000-7f1622f60000 r-xp 00000000 08:17 3810194                    /usr/lib/x86_64-linux-gnu/libheimntlm.so.0.1.0
7f1622f60000-7f162315f000 ---p 00008000 08:17 3810194                    /usr/lib/x86_64-linux-gnu/libheimntlm.so.0.1.0
7f162315f000-7f1623160000 r--p 00007000 08:17 3810194                    /usr/lib/x86_64-linux-gnu/libheimntlm.so.0.1.0
7f1623160000-7f1623161000 rw-p 00008000 08:17 3810194                    /usr/lib/x86_64-linux-gnu/libheimntlm.so.0.1.0
7f1623161000-7f1623164000 r-xp 00000000 08:17 266830                     /lib/x86_64-linux-gnu/libkeyutils.so.1.5
7f1623164000-7f1623363000 ---p 00003000 08:17 266830                     /lib/x86_64-linux-gnu/libkeyutils.so.1.5
7f1623363000-7f1623364000 r--p 00002000 08:17 266830                     /lib/x86_64-linux-gnu/libkeyutils.so.1.5
7f1623364000-7f1623365000 rw-p 00003000 08:17 266830                     /lib/x86_64-linux-gnu/libkeyutils.so.1.5
7f1623365000-7f1623376000 r-xp 00000000 08:17 3810713                    /usr/lib/x86_64-linux-gnu/libtasn1.so.6.5.1
7f1623376000-7f1623576000 ---p 00011000 08:17 3810713                    /usr/lib/x86_64-linux-gnu/libtasn1.so.6.5.1
7f1623576000-7f1623577000 r--p 00011000 08:17 3810713                    /usr/lib/x86_64-linux-gnu/libtasn1.so.6.5.1
7f1623577000-7f1623578000 rw-p 00012000 08:17 3810713                    /usr/lib/x86_64-linux-gnu/libtasn1.so.6.5.1
7f1623578000-7f16235d1000 r-xp 00000000 08:17 3810484                    /usr/lib/x86_64-linux-gnu/libp11-kit.so.0.1.0
7f16235d1000-7f16237d0000 ---p 00059000 08:17 3810484                    /usr/lib/x86_64-linux-gnu/libp11-kit.so.0.1.0
7f16237d0000-7f16237da000 r--p 00058000 08:17 3810484                    /usr/lib/x86_64-linux-gnu/libp11-kit.so.0.1.0
7f16237da000-7f16237dc000 rw-p 00062000 08:17 3810484                    /usr/lib/x86_64-linux-gnu/libp11-kit.so.0.1.0
7f16237dc000-7f1623819000 r-xp 00000000 08:17 3810113                    /usr/lib/x86_64-linux-gnu/libgssapi.so.3.0.0
7f1623819000-7f1623a19000 ---p 0003d000 08:17 3810113                    /usr/lib/x86_64-linux-gnu/libgssapi.so.3.0.0
7f1623a19000-7f1623a1a000 r--p 0003d000 08:17 3810113                    /usr/lib/x86_64-linux-gnu/libgssapi.so.3.0.0
7f1623a1a000-7f1623a1c000 rw-p 0003e000 08:17 3810113                    /usr/lib/x86_64-linux-gnu/libgssapi.so.3.0.0
7f1623a1c000-7f1623a1d000 rw-p 00000000 00:00 0 
7f1623a1d000-7f1623a36000 r-xp 00000000 08:17 3810635                    /usr/lib/x86_64-linux-gnu/libsasl2.so.2.0.25
7f1623a36000-7f1623c36000 ---p 00019000 08:17 3810635                    /usr/lib/x86_64-linux-gnu/libsasl2.so.2.0.25
7f1623c36000-7f1623c37000 r--p 00019000 08:17 3810635                    /usr/lib/x86_64-linux-gnu/libsasl2.so.2.0.25
7f1623c37000-7f1623c38000 rw-p 0001a000 08:17 3810635                    /usr/lib/x86_64-linux-gnu/libsasl2.so.2.0.25
7f1623c38000-7f1623c4f000 r-xp 00000000 08:17 266921                     /lib/x86_64-linux-gnu/libresolv-2.23.so
7f1623c4f000-7f1623e4f000 ---p 00017000 08:17 266921                     /lib/x86_64-linux-gnu/libresolv-2.23.so
7f1623e4f000-7f1623e50000 r--p 00017000 08:17 266921                     /lib/x86_64-linux-gnu/libresolv-2.23.so
7f1623e50000-7f1623e51000 rw-p 00018000 08:17 266921                     /lib/x86_64-linux-gnu/libresolv-2.23.so
7f1623e51000-7f1623e53000 rw-p 00000000 00:00 0 
7f1623e53000-7f1623e5d000 r-xp 00000000 08:17 3810301                    /usr/lib/x86_64-linux-gnu/libkrb5support.so.0.1
7f1623e5d000-7f162405c000 ---p 0000a000 08:17 3810301                    /usr/lib/x86_64-linux-gnu/libkrb5support.so.0.1
7f162405c000-7f162405d000 r--p 00009000 08:17 3810301                    /usr/lib/x86_64-linux-gnu/libkrb5support.so.0.1
7f162405d000-7f162405e000 rw-p 0000a000 08:17 3810301                    /usr/lib/x86_64-linux-gnu/libkrb5support.so.0.1
7f162405e000-7f1624061000 r-xp 00000000 08:17 266778                     /lib/x86_64-linux-gnu/libcom_err.so.2.1
7f1624061000-7f1624260000 ---p 00003000 08:17 266778                     /lib/x86_64-linux-gnu/libcom_err.so.2.1
7f1624260000-7f1624261000 r--p 00002000 08:17 266778                     /lib/x86_64-linux-gnu/libcom_err.so.2.1
7f1624261000-7f1624262000 rw-p 00003000 08:17 266778                     /lib/x86_64-linux-gnu/libcom_err.so.2.1
7f1624262000-7f162428e000 r-xp 00000000 08:17 3810291                    /usr/lib/x86_64-linux-gnu/libk5crypto.so.3.1
7f162428e000-7f162448d000 ---p 0002c000 08:17 3810291                    /usr/lib/x86_64-linux-gnu/libk5crypto.so.3.1
7f162448d000-7f162448f000 r--p 0002b000 08:17 3810291                    /usr/lib/x86_64-linux-gnu/libk5crypto.so.3.1
7f162448f000-7f1624490000 rw-p 0002d000 08:17 3810291                    /usr/lib/x86_64-linux-gnu/libk5crypto.so.3.1
7f1624490000-7f1624491000 rw-p 00000000 00:00 0 
7f1624491000-7f1624554000 r-xp 00000000 08:17 3810299                    /usr/lib/x86_64-linux-gnu/libkrb5.so.3.3
7f1624554000-7f1624754000 ---p 000c3000 08:17 3810299                    /usr/lib/x86_64-linux-gnu/libkrb5.so.3.3
7f1624754000-7f1624761000 r--p 000c3000 08:17 3810299                    /usr/lib/x86_64-linux-gnu/libkrb5.so.3.3
7f1624761000-7f1624763000 rw-p 000d0000 08:17 3810299                    /usr/lib/x86_64-linux-gnu/libkrb5.so.3.3
7f1624763000-7f16247e2000 r-xp 00000000 08:17 3810058                    /usr/lib/x86_64-linux-gnu/libgmp.so.10.3.0
7f16247e2000-7f16249e1000 ---p 0007f000 08:17 3810058                    /usr/lib/x86_64-linux-gnu/libgmp.so.10.3.0
7f16249e1000-7f16249e2000 r--p 0007e000 08:17 3810058                    /usr/lib/x86_64-linux-gnu/libgmp.so.10.3.0
7f16249e2000-7f16249e3000 rw-p 0007f000 08:17 3810058                    /usr/lib/x86_64-linux-gnu/libgmp.so.10.3.0
7f16249e3000-7f1624a17000 r-xp 00000000 08:17 3810421                    /usr/lib/x86_64-linux-gnu/libnettle.so.6.2
7f1624a17000-7f1624c16000 ---p 00034000 08:17 3810421                    /usr/lib/x86_64-linux-gnu/libnettle.so.6.2
7f1624c16000-7f1624c18000 r--p 00033000 08:17 3810421                    /usr/lib/x86_64-linux-gnu/libnettle.so.6.2
7f1624c18000-7f1624c19000 rw-p 00035000 08:17 3810421                    /usr/lib/x86_64-linux-gnu/libnettle.so.6.2
7f1624c19000-7f1624c4b000 r-xp 00000000 08:17 3810196                    /usr/lib/x86_64-linux-gnu/libhogweed.so.4.2
7f1624c4b000-7f1624e4a000 ---p 00032000 08:17 3810196                    /usr/lib/x86_64-linux-gnu/libhogweed.so.4.2
7f1624e4a000-7f1624e4b000 r--p 00031000 08:17 3810196                    /usr/lib/x86_64-linux-gnu/libhogweed.so.4.2
7f1624e4b000-7f1624e4c000 rw-p 00032000 08:17 3810196                    /usr/lib/x86_64-linux-gnu/libhogweed.so.4.2
7f1624e4c000-7f1624f6f000 r-xp 00000000 08:17 3803369                    /usr/lib/x86_64-linux-gnu/libgnutls.so.30.6.2
7f1624f6f000-7f162516e000 ---p 00123000 08:17 3803369                    /usr/lib/x86_64-linux-gnu/libgnutls.so.30.6.2
7f162516e000-7f1625179000 r--p 00122000 08:17 3803369                    /usr/lib/x86_64-linux-gnu/libgnutls.so.30.6.2
7f1625179000-7f162517b000 rw-p 0012d000 08:17 3803369                    /usr/lib/x86_64-linux-gnu/libgnutls.so.30.6.2
7f162517b000-7f162517c000 rw-p 00000000 00:00 0 
7f162517c000-7f1625192000 r-xp 00000000 08:17 266807                     /lib/x86_64-linux-gnu/libgcc_s.so.1
7f1625192000-7f1625391000 ---p 00016000 08:17 266807                     /lib/x86_64-linux-gnu/libgcc_s.so.1
7f1625391000-7f1625392000 rw-p 00015000 08:17 266807                     /lib/x86_64-linux-gnu/libgcc_s.so.1
7f1625392000-7f16253ad000 r-xp 00000000 08:17 3824821                    /usr/local/lib/libz.so.1.2.9
7f16253ad000-7f16255ac000 ---p 0001b000 08:17 3824821                    /usr/local/lib/libz.so.1.2.9
7f16255ac000-7f16255ad000 r--p 0001a000 08:17 3824821                    /usr/local/lib/libz.so.1.2.9
7f16255ad000-7f16255ae000 rw-p 0001b000 08:17 3824821                    /usr/local/lib/libz.so.1.2.9
7f16255ae000-7f16255fb000 r-xp 00000000 08:17 3810312                    /usr/lib/x86_64-linux-gnu/libldap_r-2.4.so.2.10.5
7f16255fb000-7f16257fa000 ---p 0004d000 08:17 3810312                    /usr/lib/x86_64-linux-gnu/libldap_r-2.4.so.2.10.5
7f16257fa000-7f16257fc000 r--p 0004c000 08:17 3810312                    /usr/lib/x86_64-linux-gnu/libldap_r-2.4.so.2.10.5
7f16257fc000-7f16257fd000 rw-p 0004e000 08:17 3810312                    /usr/lib/x86_64-linux-gnu/libldap_r-2.4.so.2.10.5
7f16257fd000-7f1628000000 rw-p 00000000 00:00 0 
7f1628000000-7f16281a5000 rw-p 00000000 00:00 0 
7f16281a5000-7f162c000000 ---p 00000000 00:00 0 
7f162c000000-7f162c1ab000 rw-p 00000000 00:00 0 
7f162c1ab000-7f1630000000 ---p 00000000 00:00 0 
7f1630000000-7f1630219000 rw-p 00000000 00:00 0 
7f1630219000-7f1634000000 ---p 00000000 00:00 0 
7f1634000000-7f1634132000 rw-p 00000000 00:00 0 
7f1634132000-7f1638000000 ---p 00000000 00:00 0 
7f1638000000-7f16384f5000 rw-p 00000000 00:00 0 
7f16384f5000-7f163c000000 ---p 00000000 00:00 0 
7f163c0aa000-7f163c0b7000 r-xp 00000000 08:17 3810307                    /usr/lib/x86_64-linux-gnu/liblber-2.4.so.2.10.5
7f163c0b7000-7f163c2b7000 ---p 0000d000 08:17 3810307                    /usr/lib/x86_64-linux-gnu/liblber-2.4.so.2.10.5
7f163c2b7000-7f163c2b8000 r--p 0000d000 08:17 3810307                    /usr/lib/x86_64-linux-gnu/liblber-2.4.so.2.10.5
7f163c2b8000-7f163c2b9000 rw-p 0000e000 08:17 3810307                    /usr/lib/x86_64-linux-gnu/liblber-2.4.so.2.10.5
7f163c2b9000-7f163c300000 r-xp 00000000 08:17 3810115                    /usr/lib/x86_64-linux-gnu/libgssapi_krb5.so.2.2
7f163c300000-7f163c4ff000 ---p 00047000 08:17 3810115                    /usr/lib/x86_64-linux-gnu/libgssapi_krb5.so.2.2
7f163c4ff000-7f163c501000 r--p 00046000 08:17 3810115                    /usr/lib/x86_64-linux-gnu/libgssapi_krb5.so.2.2
7f163c501000-7f163c503000 rw-p 00048000 08:17 3810115                    /usr/lib/x86_64-linux-gnu/libgssapi_krb5.so.2.2
7f163c503000-7f163c71d000 r-xp 00000000 08:17 266823                     /lib/x86_64-linux-gnu/libcrypto.so.1.0.0
7f163c71d000-7f163c91c000 ---p 0021a000 08:17 266823                     /lib/x86_64-linux-gnu/libcrypto.so.1.0.0
7f163c91c000-7f163c938000 r--p 00219000 08:17 266823                     /lib/x86_64-linux-gnu/libcrypto.so.1.0.0
7f163c938000-7f163c944000 rw-p 00235000 08:17 266823                     /lib/x86_64-linux-gnu/libcrypto.so.1.0.0
7f163c944000-7f163c947000 rw-p 00000000 00:00 0 
7f163c947000-7f163c9a5000 r-xp 00000000 08:17 266822                     /lib/x86_64-linux-gnu/libssl.so.1.0.0
7f163c9a5000-7f163cba5000 ---p 0005e000 08:17 266822                     /lib/x86_64-linux-gnu/libssl.so.1.0.0
7f163cba5000-7f163cba9000 r--p 0005e000 08:17 266822                     /lib/x86_64-linux-gnu/libssl.so.1.0.0
7f163cba9000-7f163cbb0000 rw-p 00062000 08:17 266822                     /lib/x86_64-linux-gnu/libssl.so.1.0.0
7f163cbb0000-7f163cbcb000 r-xp 00000000 08:17 3810616                    /usr/lib/x86_64-linux-gnu/librtmp.so.1
7f163cbcb000-7f163cdca000 ---p 0001b000 08:17 3810616                    /usr/lib/x86_64-linux-gnu/librtmp.so.1
7f163cdca000-7f163cdcb000 r--p 0001a000 08:17 3810616                    /usr/lib/x86_64-linux-gnu/librtmp.so.1
7f163cdcb000-7f163cdcc000 rw-p 0001b000 08:17 3810616                    /usr/lib/x86_64-linux-gnu/librtmp.so.1
7f163cdcc000-7f163cdfd000 r-xp 00000000 08:17 3803367                    /usr/lib/x86_64-linux-gnu/libidn.so.11.6.15
7f163cdfd000-7f163cffd000 ---p 00031000 08:17 3803367                    /usr/lib/x86_64-linux-gnu/libidn.so.11.6.15
7f163cffd000-7f163cffe000 r--p 00031000 08:17 3803367                    /usr/lib/x86_64-linux-gnu/libidn.so.11.6.15
7f163cffe000-7f163cfff000 rw-p 00032000 08:17 3803367                    /usr/lib/x86_64-linux-gnu/libidn.so.11.6.15
7f163cfff000-7f1640000000 rw-p 00000000 00:00 0 
7f1640000000-7f1640c51000 rw-p 00000000 00:00 0 
7f1640c51000-7f1644000000 ---p 00000000 00:00 0 
7f1644000000-7f1644c30000 rw-p 00000000 00:00 0 
7f1644c30000-7f1648000000 ---p 00000000 00:00 0 
7f1648000000-7f1648132000 rw-p 00000000 00:00 0 
7f1648132000-7f164c000000 ---p 00000000 00:00 0 
7f164c000000-7f164c246000 rw-p 00000000 00:00 0 
7f164c246000-7f1650000000 ---p 00000000 00:00 0 
7f1650000000-7f1650139000 rw-p 00000000 00:00 0 
7f1650139000-7f1654000000 ---p 00000000 00:00 0 
7f1654000000-7f1654219000 rw-p 00000000 00:00 0 
7f1654219000-7f1658000000 ---p 00000000 00:00 0 
7f1658000000-7f1658201000 rw-p 00000000 00:00 0 
7f1658201000-7f165c000000 ---p 00000000 00:00 0 
7f165c000000-7f165c1ab000 rw-p 00000000 00:00 0 
7f165c1ab000-7f1660000000 ---p 00000000 00:00 0 
7f16600c3000-7f16600c6000 ---p 00000000 00:00 0 
7f16600c6000-7f16601c4000 rw-p 00000000 00:00 0 
7f16601c4000-7f1660336000 r-xp 00000000 08:17 3803290                    /usr/lib/x86_64-linux-gnu/libstdc++.so.6.0.21
7f1660336000-7f1660536000 ---p 00172000 08:17 3803290                    /usr/lib/x86_64-linux-gnu/libstdc++.so.6.0.21
7f1660536000-7f1660540000 r--p 00172000 08:17 3803290                    /usr/lib/x86_64-linux-gnu/libstdc++.so.6.0.21
7f1660540000-7f1660542000 rw-p 0017c000 08:17 3803290                    /usr/lib/x86_64-linux-gnu/libstdc++.so.6.0.21
7f1660542000-7f1660546000 rw-p 00000000 00:00 0 
7f1660546000-7f1660615000 r-xp 00000000 08:17 3810694                    /usr/lib/x86_64-linux-gnu/libsqlite3.so.0.8.6
7f1660615000-7f1660815000 ---p 000cf000 08:17 3810694                    /usr/lib/x86_64-linux-gnu/libsqlite3.so.0.8.6
7f1660815000-7f1660818000 r--p 000cf000 08:17 3810694                    /usr/lib/x86_64-linux-gnu/libsqlite3.so.0.8.6
7f1660818000-7f166081a000 rw-p 000d2000 08:17 3810694                    /usr/lib/x86_64-linux-gnu/libsqlite3.so.0.8.6
7f166081a000-7f166081b000 rw-p 00000000 00:00 0 
7f166081b000-7f1660886000 r-xp 00000000 08:17 3801208                    /usr/lib/x86_64-linux-gnu/libcurl.so.4.4.0
7f1660886000-7f1660a86000 ---p 0006b000 08:17 3801208                    /usr/lib/x86_64-linux-gnu/libcurl.so.4.4.0
7f1660a86000-7f1660a89000 r--p 0006b000 08:17 3801208                    /usr/lib/x86_64-linux-gnu/libcurl.so.4.4.0
7f1660a89000-7f1660a8a000 rw-p 0006e000 08:17 3801208                    /usr/lib/x86_64-linux-gnu/libcurl.so.4.4.0
7f1660a8a000-7f166148f000 r-xp 00000000 08:17 99859                      /home/diamond/Documents/Controller/bin/linux-x86-64/libarcsoft_fsdk_face_recognition.so
7f166148f000-7f166168e000 ---p 00a05000 08:17 99859                      /home/diamond/Documents/Controller/bin/linux-x86-64/libarcsoft_fsdk_face_recognition.so
7f166168e000-7f166168f000 r--p 00a04000 08:17 99859                      /home/diamond/Documents/Controller/bin/linux-x86-64/libarcsoft_fsdk_face_recognition.so
7f166168f000-7f16622ba000 rw-p 00a05000 08:17 99859                      /home/diamond/Documents/Controller/bin/linux-x86-64/libarcsoft_fsdk_face_recognition.so
7f16622ba000-7f16622bd000 ---p 00000000 00:00 0 
7f16622bd000-7f16622f3000 rw-p 00000000 00:00 0 
7f16622f3000-7f166230b000 r-xp 00000000 08:17 3538986                    /tmp/jna-1655054676/jna5954160678340834426.tmp (deleted)
7f166230b000-7f166250a000 ---p 00018000 08:17 3538986                    /tmp/jna-1655054676/jna5954160678340834426.tmp (deleted)
7f166250a000-7f166250c000 rw-p 00017000 08:17 3538986                    /tmp/jna-1655054676/jna5954160678340834426.tmp (deleted)
7f166250c000-7f166251d000 r-xp 00000000 08:17 3880230                    /usr/local/jdk1.8.0_152/jre/lib/amd64/libnio.so
7f166251d000-7f166271c000 ---p 00011000 08:17 3880230                    /usr/local/jdk1.8.0_152/jre/lib/amd64/libnio.so
7f166271c000-7f166271d000 rw-p 00010000 08:17 3880230                    /usr/local/jdk1.8.0_152/jre/lib/amd64/libnio.so
7f166271d000-7f1662720000 ---p 00000000 00:00 0 
7f1662720000-7f166281e000 rw-p 00000000 00:00 0 
7f166281e000-7f166281f000 ---p 00000000 00:00 0 
7f166281f000-7f166291f000 rw-p 00000000 00:00 0 
7f166291f000-7f1662922000 ---p 00000000 00:00 0 
7f1662922000-7f1662a20000 rw-p 00000000 00:00 0 
7f1662a20000-7f1662a36000 r-xp 00000000 08:17 3880227                    /usr/local/jdk1.8.0_152/jre/lib/amd64/libnet.so
7f1662a36000-7f1662c36000 ---p 00016000 08:17 3880227                    /usr/local/jdk1.8.0_152/jre/lib/amd64/libnet.so
7f1662c36000-7f1662c37000 rw-p 00016000 08:17 3880227                    /usr/local/jdk1.8.0_152/jre/lib/amd64/libnet.so
7f1662c37000-7f1662c3a000 ---p 00000000 00:00 0 
7f1662c3a000-7f1662d38000 rw-p 00000000 00:00 0 
7f1662d38000-7f1662d3b000 ---p 00000000 00:00 0 
7f1662d3b000-7f1662e39000 rw-p 00000000 00:00 0 
7f1662e39000-7f1662e3c000 ---p 00000000 00:00 0 
7f1662e3c000-7f1662f3a000 rw-p 00000000 00:00 0 
7f1662f3a000-7f1662f3d000 ---p 00000000 00:00 0 
7f1662f3d000-7f166303b000 rw-p 00000000 00:00 0 
7f166303b000-7f166303e000 ---p 00000000 00:00 0 
7f166303e000-7f166313c000 rw-p 00000000 00:00 0 
7f166313c000-7f1663afb000 r--p 00000000 08:17 3808503                    /usr/lib/locale/locale-archive
7f1663afb000-7f1663afe000 ---p 00000000 00:00 0 
7f1663afe000-7f1663bfc000 rw-p 00000000 00:00 0 
7f1663bfc000-7f1663bff000 ---p 00000000 00:00 0 
7f1663bff000-7f1663cfd000 rw-p 00000000 00:00 0 
7f1663cfd000-7f1663cfe000 ---p 00000000 00:00 0 
7f1663cfe000-7f1664000000 rw-p 00000000 00:00 0 
7f1664000000-7f16641a9000 rw-p 00000000 00:00 0 
7f16641a9000-7f1668000000 ---p 00000000 00:00 0 
7f1668000000-7f16681b0000 rw-p 00000000 00:00 0 
7f16681b0000-7f166c000000 ---p 00000000 00:00 0 
7f166c000000-7f166c1b7000 rw-p 00000000 00:00 0 
7f166c1b7000-7f1670000000 ---p 00000000 00:00 0 
7f1670005000-7f1675000000 rw-p 00000000 00:00 0 
7f1675000000-7f1675460000 rwxp 00000000 00:00 0 
7f1675460000-7f1684000000 ---p 00000000 00:00 0 
7f1684000000-7f1684e19000 rw-p 00000000 00:00 0 
7f1684e19000-7f1688000000 ---p 00000000 00:00 0 
7f168802f000-7f1688034000 r--s 0009a000 08:17 3880107                    /usr/local/jdk1.8.0_152/jre/lib/jsse.jar
7f1688034000-7f1688039000 r--s 002f9000 08:17 3880056                    /usr/local/jdk1.8.0_152/jre/lib/charsets.jar
7f1688039000-7f1688043000 r--s 000eb000 08:17 69177                      /home/diamond/Documents/Controller/lib/mysql-connector-java-5.1.44-bin.jar
7f1688043000-7f1688046000 r--s 00024000 08:17 79461                      /home/diamond/Documents/Controller/lib/json-lib-2.4-jdk15.jar
7f1688046000-7f168804a000 r--s 00107000 08:17 69176                      /home/diamond/Documents/Controller/lib/jna-4.4.0.jar
7f168804a000-7f1688058000 r--s 0007f000 08:17 79458                      /home/diamond/Documents/Controller/lib/commons-collections-3.2.1.jar
7f1688058000-7f16880ed000 r--s 01113000 08:17 3880111                    /usr/local/jdk1.8.0_152/jre/lib/ext/jfxrt.jar
7f16880ed000-7f168833e000 rw-p 00000000 00:00 0 
7f168833e000-7f1688518000 r--s 03d5f000 08:17 3880058                    /usr/local/jdk1.8.0_152/jre/lib/rt.jar
7f1688518000-7f168895d000 rw-p 00000000 00:00 0 
7f168895d000-7f168895e000 ---p 00000000 00:00 0 
7f168895e000-7f1688a5e000 rw-p 00000000 00:00 0 
7f1688a5e000-7f1688a5f000 ---p 00000000 00:00 0 
7f1688a5f000-7f1688b5f000 rw-p 00000000 00:00 0 
7f1688b5f000-7f1688b60000 ---p 00000000 00:00 0 
7f1688b60000-7f1688c60000 rw-p 00000000 00:00 0 
7f1688c60000-7f1688c61000 ---p 00000000 00:00 0 
7f1688c61000-7f1688d8a000 rw-p 00000000 00:00 0 
7f1688d8a000-7f1688feb000 ---p 00000000 00:00 0 
7f1688feb000-7f1689014000 rw-p 00000000 00:00 0 
7f1689014000-7f1689275000 ---p 00000000 00:00 0 
7f1689275000-7f16892b8000 rw-p 00000000 00:00 0 
7f16892b8000-7f16893ba000 ---p 00000000 00:00 0 
7f16893ba000-7f16893cd000 rw-p 00000000 00:00 0 
7f16893cd000-7f168977b000 ---p 00000000 00:00 0 
7f168977b000-7f1689796000 r-xp 00000000 08:17 3880223                    /usr/local/jdk1.8.0_152/jre/lib/amd64/libzip.so
7f1689796000-7f1689996000 ---p 0001b000 08:17 3880223                    /usr/local/jdk1.8.0_152/jre/lib/amd64/libzip.so
7f1689996000-7f1689997000 rw-p 0001b000 08:17 3880223                    /usr/local/jdk1.8.0_152/jre/lib/amd64/libzip.so
7f1689997000-7f16899a2000 r-xp 00000000 08:17 266868                     /lib/x86_64-linux-gnu/libnss_files-2.23.so
7f16899a2000-7f1689ba1000 ---p 0000b000 08:17 266868                     /lib/x86_64-linux-gnu/libnss_files-2.23.so
7f1689ba1000-7f1689ba2000 r--p 0000a000 08:17 266868                     /lib/x86_64-linux-gnu/libnss_files-2.23.so
7f1689ba2000-7f1689ba3000 rw-p 0000b000 08:17 266868                     /lib/x86_64-linux-gnu/libnss_files-2.23.so
7f1689ba3000-7f1689ba9000 rw-p 00000000 00:00 0 
7f1689ba9000-7f1689bb4000 r-xp 00000000 08:17 266878                     /lib/x86_64-linux-gnu/libnss_nis-2.23.so
7f1689bb4000-7f1689db3000 ---p 0000b000 08:17 266878                     /lib/x86_64-linux-gnu/libnss_nis-2.23.so
7f1689db3000-7f1689db4000 r--p 0000a000 08:17 266878                     /lib/x86_64-linux-gnu/libnss_nis-2.23.so
7f1689db4000-7f1689db5000 rw-p 0000b000 08:17 266878                     /lib/x86_64-linux-gnu/libnss_nis-2.23.so
7f1689db5000-7f1689dcb000 r-xp 00000000 08:17 266862                     /lib/x86_64-linux-gnu/libnsl-2.23.so
7f1689dcb000-7f1689fca000 ---p 00016000 08:17 266862                     /lib/x86_64-linux-gnu/libnsl-2.23.so
7f1689fca000-7f1689fcb000 r--p 00015000 08:17 266862                     /lib/x86_64-linux-gnu/libnsl-2.23.so
7f1689fcb000-7f1689fcc000 rw-p 00016000 08:17 266862                     /lib/x86_64-linux-gnu/libnsl-2.23.so
7f1689fcc000-7f1689fce000 rw-p 00000000 00:00 0 
7f1689fce000-7f1689fd6000 r-xp 00000000 08:17 266864                     /lib/x86_64-linux-gnu/libnss_compat-2.23.so
7f1689fd6000-7f168a1d5000 ---p 00008000 08:17 266864                     /lib/x86_64-linux-gnu/libnss_compat-2.23.so
7f168a1d5000-7f168a1d6000 r--p 00007000 08:17 266864                     /lib/x86_64-linux-gnu/libnss_compat-2.23.so
7f168a1d6000-7f168a1d7000 rw-p 00008000 08:17 266864                     /lib/x86_64-linux-gnu/libnss_compat-2.23.so
7f168a1d7000-7f168a1e1000 r-xp 00000000 08:17 3880232                    /usr/local/jdk1.8.0_152/jre/lib/amd64/libinstrument.so
7f168a1e1000-7f168a3e0000 ---p 0000a000 08:17 3880232                    /usr/local/jdk1.8.0_152/jre/lib/amd64/libinstrument.so
7f168a3e0000-7f168a3e1000 rw-p 00009000 08:17 3880232                    /usr/local/jdk1.8.0_152/jre/lib/amd64/libinstrument.so
7f168a3e1000-7f168a40c000 r-xp 00000000 08:17 3880217                    /usr/local/jdk1.8.0_152/jre/lib/amd64/libjava.so
7f168a40c000-7f168a60b000 ---p 0002b000 08:17 3880217                    /usr/local/jdk1.8.0_152/jre/lib/amd64/libjava.so
7f168a60b000-7f168a60d000 rw-p 0002a000 08:17 3880217                    /usr/local/jdk1.8.0_152/jre/lib/amd64/libjava.so
7f168a60d000-7f168a61a000 r-xp 00000000 08:17 3880222                    /usr/local/jdk1.8.0_152/jre/lib/amd64/libverify.so
7f168a61a000-7f168a81a000 ---p 0000d000 08:17 3880222                    /usr/local/jdk1.8.0_152/jre/lib/amd64/libverify.so
7f168a81a000-7f168a81c000 rw-p 0000d000 08:17 3880222                    /usr/local/jdk1.8.0_152/jre/lib/amd64/libverify.so
7f168a81c000-7f168a823000 r-xp 00000000 08:17 266923                     /lib/x86_64-linux-gnu/librt-2.23.so
7f168a823000-7f168aa22000 ---p 00007000 08:17 266923                     /lib/x86_64-linux-gnu/librt-2.23.so
7f168aa22000-7f168aa23000 r--p 00006000 08:17 266923                     /lib/x86_64-linux-gnu/librt-2.23.so
7f168aa23000-7f168aa24000 rw-p 00007000 08:17 266923                     /lib/x86_64-linux-gnu/librt-2.23.so
7f168aa24000-7f168ab2c000 r-xp 00000000 08:17 266839                     /lib/x86_64-linux-gnu/libm-2.23.so
7f168ab2c000-7f168ad2b000 ---p 00108000 08:17 266839                     /lib/x86_64-linux-gnu/libm-2.23.so
7f168ad2b000-7f168ad2c000 r--p 00107000 08:17 266839                     /lib/x86_64-linux-gnu/libm-2.23.so
7f168ad2c000-7f168ad2d000 rw-p 00108000 08:17 266839                     /lib/x86_64-linux-gnu/libm-2.23.so
7f168ad2d000-7f168ba05000 r-xp 00000000 08:17 3880200                    /usr/local/jdk1.8.0_152/jre/lib/amd64/server/libjvm.so
7f168ba05000-7f168bc04000 ---p 00cd8000 08:17 3880200                    /usr/local/jdk1.8.0_152/jre/lib/amd64/server/libjvm.so
7f168bc04000-7f168bcde000 rw-p 00cd7000 08:17 3880200                    /usr/local/jdk1.8.0_152/jre/lib/amd64/server/libjvm.so
7f168bcde000-7f168bd29000 rw-p 00000000 00:00 0 
7f168bd29000-7f168bee9000 r-xp 00000000 08:17 266769                     /lib/x86_64-linux-gnu/libc-2.23.so
7f168bee9000-7f168c0e9000 ---p 001c0000 08:17 266769                     /lib/x86_64-linux-gnu/libc-2.23.so
7f168c0e9000-7f168c0ed000 r--p 001c0000 08:17 266769                     /lib/x86_64-linux-gnu/libc-2.23.so
7f168c0ed000-7f168c0ef000 rw-p 001c4000 08:17 266769                     /lib/x86_64-linux-gnu/libc-2.23.so
7f168c0ef000-7f168c0f3000 rw-p 00000000 00:00 0 
7f168c0f3000-7f168c0f6000 r-xp 00000000 08:17 266793                     /lib/x86_64-linux-gnu/libdl-2.23.so
7f168c0f6000-7f168c2f5000 ---p 00003000 08:17 266793                     /lib/x86_64-linux-gnu/libdl-2.23.so
7f168c2f5000-7f168c2f6000 r--p 00002000 08:17 266793                     /lib/x86_64-linux-gnu/libdl-2.23.so
7f168c2f6000-7f168c2f7000 rw-p 00003000 08:17 266793                     /lib/x86_64-linux-gnu/libdl-2.23.so
7f168c2f7000-7f168c30d000 r-xp 00000000 08:17 3879918                    /usr/local/jdk1.8.0_152/lib/amd64/jli/libjli.so
7f168c30d000-7f168c50c000 ---p 00016000 08:17 3879918                    /usr/local/jdk1.8.0_152/lib/amd64/jli/libjli.so
7f168c50c000-7f168c50d000 rw-p 00015000 08:17 3879918                    /usr/local/jdk1.8.0_152/lib/amd64/jli/libjli.so
7f168c50d000-7f168c525000 r-xp 00000000 08:17 266915                     /lib/x86_64-linux-gnu/libpthread-2.23.so
7f168c525000-7f168c724000 ---p 00018000 08:17 266915                     /lib/x86_64-linux-gnu/libpthread-2.23.so
7f168c724000-7f168c725000 r--p 00017000 08:17 266915                     /lib/x86_64-linux-gnu/libpthread-2.23.so
7f168c725000-7f168c726000 rw-p 00018000 08:17 266915                     /lib/x86_64-linux-gnu/libpthread-2.23.so
7f168c726000-7f168c72a000 rw-p 00000000 00:00 0 
7f168c72a000-7f168c750000 r-xp 00000000 08:17 266741                     /lib/x86_64-linux-gnu/ld-2.23.so
7f168c750000-7f168c752000 r--s 0001a000 08:17 18339                      /home/diamond/soft/idea-IU-173.3942.27/lib/idea_rt.jar
7f168c752000-7f168c755000 r--s 00013000 08:17 79443                      /home/diamond/Documents/Controller/lib/ezmorph-1.0.6.jar
7f168c755000-7f168c757000 r--s 0000d000 08:17 79460                      /home/diamond/Documents/Controller/lib/commons-logging-1.1.1.jar
7f168c757000-7f168c75c000 r--s 00034000 08:17 79459                      /home/diamond/Documents/Controller/lib/commons-beanutils-1.8.0.jar
7f168c75c000-7f168c76f000 r--s 00345000 08:17 3880093                    /usr/local/jdk1.8.0_152/jre/lib/resources.jar
7f168c76f000-7f168c782000 r--s 000d6000 08:17 3880030                    /usr/local/jdk1.8.0_152/jre/lib/plugin.jar
7f168c782000-7f168c787000 r--s 0009a000 08:17 3880107                    /usr/local/jdk1.8.0_152/jre/lib/jsse.jar
7f168c787000-7f168c789000 r--s 00007000 08:17 3880245                    /usr/local/jdk1.8.0_152/jre/lib/jfxswt.jar
7f168c789000-7f168c78e000 r--s 00084000 08:17 3880007                    /usr/local/jdk1.8.0_152/jre/lib/jfr.jar
7f168c78e000-7f168c791000 r--s 0001a000 08:17 3880243                    /usr/local/jdk1.8.0_152/jre/lib/jce.jar
7f168c791000-7f168c79a000 r--s 0006d000 08:17 3880017                    /usr/local/jdk1.8.0_152/jre/lib/javaws.jar
7f168c79a000-7f168c81c000 rw-p 00000000 00:00 0 
7f168c81c000-7f168c81f000 ---p 00000000 00:00 0 
7f168c81f000-7f168c921000 rw-p 00000000 00:00 0 
7f168c921000-7f168c922000 r--s 00000000 08:17 3880014                    /usr/local/jdk1.8.0_152/jre/lib/management-agent.jar
7f168c922000-7f168c93e000 r--s 0020b000 08:17 3880008                    /usr/local/jdk1.8.0_152/jre/lib/deploy.jar
7f168c93e000-7f168c943000 r--s 002f9000 08:17 3880056                    /usr/local/jdk1.8.0_152/jre/lib/charsets.jar
7f168c943000-7f168c94b000 rw-s 00000000 08:17 3538980                    /tmp/hsperfdata_diamond/5152
7f168c94b000-7f168c94c000 rw-p 00000000 00:00 0 
7f168c94c000-7f168c94d000 r--p 00000000 00:00 0 
7f168c94d000-7f168c94f000 rw-p 00000000 00:00 0 
7f168c94f000-7f168c950000 r--p 00025000 08:17 266741                     /lib/x86_64-linux-gnu/ld-2.23.so
7f168c950000-7f168c951000 rw-p 00026000 08:17 266741                     /lib/x86_64-linux-gnu/ld-2.23.so
7f168c951000-7f168c952000 rw-p 00000000 00:00 0 
7ffece7c8000-7ffece7ea000 rw-p 00000000 00:00 0                          [stack]
7ffece7f6000-7ffece7f8000 r--p 00000000 00:00 0                          [vvar]
7ffece7f8000-7ffece7fa000 r-xp 00000000 00:00 0                          [vdso]
ffffffffff600000-ffffffffff601000 r-xp 00000000 00:00 0                  [vsyscall]

VM Arguments:
jvm_args: -javaagent:/home/diamond/soft/idea-IU-173.3942.27/lib/idea_rt.jar=34947:/home/diamond/soft/idea-IU-173.3942.27/bin -Dfile.encoding=UTF-8 
java_command: com.moma.Controller
java_class_path (initial): /usr/local/jdk1.8.0_152/jre/lib/charsets.jar:/usr/local/jdk1.8.0_152/jre/lib/deploy.jar:/usr/local/jdk1.8.0_152/jre/lib/ext/cldrdata.jar:/usr/local/jdk1.8.0_152/jre/lib/ext/dnsns.jar:/usr/local/jdk1.8.0_152/jre/lib/ext/jaccess.jar:/usr/local/jdk1.8.0_152/jre/lib/ext/jfxrt.jar:/usr/local/jdk1.8.0_152/jre/lib/ext/localedata.jar:/usr/local/jdk1.8.0_152/jre/lib/ext/nashorn.jar:/usr/local/jdk1.8.0_152/jre/lib/ext/sunec.jar:/usr/local/jdk1.8.0_152/jre/lib/ext/sunjce_provider.jar:/usr/local/jdk1.8.0_152/jre/lib/ext/sunpkcs11.jar:/usr/local/jdk1.8.0_152/jre/lib/ext/zipfs.jar:/usr/local/jdk1.8.0_152/jre/lib/javaws.jar:/usr/local/jdk1.8.0_152/jre/lib/jce.jar:/usr/local/jdk1.8.0_152/jre/lib/jfr.jar:/usr/local/jdk1.8.0_152/jre/lib/jfxswt.jar:/usr/local/jdk1.8.0_152/jre/lib/jsse.jar:/usr/local/jdk1.8.0_152/jre/lib/management-agent.jar:/usr/local/jdk1.8.0_152/jre/lib/plugin.jar:/usr/local/jdk1.8.0_152/jre/lib/resources.jar:/usr/local/jdk1.8.0_152/jre/lib/rt.jar:/home/diamond/Documents/Controller/out/production/Controller:/home/diamond/Documents/Controller/lib/commons-beanutils-1.8.0.jar:/home/diamond/Documents/Controller/lib/commons-logging-1.1.1.jar:/home/diamond/Documents/Controller/lib/commons-collections-3.2.1.jar:/home/diamond/Documents/Controller/lib/ezmorph-1.0.6.jar:/home/diamond/Documents/Controller/lib/jna-4.4.0.jar:/home/diamond/Documents/Controller/lib/json-lib-2.4-jdk15.jar:/home/diamond/Documents/Controller/lib/mysql-connector-java-5.1.44-bin.jar:/home/diamond/soft/idea-IU-173.3942.27/lib/idea_rt.jar
Launcher Type: SUN_STANDARD

Environment Variables:
JAVA_HOME=/usr/local/jdk1.8.0_152/
JRE_HOME=/usr/local/jdk1.8.0_152//jre
CLASSPATH=/home/diamond/soft/idea-IU-173.3942.27/lib/bootstrap.jar:/home/diamond/soft/idea-IU-173.3942.27/lib/extensions.jar:/home/diamond/soft/idea-IU-173.3942.27/lib/util.jar:/home/diamond/soft/idea-IU-173.3942.27/lib/jdom.jar:/home/diamond/soft/idea-IU-173.3942.27/lib/log4j.jar:/home/diamond/soft/idea-IU-173.3942.27/lib/trove4j.jar:/home/diamond/soft/idea-IU-173.3942.27/lib/jna.jar:/home/diamond/soft/idea-IU-173.3942.27/jre64/lib/tools.jar
PATH=/home/diamond/bin:/home/diamond/.local/bin:/usr/local/cuda-8.0/bin:/usr/local/sbin:/usr/local/bin:/usr/sbin:/usr/bin:/sbin:/bin:/usr/games:/usr/local/games:/snap/bin:/usr/local/jdk1.8.0_152//bin:/usr/local/jdk1.8.0_152//jre/bin
LD_LIBRARY_PATH=/usr/local/cuda-8.0/lib64
SHELL=/bin/bash
DISPLAY=:0

Signal Handlers:
SIGSEGV: [libjvm.so+0xacfec0], sa_mask[0]=11111111011111111101111111111110, sa_flags=SA_RESTART|SA_SIGINFO
SIGBUS: [libjvm.so+0xacfec0], sa_mask[0]=11111111011111111101111111111110, sa_flags=SA_RESTART|SA_SIGINFO
SIGFPE: [libjvm.so+0x927e60], sa_mask[0]=11111111011111111101111111111110, sa_flags=SA_RESTART|SA_SIGINFO
SIGPIPE: [libjvm.so+0x927e60], sa_mask[0]=11111111011111111101111111111110, sa_flags=SA_RESTART|SA_SIGINFO
SIGXFSZ: [libjvm.so+0x927e60], sa_mask[0]=11111111011111111101111111111110, sa_flags=SA_RESTART|SA_SIGINFO
SIGILL: [libjvm.so+0x927e60], sa_mask[0]=11111111011111111101111111111110, sa_flags=SA_RESTART|SA_SIGINFO
SIGUSR1: SIG_DFL, sa_mask[0]=00000000000000000000000000000000, sa_flags=none
SIGUSR2: [libjvm.so+0x9296a0], sa_mask[0]=00100000000000000000000000000000, sa_flags=SA_RESTART|SA_SIGINFO
SIGHUP: [libjvm.so+0x92aaa0], sa_mask[0]=11111111011111111101111111111110, sa_flags=SA_RESTART|SA_SIGINFO
SIGINT: [libarcsoft_fsdk_face_detection.so+0x3700], sa_mask[0]=00000000000000000000000000000000, sa_flags=SA_ONSTACK|SA_RESETHAND|SA_SIGINFO|SA_NOCLDWAIT
SIGTERM: [libjvm.so+0x92aaa0], sa_mask[0]=11111111011111111101111111111110, sa_flags=SA_RESTART|SA_SIGINFO
SIGQUIT: [libjvm.so+0x92aaa0], sa_mask[0]=11111111011111111101111111111110, sa_flags=SA_RESTART|SA_SIGINFO


---------------  S Y S T E M  ---------------

OS:DISTRIB_ID=Ubuntu
DISTRIB_RELEASE=16.04
DISTRIB_CODENAME=xenial
DISTRIB_DESCRIPTION="Ubuntu 16.04.3 LTS"

uname:Linux 4.10.0-42-generic #46~16.04.1-Ubuntu SMP Mon Dec 4 15:57:59 UTC 2017 x86_64
libc:glibc 2.23 NPTL 2.23 
rlimit: STACK 8192k, CORE 0k, NPROC 30234, NOFILE 1048576, AS infinity
load average:0.43 0.28 0.26

/proc/meminfo:
MemTotal:        7986184 kB
MemFree:         4118892 kB
MemAvailable:    5182936 kB
Buffers:           91860 kB
Cached:          1172388 kB
SwapCached:            0 kB
Active:          2839404 kB
Inactive:         756792 kB
Active(anon):    2333032 kB
Inactive(anon):    18384 kB
Active(file):     506372 kB
Inactive(file):   738408 kB
Unevictable:           0 kB
Mlocked:               0 kB
SwapTotal:       4097020 kB
SwapFree:        4097020 kB
Dirty:                80 kB
Writeback:             0 kB
AnonPages:       2311640 kB
Mapped:           342860 kB
Shmem:             19472 kB
Slab:             124896 kB
SReclaimable:      83156 kB
SUnreclaim:        41740 kB
KernelStack:       12528 kB
PageTables:        34380 kB
NFS_Unstable:          0 kB
Bounce:                0 kB
WritebackTmp:          0 kB
CommitLimit:     8090112 kB
Committed_AS:    6902420 kB
VmallocTotal:   34359738367 kB
VmallocUsed:           0 kB
VmallocChunk:          0 kB
HardwareCorrupted:     0 kB
AnonHugePages:   1114112 kB
ShmemHugePages:        0 kB
ShmemPmdMapped:        0 kB
CmaTotal:              0 kB
CmaFree:               0 kB
HugePages_Total:       0
HugePages_Free:        0
HugePages_Rsvd:        0
HugePages_Surp:        0
Hugepagesize:       2048 kB
DirectMap4k:      180100 kB
DirectMap2M:     8022016 kB


CPU:total 4 (initial active 4) (2 cores per cpu, 2 threads per core) family 6 model 58 stepping 9, cmov, cx8, fxsr, mmx, sse, sse2, sse3, ssse3, sse4.1, sse4.2, popcnt, avx, aes, clmul, erms, ht, tsc, tscinvbit, tscinv

/proc/cpuinfo:
processor	: 0
vendor_id	: GenuineIntel
cpu family	: 6
model		: 58
model name	: Intel(R) Core(TM) i5-3210M CPU @ 2.50GHz
stepping	: 9
microcode	: 0x15
cpu MHz		: 1215.209
cache size	: 3072 KB
physical id	: 0
siblings	: 4
core id		: 0
cpu cores	: 2
apicid		: 0
initial apicid	: 0
fpu		: yes
fpu_exception	: yes
cpuid level	: 13
wp		: yes
flags		: fpu vme de pse tsc msr pae mce cx8 apic sep mtrr pge mca cmov pat pse36 clflush dts acpi mmx fxsr sse sse2 ss ht tm pbe syscall nx rdtscp lm constant_tsc arch_perfmon pebs bts rep_good nopl xtopology nonstop_tsc aperfmperf pni pclmulqdq dtes64 monitor ds_cpl vmx est tm2 ssse3 cx16 xtpr pdcm pcid sse4_1 sse4_2 x2apic popcnt tsc_deadline_timer aes xsave avx f16c rdrand lahf_lm epb tpr_shadow vnmi flexpriority ept vpid fsgsbase smep erms xsaveopt dtherm ida arat pln pts
bugs		:
bogomips	: 4988.38
clflush size	: 64
cache_alignment	: 64
address sizes	: 36 bits physical, 48 bits virtual
power management:

processor	: 1
vendor_id	: GenuineIntel
cpu family	: 6
model		: 58
model name	: Intel(R) Core(TM) i5-3210M CPU @ 2.50GHz
stepping	: 9
microcode	: 0x15
cpu MHz		: 1398.315
cache size	: 3072 KB
physical id	: 0
siblings	: 4
core id		: 0
cpu cores	: 2
apicid		: 1
initial apicid	: 1
fpu		: yes
fpu_exception	: yes
cpuid level	: 13
wp		: yes
flags		: fpu vme de pse tsc msr pae mce cx8 apic sep mtrr pge mca cmov pat pse36 clflush dts acpi mmx fxsr sse sse2 ss ht tm pbe syscall nx rdtscp lm constant_tsc arch_perfmon pebs bts rep_good nopl xtopology nonstop_tsc aperfmperf pni pclmulqdq dtes64 monitor ds_cpl vmx est tm2 ssse3 cx16 xtpr pdcm pcid sse4_1 sse4_2 x2apic popcnt tsc_deadline_timer aes xsave avx f16c rdrand lahf_lm epb tpr_shadow vnmi flexpriority ept vpid fsgsbase smep erms xsaveopt dtherm ida arat pln pts
bugs		:
bogomips	: 4988.38
clflush size	: 64
cache_alignment	: 64
address sizes	: 36 bits physical, 48 bits virtual
power management:

processor	: 2
vendor_id	: GenuineIntel
cpu family	: 6
model		: 58
model name	: Intel(R) Core(TM) i5-3210M CPU @ 2.50GHz
stepping	: 9
microcode	: 0x15
cpu MHz		: 1265.106
cache size	: 3072 KB
physical id	: 0
siblings	: 4
core id		: 1
cpu cores	: 2
apicid		: 2
initial apicid	: 2
fpu		: yes
fpu_exception	: yes
cpuid level	: 13
wp		: yes
flags		: fpu vme de pse tsc msr pae mce cx8 apic sep mtrr pge mca cmov pat pse36 clflush dts acpi mmx fxsr sse sse2 ss ht tm pbe syscall nx rdtscp lm constant_tsc arch_perfmon pebs bts rep_good nopl xtopology nonstop_tsc aperfmperf pni pclmulqdq dtes64 monitor ds_cpl vmx est tm2 ssse3 cx16 xtpr pdcm pcid sse4_1 sse4_2 x2apic popcnt tsc_deadline_timer aes xsave avx f16c rdrand lahf_lm epb tpr_shadow vnmi flexpriority ept vpid fsgsbase smep erms xsaveopt dtherm ida arat pln pts
bugs		:
bogomips	: 4988.38
clflush size	: 64
cache_alignment	: 64
address sizes	: 36 bits physical, 48 bits virtual
power management:

processor	: 3
vendor_id	: GenuineIntel
cpu family	: 6
model		: 58
model name	: Intel(R) Core(TM) i5-3210M CPU @ 2.50GHz
stepping	: 9
microcode	: 0x15
cpu MHz		: 1213.684
cache size	: 3072 KB
physical id	: 0
siblings	: 4
core id		: 1
cpu cores	: 2
apicid		: 3
initial apicid	: 3
fpu		: yes
fpu_exception	: yes
cpuid level	: 13
wp		: yes
flags		: fpu vme de pse tsc msr pae mce cx8 apic sep mtrr pge mca cmov pat pse36 clflush dts acpi mmx fxsr sse sse2 ss ht tm pbe syscall nx rdtscp lm constant_tsc arch_perfmon pebs bts rep_good nopl xtopology nonstop_tsc aperfmperf pni pclmulqdq dtes64 monitor ds_cpl vmx est tm2 ssse3 cx16 xtpr pdcm pcid sse4_1 sse4_2 x2apic popcnt tsc_deadline_timer aes xsave avx f16c rdrand lahf_lm epb tpr_shadow vnmi flexpriority ept vpid fsgsbase smep erms xsaveopt dtherm ida arat pln pts
bugs		:
bogomips	: 4988.38
clflush size	: 64
cache_alignment	: 64
address sizes	: 36 bits physical, 48 bits virtual
power management:



Memory: 4k page, physical 7986184k(4118892k free), swap 4097020k(4097020k free)

vm_info: Java HotSpot(TM) 64-Bit Server VM (25.152-b16) for linux-amd64 JRE (1.8.0_152-b16), built on Sep 14 2017 02:16:14 by "java_re" with gcc 4.3.0 20080428 (Red Hat 4.3.0-8)

time: Thu Jan 18 20:02:40 2018
elapsed time: 112 seconds (0d 0h 1m 52s)

