#
# A fatal error has been detected by the Java Runtime Environment:
#
#  SIGSEGV (0xb) at pc=0x00007f5b0e7fe880, pid=18546, tid=0x00007f5adb3d6700
#
# JRE version: Java(TM) SE Runtime Environment (8.0_152-b16) (build 1.8.0_152-b16)
# Java VM: Java HotSpot(TM) 64-Bit Server VM (25.152-b16 mixed mode linux-amd64 compressed oops)
# Problematic frame:
# C  [libarcsoft_fsdk_face_recognition.so+0x2e880]
#
# Failed to write core dump. Core dumps have been disabled. To enable core dumping, try "ulimit -c unlimited" before starting Java again
#
# If you would like to submit a bug report, please visit:
#   http://bugreport.java.com/bugreport/crash.jsp
#

---------------  T H R E A D  ---------------

Current thread is native thread

siginfo: si_signo: 11 (SIGSEGV), si_code: 2 (SEGV_ACCERR), si_addr: 0x00007f5b202a9a02

Registers:
RAX=0x00007f5b202a9a02, RBX=0x00007f5ab628d320, RCX=0x000000000001ea0e, RDX=0x0000000000017e80
RSP=0x00007f5adb3d5e98, RBP=0x0000000001339eb0, RSI=0x00000000000000ce, RDI=0x00000000000000ce
R8 =0x0000000004e41800, R9 =0x00007f5adbbd8840, R10=0x0000000001a267a6, R11=0x00007f5adbbec100
R12=0x000000000000027b, R13=0x00000000fffffbe3, R14=0x00007f5ab6282660, R15=0x0000000000010b7d
RIP=0x00007f5b0e7fe880, EFLAGS=0x0000000000010202, CSGSFS=0x002b000000000033, ERR=0x0000000000000004
  TRAPNO=0x000000000000000e

Top of Stack: (sp=0x00007f5adb3d5e98)
0x00007f5adb3d5e98:   0000000100000280 0000000000000000
0x00007f5adb3d5ea8:   0000000000000000 0000000000000000
0x00007f5adb3d5eb8:   00007f5b0ffbf6c0 0000000000000000
0x00007f5adb3d5ec8:   01a267a601339eb0 0000000000000000
0x00007f5adb3d5ed8:   00007f5adbce0d20 00007f5adbce0d70
0x00007f5adb3d5ee8:   00007f5adbce0d48 00007f5adbce0da0
0x00007f5adb3d5ef8:   00007f5b0e7f4970 00007f5ab62826a0
0x00007f5adb3d5f08:   00007f5b0e80267f 0000000000000000
0x00007f5adb3d5f18:   0000000000000000 0000000000000000
0x00007f5adb3d5f28:   0000000000000000 0000000000000000
0x00007f5adb3d5f38:   0000000000000000 00007f5b77d9159f
0x00007f5adb3d5f48:   00007f5adb3d69c0 0000000000000001
0x00007f5adb3d5f58:   00007f5b7798b6ba 0000000000000000
0x00007f5adb3d5f68:   00007f5adb3d6700 00007f5adb3d6700
0x00007f5adb3d5f78:   4b5c0e76e03b154d 0000000000000000
0x00007f5adb3d5f88:   00007f5b77d9159f 00007f5adb3d69c0
0x00007f5adb3d5f98:   0000000000000001 b5e9b80c5efb154d
0x00007f5adb3d5fa8:   b5eae1478cc1154d 0000000000000000
0x00007f5adb3d5fb8:   0000000000000000 0000000000000000
0x00007f5adb3d5fc8:   0000000000000000 0000000000000000
0x00007f5adb3d5fd8:   0000000000000000 0000000000000000
0x00007f5adb3d5fe8:   0000000000000000 00007f5adb3d6700
0x00007f5adb3d5ff8:   00007f5b772a73dd 0000000000000000
0x00007f5adb3d6008:   0000000000000000 0000000000000000
0x00007f5adb3d6018:   0000000000000000 0000000000000000
0x00007f5adb3d6028:   0000000000000000 0000000000000000
0x00007f5adb3d6038:   0000000000000000 0000000000000000
0x00007f5adb3d6048:   0000000000000000 0000000000000000
0x00007f5adb3d6058:   0000000000000000 0000000000000000
0x00007f5adb3d6068:   0000000000000000 0000000000000000
0x00007f5adb3d6078:   0000000000000000 0000000000000000
0x00007f5adb3d6088:   0000000000000000 0000000000000000 

Instructions: (pc=0x00007f5b0e7fe880)
0x00007f5b0e7fe860:   d8 c1 fa 11 0f af 54 24 b8 48 63 d2 48 01 d0 48
0x00007f5b0e7fe870:   03 44 24 d0 81 3b 01 08 00 00 0f 84 e0 00 00 00
0x00007f5b0e7fe880:   0f b6 10 0f b6 48 01 89 f8 d1 e9 d1 ea c1 f8 04
0x00007f5b0e7fe890:   48 83 7c 24 20 00 0f 84 94 00 00 00 c1 e0 07 48 

Register to memory mapping:

RAX=0x00007f5b202a9a02 is an unknown value
RBX=0x00007f5ab628d320 is pointing into the stack for thread: 0x00007f5aa0004800
RCX=0x000000000001ea0e is an unknown value
RDX=0x0000000000017e80 is an unknown value
RSP=0x00007f5adb3d5e98 is an unknown value
RBP=0x0000000001339eb0 is an unknown value
RSI=0x00000000000000ce is an unknown value
RDI=0x00000000000000ce is an unknown value
R8 =0x0000000004e41800 is an unknown value
R9 =0x00007f5adbbd8840 is an unknown value
R10=0x0000000001a267a6 is an unknown value
R11=0x00007f5adbbec100 is an unknown value
R12=0x000000000000027b is an unknown value
R13=0x00000000fffffbe3 is an unallocated location in the heap
R14=0x00007f5ab6282660 is pointing into the stack for thread: 0x00007f5aa0004800
R15=0x0000000000010b7d is an unknown value


Stack: [0x00007f5adabd6000,0x00007f5adb3d7000],  sp=0x00007f5adb3d5e98,  free space=8191k
Native frames: (J=compiled Java code, j=interpreted, Vv=VM code, C=native code)
C  [libarcsoft_fsdk_face_recognition.so+0x2e880]

[error occurred during error reporting (printing native stack), id 0xb]


---------------  P R O C E S S  ---------------

VM state:not at safepoint (normal execution)

VM Mutex/Monitor currently owned by a thread: None

Heap:
 PSYoungGen      total 67584K, used 51232K [0x00000000d7600000, 0x00000000dfc00000, 0x0000000100000000)
  eden space 62464K, 73% used [0x00000000d7600000,0x00000000da3086e8,0x00000000db300000)
  from space 5120K, 99% used [0x00000000db300000,0x00000000db7ffbc0,0x00000000db800000)
  to   space 6144K, 0% used [0x00000000df600000,0x00000000df600000,0x00000000dfc00000)
 ParOldGen       total 83456K, used 1120K [0x0000000086200000, 0x000000008b380000, 0x00000000d7600000)
  object space 83456K, 1% used [0x0000000086200000,0x0000000086318330,0x000000008b380000)
 Metaspace       used 9633K, capacity 9812K, committed 10112K, reserved 1058816K
  class space    used 1025K, capacity 1092K, committed 1152K, reserved 1048576K

Card table byte_map: [0x00007f5b74462000,0x00007f5b74832000] byte_map_base: 0x00007f5b74031000

Marking Bits: (ParMarkBitMap*) 0x00007f5b771731a0
 Begin Bits: [0x00007f5b4c310000, 0x00007f5b4e188000)
 End Bits:   [0x00007f5b4e188000, 0x00007f5b50000000)

Polling page: 0x00007f5b77dc3000

CodeCache: size=245760Kb used=3654Kb max_used=3665Kb free=242105Kb
 bounds [0x00007f5b61000000, 0x00007f5b613a0000, 0x00007f5b70000000]
 total_blobs=1281 nmethods=884 adapters=311
 compilation: enabled

Compilation events (10 events):
Event: 509.408 Thread 0x00007f5b70265000  880       3       java.io.OutputStream::flush (1 bytes)
Event: 509.409 Thread 0x00007f5b70265000 nmethod 880 0x00007f5b61391dd0 code [0x00007f5b61391f20, 0x00007f5b61392070]
Event: 514.410 Thread 0x00007f5b70265000  881       3       java.io.BufferedOutputStream::flushBuffer (29 bytes)
Event: 514.410 Thread 0x00007f5b70265000 nmethod 881 0x00007f5b613920d0 code [0x00007f5b61392240, 0x00007f5b613924a8]
Event: 514.411 Thread 0x00007f5b70265000  882       3       java.util.concurrent.locks.AbstractOwnableSynchronizer::setExclusiveOwnerThread (6 bytes)
Event: 514.411 Thread 0x00007f5b70265000 nmethod 882 0x00007f5b61392550 code [0x00007f5b613926a0, 0x00007f5b61392810]
Event: 519.416 Thread 0x00007f5b70265000  883  s    3       java.io.BufferedOutputStream::flush (12 bytes)
Event: 519.417 Thread 0x00007f5b70265000 nmethod 883 0x00007f5b61392890 code [0x00007f5b61392a20, 0x00007f5b61392f18]
Event: 538.798 Thread 0x00007f5b70260800  884       4       java.lang.reflect.Modifier::isPublic (12 bytes)
Event: 538.799 Thread 0x00007f5b70260800 nmethod 884 0x00007f5b613498d0 code [0x00007f5b61349a00, 0x00007f5b61349a38]

GC Heap History (10 events):
Event: 0.995 GC heap before
{Heap before GC invocations=1 (full 0):
 PSYoungGen      total 36352K, used 31158K [0x00000000d7600000, 0x00000000d9e80000, 0x0000000100000000)
  eden space 31232K, 99% used [0x00000000d7600000,0x00000000d946d9f8,0x00000000d9480000)
  from space 5120K, 0% used [0x00000000d9980000,0x00000000d9980000,0x00000000d9e80000)
  to   space 5120K, 0% used [0x00000000d9480000,0x00000000d9480000,0x00000000d9980000)
 ParOldGen       total 83456K, used 0K [0x0000000086200000, 0x000000008b380000, 0x00000000d7600000)
  object space 83456K, 0% used [0x0000000086200000,0x0000000086200000,0x000000008b380000)
 Metaspace       used 8947K, capacity 9102K, committed 9344K, reserved 1056768K
  class space    used 968K, capacity 1027K, committed 1152K, reserved 1048576K
Event: 1.001 GC heap after
Heap after GC invocations=1 (full 0):
 PSYoungGen      total 36352K, used 5095K [0x00000000d7600000, 0x00000000d9e80000, 0x0000000100000000)
  eden space 31232K, 0% used [0x00000000d7600000,0x00000000d7600000,0x00000000d9480000)
  from space 5120K, 99% used [0x00000000d9480000,0x00000000d9979df8,0x00000000d9980000)
  to   space 5120K, 0% used [0x00000000d9980000,0x00000000d9980000,0x00000000d9e80000)
 ParOldGen       total 83456K, used 1040K [0x0000000086200000, 0x000000008b380000, 0x00000000d7600000)
  object space 83456K, 1% used [0x0000000086200000,0x0000000086304330,0x000000008b380000)
 Metaspace       used 8947K, capacity 9102K, committed 9344K, reserved 1056768K
  class space    used 968K, capacity 1027K, committed 1152K, reserved 1048576K
}
Event: 1.537 GC heap before
{Heap before GC invocations=2 (full 0):
 PSYoungGen      total 36352K, used 36327K [0x00000000d7600000, 0x00000000d9e80000, 0x0000000100000000)
  eden space 31232K, 100% used [0x00000000d7600000,0x00000000d9480000,0x00000000d9480000)
  from space 5120K, 99% used [0x00000000d9480000,0x00000000d9979df8,0x00000000d9980000)
  to   space 5120K, 0% used [0x00000000d9980000,0x00000000d9980000,0x00000000d9e80000)
 ParOldGen       total 83456K, used 1040K [0x0000000086200000, 0x000000008b380000, 0x00000000d7600000)
  object space 83456K, 1% used [0x0000000086200000,0x0000000086304330,0x000000008b380000)
 Metaspace       used 9043K, capacity 9230K, committed 9600K, reserved 1058816K
  class space    used 980K, capacity 1027K, committed 1152K, reserved 1048576K
Event: 1.564 GC heap after
Heap after GC invocations=2 (full 0):
 PSYoungGen      total 36352K, used 3402K [0x00000000d7600000, 0x00000000dbd00000, 0x0000000100000000)
  eden space 31232K, 0% used [0x00000000d7600000,0x00000000d7600000,0x00000000d9480000)
  from space 5120K, 66% used [0x00000000d9980000,0x00000000d9cd2a00,0x00000000d9e80000)
  to   space 5120K, 0% used [0x00000000d9480000,0x00000000d9480000,0x00000000d9980000)
 ParOldGen       total 83456K, used 1048K [0x0000000086200000, 0x000000008b380000, 0x00000000d7600000)
  object space 83456K, 1% used [0x0000000086200000,0x0000000086306330,0x000000008b380000)
 Metaspace       used 9043K, capacity 9230K, committed 9600K, reserved 1058816K
  class space    used 980K, capacity 1027K, committed 1152K, reserved 1048576K
}
Event: 1.655 GC heap before
{Heap before GC invocations=3 (full 0):
 PSYoungGen      total 36352K, used 34619K [0x00000000d7600000, 0x00000000dbd00000, 0x0000000100000000)
  eden space 31232K, 99% used [0x00000000d7600000,0x00000000d947c2b8,0x00000000d9480000)
  from space 5120K, 66% used [0x00000000d9980000,0x00000000d9cd2a00,0x00000000d9e80000)
  to   space 5120K, 0% used [0x00000000d9480000,0x00000000d9480000,0x00000000d9980000)
 ParOldGen       total 83456K, used 1048K [0x0000000086200000, 0x000000008b380000, 0x00000000d7600000)
  object space 83456K, 1% used [0x0000000086200000,0x0000000086306330,0x000000008b380000)
 Metaspace       used 9092K, capacity 9230K, committed 9600K, reserved 1058816K
  class space    used 980K, capacity 1027K, committed 1152K, reserved 1048576K
Event: 1.659 GC heap after
Heap after GC invocations=3 (full 0):
 PSYoungGen      total 36352K, used 4914K [0x00000000d7600000, 0x00000000dbd00000, 0x0000000100000000)
  eden space 31232K, 0% used [0x00000000d7600000,0x00000000d7600000,0x00000000d9480000)
  from space 5120K, 95% used [0x00000000d9480000,0x00000000d994cba0,0x00000000d9980000)
  to   space 5120K, 0% used [0x00000000db800000,0x00000000db800000,0x00000000dbd00000)
 ParOldGen       total 83456K, used 1056K [0x0000000086200000, 0x000000008b380000, 0x00000000d7600000)
  object space 83456K, 1% used [0x0000000086200000,0x0000000086308330,0x000000008b380000)
 Metaspace       used 9092K, capacity 9230K, committed 9600K, reserved 1058816K
  class space    used 980K, capacity 1027K, committed 1152K, reserved 1048576K
}
Event: 1.751 GC heap before
{Heap before GC invocations=4 (full 0):
 PSYoungGen      total 36352K, used 36144K [0x00000000d7600000, 0x00000000dbd00000, 0x0000000100000000)
  eden space 31232K, 99% used [0x00000000d7600000,0x00000000d947f540,0x00000000d9480000)
  from space 5120K, 95% used [0x00000000d9480000,0x00000000d994cba0,0x00000000d9980000)
  to   space 5120K, 0% used [0x00000000db800000,0x00000000db800000,0x00000000dbd00000)
 ParOldGen       total 83456K, used 1056K [0x0000000086200000, 0x000000008b380000, 0x00000000d7600000)
  object space 83456K, 1% used [0x0000000086200000,0x0000000086308330,0x000000008b380000)
 Metaspace       used 9167K, capacity 9294K, committed 9600K, reserved 1058816K
  class space    used 980K, capacity 1027K, committed 1152K, reserved 1048576K
Event: 1.755 GC heap after
Heap after GC invocations=4 (full 0):
 PSYoungGen      total 67584K, used 4316K [0x00000000d7600000, 0x00000000dbd00000, 0x0000000100000000)
  eden space 62464K, 0% used [0x00000000d7600000,0x00000000d7600000,0x00000000db300000)
  from space 5120K, 84% used [0x00000000db800000,0x00000000dbc37358,0x00000000dbd00000)
  to   space 5120K, 0% used [0x00000000db300000,0x00000000db300000,0x00000000db800000)
 ParOldGen       total 83456K, used 1064K [0x0000000086200000, 0x000000008b380000, 0x00000000d7600000)
  object space 83456K, 1% used [0x0000000086200000,0x000000008630a330,0x000000008b380000)
 Metaspace       used 9167K, capacity 9294K, committed 9600K, reserved 1058816K
  class space    used 980K, capacity 1027K, committed 1152K, reserved 1048576K
}
Event: 1.902 GC heap before
{Heap before GC invocations=5 (full 0):
 PSYoungGen      total 67584K, used 66780K [0x00000000d7600000, 0x00000000dbd00000, 0x0000000100000000)
  eden space 62464K, 100% used [0x00000000d7600000,0x00000000db300000,0x00000000db300000)
  from space 5120K, 84% used [0x00000000db800000,0x00000000dbc37358,0x00000000dbd00000)
  to   space 5120K, 0% used [0x00000000db300000,0x00000000db300000,0x00000000db800000)
 ParOldGen       total 83456K, used 1064K [0x0000000086200000, 0x000000008b380000, 0x00000000d7600000)
  object space 83456K, 1% used [0x0000000086200000,0x000000008630a330,0x000000008b380000)
 Metaspace       used 9234K, capacity 9364K, committed 9600K, reserved 1058816K
  class space    used 981K, capacity 1028K, committed 1152K, reserved 1048576K
Event: 1.906 GC heap after
Heap after GC invocations=5 (full 0):
 PSYoungGen      total 67584K, used 5118K [0x00000000d7600000, 0x00000000dfc00000, 0x0000000100000000)
  eden space 62464K, 0% used [0x00000000d7600000,0x00000000d7600000,0x00000000db300000)
  from space 5120K, 99% used [0x00000000db300000,0x00000000db7ffbc0,0x00000000db800000)
  to   space 6144K, 0% used [0x00000000df600000,0x00000000df600000,0x00000000dfc00000)
 ParOldGen       total 83456K, used 1120K [0x0000000086200000, 0x000000008b380000, 0x00000000d7600000)
  object space 83456K, 1% used [0x0000000086200000,0x0000000086318330,0x000000008b380000)
 Metaspace       used 9234K, capacity 9364K, committed 9600K, reserved 1058816K
  class space    used 981K, capacity 1028K, committed 1152K, reserved 1048576K
}

Deoptimization events (2 events):
Event: 0.876 Thread 0x00007f5b7000c000 Uncommon trap: reason=unstable_if action=reinterpret pc=0x00007f5b6120e0e4 method=java.lang.String.replace(CC)Ljava/lang/String; @ 26
Event: 5.188 Thread 0x00007f5b702b2000 Uncommon trap: reason=unstable_if action=reinterpret pc=0x00007f5b6129544c method=java.util.zip.ZipCoder.getBytes(Ljava/lang/String;)[B @ 32

Classes redefined (0 events):
No events

Internal exceptions (8 events):
Event: 0.044 Thread 0x00007f5b7000c000 Exception <a 'java/lang/NoSuchMethodError': Method sun.misc.Unsafe.defineClass(Ljava/lang/String;[BII)Ljava/lang/Class; name or signature does not match> (0x00000000d7607ca8) thrown at [/HUDSON/workspace/8-2-build-linux-amd64/jdk8u152/9742/hotspot/src/sha
Event: 0.044 Thread 0x00007f5b7000c000 Exception <a 'java/lang/NoSuchMethodError': Method sun.misc.Unsafe.prefetchRead(Ljava/lang/Object;J)V name or signature does not match> (0x00000000d7607f90) thrown at [/HUDSON/workspace/8-2-build-linux-amd64/jdk8u152/9742/hotspot/src/share/vm/prims/jni.cp
Event: 0.186 Thread 0x00007f5b702b2000 Exception <a 'java/security/PrivilegedActionException'> (0x00000000d79bd5f8) thrown at [/HUDSON/workspace/8-2-build-linux-amd64/jdk8u152/9742/hotspot/src/share/vm/prims/jvm.cpp, line 1390]
Event: 0.186 Thread 0x00007f5b702b2000 Exception <a 'java/security/PrivilegedActionException'> (0x00000000d79bd808) thrown at [/HUDSON/workspace/8-2-build-linux-amd64/jdk8u152/9742/hotspot/src/share/vm/prims/jvm.cpp, line 1390]
Event: 0.187 Thread 0x00007f5b702b2000 Exception <a 'java/security/PrivilegedActionException'> (0x00000000d79bfb30) thrown at [/HUDSON/workspace/8-2-build-linux-amd64/jdk8u152/9742/hotspot/src/share/vm/prims/jvm.cpp, line 1390]
Event: 0.187 Thread 0x00007f5b702b2000 Exception <a 'java/security/PrivilegedActionException'> (0x00000000d79bfd40) thrown at [/HUDSON/workspace/8-2-build-linux-amd64/jdk8u152/9742/hotspot/src/share/vm/prims/jvm.cpp, line 1390]
Event: 0.835 Thread 0x00007f5b7000c000 Exception <a 'java/lang/NoSuchFieldError': method resolution failed> (0x00000000d8aee358) thrown at [/HUDSON/workspace/8-2-build-linux-amd64/jdk8u152/9742/hotspot/src/share/vm/prims/methodHandles.cpp, line 1167]
Event: 0.847 Thread 0x00007f5b7000c000 Exception <a 'java/lang/NoSuchFieldError': method resolution failed> (0x00000000d8afc2e8) thrown at [/HUDSON/workspace/8-2-build-linux-amd64/jdk8u152/9742/hotspot/src/share/vm/prims/methodHandles.cpp, line 1167]

Events (10 events):
Event: 529.443 Thread 0x00007f5aa8023000 Thread added: 0x00007f5aa8023000
Event: 529.443 Executing VM operation: RevokeBias
Event: 529.443 Executing VM operation: RevokeBias done
Event: 534.460 Thread 0x00007f5aa8025000 Thread added: 0x00007f5aa8025000
Event: 534.461 Executing VM operation: BulkRevokeBias
Event: 534.461 Executing VM operation: BulkRevokeBias done
Event: 535.346 Thread 0x00007f5aa8027000 Thread added: 0x00007f5aa8027000
Event: 535.347 Executing VM operation: RevokeBias
Event: 535.347 Executing VM operation: RevokeBias done
Event: 538.755 Thread 0x00007f5aa0004800 Thread added: 0x00007f5aa0004800


Dynamic libraries:
00400000-00401000 r-xp 00000000 08:17 3810873                            /usr/local/jdk1.8.0_152/bin/java
00600000-00601000 rw-p 00000000 08:17 3810873                            /usr/local/jdk1.8.0_152/bin/java
018dc000-018fd000 rw-p 00000000 00:00 0                                  [heap]
86200000-8b380000 rw-p 00000000 00:00 0 
8b380000-d7600000 ---p 00000000 00:00 0 
d7600000-dfc00000 rw-p 00000000 00:00 0 
dfc00000-100000000 ---p 00000000 00:00 0 
100000000-100120000 rw-p 00000000 00:00 0 
100120000-140000000 ---p 00000000 00:00 0 
7f5a80000000-7f5a80021000 rw-p 00000000 00:00 0 
7f5a80021000-7f5a84000000 ---p 00000000 00:00 0 
7f5a84000000-7f5a84021000 rw-p 00000000 00:00 0 
7f5a84021000-7f5a88000000 ---p 00000000 00:00 0 
7f5a88000000-7f5a88132000 rw-p 00000000 00:00 0 
7f5a88132000-7f5a8c000000 ---p 00000000 00:00 0 
7f5a8c000000-7f5a8c021000 rw-p 00000000 00:00 0 
7f5a8c021000-7f5a90000000 ---p 00000000 00:00 0 
7f5a90000000-7f5a90074000 rw-p 00000000 00:00 0 
7f5a90074000-7f5a94000000 ---p 00000000 00:00 0 
7f5a94000000-7f5a94132000 rw-p 00000000 00:00 0 
7f5a94132000-7f5a98000000 ---p 00000000 00:00 0 
7f5a98000000-7f5a98021000 rw-p 00000000 00:00 0 
7f5a98021000-7f5a9c000000 ---p 00000000 00:00 0 
7f5a9c000000-7f5a9c078000 rw-p 00000000 00:00 0 
7f5a9c078000-7f5aa0000000 ---p 00000000 00:00 0 
7f5aa0000000-7f5aa0045000 rw-p 00000000 00:00 0 
7f5aa0045000-7f5aa4000000 ---p 00000000 00:00 0 
7f5aa4000000-7f5aa4021000 rw-p 00000000 00:00 0 
7f5aa4021000-7f5aa8000000 ---p 00000000 00:00 0 
7f5aa8000000-7f5aa8029000 rw-p 00000000 00:00 0 
7f5aa8029000-7f5aac000000 ---p 00000000 00:00 0 
7f5ab0000000-7f5ab0021000 rw-p 00000000 00:00 0 
7f5ab0021000-7f5ab4000000 ---p 00000000 00:00 0 
7f5ab618f000-7f5ab6192000 ---p 00000000 00:00 0 
7f5ab6192000-7f5ab6290000 rw-p 00000000 00:00 0 
7f5ab6290000-7f5ab6293000 ---p 00000000 00:00 0 
7f5ab6293000-7f5ab6391000 rw-p 00000000 00:00 0 
7f5ab6391000-7f5ab6394000 ---p 00000000 00:00 0 
7f5ab6394000-7f5ab6492000 rw-p 00000000 00:00 0 
7f5ab6492000-7f5ab6495000 ---p 00000000 00:00 0 
7f5ab6495000-7f5ab6593000 rw-p 00000000 00:00 0 
7f5ab6593000-7f5ab6596000 ---p 00000000 00:00 0 
7f5ab6596000-7f5ab6694000 rw-p 00000000 00:00 0 
7f5ab6694000-7f5ab6697000 ---p 00000000 00:00 0 
7f5ab6697000-7f5ab6795000 rw-p 00000000 00:00 0 
7f5ab6795000-7f5ab6798000 ---p 00000000 00:00 0 
7f5ab6798000-7f5ab6896000 rw-p 00000000 00:00 0 
7f5ab6896000-7f5ab6899000 ---p 00000000 00:00 0 
7f5ab6899000-7f5ab6997000 rw-p 00000000 00:00 0 
7f5ab6997000-7f5ab699a000 ---p 00000000 00:00 0 
7f5ab699a000-7f5ab6a98000 rw-p 00000000 00:00 0 
7f5ab6a98000-7f5ab6a9b000 ---p 00000000 00:00 0 
7f5ab6a9b000-7f5ab6b99000 rw-p 00000000 00:00 0 
7f5ab6b99000-7f5ab6b9c000 ---p 00000000 00:00 0 
7f5ab6b9c000-7f5ab6c9a000 rw-p 00000000 00:00 0 
7f5ab6c9a000-7f5ab6c9d000 ---p 00000000 00:00 0 
7f5ab6c9d000-7f5ab6d9b000 rw-p 00000000 00:00 0 
7f5ab6d9b000-7f5ab6d9e000 ---p 00000000 00:00 0 
7f5ab6d9e000-7f5ab6e9c000 rw-p 00000000 00:00 0 
7f5ab6e9c000-7f5ab6e9f000 ---p 00000000 00:00 0 
7f5ab6e9f000-7f5ab6f9d000 rw-p 00000000 00:00 0 
7f5ab6f9d000-7f5ab6fa0000 ---p 00000000 00:00 0 
7f5ab6fa0000-7f5ab709e000 rw-p 00000000 00:00 0 
7f5ab709e000-7f5ab70a1000 ---p 00000000 00:00 0 
7f5ab70a1000-7f5ab719f000 rw-p 00000000 00:00 0 
7f5ab719f000-7f5ab71a2000 ---p 00000000 00:00 0 
7f5ab71a2000-7f5ab72a0000 rw-p 00000000 00:00 0 
7f5ab72a0000-7f5ab72a3000 ---p 00000000 00:00 0 
7f5ab72a3000-7f5ab87a2000 rw-p 00000000 00:00 0 
7f5ab87a2000-7f5ab87a3000 ---p 00000000 00:00 0 
7f5ab87a3000-7f5ab8fa3000 rw-p 00000000 00:00 0 
7f5ab8fa3000-7f5ab8fa4000 ---p 00000000 00:00 0 
7f5ab8fa4000-7f5ab97a4000 rw-p 00000000 00:00 0 
7f5ab97a4000-7f5ab97a5000 ---p 00000000 00:00 0 
7f5ab97a5000-7f5ab9fa5000 rw-p 00000000 00:00 0 
7f5ab9fa5000-7f5ab9fa6000 ---p 00000000 00:00 0 
7f5ab9fa6000-7f5aba7a6000 rw-p 00000000 00:00 0 
7f5aba7a6000-7f5aba7a7000 ---p 00000000 00:00 0 
7f5aba7a7000-7f5abafa7000 rw-p 00000000 00:00 0 
7f5abafa7000-7f5abafa8000 ---p 00000000 00:00 0 
7f5abafa8000-7f5abb7a8000 rw-p 00000000 00:00 0 
7f5abb7a8000-7f5abb7a9000 ---p 00000000 00:00 0 
7f5abb7a9000-7f5abbfa9000 rw-p 00000000 00:00 0 
7f5abbfa9000-7f5abbfaa000 ---p 00000000 00:00 0 
7f5abbfaa000-7f5abc7aa000 rw-p 00000000 00:00 0 
7f5abc7aa000-7f5abc7ab000 ---p 00000000 00:00 0 
7f5abc7ab000-7f5abcfab000 rw-p 00000000 00:00 0 
7f5abcfab000-7f5abcfac000 ---p 00000000 00:00 0 
7f5abcfac000-7f5abd7ac000 rw-p 00000000 00:00 0 
7f5abd7ac000-7f5abd7ad000 ---p 00000000 00:00 0 
7f5abd7ad000-7f5abdfad000 rw-p 00000000 00:00 0 
7f5abdfad000-7f5abdfae000 ---p 00000000 00:00 0 
7f5abdfae000-7f5ac23b0000 rw-p 00000000 00:00 0 
7f5ac23b0000-7f5ac23b1000 ---p 00000000 00:00 0 
7f5ac23b1000-7f5ac2bb1000 rw-p 00000000 00:00 0 
7f5ac2bb1000-7f5ac2bb2000 ---p 00000000 00:00 0 
7f5ac2bb2000-7f5ac33b2000 rw-p 00000000 00:00 0 
7f5ac33b2000-7f5ac33b3000 ---p 00000000 00:00 0 
7f5ac33b3000-7f5ac3bb3000 rw-p 00000000 00:00 0 
7f5ac3bb3000-7f5ac3bb4000 ---p 00000000 00:00 0 
7f5ac3bb4000-7f5ac43b4000 rw-p 00000000 00:00 0 
7f5ac43b4000-7f5ac43b5000 ---p 00000000 00:00 0 
7f5ac43b5000-7f5ac4bb5000 rw-p 00000000 00:00 0 
7f5ac4bb5000-7f5ac4bb6000 ---p 00000000 00:00 0 
7f5ac4bb6000-7f5ac53b6000 rw-p 00000000 00:00 0 
7f5ac53b6000-7f5ac53b7000 ---p 00000000 00:00 0 
7f5ac53b7000-7f5ac5bb7000 rw-p 00000000 00:00 0 
7f5ac5bb7000-7f5ac5bb8000 ---p 00000000 00:00 0 
7f5ac5bb8000-7f5ac63b8000 rw-p 00000000 00:00 0 
7f5ac63b8000-7f5ac63b9000 ---p 00000000 00:00 0 
7f5ac63b9000-7f5ac6bb9000 rw-p 00000000 00:00 0 
7f5ac6bb9000-7f5ac6bba000 ---p 00000000 00:00 0 
7f5ac6bba000-7f5ac73ba000 rw-p 00000000 00:00 0 
7f5ac73ba000-7f5ac73bb000 ---p 00000000 00:00 0 
7f5ac73bb000-7f5ac7bbb000 rw-p 00000000 00:00 0 
7f5ac7bbb000-7f5ac7bbc000 ---p 00000000 00:00 0 
7f5ac7bbc000-7f5acbfbe000 rw-p 00000000 00:00 0 
7f5acbfbe000-7f5acbfbf000 ---p 00000000 00:00 0 
7f5acbfbf000-7f5acc7bf000 rw-p 00000000 00:00 0 
7f5acc7bf000-7f5acc7c0000 ---p 00000000 00:00 0 
7f5acc7c0000-7f5accfc0000 rw-p 00000000 00:00 0 
7f5accfc0000-7f5accfc1000 ---p 00000000 00:00 0 
7f5accfc1000-7f5acd7c1000 rw-p 00000000 00:00 0 
7f5acd7c1000-7f5acd7c2000 ---p 00000000 00:00 0 
7f5acd7c2000-7f5acdfc2000 rw-p 00000000 00:00 0 
7f5acdfc2000-7f5acdfc3000 ---p 00000000 00:00 0 
7f5acdfc3000-7f5ace7c3000 rw-p 00000000 00:00 0 
7f5ace7c3000-7f5ace7c4000 ---p 00000000 00:00 0 
7f5ace7c4000-7f5acefc4000 rw-p 00000000 00:00 0 
7f5acefc4000-7f5acefc5000 ---p 00000000 00:00 0 
7f5acefc5000-7f5acf7c5000 rw-p 00000000 00:00 0 
7f5acf7c5000-7f5acf7c6000 ---p 00000000 00:00 0 
7f5acf7c6000-7f5acffc6000 rw-p 00000000 00:00 0 
7f5acffc6000-7f5acffc7000 ---p 00000000 00:00 0 
7f5acffc7000-7f5ad07c7000 rw-p 00000000 00:00 0 
7f5ad07c7000-7f5ad07c8000 ---p 00000000 00:00 0 
7f5ad07c8000-7f5ad0fc8000 rw-p 00000000 00:00 0 
7f5ad0fc8000-7f5ad0fc9000 ---p 00000000 00:00 0 
7f5ad0fc9000-7f5ad17c9000 rw-p 00000000 00:00 0 
7f5ad17c9000-7f5ad17ca000 ---p 00000000 00:00 0 
7f5ad17ca000-7f5ad5bcc000 rw-p 00000000 00:00 0 
7f5ad5bcc000-7f5ad5bcd000 ---p 00000000 00:00 0 
7f5ad5bcd000-7f5ad63cd000 rw-p 00000000 00:00 0 
7f5ad63cd000-7f5ad63ce000 ---p 00000000 00:00 0 
7f5ad63ce000-7f5ad6bce000 rw-p 00000000 00:00 0 
7f5ad6bce000-7f5ad6bcf000 ---p 00000000 00:00 0 
7f5ad6bcf000-7f5ad73cf000 rw-p 00000000 00:00 0 
7f5ad73cf000-7f5ad73d0000 ---p 00000000 00:00 0 
7f5ad73d0000-7f5ad7bd0000 rw-p 00000000 00:00 0 
7f5ad7bd0000-7f5ad7bd1000 ---p 00000000 00:00 0 
7f5ad7bd1000-7f5ad83d1000 rw-p 00000000 00:00 0 
7f5ad83d1000-7f5ad83d2000 ---p 00000000 00:00 0 
7f5ad83d2000-7f5ad8bd2000 rw-p 00000000 00:00 0 
7f5ad8bd2000-7f5ad8bd3000 ---p 00000000 00:00 0 
7f5ad8bd3000-7f5ad93d3000 rw-p 00000000 00:00 0 
7f5ad93d3000-7f5ad93d4000 ---p 00000000 00:00 0 
7f5ad93d4000-7f5ad9bd4000 rw-p 00000000 00:00 0 
7f5ad9bd4000-7f5ad9bd5000 ---p 00000000 00:00 0 
7f5ad9bd5000-7f5ada3d5000 rw-p 00000000 00:00 0 
7f5ada3d5000-7f5ada3d6000 ---p 00000000 00:00 0 
7f5ada3d6000-7f5adabd6000 rw-p 00000000 00:00 0 
7f5adabd6000-7f5adabd7000 ---p 00000000 00:00 0 
7f5adabd7000-7f5adb3d7000 rw-p 00000000 00:00 0 
7f5adb3d7000-7f5adb3d8000 ---p 00000000 00:00 0 
7f5adb3d8000-7f5adf7da000 rw-p 00000000 00:00 0 
7f5adf7da000-7f5adf7db000 ---p 00000000 00:00 0 
7f5adf7db000-7f5adffdb000 rw-p 00000000 00:00 0 
7f5adffdb000-7f5adffdc000 ---p 00000000 00:00 0 
7f5adffdc000-7f5ae07dc000 rw-p 00000000 00:00 0 
7f5ae07dc000-7f5ae07dd000 ---p 00000000 00:00 0 
7f5ae07dd000-7f5ae0fdd000 rw-p 00000000 00:00 0 
7f5ae0fdd000-7f5ae0fde000 ---p 00000000 00:00 0 
7f5ae0fde000-7f5ae17de000 rw-p 00000000 00:00 0 
7f5ae17de000-7f5ae17df000 ---p 00000000 00:00 0 
7f5ae17df000-7f5ae1fdf000 rw-p 00000000 00:00 0 
7f5ae1fdf000-7f5ae1fe0000 ---p 00000000 00:00 0 
7f5ae1fe0000-7f5ae27e0000 rw-p 00000000 00:00 0 
7f5ae27e0000-7f5ae27e1000 ---p 00000000 00:00 0 
7f5ae27e1000-7f5ae2fe1000 rw-p 00000000 00:00 0 
7f5ae2fe1000-7f5ae2fe2000 ---p 00000000 00:00 0 
7f5ae2fe2000-7f5ae37e2000 rw-p 00000000 00:00 0 
7f5ae37e2000-7f5ae37e3000 ---p 00000000 00:00 0 
7f5ae37e3000-7f5ae3fe3000 rw-p 00000000 00:00 0 
7f5ae3fe3000-7f5ae3fe4000 ---p 00000000 00:00 0 
7f5ae3fe4000-7f5ae47e4000 rw-p 00000000 00:00 0 
7f5ae47e4000-7f5ae47e5000 ---p 00000000 00:00 0 
7f5ae47e5000-7f5ae4fe5000 rw-p 00000000 00:00 0 
7f5ae4fe5000-7f5ae4fe6000 ---p 00000000 00:00 0 
7f5ae4fe6000-7f5ae93e8000 rw-p 00000000 00:00 0 
7f5ae93e8000-7f5ae93e9000 ---p 00000000 00:00 0 
7f5ae93e9000-7f5ae9be9000 rw-p 00000000 00:00 0 
7f5ae9be9000-7f5ae9bea000 ---p 00000000 00:00 0 
7f5ae9bea000-7f5aea3ea000 rw-p 00000000 00:00 0 
7f5aea3ea000-7f5aea3eb000 ---p 00000000 00:00 0 
7f5aea3eb000-7f5aeabeb000 rw-p 00000000 00:00 0 
7f5aeabeb000-7f5aeabec000 ---p 00000000 00:00 0 
7f5aeabec000-7f5aeb3ec000 rw-p 00000000 00:00 0 
7f5aeb3ec000-7f5aeb3ed000 ---p 00000000 00:00 0 
7f5aeb3ed000-7f5aebbed000 rw-p 00000000 00:00 0 
7f5aebbed000-7f5aebbee000 ---p 00000000 00:00 0 
7f5aebbee000-7f5aec3ee000 rw-p 00000000 00:00 0 
7f5aec3ee000-7f5aec3ef000 ---p 00000000 00:00 0 
7f5aec3ef000-7f5aecbef000 rw-p 00000000 00:00 0 
7f5aecbef000-7f5aecbf0000 ---p 00000000 00:00 0 
7f5aecbf0000-7f5aed3f0000 rw-p 00000000 00:00 0 
7f5aed3f0000-7f5aed3f1000 ---p 00000000 00:00 0 
7f5aed3f1000-7f5aedbf1000 rw-p 00000000 00:00 0 
7f5aedbf1000-7f5aedbf2000 ---p 00000000 00:00 0 
7f5aedbf2000-7f5aee3f2000 rw-p 00000000 00:00 0 
7f5aee3f2000-7f5aee3f3000 ---p 00000000 00:00 0 
7f5aee3f3000-7f5aeebf3000 rw-p 00000000 00:00 0 
7f5aeebf3000-7f5aeebf4000 ---p 00000000 00:00 0 
7f5aeebf4000-7f5af2ff6000 rw-p 00000000 00:00 0 
7f5af2ff6000-7f5af2ff7000 ---p 00000000 00:00 0 
7f5af2ff7000-7f5af37f7000 rw-p 00000000 00:00 0 
7f5af37f7000-7f5af37f8000 ---p 00000000 00:00 0 
7f5af37f8000-7f5af3ff8000 rw-p 00000000 00:00 0 
7f5af3ff8000-7f5af3ff9000 ---p 00000000 00:00 0 
7f5af3ff9000-7f5af47f9000 rw-p 00000000 00:00 0 
7f5af47f9000-7f5af47fa000 ---p 00000000 00:00 0 
7f5af47fa000-7f5af4ffa000 rw-p 00000000 00:00 0 
7f5af4ffa000-7f5af4ffb000 ---p 00000000 00:00 0 
7f5af4ffb000-7f5af57fb000 rw-p 00000000 00:00 0 
7f5af57fb000-7f5af57fc000 ---p 00000000 00:00 0 
7f5af57fc000-7f5af5ffc000 rw-p 00000000 00:00 0 
7f5af5ffc000-7f5af5ffd000 ---p 00000000 00:00 0 
7f5af5ffd000-7f5af67fd000 rw-p 00000000 00:00 0 
7f5af67fd000-7f5af67fe000 ---p 00000000 00:00 0 
7f5af67fe000-7f5af6ffe000 rw-p 00000000 00:00 0 
7f5af6ffe000-7f5af6fff000 ---p 00000000 00:00 0 
7f5af6fff000-7f5af77ff000 rw-p 00000000 00:00 0 
7f5af77ff000-7f5af7800000 ---p 00000000 00:00 0 
7f5af7800000-7f5af8000000 rw-p 00000000 00:00 0 
7f5af8000000-7f5af8047000 rw-p 00000000 00:00 0 
7f5af8047000-7f5afc000000 ---p 00000000 00:00 0 
7f5afc0f6000-7f5afc0f9000 ---p 00000000 00:00 0 
7f5afc0f9000-7f5afc1f7000 rw-p 00000000 00:00 0 
7f5afc1f7000-7f5afc1fa000 ---p 00000000 00:00 0 
7f5afc1fa000-7f5afc2f8000 rw-p 00000000 00:00 0 
7f5afc2f8000-7f5afc2fb000 ---p 00000000 00:00 0 
7f5afc2fb000-7f5afc3f9000 rw-p 00000000 00:00 0 
7f5afc3f9000-7f5afc3fc000 ---p 00000000 00:00 0 
7f5afc3fc000-7f5afc4fa000 rw-p 00000000 00:00 0 
7f5afc4fa000-7f5afc4fd000 ---p 00000000 00:00 0 
7f5afc4fd000-7f5afc5fb000 rw-p 00000000 00:00 0 
7f5afc5fb000-7f5afc5fe000 ---p 00000000 00:00 0 
7f5afc5fe000-7f5afc6fc000 rw-p 00000000 00:00 0 
7f5afc6fc000-7f5afc6ff000 ---p 00000000 00:00 0 
7f5afc6ff000-7f5afc7fd000 rw-p 00000000 00:00 0 
7f5afc7fd000-7f5afc7fe000 ---p 00000000 00:00 0 
7f5afc7fe000-7f5afcffe000 rw-p 00000000 00:00 0 
7f5afcffe000-7f5afcfff000 ---p 00000000 00:00 0 
7f5afcfff000-7f5b00000000 rw-p 00000000 00:00 0 
7f5b00000000-7f5b00047000 rw-p 00000000 00:00 0 
7f5b00047000-7f5b04000000 ---p 00000000 00:00 0 
7f5b04034000-7f5b04037000 ---p 00000000 00:00 0 
7f5b04037000-7f5b04135000 rw-p 00000000 00:00 0 
7f5b04135000-7f5b04138000 ---p 00000000 00:00 0 
7f5b04138000-7f5b04236000 rw-p 00000000 00:00 0 
7f5b04236000-7f5b04239000 ---p 00000000 00:00 0 
7f5b04239000-7f5b04337000 rw-p 00000000 00:00 0 
7f5b04337000-7f5b0433a000 ---p 00000000 00:00 0 
7f5b0433a000-7f5b04438000 rw-p 00000000 00:00 0 
7f5b04438000-7f5b0443b000 ---p 00000000 00:00 0 
7f5b0443b000-7f5b04539000 rw-p 00000000 00:00 0 
7f5b04539000-7f5b0453c000 ---p 00000000 00:00 0 
7f5b0453c000-7f5b0463a000 rw-p 00000000 00:00 0 
7f5b0463a000-7f5b0463b000 ---p 00000000 00:00 0 
7f5b0463b000-7f5b04e3b000 rw-p 00000000 00:00 0 
7f5b04e3b000-7f5b04f7b000 r-xp 00000000 08:17 99849                      /home/diamond/Documents/Controller/bin/linux-x86-64/libarcsoft_fsdk_face_detection.so
7f5b04f7b000-7f5b0517b000 ---p 00140000 08:17 99849                      /home/diamond/Documents/Controller/bin/linux-x86-64/libarcsoft_fsdk_face_detection.so
7f5b0517b000-7f5b0517c000 r--p 00140000 08:17 99849                      /home/diamond/Documents/Controller/bin/linux-x86-64/libarcsoft_fsdk_face_detection.so
7f5b0517c000-7f5b0517d000 rw-p 00141000 08:17 99849                      /home/diamond/Documents/Controller/bin/linux-x86-64/libarcsoft_fsdk_face_detection.so
7f5b0517d000-7f5b0523d000 rw-p 00000000 00:00 0 
7f5b0523d000-7f5b0537d000 ---p 00000000 00:00 0 
7f5b0537d000-7f5b0677e000 rw-p 00000000 00:00 0 
7f5b0677e000-7f5b0677f000 ---p 00000000 00:00 0 
7f5b0677f000-7f5b06f7f000 rw-p 00000000 00:00 0 
7f5b06f7f000-7f5b06f80000 ---p 00000000 00:00 0 
7f5b06f80000-7f5b07780000 rw-p 00000000 00:00 0 
7f5b07780000-7f5b07781000 ---p 00000000 00:00 0 
7f5b07781000-7f5b07f81000 rw-p 00000000 00:00 0 
7f5b07f81000-7f5b07f82000 ---p 00000000 00:00 0 
7f5b07f82000-7f5b08782000 rw-p 00000000 00:00 0 
7f5b08782000-7f5b08783000 ---p 00000000 00:00 0 
7f5b08783000-7f5b08f83000 rw-p 00000000 00:00 0 
7f5b08f83000-7f5b08f84000 ---p 00000000 00:00 0 
7f5b08f84000-7f5b09784000 rw-p 00000000 00:00 0 
7f5b09784000-7f5b09785000 ---p 00000000 00:00 0 
7f5b09785000-7f5b09f85000 rw-p 00000000 00:00 0 
7f5b09f85000-7f5b09f86000 ---p 00000000 00:00 0 
7f5b09f86000-7f5b0a786000 rw-p 00000000 00:00 0 
7f5b0a786000-7f5b0a787000 ---p 00000000 00:00 0 
7f5b0a787000-7f5b0af87000 rw-p 00000000 00:00 0 
7f5b0af87000-7f5b0af88000 ---p 00000000 00:00 0 
7f5b0af88000-7f5b0b788000 rw-p 00000000 00:00 0 
7f5b0b788000-7f5b0b789000 ---p 00000000 00:00 0 
7f5b0b789000-7f5b0bf89000 rw-p 00000000 00:00 0 
7f5b0bf89000-7f5b0bf8a000 ---p 00000000 00:00 0 
7f5b0bf8a000-7f5b0c78a000 rw-p 00000000 00:00 0 
7f5b0c78a000-7f5b0c78b000 ---p 00000000 00:00 0 
7f5b0c78b000-7f5b0cf8b000 rw-p 00000000 00:00 0 
7f5b0cf8b000-7f5b0cf94000 r-xp 00000000 08:17 266779                     /lib/x86_64-linux-gnu/libcrypt-2.23.so
7f5b0cf94000-7f5b0d193000 ---p 00009000 08:17 266779                     /lib/x86_64-linux-gnu/libcrypt-2.23.so
7f5b0d193000-7f5b0d194000 r--p 00008000 08:17 266779                     /lib/x86_64-linux-gnu/libcrypt-2.23.so
7f5b0d194000-7f5b0d195000 rw-p 00009000 08:17 266779                     /lib/x86_64-linux-gnu/libcrypt-2.23.so
7f5b0d195000-7f5b0d1c3000 rw-p 00000000 00:00 0 
7f5b0d1c3000-7f5b0d20a000 r-xp 00000000 08:17 3810210                    /usr/lib/x86_64-linux-gnu/libhx509.so.5.0.0
7f5b0d20a000-7f5b0d409000 ---p 00047000 08:17 3810210                    /usr/lib/x86_64-linux-gnu/libhx509.so.5.0.0
7f5b0d409000-7f5b0d40b000 r--p 00046000 08:17 3810210                    /usr/lib/x86_64-linux-gnu/libhx509.so.5.0.0
7f5b0d40b000-7f5b0d40d000 rw-p 00048000 08:17 3810210                    /usr/lib/x86_64-linux-gnu/libhx509.so.5.0.0
7f5b0d40d000-7f5b0d40e000 rw-p 00000000 00:00 0 
7f5b0d40e000-7f5b0d41c000 r-xp 00000000 08:17 3810192                    /usr/lib/x86_64-linux-gnu/libheimbase.so.1.0.0
7f5b0d41c000-7f5b0d61b000 ---p 0000e000 08:17 3810192                    /usr/lib/x86_64-linux-gnu/libheimbase.so.1.0.0
7f5b0d61b000-7f5b0d61c000 r--p 0000d000 08:17 3810192                    /usr/lib/x86_64-linux-gnu/libheimbase.so.1.0.0
7f5b0d61c000-7f5b0d61d000 rw-p 0000e000 08:17 3810192                    /usr/lib/x86_64-linux-gnu/libheimbase.so.1.0.0
7f5b0d61d000-7f5b0d644000 r-xp 00000000 08:17 3810867                    /usr/lib/x86_64-linux-gnu/libwind.so.0.0.0
7f5b0d644000-7f5b0d844000 ---p 00027000 08:17 3810867                    /usr/lib/x86_64-linux-gnu/libwind.so.0.0.0
7f5b0d844000-7f5b0d845000 r--p 00027000 08:17 3810867                    /usr/lib/x86_64-linux-gnu/libwind.so.0.0.0
7f5b0d845000-7f5b0d846000 rw-p 00028000 08:17 3810867                    /usr/lib/x86_64-linux-gnu/libwind.so.0.0.0
7f5b0d846000-7f5b0d84d000 r-xp 00000000 08:17 3809925                    /usr/lib/x86_64-linux-gnu/libffi.so.6.0.4
7f5b0d84d000-7f5b0da4c000 ---p 00007000 08:17 3809925                    /usr/lib/x86_64-linux-gnu/libffi.so.6.0.4
7f5b0da4c000-7f5b0da4d000 r--p 00006000 08:17 3809925                    /usr/lib/x86_64-linux-gnu/libffi.so.6.0.4
7f5b0da4d000-7f5b0da4e000 rw-p 00007000 08:17 3809925                    /usr/lib/x86_64-linux-gnu/libffi.so.6.0.4
7f5b0da4e000-7f5b0da63000 r-xp 00000000 08:17 3810608                    /usr/lib/x86_64-linux-gnu/libroken.so.18.1.0
7f5b0da63000-7f5b0dc62000 ---p 00015000 08:17 3810608                    /usr/lib/x86_64-linux-gnu/libroken.so.18.1.0
7f5b0dc62000-7f5b0dc63000 r--p 00014000 08:17 3810608                    /usr/lib/x86_64-linux-gnu/libroken.so.18.1.0
7f5b0dc63000-7f5b0dc64000 rw-p 00015000 08:17 3810608                    /usr/lib/x86_64-linux-gnu/libroken.so.18.1.0
7f5b0dc64000-7f5b0dc94000 r-xp 00000000 08:17 3810190                    /usr/lib/x86_64-linux-gnu/libhcrypto.so.4.1.0
7f5b0dc94000-7f5b0de94000 ---p 00030000 08:17 3810190                    /usr/lib/x86_64-linux-gnu/libhcrypto.so.4.1.0
7f5b0de94000-7f5b0de95000 r--p 00030000 08:17 3810190                    /usr/lib/x86_64-linux-gnu/libhcrypto.so.4.1.0
7f5b0de95000-7f5b0de96000 rw-p 00031000 08:17 3810190                    /usr/lib/x86_64-linux-gnu/libhcrypto.so.4.1.0
7f5b0de96000-7f5b0de97000 rw-p 00000000 00:00 0 
7f5b0de97000-7f5b0df36000 r-xp 00000000 08:17 3809627                    /usr/lib/x86_64-linux-gnu/libasn1.so.8.0.0
7f5b0df36000-7f5b0e135000 ---p 0009f000 08:17 3809627                    /usr/lib/x86_64-linux-gnu/libasn1.so.8.0.0
7f5b0e135000-7f5b0e136000 r--p 0009e000 08:17 3809627                    /usr/lib/x86_64-linux-gnu/libasn1.so.8.0.0
7f5b0e136000-7f5b0e139000 rw-p 0009f000 08:17 3809627                    /usr/lib/x86_64-linux-gnu/libasn1.so.8.0.0
7f5b0e139000-7f5b0e1bd000 r-xp 00000000 08:17 3810297                    /usr/lib/x86_64-linux-gnu/libkrb5.so.26.0.0
7f5b0e1bd000-7f5b0e3bc000 ---p 00084000 08:17 3810297                    /usr/lib/x86_64-linux-gnu/libkrb5.so.26.0.0
7f5b0e3bc000-7f5b0e3bf000 r--p 00083000 08:17 3810297                    /usr/lib/x86_64-linux-gnu/libkrb5.so.26.0.0
7f5b0e3bf000-7f5b0e3c2000 rw-p 00086000 08:17 3810297                    /usr/lib/x86_64-linux-gnu/libkrb5.so.26.0.0
7f5b0e3c2000-7f5b0e3c3000 rw-p 00000000 00:00 0 
7f5b0e3c3000-7f5b0e3cb000 r-xp 00000000 08:17 3810194                    /usr/lib/x86_64-linux-gnu/libheimntlm.so.0.1.0
7f5b0e3cb000-7f5b0e5ca000 ---p 00008000 08:17 3810194                    /usr/lib/x86_64-linux-gnu/libheimntlm.so.0.1.0
7f5b0e5ca000-7f5b0e5cb000 r--p 00007000 08:17 3810194                    /usr/lib/x86_64-linux-gnu/libheimntlm.so.0.1.0
7f5b0e5cb000-7f5b0e5cc000 rw-p 00008000 08:17 3810194                    /usr/lib/x86_64-linux-gnu/libheimntlm.so.0.1.0
7f5b0e5cc000-7f5b0e5cf000 r-xp 00000000 08:17 266830                     /lib/x86_64-linux-gnu/libkeyutils.so.1.5
7f5b0e5cf000-7f5b0e7ce000 ---p 00003000 08:17 266830                     /lib/x86_64-linux-gnu/libkeyutils.so.1.5
7f5b0e7ce000-7f5b0e7cf000 r--p 00002000 08:17 266830                     /lib/x86_64-linux-gnu/libkeyutils.so.1.5
7f5b0e7cf000-7f5b0e7d0000 rw-p 00003000 08:17 266830                     /lib/x86_64-linux-gnu/libkeyutils.so.1.5
7f5b0e7d0000-7f5b0f1d5000 r-xp 00000000 08:17 99859                      /home/diamond/Documents/Controller/bin/linux-x86-64/libarcsoft_fsdk_face_recognition.so
7f5b0f1d5000-7f5b0f3d4000 ---p 00a05000 08:17 99859                      /home/diamond/Documents/Controller/bin/linux-x86-64/libarcsoft_fsdk_face_recognition.so
7f5b0f3d4000-7f5b0f3d5000 r--p 00a04000 08:17 99859                      /home/diamond/Documents/Controller/bin/linux-x86-64/libarcsoft_fsdk_face_recognition.so
7f5b0f3d5000-7f5b10000000 rw-p 00a05000 08:17 99859                      /home/diamond/Documents/Controller/bin/linux-x86-64/libarcsoft_fsdk_face_recognition.so
7f5b10000000-7f5b10021000 rw-p 00000000 00:00 0 
7f5b10021000-7f5b14000000 ---p 00000000 00:00 0 
7f5b1404e000-7f5b14051000 ---p 00000000 00:00 0 
7f5b14051000-7f5b1414f000 rw-p 00000000 00:00 0 
7f5b1414f000-7f5b14160000 r-xp 00000000 08:17 3810713                    /usr/lib/x86_64-linux-gnu/libtasn1.so.6.5.1
7f5b14160000-7f5b14360000 ---p 00011000 08:17 3810713                    /usr/lib/x86_64-linux-gnu/libtasn1.so.6.5.1
7f5b14360000-7f5b14361000 r--p 00011000 08:17 3810713                    /usr/lib/x86_64-linux-gnu/libtasn1.so.6.5.1
7f5b14361000-7f5b14362000 rw-p 00012000 08:17 3810713                    /usr/lib/x86_64-linux-gnu/libtasn1.so.6.5.1
7f5b14362000-7f5b143bb000 r-xp 00000000 08:17 3810484                    /usr/lib/x86_64-linux-gnu/libp11-kit.so.0.1.0
7f5b143bb000-7f5b145ba000 ---p 00059000 08:17 3810484                    /usr/lib/x86_64-linux-gnu/libp11-kit.so.0.1.0
7f5b145ba000-7f5b145c4000 r--p 00058000 08:17 3810484                    /usr/lib/x86_64-linux-gnu/libp11-kit.so.0.1.0
7f5b145c4000-7f5b145c6000 rw-p 00062000 08:17 3810484                    /usr/lib/x86_64-linux-gnu/libp11-kit.so.0.1.0
7f5b145c6000-7f5b14603000 r-xp 00000000 08:17 3810113                    /usr/lib/x86_64-linux-gnu/libgssapi.so.3.0.0
7f5b14603000-7f5b14803000 ---p 0003d000 08:17 3810113                    /usr/lib/x86_64-linux-gnu/libgssapi.so.3.0.0
7f5b14803000-7f5b14804000 r--p 0003d000 08:17 3810113                    /usr/lib/x86_64-linux-gnu/libgssapi.so.3.0.0
7f5b14804000-7f5b14806000 rw-p 0003e000 08:17 3810113                    /usr/lib/x86_64-linux-gnu/libgssapi.so.3.0.0
7f5b14806000-7f5b14807000 rw-p 00000000 00:00 0 
7f5b14807000-7f5b14820000 r-xp 00000000 08:17 3810635                    /usr/lib/x86_64-linux-gnu/libsasl2.so.2.0.25
7f5b14820000-7f5b14a20000 ---p 00019000 08:17 3810635                    /usr/lib/x86_64-linux-gnu/libsasl2.so.2.0.25
7f5b14a20000-7f5b14a21000 r--p 00019000 08:17 3810635                    /usr/lib/x86_64-linux-gnu/libsasl2.so.2.0.25
7f5b14a21000-7f5b14a22000 rw-p 0001a000 08:17 3810635                    /usr/lib/x86_64-linux-gnu/libsasl2.so.2.0.25
7f5b14a22000-7f5b14a39000 r-xp 00000000 08:17 266921                     /lib/x86_64-linux-gnu/libresolv-2.23.so
7f5b14a39000-7f5b14c39000 ---p 00017000 08:17 266921                     /lib/x86_64-linux-gnu/libresolv-2.23.so
7f5b14c39000-7f5b14c3a000 r--p 00017000 08:17 266921                     /lib/x86_64-linux-gnu/libresolv-2.23.so
7f5b14c3a000-7f5b14c3b000 rw-p 00018000 08:17 266921                     /lib/x86_64-linux-gnu/libresolv-2.23.so
7f5b14c3b000-7f5b14c3d000 rw-p 00000000 00:00 0 
7f5b14c3d000-7f5b14c47000 r-xp 00000000 08:17 3810301                    /usr/lib/x86_64-linux-gnu/libkrb5support.so.0.1
7f5b14c47000-7f5b14e46000 ---p 0000a000 08:17 3810301                    /usr/lib/x86_64-linux-gnu/libkrb5support.so.0.1
7f5b14e46000-7f5b14e47000 r--p 00009000 08:17 3810301                    /usr/lib/x86_64-linux-gnu/libkrb5support.so.0.1
7f5b14e47000-7f5b14e48000 rw-p 0000a000 08:17 3810301                    /usr/lib/x86_64-linux-gnu/libkrb5support.so.0.1
7f5b14e48000-7f5b14e74000 r-xp 00000000 08:17 3810291                    /usr/lib/x86_64-linux-gnu/libk5crypto.so.3.1
7f5b14e74000-7f5b15073000 ---p 0002c000 08:17 3810291                    /usr/lib/x86_64-linux-gnu/libk5crypto.so.3.1
7f5b15073000-7f5b15075000 r--p 0002b000 08:17 3810291                    /usr/lib/x86_64-linux-gnu/libk5crypto.so.3.1
7f5b15075000-7f5b15076000 rw-p 0002d000 08:17 3810291                    /usr/lib/x86_64-linux-gnu/libk5crypto.so.3.1
7f5b15076000-7f5b15077000 rw-p 00000000 00:00 0 
7f5b15077000-7f5b1513a000 r-xp 00000000 08:17 3810299                    /usr/lib/x86_64-linux-gnu/libkrb5.so.3.3
7f5b1513a000-7f5b1533a000 ---p 000c3000 08:17 3810299                    /usr/lib/x86_64-linux-gnu/libkrb5.so.3.3
7f5b1533a000-7f5b15347000 r--p 000c3000 08:17 3810299                    /usr/lib/x86_64-linux-gnu/libkrb5.so.3.3
7f5b15347000-7f5b15349000 rw-p 000d0000 08:17 3810299                    /usr/lib/x86_64-linux-gnu/libkrb5.so.3.3
7f5b15349000-7f5b153c8000 r-xp 00000000 08:17 3810058                    /usr/lib/x86_64-linux-gnu/libgmp.so.10.3.0
7f5b153c8000-7f5b155c7000 ---p 0007f000 08:17 3810058                    /usr/lib/x86_64-linux-gnu/libgmp.so.10.3.0
7f5b155c7000-7f5b155c8000 r--p 0007e000 08:17 3810058                    /usr/lib/x86_64-linux-gnu/libgmp.so.10.3.0
7f5b155c8000-7f5b155c9000 rw-p 0007f000 08:17 3810058                    /usr/lib/x86_64-linux-gnu/libgmp.so.10.3.0
7f5b155c9000-7f5b155fd000 r-xp 00000000 08:17 3810421                    /usr/lib/x86_64-linux-gnu/libnettle.so.6.2
7f5b155fd000-7f5b157fc000 ---p 00034000 08:17 3810421                    /usr/lib/x86_64-linux-gnu/libnettle.so.6.2
7f5b157fc000-7f5b157fe000 r--p 00033000 08:17 3810421                    /usr/lib/x86_64-linux-gnu/libnettle.so.6.2
7f5b157fe000-7f5b157ff000 rw-p 00035000 08:17 3810421                    /usr/lib/x86_64-linux-gnu/libnettle.so.6.2
7f5b157ff000-7f5b18000000 rw-p 00000000 00:00 0 
7f5b18000000-7f5b18021000 rw-p 00000000 00:00 0 
7f5b18021000-7f5b1c000000 ---p 00000000 00:00 0 
7f5b1c000000-7f5b1c021000 rw-p 00000000 00:00 0 
7f5b1c021000-7f5b20000000 ---p 00000000 00:00 0 
7f5b20000000-7f5b20292000 rw-p 00000000 00:00 0 
7f5b20292000-7f5b24000000 ---p 00000000 00:00 0 
7f5b24000000-7f5b24021000 rw-p 00000000 00:00 0 
7f5b24021000-7f5b28000000 ---p 00000000 00:00 0 
7f5b28000000-7f5b28233000 rw-p 00000000 00:00 0 
7f5b28233000-7f5b2c000000 ---p 00000000 00:00 0 
7f5b2c000000-7f5b2c2d9000 rw-p 00000000 00:00 0 
7f5b2c2d9000-7f5b30000000 ---p 00000000 00:00 0 
7f5b30006000-7f5b30009000 r-xp 00000000 08:17 266778                     /lib/x86_64-linux-gnu/libcom_err.so.2.1
7f5b30009000-7f5b30208000 ---p 00003000 08:17 266778                     /lib/x86_64-linux-gnu/libcom_err.so.2.1
7f5b30208000-7f5b30209000 r--p 00002000 08:17 266778                     /lib/x86_64-linux-gnu/libcom_err.so.2.1
7f5b30209000-7f5b3020a000 rw-p 00003000 08:17 266778                     /lib/x86_64-linux-gnu/libcom_err.so.2.1
7f5b3020a000-7f5b3023c000 r-xp 00000000 08:17 3810196                    /usr/lib/x86_64-linux-gnu/libhogweed.so.4.2
7f5b3023c000-7f5b3043b000 ---p 00032000 08:17 3810196                    /usr/lib/x86_64-linux-gnu/libhogweed.so.4.2
7f5b3043b000-7f5b3043c000 r--p 00031000 08:17 3810196                    /usr/lib/x86_64-linux-gnu/libhogweed.so.4.2
7f5b3043c000-7f5b3043d000 rw-p 00032000 08:17 3810196                    /usr/lib/x86_64-linux-gnu/libhogweed.so.4.2
7f5b3043d000-7f5b30560000 r-xp 00000000 08:17 3803369                    /usr/lib/x86_64-linux-gnu/libgnutls.so.30.6.2
7f5b30560000-7f5b3075f000 ---p 00123000 08:17 3803369                    /usr/lib/x86_64-linux-gnu/libgnutls.so.30.6.2
7f5b3075f000-7f5b3076a000 r--p 00122000 08:17 3803369                    /usr/lib/x86_64-linux-gnu/libgnutls.so.30.6.2
7f5b3076a000-7f5b3076c000 rw-p 0012d000 08:17 3803369                    /usr/lib/x86_64-linux-gnu/libgnutls.so.30.6.2
7f5b3076c000-7f5b3076d000 rw-p 00000000 00:00 0 
7f5b3076d000-7f5b30783000 r-xp 00000000 08:17 266807                     /lib/x86_64-linux-gnu/libgcc_s.so.1
7f5b30783000-7f5b30982000 ---p 00016000 08:17 266807                     /lib/x86_64-linux-gnu/libgcc_s.so.1
7f5b30982000-7f5b30983000 rw-p 00015000 08:17 266807                     /lib/x86_64-linux-gnu/libgcc_s.so.1
7f5b30983000-7f5b3099e000 r-xp 00000000 08:17 3824821                    /usr/local/lib/libz.so.1.2.9
7f5b3099e000-7f5b30b9d000 ---p 0001b000 08:17 3824821                    /usr/local/lib/libz.so.1.2.9
7f5b30b9d000-7f5b30b9e000 r--p 0001a000 08:17 3824821                    /usr/local/lib/libz.so.1.2.9
7f5b30b9e000-7f5b30b9f000 rw-p 0001b000 08:17 3824821                    /usr/local/lib/libz.so.1.2.9
7f5b30b9f000-7f5b30bec000 r-xp 00000000 08:17 3810312                    /usr/lib/x86_64-linux-gnu/libldap_r-2.4.so.2.10.5
7f5b30bec000-7f5b30deb000 ---p 0004d000 08:17 3810312                    /usr/lib/x86_64-linux-gnu/libldap_r-2.4.so.2.10.5
7f5b30deb000-7f5b30ded000 r--p 0004c000 08:17 3810312                    /usr/lib/x86_64-linux-gnu/libldap_r-2.4.so.2.10.5
7f5b30ded000-7f5b30dee000 rw-p 0004e000 08:17 3810312                    /usr/lib/x86_64-linux-gnu/libldap_r-2.4.so.2.10.5
7f5b30dee000-7f5b30df0000 rw-p 00000000 00:00 0 
7f5b30df0000-7f5b30dfd000 r-xp 00000000 08:17 3810307                    /usr/lib/x86_64-linux-gnu/liblber-2.4.so.2.10.5
7f5b30dfd000-7f5b30ffd000 ---p 0000d000 08:17 3810307                    /usr/lib/x86_64-linux-gnu/liblber-2.4.so.2.10.5
7f5b30ffd000-7f5b30ffe000 r--p 0000d000 08:17 3810307                    /usr/lib/x86_64-linux-gnu/liblber-2.4.so.2.10.5
7f5b30ffe000-7f5b30fff000 rw-p 0000e000 08:17 3810307                    /usr/lib/x86_64-linux-gnu/liblber-2.4.so.2.10.5
7f5b30fff000-7f5b34000000 rw-p 00000000 00:00 0 
7f5b34000000-7f5b34021000 rw-p 00000000 00:00 0 
7f5b34021000-7f5b38000000 ---p 00000000 00:00 0 
7f5b38000000-7f5b38021000 rw-p 00000000 00:00 0 
7f5b38021000-7f5b3c000000 ---p 00000000 00:00 0 
7f5b3c000000-7f5b3c021000 rw-p 00000000 00:00 0 
7f5b3c021000-7f5b40000000 ---p 00000000 00:00 0 
7f5b40000000-7f5b40021000 rw-p 00000000 00:00 0 
7f5b40021000-7f5b44000000 ---p 00000000 00:00 0 
7f5b44000000-7f5b44041000 rw-p 00000000 00:00 0 
7f5b44041000-7f5b48000000 ---p 00000000 00:00 0 
7f5b48016000-7f5b48019000 ---p 00000000 00:00 0 
7f5b48019000-7f5b48117000 rw-p 00000000 00:00 0 
7f5b48117000-7f5b4815e000 r-xp 00000000 08:17 3810115                    /usr/lib/x86_64-linux-gnu/libgssapi_krb5.so.2.2
7f5b4815e000-7f5b4835d000 ---p 00047000 08:17 3810115                    /usr/lib/x86_64-linux-gnu/libgssapi_krb5.so.2.2
7f5b4835d000-7f5b4835f000 r--p 00046000 08:17 3810115                    /usr/lib/x86_64-linux-gnu/libgssapi_krb5.so.2.2
7f5b4835f000-7f5b48361000 rw-p 00048000 08:17 3810115                    /usr/lib/x86_64-linux-gnu/libgssapi_krb5.so.2.2
7f5b48361000-7f5b4857b000 r-xp 00000000 08:17 266823                     /lib/x86_64-linux-gnu/libcrypto.so.1.0.0
7f5b4857b000-7f5b4877a000 ---p 0021a000 08:17 266823                     /lib/x86_64-linux-gnu/libcrypto.so.1.0.0
7f5b4877a000-7f5b48796000 r--p 00219000 08:17 266823                     /lib/x86_64-linux-gnu/libcrypto.so.1.0.0
7f5b48796000-7f5b487a2000 rw-p 00235000 08:17 266823                     /lib/x86_64-linux-gnu/libcrypto.so.1.0.0
7f5b487a2000-7f5b487a5000 rw-p 00000000 00:00 0 
7f5b487a5000-7f5b48803000 r-xp 00000000 08:17 266822                     /lib/x86_64-linux-gnu/libssl.so.1.0.0
7f5b48803000-7f5b48a03000 ---p 0005e000 08:17 266822                     /lib/x86_64-linux-gnu/libssl.so.1.0.0
7f5b48a03000-7f5b48a07000 r--p 0005e000 08:17 266822                     /lib/x86_64-linux-gnu/libssl.so.1.0.0
7f5b48a07000-7f5b48a0e000 rw-p 00062000 08:17 266822                     /lib/x86_64-linux-gnu/libssl.so.1.0.0
7f5b48a0e000-7f5b48a29000 r-xp 00000000 08:17 3810616                    /usr/lib/x86_64-linux-gnu/librtmp.so.1
7f5b48a29000-7f5b48c28000 ---p 0001b000 08:17 3810616                    /usr/lib/x86_64-linux-gnu/librtmp.so.1
7f5b48c28000-7f5b48c29000 r--p 0001a000 08:17 3810616                    /usr/lib/x86_64-linux-gnu/librtmp.so.1
7f5b48c29000-7f5b48c2a000 rw-p 0001b000 08:17 3810616                    /usr/lib/x86_64-linux-gnu/librtmp.so.1
7f5b48c2a000-7f5b48c5b000 r-xp 00000000 08:17 3803367                    /usr/lib/x86_64-linux-gnu/libidn.so.11.6.15
7f5b48c5b000-7f5b48e5b000 ---p 00031000 08:17 3803367                    /usr/lib/x86_64-linux-gnu/libidn.so.11.6.15
7f5b48e5b000-7f5b48e5c000 r--p 00031000 08:17 3803367                    /usr/lib/x86_64-linux-gnu/libidn.so.11.6.15
7f5b48e5c000-7f5b48e5d000 rw-p 00032000 08:17 3803367                    /usr/lib/x86_64-linux-gnu/libidn.so.11.6.15
7f5b48e5d000-7f5b48fcf000 r-xp 00000000 08:17 3803290                    /usr/lib/x86_64-linux-gnu/libstdc++.so.6.0.21
7f5b48fcf000-7f5b491cf000 ---p 00172000 08:17 3803290                    /usr/lib/x86_64-linux-gnu/libstdc++.so.6.0.21
7f5b491cf000-7f5b491d9000 r--p 00172000 08:17 3803290                    /usr/lib/x86_64-linux-gnu/libstdc++.so.6.0.21
7f5b491d9000-7f5b491db000 rw-p 0017c000 08:17 3803290                    /usr/lib/x86_64-linux-gnu/libstdc++.so.6.0.21
7f5b491db000-7f5b491df000 rw-p 00000000 00:00 0 
7f5b491df000-7f5b492ae000 r-xp 00000000 08:17 3810694                    /usr/lib/x86_64-linux-gnu/libsqlite3.so.0.8.6
7f5b492ae000-7f5b494ae000 ---p 000cf000 08:17 3810694                    /usr/lib/x86_64-linux-gnu/libsqlite3.so.0.8.6
7f5b494ae000-7f5b494b1000 r--p 000cf000 08:17 3810694                    /usr/lib/x86_64-linux-gnu/libsqlite3.so.0.8.6
7f5b494b1000-7f5b494b3000 rw-p 000d2000 08:17 3810694                    /usr/lib/x86_64-linux-gnu/libsqlite3.so.0.8.6
7f5b494b3000-7f5b494b4000 rw-p 00000000 00:00 0 
7f5b494b4000-7f5b4951f000 r-xp 00000000 08:17 3801208                    /usr/lib/x86_64-linux-gnu/libcurl.so.4.4.0
7f5b4951f000-7f5b4971f000 ---p 0006b000 08:17 3801208                    /usr/lib/x86_64-linux-gnu/libcurl.so.4.4.0
7f5b4971f000-7f5b49722000 r--p 0006b000 08:17 3801208                    /usr/lib/x86_64-linux-gnu/libcurl.so.4.4.0
7f5b49722000-7f5b49723000 rw-p 0006e000 08:17 3801208                    /usr/lib/x86_64-linux-gnu/libcurl.so.4.4.0
7f5b4974f000-7f5b49752000 ---p 00000000 00:00 0 
7f5b49752000-7f5b49788000 rw-p 00000000 00:00 0 
7f5b49788000-7f5b497a0000 r-xp 00000000 08:17 3594274                    /tmp/jna-1655054676/jna5055772291707233262.tmp (deleted)
7f5b497a0000-7f5b4999f000 ---p 00018000 08:17 3594274                    /tmp/jna-1655054676/jna5055772291707233262.tmp (deleted)
7f5b4999f000-7f5b499a1000 rw-p 00017000 08:17 3594274                    /tmp/jna-1655054676/jna5055772291707233262.tmp (deleted)
7f5b499a1000-7f5b499b2000 r-xp 00000000 08:17 3880230                    /usr/local/jdk1.8.0_152/jre/lib/amd64/libnio.so
7f5b499b2000-7f5b49bb1000 ---p 00011000 08:17 3880230                    /usr/local/jdk1.8.0_152/jre/lib/amd64/libnio.so
7f5b49bb1000-7f5b49bb2000 rw-p 00010000 08:17 3880230                    /usr/local/jdk1.8.0_152/jre/lib/amd64/libnio.so
7f5b49bb2000-7f5b49bb5000 ---p 00000000 00:00 0 
7f5b49bb5000-7f5b49cb3000 rw-p 00000000 00:00 0 
7f5b49cb3000-7f5b49cb4000 ---p 00000000 00:00 0 
7f5b49cb4000-7f5b49db4000 rw-p 00000000 00:00 0 
7f5b49db4000-7f5b49db7000 ---p 00000000 00:00 0 
7f5b49db7000-7f5b49eb5000 rw-p 00000000 00:00 0 
7f5b49eb5000-7f5b49eb8000 ---p 00000000 00:00 0 
7f5b49eb8000-7f5b49fb6000 rw-p 00000000 00:00 0 
7f5b49fb6000-7f5b49fcc000 r-xp 00000000 08:17 3880227                    /usr/local/jdk1.8.0_152/jre/lib/amd64/libnet.so
7f5b49fcc000-7f5b4a1cc000 ---p 00016000 08:17 3880227                    /usr/local/jdk1.8.0_152/jre/lib/amd64/libnet.so
7f5b4a1cc000-7f5b4a1cd000 rw-p 00016000 08:17 3880227                    /usr/local/jdk1.8.0_152/jre/lib/amd64/libnet.so
7f5b4a1cd000-7f5b4a1d0000 ---p 00000000 00:00 0 
7f5b4a1d0000-7f5b4a2ce000 rw-p 00000000 00:00 0 
7f5b4a2ce000-7f5b4a2d1000 ---p 00000000 00:00 0 
7f5b4a2d1000-7f5b4a3cf000 rw-p 00000000 00:00 0 
7f5b4a3cf000-7f5b4a3d2000 ---p 00000000 00:00 0 
7f5b4a3d2000-7f5b4a4d0000 rw-p 00000000 00:00 0 
7f5b4a4d0000-7f5b4a565000 r--s 01113000 08:17 3880111                    /usr/local/jdk1.8.0_152/jre/lib/ext/jfxrt.jar
7f5b4a565000-7f5b4a568000 ---p 00000000 00:00 0 
7f5b4a568000-7f5b4a666000 rw-p 00000000 00:00 0 
7f5b4a666000-7f5b4b025000 r--p 00000000 08:17 3808503                    /usr/lib/locale/locale-archive
7f5b4b025000-7f5b4b028000 ---p 00000000 00:00 0 
7f5b4b028000-7f5b4b126000 rw-p 00000000 00:00 0 
7f5b4b126000-7f5b4b129000 ---p 00000000 00:00 0 
7f5b4b129000-7f5b4b227000 rw-p 00000000 00:00 0 
7f5b4b227000-7f5b4b228000 ---p 00000000 00:00 0 
7f5b4b228000-7f5b4c136000 rw-p 00000000 00:00 0 
7f5b4c136000-7f5b4c310000 r--s 03d5f000 08:17 3880058                    /usr/local/jdk1.8.0_152/jre/lib/rt.jar
7f5b4c310000-7f5b50000000 rw-p 00000000 00:00 0 
7f5b50000000-7f5b50021000 rw-p 00000000 00:00 0 
7f5b50021000-7f5b54000000 ---p 00000000 00:00 0 
7f5b54000000-7f5b54021000 rw-p 00000000 00:00 0 
7f5b54021000-7f5b58000000 ---p 00000000 00:00 0 
7f5b58000000-7f5b58021000 rw-p 00000000 00:00 0 
7f5b58021000-7f5b5c000000 ---p 00000000 00:00 0 
7f5b5c000000-7f5b5c021000 rw-p 00000000 00:00 0 
7f5b5c021000-7f5b60000000 ---p 00000000 00:00 0 
7f5b60016000-7f5b6001b000 r--s 0009a000 08:17 3880107                    /usr/local/jdk1.8.0_152/jre/lib/jsse.jar
7f5b6001b000-7f5b60020000 r--s 002f9000 08:17 3880056                    /usr/local/jdk1.8.0_152/jre/lib/charsets.jar
7f5b60020000-7f5b6002a000 r--s 000eb000 08:17 69177                      /home/diamond/Documents/Controller/lib/mysql-connector-java-5.1.44-bin.jar
7f5b6002a000-7f5b6002d000 r--s 00024000 08:17 79461                      /home/diamond/Documents/Controller/lib/json-lib-2.4-jdk15.jar
7f5b6002d000-7f5b60cfd000 rw-p 00000000 00:00 0 
7f5b60cfd000-7f5b60cfe000 ---p 00000000 00:00 0 
7f5b60cfe000-7f5b60dfe000 rw-p 00000000 00:00 0 
7f5b60dfe000-7f5b60dff000 ---p 00000000 00:00 0 
7f5b60dff000-7f5b60eff000 rw-p 00000000 00:00 0 
7f5b60eff000-7f5b60f00000 ---p 00000000 00:00 0 
7f5b60f00000-7f5b61000000 rw-p 00000000 00:00 0 
7f5b61000000-7f5b613a0000 rwxp 00000000 00:00 0 
7f5b613a0000-7f5b70000000 ---p 00000000 00:00 0 
7f5b70000000-7f5b70c99000 rw-p 00000000 00:00 0 
7f5b70c99000-7f5b74000000 ---p 00000000 00:00 0 
7f5b74000000-7f5b74004000 r--s 00107000 08:17 69176                      /home/diamond/Documents/Controller/lib/jna-4.4.0.jar
7f5b74004000-7f5b74012000 r--s 0007f000 08:17 79458                      /home/diamond/Documents/Controller/lib/commons-collections-3.2.1.jar
7f5b74012000-7f5b740d7000 rw-p 00000000 00:00 0 
7f5b740d7000-7f5b740d8000 ---p 00000000 00:00 0 
7f5b740d8000-7f5b74201000 rw-p 00000000 00:00 0 
7f5b74201000-7f5b74462000 ---p 00000000 00:00 0 
7f5b74462000-7f5b7448b000 rw-p 00000000 00:00 0 
7f5b7448b000-7f5b746ec000 ---p 00000000 00:00 0 
7f5b746ec000-7f5b7472f000 rw-p 00000000 00:00 0 
7f5b7472f000-7f5b74831000 ---p 00000000 00:00 0 
7f5b74831000-7f5b74841000 rw-p 00000000 00:00 0 
7f5b74841000-7f5b74bf2000 ---p 00000000 00:00 0 
7f5b74bf2000-7f5b74c0d000 r-xp 00000000 08:17 3880223                    /usr/local/jdk1.8.0_152/jre/lib/amd64/libzip.so
7f5b74c0d000-7f5b74e0d000 ---p 0001b000 08:17 3880223                    /usr/local/jdk1.8.0_152/jre/lib/amd64/libzip.so
7f5b74e0d000-7f5b74e0e000 rw-p 0001b000 08:17 3880223                    /usr/local/jdk1.8.0_152/jre/lib/amd64/libzip.so
7f5b74e0e000-7f5b74e19000 r-xp 00000000 08:17 266868                     /lib/x86_64-linux-gnu/libnss_files-2.23.so
7f5b74e19000-7f5b75018000 ---p 0000b000 08:17 266868                     /lib/x86_64-linux-gnu/libnss_files-2.23.so
7f5b75018000-7f5b75019000 r--p 0000a000 08:17 266868                     /lib/x86_64-linux-gnu/libnss_files-2.23.so
7f5b75019000-7f5b7501a000 rw-p 0000b000 08:17 266868                     /lib/x86_64-linux-gnu/libnss_files-2.23.so
7f5b7501a000-7f5b75020000 rw-p 00000000 00:00 0 
7f5b75020000-7f5b7502b000 r-xp 00000000 08:17 266878                     /lib/x86_64-linux-gnu/libnss_nis-2.23.so
7f5b7502b000-7f5b7522a000 ---p 0000b000 08:17 266878                     /lib/x86_64-linux-gnu/libnss_nis-2.23.so
7f5b7522a000-7f5b7522b000 r--p 0000a000 08:17 266878                     /lib/x86_64-linux-gnu/libnss_nis-2.23.so
7f5b7522b000-7f5b7522c000 rw-p 0000b000 08:17 266878                     /lib/x86_64-linux-gnu/libnss_nis-2.23.so
7f5b7522c000-7f5b75242000 r-xp 00000000 08:17 266862                     /lib/x86_64-linux-gnu/libnsl-2.23.so
7f5b75242000-7f5b75441000 ---p 00016000 08:17 266862                     /lib/x86_64-linux-gnu/libnsl-2.23.so
7f5b75441000-7f5b75442000 r--p 00015000 08:17 266862                     /lib/x86_64-linux-gnu/libnsl-2.23.so
7f5b75442000-7f5b75443000 rw-p 00016000 08:17 266862                     /lib/x86_64-linux-gnu/libnsl-2.23.so
7f5b75443000-7f5b75445000 rw-p 00000000 00:00 0 
7f5b75445000-7f5b7544d000 r-xp 00000000 08:17 266864                     /lib/x86_64-linux-gnu/libnss_compat-2.23.so
7f5b7544d000-7f5b7564c000 ---p 00008000 08:17 266864                     /lib/x86_64-linux-gnu/libnss_compat-2.23.so
7f5b7564c000-7f5b7564d000 r--p 00007000 08:17 266864                     /lib/x86_64-linux-gnu/libnss_compat-2.23.so
7f5b7564d000-7f5b7564e000 rw-p 00008000 08:17 266864                     /lib/x86_64-linux-gnu/libnss_compat-2.23.so
7f5b7564e000-7f5b75658000 r-xp 00000000 08:17 3880232                    /usr/local/jdk1.8.0_152/jre/lib/amd64/libinstrument.so
7f5b75658000-7f5b75857000 ---p 0000a000 08:17 3880232                    /usr/local/jdk1.8.0_152/jre/lib/amd64/libinstrument.so
7f5b75857000-7f5b75858000 rw-p 00009000 08:17 3880232                    /usr/local/jdk1.8.0_152/jre/lib/amd64/libinstrument.so
7f5b75858000-7f5b75883000 r-xp 00000000 08:17 3880217                    /usr/local/jdk1.8.0_152/jre/lib/amd64/libjava.so
7f5b75883000-7f5b75a82000 ---p 0002b000 08:17 3880217                    /usr/local/jdk1.8.0_152/jre/lib/amd64/libjava.so
7f5b75a82000-7f5b75a84000 rw-p 0002a000 08:17 3880217                    /usr/local/jdk1.8.0_152/jre/lib/amd64/libjava.so
7f5b75a84000-7f5b75a91000 r-xp 00000000 08:17 3880222                    /usr/local/jdk1.8.0_152/jre/lib/amd64/libverify.so
7f5b75a91000-7f5b75c91000 ---p 0000d000 08:17 3880222                    /usr/local/jdk1.8.0_152/jre/lib/amd64/libverify.so
7f5b75c91000-7f5b75c93000 rw-p 0000d000 08:17 3880222                    /usr/local/jdk1.8.0_152/jre/lib/amd64/libverify.so
7f5b75c93000-7f5b75c9a000 r-xp 00000000 08:17 266923                     /lib/x86_64-linux-gnu/librt-2.23.so
7f5b75c9a000-7f5b75e99000 ---p 00007000 08:17 266923                     /lib/x86_64-linux-gnu/librt-2.23.so
7f5b75e99000-7f5b75e9a000 r--p 00006000 08:17 266923                     /lib/x86_64-linux-gnu/librt-2.23.so
7f5b75e9a000-7f5b75e9b000 rw-p 00007000 08:17 266923                     /lib/x86_64-linux-gnu/librt-2.23.so
7f5b75e9b000-7f5b75fa3000 r-xp 00000000 08:17 266839                     /lib/x86_64-linux-gnu/libm-2.23.so
7f5b75fa3000-7f5b761a2000 ---p 00108000 08:17 266839                     /lib/x86_64-linux-gnu/libm-2.23.so
7f5b761a2000-7f5b761a3000 r--p 00107000 08:17 266839                     /lib/x86_64-linux-gnu/libm-2.23.so
7f5b761a3000-7f5b761a4000 rw-p 00108000 08:17 266839                     /lib/x86_64-linux-gnu/libm-2.23.so
7f5b761a4000-7f5b76e7c000 r-xp 00000000 08:17 3880200                    /usr/local/jdk1.8.0_152/jre/lib/amd64/server/libjvm.so
7f5b76e7c000-7f5b7707b000 ---p 00cd8000 08:17 3880200                    /usr/local/jdk1.8.0_152/jre/lib/amd64/server/libjvm.so
7f5b7707b000-7f5b77155000 rw-p 00cd7000 08:17 3880200                    /usr/local/jdk1.8.0_152/jre/lib/amd64/server/libjvm.so
7f5b77155000-7f5b771a0000 rw-p 00000000 00:00 0 
7f5b771a0000-7f5b77360000 r-xp 00000000 08:17 266769                     /lib/x86_64-linux-gnu/libc-2.23.so
7f5b77360000-7f5b77560000 ---p 001c0000 08:17 266769                     /lib/x86_64-linux-gnu/libc-2.23.so
7f5b77560000-7f5b77564000 r--p 001c0000 08:17 266769                     /lib/x86_64-linux-gnu/libc-2.23.so
7f5b77564000-7f5b77566000 rw-p 001c4000 08:17 266769                     /lib/x86_64-linux-gnu/libc-2.23.so
7f5b77566000-7f5b7756a000 rw-p 00000000 00:00 0 
7f5b7756a000-7f5b7756d000 r-xp 00000000 08:17 266793                     /lib/x86_64-linux-gnu/libdl-2.23.so
7f5b7756d000-7f5b7776c000 ---p 00003000 08:17 266793                     /lib/x86_64-linux-gnu/libdl-2.23.so
7f5b7776c000-7f5b7776d000 r--p 00002000 08:17 266793                     /lib/x86_64-linux-gnu/libdl-2.23.so
7f5b7776d000-7f5b7776e000 rw-p 00003000 08:17 266793                     /lib/x86_64-linux-gnu/libdl-2.23.so
7f5b7776e000-7f5b77784000 r-xp 00000000 08:17 3879918                    /usr/local/jdk1.8.0_152/lib/amd64/jli/libjli.so
7f5b77784000-7f5b77983000 ---p 00016000 08:17 3879918                    /usr/local/jdk1.8.0_152/lib/amd64/jli/libjli.so
7f5b77983000-7f5b77984000 rw-p 00015000 08:17 3879918                    /usr/local/jdk1.8.0_152/lib/amd64/jli/libjli.so
7f5b77984000-7f5b7799c000 r-xp 00000000 08:17 266915                     /lib/x86_64-linux-gnu/libpthread-2.23.so
7f5b7799c000-7f5b77b9b000 ---p 00018000 08:17 266915                     /lib/x86_64-linux-gnu/libpthread-2.23.so
7f5b77b9b000-7f5b77b9c000 r--p 00017000 08:17 266915                     /lib/x86_64-linux-gnu/libpthread-2.23.so
7f5b77b9c000-7f5b77b9d000 rw-p 00018000 08:17 266915                     /lib/x86_64-linux-gnu/libpthread-2.23.so
7f5b77b9d000-7f5b77ba1000 rw-p 00000000 00:00 0 
7f5b77ba1000-7f5b77bc7000 r-xp 00000000 08:17 266741                     /lib/x86_64-linux-gnu/ld-2.23.so
7f5b77bc7000-7f5b77bc9000 r--s 0001a000 08:17 18339                      /home/diamond/soft/idea-IU-173.3942.27/lib/idea_rt.jar
7f5b77bc9000-7f5b77bcc000 r--s 00013000 08:17 79443                      /home/diamond/Documents/Controller/lib/ezmorph-1.0.6.jar
7f5b77bcc000-7f5b77bce000 r--s 0000d000 08:17 79460                      /home/diamond/Documents/Controller/lib/commons-logging-1.1.1.jar
7f5b77bce000-7f5b77bd3000 r--s 00034000 08:17 79459                      /home/diamond/Documents/Controller/lib/commons-beanutils-1.8.0.jar
7f5b77bd3000-7f5b77be6000 r--s 00345000 08:17 3880093                    /usr/local/jdk1.8.0_152/jre/lib/resources.jar
7f5b77be6000-7f5b77bf9000 r--s 000d6000 08:17 3880030                    /usr/local/jdk1.8.0_152/jre/lib/plugin.jar
7f5b77bf9000-7f5b77bfe000 r--s 0009a000 08:17 3880107                    /usr/local/jdk1.8.0_152/jre/lib/jsse.jar
7f5b77bfe000-7f5b77c00000 r--s 00007000 08:17 3880245                    /usr/local/jdk1.8.0_152/jre/lib/jfxswt.jar
7f5b77c00000-7f5b77c05000 r--s 00084000 08:17 3880007                    /usr/local/jdk1.8.0_152/jre/lib/jfr.jar
7f5b77c05000-7f5b77c08000 r--s 0001a000 08:17 3880243                    /usr/local/jdk1.8.0_152/jre/lib/jce.jar
7f5b77c08000-7f5b77c11000 r--s 0006d000 08:17 3880017                    /usr/local/jdk1.8.0_152/jre/lib/javaws.jar
7f5b77c11000-7f5b77c93000 rw-p 00000000 00:00 0 
7f5b77c93000-7f5b77c96000 ---p 00000000 00:00 0 
7f5b77c96000-7f5b77d98000 rw-p 00000000 00:00 0 
7f5b77d98000-7f5b77d99000 r--s 00000000 08:17 3880014                    /usr/local/jdk1.8.0_152/jre/lib/management-agent.jar
7f5b77d99000-7f5b77db5000 r--s 0020b000 08:17 3880008                    /usr/local/jdk1.8.0_152/jre/lib/deploy.jar
7f5b77db5000-7f5b77dba000 r--s 002f9000 08:17 3880056                    /usr/local/jdk1.8.0_152/jre/lib/charsets.jar
7f5b77dba000-7f5b77dc2000 rw-s 00000000 08:17 3594259                    /tmp/hsperfdata_diamond/18546
7f5b77dc2000-7f5b77dc3000 rw-p 00000000 00:00 0 
7f5b77dc3000-7f5b77dc4000 r--p 00000000 00:00 0 
7f5b77dc4000-7f5b77dc6000 rw-p 00000000 00:00 0 
7f5b77dc6000-7f5b77dc7000 r--p 00025000 08:17 266741                     /lib/x86_64-linux-gnu/ld-2.23.so
7f5b77dc7000-7f5b77dc8000 rw-p 00026000 08:17 266741                     /lib/x86_64-linux-gnu/ld-2.23.so
7f5b77dc8000-7f5b77dc9000 rw-p 00000000 00:00 0 
7ffe3c456000-7ffe3c478000 rw-p 00000000 00:00 0                          [stack]
7ffe3c5d4000-7ffe3c5d6000 r--p 00000000 00:00 0                          [vvar]
7ffe3c5d6000-7ffe3c5d8000 r-xp 00000000 00:00 0                          [vdso]
ffffffffff600000-ffffffffff601000 r-xp 00000000 00:00 0                  [vsyscall]

VM Arguments:
jvm_args: -javaagent:/home/diamond/soft/idea-IU-173.3942.27/lib/idea_rt.jar=34745:/home/diamond/soft/idea-IU-173.3942.27/bin -Dfile.encoding=UTF-8 
java_command: com.moma.Controller
java_class_path (initial): /usr/local/jdk1.8.0_152/jre/lib/charsets.jar:/usr/local/jdk1.8.0_152/jre/lib/deploy.jar:/usr/local/jdk1.8.0_152/jre/lib/ext/cldrdata.jar:/usr/local/jdk1.8.0_152/jre/lib/ext/dnsns.jar:/usr/local/jdk1.8.0_152/jre/lib/ext/jaccess.jar:/usr/local/jdk1.8.0_152/jre/lib/ext/jfxrt.jar:/usr/local/jdk1.8.0_152/jre/lib/ext/localedata.jar:/usr/local/jdk1.8.0_152/jre/lib/ext/nashorn.jar:/usr/local/jdk1.8.0_152/jre/lib/ext/sunec.jar:/usr/local/jdk1.8.0_152/jre/lib/ext/sunjce_provider.jar:/usr/local/jdk1.8.0_152/jre/lib/ext/sunpkcs11.jar:/usr/local/jdk1.8.0_152/jre/lib/ext/zipfs.jar:/usr/local/jdk1.8.0_152/jre/lib/javaws.jar:/usr/local/jdk1.8.0_152/jre/lib/jce.jar:/usr/local/jdk1.8.0_152/jre/lib/jfr.jar:/usr/local/jdk1.8.0_152/jre/lib/jfxswt.jar:/usr/local/jdk1.8.0_152/jre/lib/jsse.jar:/usr/local/jdk1.8.0_152/jre/lib/management-agent.jar:/usr/local/jdk1.8.0_152/jre/lib/plugin.jar:/usr/local/jdk1.8.0_152/jre/lib/resources.jar:/usr/local/jdk1.8.0_152/jre/lib/rt.jar:/home/diamond/Documents/Controller/out/production/Controller:/home/diamond/Documents/Controller/lib/commons-beanutils-1.8.0.jar:/home/diamond/Documents/Controller/lib/commons-logging-1.1.1.jar:/home/diamond/Documents/Controller/lib/commons-collections-3.2.1.jar:/home/diamond/Documents/Controller/lib/ezmorph-1.0.6.jar:/home/diamond/Documents/Controller/lib/jna-4.4.0.jar:/home/diamond/Documents/Controller/lib/json-lib-2.4-jdk15.jar:/home/diamond/Documents/Controller/lib/mysql-connector-java-5.1.44-bin.jar:/home/diamond/soft/idea-IU-173.3942.27/lib/idea_rt.jar
Launcher Type: SUN_STANDARD

Environment Variables:
JAVA_HOME=/usr/local/jdk1.8.0_152/
JRE_HOME=/usr/local/jdk1.8.0_152//jre
CLASSPATH=/home/diamond/soft/idea-IU-173.3942.27/lib/bootstrap.jar:/home/diamond/soft/idea-IU-173.3942.27/lib/extensions.jar:/home/diamond/soft/idea-IU-173.3942.27/lib/util.jar:/home/diamond/soft/idea-IU-173.3942.27/lib/jdom.jar:/home/diamond/soft/idea-IU-173.3942.27/lib/log4j.jar:/home/diamond/soft/idea-IU-173.3942.27/lib/trove4j.jar:/home/diamond/soft/idea-IU-173.3942.27/lib/jna.jar:/home/diamond/soft/idea-IU-173.3942.27/jre64/lib/tools.jar
PATH=/home/diamond/bin:/home/diamond/.local/bin:/usr/local/cuda-8.0/bin:/usr/local/sbin:/usr/local/bin:/usr/sbin:/usr/bin:/sbin:/bin:/usr/games:/usr/local/games:/snap/bin:/usr/local/jdk1.8.0_152//bin:/usr/local/jdk1.8.0_152//jre/bin
LD_LIBRARY_PATH=/usr/local/cuda-8.0/lib64
SHELL=/bin/bash
DISPLAY=:0

Signal Handlers:
SIGSEGV: [libjvm.so+0xacfec0], sa_mask[0]=11111111011111111101111111111110, sa_flags=SA_RESTART|SA_SIGINFO
SIGBUS: [libjvm.so+0xacfec0], sa_mask[0]=11111111011111111101111111111110, sa_flags=SA_RESTART|SA_SIGINFO
SIGFPE: [libjvm.so+0x927e60], sa_mask[0]=11111111011111111101111111111110, sa_flags=SA_RESTART|SA_SIGINFO
SIGPIPE: [libjvm.so+0x927e60], sa_mask[0]=11111111011111111101111111111110, sa_flags=SA_RESTART|SA_SIGINFO
SIGXFSZ: [libjvm.so+0x927e60], sa_mask[0]=11111111011111111101111111111110, sa_flags=SA_RESTART|SA_SIGINFO
SIGILL: [libjvm.so+0x927e60], sa_mask[0]=11111111011111111101111111111110, sa_flags=SA_RESTART|SA_SIGINFO
SIGUSR1: SIG_DFL, sa_mask[0]=00000000000000000000000000000000, sa_flags=none
SIGUSR2: [libjvm.so+0x9296a0], sa_mask[0]=00100000000000000000000000000000, sa_flags=SA_RESTART|SA_SIGINFO
SIGHUP: [libjvm.so+0x92aaa0], sa_mask[0]=11111111011111111101111111111110, sa_flags=SA_RESTART|SA_SIGINFO
SIGINT: [libarcsoft_fsdk_face_detection.so+0x3700], sa_mask[0]=00000000000000000000000000000000, sa_flags=SA_RESTART|SA_SIGINFO|SA_NOCLDWAIT|SA_NODEFER
SIGTERM: [libjvm.so+0x92aaa0], sa_mask[0]=11111111011111111101111111111110, sa_flags=SA_RESTART|SA_SIGINFO
SIGQUIT: [libjvm.so+0x92aaa0], sa_mask[0]=11111111011111111101111111111110, sa_flags=SA_RESTART|SA_SIGINFO


---------------  S Y S T E M  ---------------

OS:DISTRIB_ID=Ubuntu
DISTRIB_RELEASE=16.04
DISTRIB_CODENAME=xenial
DISTRIB_DESCRIPTION="Ubuntu 16.04.3 LTS"

uname:Linux 4.10.0-42-generic #46~16.04.1-Ubuntu SMP Mon Dec 4 15:57:59 UTC 2017 x86_64
libc:glibc 2.23 NPTL 2.23 
rlimit: STACK 8192k, CORE 0k, NPROC 30234, NOFILE 1048576, AS infinity
load average:0.15 0.63 0.68

/proc/meminfo:
MemTotal:        7986184 kB
MemFree:          137424 kB
MemAvailable:    1736528 kB
Buffers:          120972 kB
Cached:          1726556 kB
SwapCached:         5256 kB
Active:          6165552 kB
Inactive:        1229664 kB
Active(anon):    4873312 kB
Inactive(anon):   798892 kB
Active(file):    1292240 kB
Inactive(file):   430772 kB
Unevictable:         232 kB
Mlocked:             232 kB
SwapTotal:       4097020 kB
SwapFree:        4038196 kB
Dirty:               120 kB
Writeback:             0 kB
AnonPages:       5430480 kB
Mapped:           602984 kB
Shmem:            124512 kB
Slab:             246032 kB
SReclaimable:     182956 kB
SUnreclaim:        63076 kB
KernelStack:       17568 kB
PageTables:        65292 kB
NFS_Unstable:          0 kB
Bounce:                0 kB
WritebackTmp:          0 kB
CommitLimit:     8090112 kB
Committed_AS:   13521104 kB
VmallocTotal:   34359738367 kB
VmallocUsed:           0 kB
VmallocChunk:          0 kB
HardwareCorrupted:     0 kB
AnonHugePages:   3334144 kB
ShmemHugePages:        0 kB
ShmemPmdMapped:        0 kB
CmaTotal:              0 kB
CmaFree:               0 kB
HugePages_Total:       0
HugePages_Free:        0
HugePages_Rsvd:        0
HugePages_Surp:        0
Hugepagesize:       2048 kB
DirectMap4k:      323460 kB
DirectMap2M:     7878656 kB


CPU:total 4 (initial active 4) (2 cores per cpu, 2 threads per core) family 6 model 58 stepping 9, cmov, cx8, fxsr, mmx, sse, sse2, sse3, ssse3, sse4.1, sse4.2, popcnt, avx, aes, clmul, erms, ht, tsc, tscinvbit, tscinv

/proc/cpuinfo:
processor	: 0
vendor_id	: GenuineIntel
cpu family	: 6
model		: 58
model name	: Intel(R) Core(TM) i5-3210M CPU @ 2.50GHz
stepping	: 9
microcode	: 0x15
cpu MHz		: 1870.727
cache size	: 3072 KB
physical id	: 0
siblings	: 4
core id		: 0
cpu cores	: 2
apicid		: 0
initial apicid	: 0
fpu		: yes
fpu_exception	: yes
cpuid level	: 13
wp		: yes
flags		: fpu vme de pse tsc msr pae mce cx8 apic sep mtrr pge mca cmov pat pse36 clflush dts acpi mmx fxsr sse sse2 ss ht tm pbe syscall nx rdtscp lm constant_tsc arch_perfmon pebs bts rep_good nopl xtopology nonstop_tsc aperfmperf pni pclmulqdq dtes64 monitor ds_cpl vmx est tm2 ssse3 cx16 xtpr pdcm pcid sse4_1 sse4_2 x2apic popcnt tsc_deadline_timer aes xsave avx f16c rdrand lahf_lm epb tpr_shadow vnmi flexpriority ept vpid fsgsbase smep erms xsaveopt dtherm ida arat pln pts
bugs		:
bogomips	: 4988.88
clflush size	: 64
cache_alignment	: 64
address sizes	: 36 bits physical, 48 bits virtual
power management:

processor	: 1
vendor_id	: GenuineIntel
cpu family	: 6
model		: 58
model name	: Intel(R) Core(TM) i5-3210M CPU @ 2.50GHz
stepping	: 9
microcode	: 0x15
cpu MHz		: 2036.437
cache size	: 3072 KB
physical id	: 0
siblings	: 4
core id		: 0
cpu cores	: 2
apicid		: 1
initial apicid	: 1
fpu		: yes
fpu_exception	: yes
cpuid level	: 13
wp		: yes
flags		: fpu vme de pse tsc msr pae mce cx8 apic sep mtrr pge mca cmov pat pse36 clflush dts acpi mmx fxsr sse sse2 ss ht tm pbe syscall nx rdtscp lm constant_tsc arch_perfmon pebs bts rep_good nopl xtopology nonstop_tsc aperfmperf pni pclmulqdq dtes64 monitor ds_cpl vmx est tm2 ssse3 cx16 xtpr pdcm pcid sse4_1 sse4_2 x2apic popcnt tsc_deadline_timer aes xsave avx f16c rdrand lahf_lm epb tpr_shadow vnmi flexpriority ept vpid fsgsbase smep erms xsaveopt dtherm ida arat pln pts
bugs		:
bogomips	: 4988.88
clflush size	: 64
cache_alignment	: 64
address sizes	: 36 bits physical, 48 bits virtual
power management:

processor	: 2
vendor_id	: GenuineIntel
cpu family	: 6
model		: 58
model name	: Intel(R) Core(TM) i5-3210M CPU @ 2.50GHz
stepping	: 9
microcode	: 0x15
cpu MHz		: 2799.072
cache size	: 3072 KB
physical id	: 0
siblings	: 4
core id		: 1
cpu cores	: 2
apicid		: 2
initial apicid	: 2
fpu		: yes
fpu_exception	: yes
cpuid level	: 13
wp		: yes
flags		: fpu vme de pse tsc msr pae mce cx8 apic sep mtrr pge mca cmov pat pse36 clflush dts acpi mmx fxsr sse sse2 ss ht tm pbe syscall nx rdtscp lm constant_tsc arch_perfmon pebs bts rep_good nopl xtopology nonstop_tsc aperfmperf pni pclmulqdq dtes64 monitor ds_cpl vmx est tm2 ssse3 cx16 xtpr pdcm pcid sse4_1 sse4_2 x2apic popcnt tsc_deadline_timer aes xsave avx f16c rdrand lahf_lm epb tpr_shadow vnmi flexpriority ept vpid fsgsbase smep erms xsaveopt dtherm ida arat pln pts
bugs		:
bogomips	: 4988.88
clflush size	: 64
cache_alignment	: 64
address sizes	: 36 bits physical, 48 bits virtual
power management:

processor	: 3
vendor_id	: GenuineIntel
cpu family	: 6
model		: 58
model name	: Intel(R) Core(TM) i5-3210M CPU @ 2.50GHz
stepping	: 9
microcode	: 0x15
cpu MHz		: 2332.153
cache size	: 3072 KB
physical id	: 0
siblings	: 4
core id		: 1
cpu cores	: 2
apicid		: 3
initial apicid	: 3
fpu		: yes
fpu_exception	: yes
cpuid level	: 13
wp		: yes
flags		: fpu vme de pse tsc msr pae mce cx8 apic sep mtrr pge mca cmov pat pse36 clflush dts acpi mmx fxsr sse sse2 ss ht tm pbe syscall nx rdtscp lm constant_tsc arch_perfmon pebs bts rep_good nopl xtopology nonstop_tsc aperfmperf pni pclmulqdq dtes64 monitor ds_cpl vmx est tm2 ssse3 cx16 xtpr pdcm pcid sse4_1 sse4_2 x2apic popcnt tsc_deadline_timer aes xsave avx f16c rdrand lahf_lm epb tpr_shadow vnmi flexpriority ept vpid fsgsbase smep erms xsaveopt dtherm ida arat pln pts
bugs		:
bogomips	: 4988.88
clflush size	: 64
cache_alignment	: 64
address sizes	: 36 bits physical, 48 bits virtual
power management:



Memory: 4k page, physical 7986184k(137424k free), swap 4097020k(4038196k free)

vm_info: Java HotSpot(TM) 64-Bit Server VM (25.152-b16) for linux-amd64 JRE (1.8.0_152-b16), built on Sep 14 2017 02:16:14 by "java_re" with gcc 4.3.0 20080428 (Red Hat 4.3.0-8)

time: Thu Jan 18 16:40:19 2018
elapsed time: 538 seconds (0d 0h 8m 58s)

