#
# A fatal error has been detected by the Java Runtime Environment:
#
#  SIGSEGV (0xb) at pc=0x00007f89d8ab8880, pid=16861, tid=0x00007f897bbf4700
#
# JRE version: Java(TM) SE Runtime Environment (8.0_152-b16) (build 1.8.0_152-b16)
# Java VM: Java HotSpot(TM) 64-Bit Server VM (25.152-b16 mixed mode linux-amd64 compressed oops)
# Problematic frame:
# C  [libarcsoft_fsdk_face_recognition.so+0x2e880]
#
# Failed to write core dump. Core dumps have been disabled. To enable core dumping, try "ulimit -c unlimited" before starting Java again
#
# If you would like to submit a bug report, please visit:
#   http://bugreport.java.com/bugreport/crash.jsp
#

---------------  T H R E A D  ---------------

Current thread is native thread

siginfo: si_signo: 11 (SIGSEGV), si_code: 2 (SEGV_ACCERR), si_addr: 0x00007f89fcd19af2

Registers:
RAX=0x00007f89fcd19af2, RBX=0x00007f8915cda400, RCX=0x000000000000b298, RDX=0x0000000000000f00
RSP=0x00007f897bbf3e98, RBP=0x00000000000c533e, RSI=0x000000000000005a, RDI=0x000000000000005a
R8 =0x0000000003d69998, R9 =0x00007f897c3f6840, R10=0x00000000006380c9, R11=0x00007f897c40a100
R12=0x000000000000014d, R13=0x00000000ffffe182, R14=0x00007f8915ccf740, R15=0x000000000001b5fa
RIP=0x00007f89d8ab8880, EFLAGS=0x0000000000010202, CSGSFS=0x002b000000000033, ERR=0x0000000000000004
  TRAPNO=0x000000000000000e

Top of Stack: (sp=0x00007f897bbf3e98)
0x00007f897bbf3e98:   0000000100000280 00007f897c485aec
0x00007f897bbf3ea8:   00007f897c485af0 00007f897c485af4
0x00007f897bbf3eb8:   00007f89da2796c0 00007f897c4fed70
0x00007f897bbf3ec8:   006380c9000c533e 00007f897c4fed70
0x00007f897bbf3ed8:   00007f897c4fed20 00007f897c4fed70
0x00007f897bbf3ee8:   00007f897c4fed48 00007f897c4feda0
0x00007f897bbf3ef8:   00007f89d8aae970 00007f8915ccf780
0x00007f897bbf3f08:   00007f89d8abc67f 0000000000000000
0x00007f897bbf3f18:   000001d600000000 0000000000000000
0x00007f897bbf3f28:   0000000000000000 0000000000000000
0x00007f897bbf3f38:   0000000000000000 00007f8a0490159f
0x00007f897bbf3f48:   00007f897bbf49c0 0000000000000001
0x00007f897bbf3f58:   00007f8a044fb6ba 0000000000000000
0x00007f897bbf3f68:   00007f897bbf4700 00007f897bbf4700
0x00007f897bbf3f78:   67a8da2751ea5db8 0000000000000000
0x00007f897bbf3f88:   00007f8a0490159f 00007f897bbf49c0
0x00007f897bbf3f98:   0000000000000001 98ba2d592f2a5db8
0x00007f897bbf3fa8:   98bcd2b83d105db8 0000000000000000
0x00007f897bbf3fb8:   0000000000000000 0000000000000000
0x00007f897bbf3fc8:   0000000000000000 0000000000000000
0x00007f897bbf3fd8:   0000000000000000 0000000000000000
0x00007f897bbf3fe8:   0000000000000000 00007f897bbf4700
0x00007f897bbf3ff8:   00007f8a03e173dd 0000000000000000
0x00007f897bbf4008:   0000000000000000 0000000000000000
0x00007f897bbf4018:   0000000000000000 0000000000000000
0x00007f897bbf4028:   0000000000000000 0000000000000000
0x00007f897bbf4038:   0000000000000000 0000000000000000
0x00007f897bbf4048:   0000000000000000 0000000000000000
0x00007f897bbf4058:   0000000000000000 0000000000000000
0x00007f897bbf4068:   0000000000000000 0000000000000000
0x00007f897bbf4078:   0000000000000000 0000000000000000
0x00007f897bbf4088:   0000000000000000 0000000000000000 

Instructions: (pc=0x00007f89d8ab8880)
0x00007f89d8ab8860:   d8 c1 fa 11 0f af 54 24 b8 48 63 d2 48 01 d0 48
0x00007f89d8ab8870:   03 44 24 d0 81 3b 01 08 00 00 0f 84 e0 00 00 00
0x00007f89d8ab8880:   0f b6 10 0f b6 48 01 89 f8 d1 e9 d1 ea c1 f8 04
0x00007f89d8ab8890:   48 83 7c 24 20 00 0f 84 94 00 00 00 c1 e0 07 48 

Register to memory mapping:

RAX=0x00007f89fcd19af2 is an unknown value
RBX=0x00007f8915cda400 is pointing into the stack for thread: 0x00007f893c02b800
RCX=0x000000000000b298 is an unknown value
RDX=0x0000000000000f00 is an unknown value
RSP=0x00007f897bbf3e98 is an unknown value
RBP=0x00000000000c533e is an unknown value
RSI=0x000000000000005a is an unknown value
RDI=0x000000000000005a is an unknown value
R8 =0x0000000003d69998 is an unknown value
R9 =0x00007f897c3f6840 is an unknown value
R10=0x00000000006380c9 is an unknown value
R11=0x00007f897c40a100 is an unknown value
R12=0x000000000000014d is an unknown value
R13=0x00000000ffffe182 is an unallocated location in the heap
R14=0x00007f8915ccf740 is pointing into the stack for thread: 0x00007f893c02b800
R15=0x000000000001b5fa is an unknown value


Stack: [0x00007f897b3f4000,0x00007f897bbf5000],  sp=0x00007f897bbf3e98,  free space=8191k
Native frames: (J=compiled Java code, j=interpreted, Vv=VM code, C=native code)
C  [libarcsoft_fsdk_face_recognition.so+0x2e880]


---------------  P R O C E S S  ---------------

VM state:not at safepoint (normal execution)

VM Mutex/Monitor currently owned by a thread: None

Heap:
 PSYoungGen      total 131072K, used 42243K [0x00000000d7600000, 0x00000000dfc00000, 0x0000000100000000)
  eden space 124928K, 30% used [0x00000000d7600000,0x00000000d9ba2860,0x00000000df000000)
  from space 6144K, 60% used [0x00000000df600000,0x00000000df99e518,0x00000000dfc00000)
  to   space 6144K, 0% used [0x00000000df000000,0x00000000df000000,0x00000000df600000)
 ParOldGen       total 83456K, used 958K [0x0000000086200000, 0x000000008b380000, 0x00000000d7600000)
  object space 83456K, 1% used [0x0000000086200000,0x00000000862efab8,0x000000008b380000)
 Metaspace       used 9706K, capacity 9890K, committed 10112K, reserved 1058816K
  class space    used 1027K, capacity 1095K, committed 1152K, reserved 1048576K

Card table byte_map: [0x00007f8a00fd2000,0x00007f8a013a2000] byte_map_base: 0x00007f8a00ba1000

Marking Bits: (ParMarkBitMap*) 0x00007f8a03ce31a0
 Begin Bits: [0x00007f89e9310000, 0x00007f89eb188000)
 End Bits:   [0x00007f89eb188000, 0x00007f89ed000000)

Polling page: 0x00007f8a04933000

CodeCache: size=245760Kb used=4137Kb max_used=4151Kb free=241622Kb
 bounds [0x00007f89ed000000, 0x00007f89ed420000, 0x00007f89fc000000]
 total_blobs=1463 nmethods=1066 adapters=311
 compilation: enabled

Compilation events (10 events):
Event: 30.676 Thread 0x00007f89fc265000 nmethod 1064 0x00007f89ed3e5a50 code [0x00007f89ed3e5bc0, 0x00007f89ed3e5db0]
Event: 30.777 Thread 0x00007f89fc265000 1065       3       com.sun.jna.NativeMappedConverter::fromNative (12 bytes)
Event: 30.778 Thread 0x00007f89fc265000 nmethod 1065 0x00007f89ed3e55d0 code [0x00007f89ed3e5740, 0x00007f89ed3e5968]
Event: 30.778 Thread 0x00007f89fc262800 1066       4       com.sun.jna.Structure::readField (302 bytes)
Event: 30.783 Thread 0x00007f89fc260800 1067   !   4       com.sun.jna.Structure::writeField (427 bytes)
Event: 30.793 Thread 0x00007f89fc260800 nmethod 1067 0x00007f89ed3ed850 code [0x00007f89ed3eda40, 0x00007f89ed3ee190]
Event: 30.803 Thread 0x00007f89fc262800 nmethod 1066 0x00007f89ed40d0d0 code [0x00007f89ed40d3e0, 0x00007f89ed40e7a0]
Event: 31.029 Thread 0x00007f89fc265000 1068       3       java.util.Locale::equals (75 bytes)
Event: 31.029 Thread 0x00007f89fc260800 1069       4       com.sun.jna.Pointer::setValue (607 bytes)
Event: 31.029 Thread 0x00007f89fc265000 nmethod 1068 0x00007f89ed3ef2d0 code [0x00007f89ed3ef4a0, 0x00007f89ed3efcd8]

GC Heap History (10 events):
Event: 1.150 GC heap before
{Heap before GC invocations=2 (full 0):
 PSYoungGen      total 36352K, used 36327K [0x00000000d7600000, 0x00000000d9e80000, 0x0000000100000000)
  eden space 31232K, 99% used [0x00000000d7600000,0x00000000d947f088,0x00000000d9480000)
  from space 5120K, 99% used [0x00000000d9480000,0x00000000d997adc8,0x00000000d9980000)
  to   space 5120K, 0% used [0x00000000d9980000,0x00000000d9980000,0x00000000d9e80000)
 ParOldGen       total 83456K, used 886K [0x0000000086200000, 0x000000008b380000, 0x00000000d7600000)
  object space 83456K, 1% used [0x0000000086200000,0x00000000862ddab8,0x000000008b380000)
 Metaspace       used 9033K, capacity 9226K, committed 9600K, reserved 1058816K
  class space    used 980K, capacity 1027K, committed 1152K, reserved 1048576K
Event: 1.155 GC heap after
Heap after GC invocations=2 (full 0):
 PSYoungGen      total 36352K, used 3477K [0x00000000d7600000, 0x00000000dbd00000, 0x0000000100000000)
  eden space 31232K, 0% used [0x00000000d7600000,0x00000000d7600000,0x00000000d9480000)
  from space 5120K, 67% used [0x00000000d9980000,0x00000000d9ce5628,0x00000000d9e80000)
  to   space 5120K, 0% used [0x00000000d9480000,0x00000000d9480000,0x00000000d9980000)
 ParOldGen       total 83456K, used 894K [0x0000000086200000, 0x000000008b380000, 0x00000000d7600000)
  object space 83456K, 1% used [0x0000000086200000,0x00000000862dfab8,0x000000008b380000)
 Metaspace       used 9033K, capacity 9226K, committed 9600K, reserved 1058816K
  class space    used 980K, capacity 1027K, committed 1152K, reserved 1048576K
}
Event: 1.292 GC heap before
{Heap before GC invocations=3 (full 0):
 PSYoungGen      total 36352K, used 34709K [0x00000000d7600000, 0x00000000dbd00000, 0x0000000100000000)
  eden space 31232K, 100% used [0x00000000d7600000,0x00000000d9480000,0x00000000d9480000)
  from space 5120K, 67% used [0x00000000d9980000,0x00000000d9ce5628,0x00000000d9e80000)
  to   space 5120K, 0% used [0x00000000d9480000,0x00000000d9480000,0x00000000d9980000)
 ParOldGen       total 83456K, used 894K [0x0000000086200000, 0x000000008b380000, 0x00000000d7600000)
  object space 83456K, 1% used [0x0000000086200000,0x00000000862dfab8,0x000000008b380000)
 Metaspace       used 9116K, capacity 9290K, committed 9600K, reserved 1058816K
  class space    used 980K, capacity 1027K, committed 1152K, reserved 1048576K
Event: 1.299 GC heap after
Heap after GC invocations=3 (full 0):
 PSYoungGen      total 36352K, used 4930K [0x00000000d7600000, 0x00000000dbd00000, 0x0000000100000000)
  eden space 31232K, 0% used [0x00000000d7600000,0x00000000d7600000,0x00000000d9480000)
  from space 5120K, 96% used [0x00000000d9480000,0x00000000d9950b90,0x00000000d9980000)
  to   space 5120K, 0% used [0x00000000db800000,0x00000000db800000,0x00000000dbd00000)
 ParOldGen       total 83456K, used 902K [0x0000000086200000, 0x000000008b380000, 0x00000000d7600000)
  object space 83456K, 1% used [0x0000000086200000,0x00000000862e1ab8,0x000000008b380000)
 Metaspace       used 9116K, capacity 9290K, committed 9600K, reserved 1058816K
  class space    used 980K, capacity 1027K, committed 1152K, reserved 1048576K
}
Event: 1.443 GC heap before
{Heap before GC invocations=4 (full 0):
 PSYoungGen      total 36352K, used 36125K [0x00000000d7600000, 0x00000000dbd00000, 0x0000000100000000)
  eden space 31232K, 99% used [0x00000000d7600000,0x00000000d9476888,0x00000000d9480000)
  from space 5120K, 96% used [0x00000000d9480000,0x00000000d9950b90,0x00000000d9980000)
  to   space 5120K, 0% used [0x00000000db800000,0x00000000db800000,0x00000000dbd00000)
 ParOldGen       total 83456K, used 902K [0x0000000086200000, 0x000000008b380000, 0x00000000d7600000)
  object space 83456K, 1% used [0x0000000086200000,0x00000000862e1ab8,0x000000008b380000)
 Metaspace       used 9170K, capacity 9290K, committed 9600K, reserved 1058816K
  class space    used 980K, capacity 1027K, committed 1152K, reserved 1048576K
Event: 1.464 GC heap after
Heap after GC invocations=4 (full 0):
 PSYoungGen      total 67584K, used 4257K [0x00000000d7600000, 0x00000000dbd00000, 0x0000000100000000)
  eden space 62464K, 0% used [0x00000000d7600000,0x00000000d7600000,0x00000000db300000)
  from space 5120K, 83% used [0x00000000db800000,0x00000000dbc28720,0x00000000dbd00000)
  to   space 5120K, 0% used [0x00000000db300000,0x00000000db300000,0x00000000db800000)
 ParOldGen       total 83456K, used 910K [0x0000000086200000, 0x000000008b380000, 0x00000000d7600000)
  object space 83456K, 1% used [0x0000000086200000,0x00000000862e3ab8,0x000000008b380000)
 Metaspace       used 9170K, capacity 9290K, committed 9600K, reserved 1058816K
  class space    used 980K, capacity 1027K, committed 1152K, reserved 1048576K
}
Event: 1.682 GC heap before
{Heap before GC invocations=5 (full 0):
 PSYoungGen      total 67584K, used 66721K [0x00000000d7600000, 0x00000000dbd00000, 0x0000000100000000)
  eden space 62464K, 100% used [0x00000000d7600000,0x00000000db300000,0x00000000db300000)
  from space 5120K, 83% used [0x00000000db800000,0x00000000dbc28720,0x00000000dbd00000)
  to   space 5120K, 0% used [0x00000000db300000,0x00000000db300000,0x00000000db800000)
 ParOldGen       total 83456K, used 910K [0x0000000086200000, 0x000000008b380000, 0x00000000d7600000)
  object space 83456K, 1% used [0x0000000086200000,0x00000000862e3ab8,0x000000008b380000)
 Metaspace       used 9244K, capacity 9360K, committed 9600K, reserved 1058816K
  class space    used 981K, capacity 1028K, committed 1152K, reserved 1048576K
Event: 1.687 GC heap after
Heap after GC invocations=5 (full 0):
 PSYoungGen      total 67584K, used 5102K [0x00000000d7600000, 0x00000000dfc00000, 0x0000000100000000)
  eden space 62464K, 0% used [0x00000000d7600000,0x00000000d7600000,0x00000000db300000)
  from space 5120K, 99% used [0x00000000db300000,0x00000000db7fbbf0,0x00000000db800000)
  to   space 6144K, 0% used [0x00000000df600000,0x00000000df600000,0x00000000dfc00000)
 ParOldGen       total 83456K, used 950K [0x0000000086200000, 0x000000008b380000, 0x00000000d7600000)
  object space 83456K, 1% used [0x0000000086200000,0x00000000862edab8,0x000000008b380000)
 Metaspace       used 9244K, capacity 9360K, committed 9600K, reserved 1058816K
  class space    used 981K, capacity 1028K, committed 1152K, reserved 1048576K
}
Event: 17.222 GC heap before
{Heap before GC invocations=6 (full 0):
 PSYoungGen      total 67584K, used 67566K [0x00000000d7600000, 0x00000000dfc00000, 0x0000000100000000)
  eden space 62464K, 100% used [0x00000000d7600000,0x00000000db300000,0x00000000db300000)
  from space 5120K, 99% used [0x00000000db300000,0x00000000db7fbbf0,0x00000000db800000)
  to   space 6144K, 0% used [0x00000000df600000,0x00000000df600000,0x00000000dfc00000)
 ParOldGen       total 83456K, used 950K [0x0000000086200000, 0x000000008b380000, 0x00000000d7600000)
  object space 83456K, 1% used [0x0000000086200000,0x00000000862edab8,0x000000008b380000)
 Metaspace       used 9673K, capacity 9826K, committed 10112K, reserved 1058816K
  class space    used 1026K, capacity 1095K, committed 1152K, reserved 1048576K
Event: 17.232 GC heap after
Heap after GC invocations=6 (full 0):
 PSYoungGen      total 131072K, used 3705K [0x00000000d7600000, 0x00000000dfc00000, 0x0000000100000000)
  eden space 124928K, 0% used [0x00000000d7600000,0x00000000d7600000,0x00000000df000000)
  from space 6144K, 60% used [0x00000000df600000,0x00000000df99e518,0x00000000dfc00000)
  to   space 6144K, 0% used [0x00000000df000000,0x00000000df000000,0x00000000df600000)
 ParOldGen       total 83456K, used 958K [0x0000000086200000, 0x000000008b380000, 0x00000000d7600000)
  object space 83456K, 1% used [0x0000000086200000,0x00000000862efab8,0x000000008b380000)
 Metaspace       used 9673K, capacity 9826K, committed 10112K, reserved 1058816K
  class space    used 1026K, capacity 1095K, committed 1152K, reserved 1048576K
}

Deoptimization events (7 events):
Event: 0.893 Thread 0x00007f89fc00c000 Uncommon trap: reason=unstable_if action=reinterpret pc=0x00007f89ed22f45c method=java.lang.String.replace(CC)Ljava/lang/String; @ 26
Event: 5.188 Thread 0x00007f89fc2a8000 Uncommon trap: reason=unstable_if action=reinterpret pc=0x00007f89ed2a554c method=java.util.zip.ZipCoder.getBytes(Ljava/lang/String;)[B @ 32
Event: 29.125 Thread 0x00007f893c027000 Uncommon trap: reason=null_check action=make_not_entrant pc=0x00007f89ed3f0be8 method=com.sun.jna.Structure.readField(Lcom/sun/jna/Structure$StructField;)Ljava/lang/Object; @ 32
Event: 29.125 Thread 0x00007f893c027000 Uncommon trap: reason=null_check action=make_not_entrant pc=0x00007f89ed3ec1bc method=com.sun.jna.Pointer.getValue(JLjava/lang/Class;Ljava/lang/Object;)Ljava/lang/Object; @ 6
Event: 29.226 Thread 0x00007f893c027000 Uncommon trap: reason=null_check action=make_not_entrant pc=0x00007f89ed3f4198 method=com.sun.jna.Structure.readField(Lcom/sun/jna/Structure$StructField;)Ljava/lang/Object; @ 41
Event: 30.675 Thread 0x00007f893c029800 Uncommon trap: reason=null_check action=make_not_entrant pc=0x00007f89ed40b008 method=com.sun.jna.Structure.readField(Lcom/sun/jna/Structure$StructField;)Ljava/lang/Object; @ 56
Event: 31.028 Thread 0x00007f893c02b800 Uncommon trap: reason=null_check action=make_not_entrant pc=0x00007f89ed40e14c method=com.sun.jna.Structure.readField(Lcom/sun/jna/Structure$StructField;)Ljava/lang/Object; @ 65

Classes redefined (0 events):
No events

Internal exceptions (8 events):
Event: 0.036 Thread 0x00007f89fc00c000 Exception <a 'java/lang/NoSuchMethodError': Method sun.misc.Unsafe.defineClass(Ljava/lang/String;[BII)Ljava/lang/Class; name or signature does not match> (0x00000000d7607ca8) thrown at [/HUDSON/workspace/8-2-build-linux-amd64/jdk8u152/9742/hotspot/src/sha
Event: 0.036 Thread 0x00007f89fc00c000 Exception <a 'java/lang/NoSuchMethodError': Method sun.misc.Unsafe.prefetchRead(Ljava/lang/Object;J)V name or signature does not match> (0x00000000d7607f90) thrown at [/HUDSON/workspace/8-2-build-linux-amd64/jdk8u152/9742/hotspot/src/share/vm/prims/jni.cp
Event: 0.187 Thread 0x00007f89fc2a8000 Exception <a 'java/security/PrivilegedActionException'> (0x00000000d79bd5f8) thrown at [/HUDSON/workspace/8-2-build-linux-amd64/jdk8u152/9742/hotspot/src/share/vm/prims/jvm.cpp, line 1390]
Event: 0.187 Thread 0x00007f89fc2a8000 Exception <a 'java/security/PrivilegedActionException'> (0x00000000d79bd808) thrown at [/HUDSON/workspace/8-2-build-linux-amd64/jdk8u152/9742/hotspot/src/share/vm/prims/jvm.cpp, line 1390]
Event: 0.188 Thread 0x00007f89fc2a8000 Exception <a 'java/security/PrivilegedActionException'> (0x00000000d79bfb30) thrown at [/HUDSON/workspace/8-2-build-linux-amd64/jdk8u152/9742/hotspot/src/share/vm/prims/jvm.cpp, line 1390]
Event: 0.188 Thread 0x00007f89fc2a8000 Exception <a 'java/security/PrivilegedActionException'> (0x00000000d79bfd40) thrown at [/HUDSON/workspace/8-2-build-linux-amd64/jdk8u152/9742/hotspot/src/share/vm/prims/jvm.cpp, line 1390]
Event: 0.847 Thread 0x00007f89fc00c000 Exception <a 'java/lang/NoSuchFieldError': method resolution failed> (0x00000000d8aee900) thrown at [/HUDSON/workspace/8-2-build-linux-amd64/jdk8u152/9742/hotspot/src/share/vm/prims/methodHandles.cpp, line 1167]
Event: 0.858 Thread 0x00007f89fc00c000 Exception <a 'java/lang/NoSuchFieldError': method resolution failed> (0x00000000d8afc890) thrown at [/HUDSON/workspace/8-2-build-linux-amd64/jdk8u152/9742/hotspot/src/share/vm/prims/methodHandles.cpp, line 1167]

Events (10 events):
Event: 30.675 Thread 0x00007f893c029800 Uncommon trap: trap_request=0xfffffff4 fr.pc=0x00007f89ed40b008
Event: 30.675 Thread 0x00007f893c029800 DEOPT PACKING pc=0x00007f89ed40b008 sp=0x00007f8915edd0f0
Event: 30.675 Thread 0x00007f893c029800 DEOPT UNPACKING pc=0x00007f89ed005229 sp=0x00007f8915edd0e0 mode 2
Event: 30.784 Thread 0x00007f89dc07a800 Thread added: 0x00007f89dc07a800
Event: 30.811 Executing VM operation: RevokeBias
Event: 30.811 Executing VM operation: RevokeBias done
Event: 30.811 Thread 0x00007f89dc07a800 Thread exited: 0x00007f89dc07a800
Event: 31.028 Thread 0x00007f893c02b800 Uncommon trap: trap_request=0xfffffff4 fr.pc=0x00007f89ed40e14c
Event: 31.028 Thread 0x00007f893c02b800 DEOPT PACKING pc=0x00007f89ed40e14c sp=0x00007f8915cdaff0
Event: 31.028 Thread 0x00007f893c02b800 DEOPT UNPACKING pc=0x00007f89ed005229 sp=0x00007f8915cdafe0 mode 2


Dynamic libraries:
00400000-00401000 r-xp 00000000 08:17 3810873                            /usr/local/jdk1.8.0_152/bin/java
00600000-00601000 rw-p 00000000 08:17 3810873                            /usr/local/jdk1.8.0_152/bin/java
01f7c000-020cf000 rw-p 00000000 00:00 0                                  [heap]
86200000-8b380000 rw-p 00000000 00:00 0 
8b380000-d7600000 ---p 00000000 00:00 0 
d7600000-dfc00000 rw-p 00000000 00:00 0 
dfc00000-100000000 ---p 00000000 00:00 0 
100000000-100120000 rw-p 00000000 00:00 0 
100120000-140000000 ---p 00000000 00:00 0 
7f8910000000-7f8910132000 rw-p 00000000 00:00 0 
7f8910132000-7f8914000000 ---p 00000000 00:00 0 
7f8915adb000-7f8915ade000 ---p 00000000 00:00 0 
7f8915ade000-7f8915bdc000 rw-p 00000000 00:00 0 
7f8915bdc000-7f8915bdf000 ---p 00000000 00:00 0 
7f8915bdf000-7f8915cdd000 rw-p 00000000 00:00 0 
7f8915cdd000-7f8915ce0000 ---p 00000000 00:00 0 
7f8915ce0000-7f8915dde000 rw-p 00000000 00:00 0 
7f8915dde000-7f8915de1000 ---p 00000000 00:00 0 
7f8915de1000-7f8915edf000 rw-p 00000000 00:00 0 
7f8915edf000-7f8915ee2000 ---p 00000000 00:00 0 
7f8915ee2000-7f8915fe0000 rw-p 00000000 00:00 0 
7f8915fe0000-7f8915fe3000 ---p 00000000 00:00 0 
7f8915fe3000-7f89160e1000 rw-p 00000000 00:00 0 
7f89160e1000-7f89160e4000 ---p 00000000 00:00 0 
7f89160e4000-7f89161e2000 rw-p 00000000 00:00 0 
7f89161e2000-7f89161e5000 ---p 00000000 00:00 0 
7f89161e5000-7f89162e3000 rw-p 00000000 00:00 0 
7f89162e3000-7f89162e6000 ---p 00000000 00:00 0 
7f89162e6000-7f89163e4000 rw-p 00000000 00:00 0 
7f89163e4000-7f89163e7000 ---p 00000000 00:00 0 
7f89163e7000-7f89164e5000 rw-p 00000000 00:00 0 
7f89164e5000-7f89164e8000 ---p 00000000 00:00 0 
7f89164e8000-7f89165e6000 rw-p 00000000 00:00 0 
7f89165e6000-7f89165e9000 ---p 00000000 00:00 0 
7f89165e9000-7f89166e7000 rw-p 00000000 00:00 0 
7f89166e7000-7f89166ea000 ---p 00000000 00:00 0 
7f89166ea000-7f89167e8000 rw-p 00000000 00:00 0 
7f89167e8000-7f89167eb000 ---p 00000000 00:00 0 
7f89167eb000-7f89168e9000 rw-p 00000000 00:00 0 
7f89168e9000-7f89168ec000 ---p 00000000 00:00 0 
7f89168ec000-7f89169ea000 rw-p 00000000 00:00 0 
7f89169ea000-7f89169ed000 ---p 00000000 00:00 0 
7f89169ed000-7f8916aeb000 rw-p 00000000 00:00 0 
7f8916aeb000-7f8916aee000 ---p 00000000 00:00 0 
7f8916aee000-7f8916bec000 rw-p 00000000 00:00 0 
7f8916bec000-7f8916bef000 ---p 00000000 00:00 0 
7f8916bef000-7f8916ced000 rw-p 00000000 00:00 0 
7f8916ced000-7f8916cf0000 ---p 00000000 00:00 0 
7f8916cf0000-7f8916dee000 rw-p 00000000 00:00 0 
7f8916dee000-7f8916df1000 ---p 00000000 00:00 0 
7f8916df1000-7f8916eef000 rw-p 00000000 00:00 0 
7f8916eef000-7f8916ef2000 ---p 00000000 00:00 0 
7f8916ef2000-7f8916ff0000 rw-p 00000000 00:00 0 
7f8916ff0000-7f8916ff3000 ---p 00000000 00:00 0 
7f8916ff3000-7f89170f1000 rw-p 00000000 00:00 0 
7f89170f1000-7f89170f4000 ---p 00000000 00:00 0 
7f89170f4000-7f89171f2000 rw-p 00000000 00:00 0 
7f89171f2000-7f89171f5000 ---p 00000000 00:00 0 
7f89171f5000-7f89172f3000 rw-p 00000000 00:00 0 
7f89172f3000-7f89172f6000 ---p 00000000 00:00 0 
7f89172f6000-7f89173f4000 rw-p 00000000 00:00 0 
7f89173f4000-7f89173f7000 ---p 00000000 00:00 0 
7f89173f7000-7f89174f5000 rw-p 00000000 00:00 0 
7f89174f5000-7f89174f8000 ---p 00000000 00:00 0 
7f89174f8000-7f89175f6000 rw-p 00000000 00:00 0 
7f89175f6000-7f89175f9000 ---p 00000000 00:00 0 
7f89175f9000-7f89176f7000 rw-p 00000000 00:00 0 
7f89176f7000-7f89176fa000 ---p 00000000 00:00 0 
7f89176fa000-7f89177f8000 rw-p 00000000 00:00 0 
7f89177f8000-7f89177fb000 ---p 00000000 00:00 0 
7f89177fb000-7f89178f9000 rw-p 00000000 00:00 0 
7f89178f9000-7f89178fc000 ---p 00000000 00:00 0 
7f89178fc000-7f89179fa000 rw-p 00000000 00:00 0 
7f89179fa000-7f89179fd000 ---p 00000000 00:00 0 
7f89179fd000-7f8917afb000 rw-p 00000000 00:00 0 
7f8917afb000-7f8917afe000 ---p 00000000 00:00 0 
7f8917afe000-7f8917bfc000 rw-p 00000000 00:00 0 
7f8917bfc000-7f8917bff000 ---p 00000000 00:00 0 
7f8917bff000-7f8917cfd000 rw-p 00000000 00:00 0 
7f8917cfd000-7f8917d00000 ---p 00000000 00:00 0 
7f8917d00000-7f8917dfe000 rw-p 00000000 00:00 0 
7f8917dfe000-7f8917e01000 ---p 00000000 00:00 0 
7f8917e01000-7f8917eff000 rw-p 00000000 00:00 0 
7f8917eff000-7f8917f02000 ---p 00000000 00:00 0 
7f8917f02000-7f8918000000 rw-p 00000000 00:00 0 
7f8918000000-7f8918132000 rw-p 00000000 00:00 0 
7f8918132000-7f891c000000 ---p 00000000 00:00 0 
7f891c000000-7f891c1a9000 rw-p 00000000 00:00 0 
7f891c1a9000-7f8920000000 ---p 00000000 00:00 0 
7f8920000000-7f8920136000 rw-p 00000000 00:00 0 
7f8920136000-7f8924000000 ---p 00000000 00:00 0 
7f8924000000-7f89241a8000 rw-p 00000000 00:00 0 
7f89241a8000-7f8928000000 ---p 00000000 00:00 0 
7f8928000000-7f8928021000 rw-p 00000000 00:00 0 
7f8928021000-7f892c000000 ---p 00000000 00:00 0 
7f892c000000-7f892c1a8000 rw-p 00000000 00:00 0 
7f892c1a8000-7f8930000000 ---p 00000000 00:00 0 
7f8930000000-7f8930073000 rw-p 00000000 00:00 0 
7f8930073000-7f8934000000 ---p 00000000 00:00 0 
7f8934000000-7f8934139000 rw-p 00000000 00:00 0 
7f8934139000-7f8938000000 ---p 00000000 00:00 0 
7f8938000000-7f8938134000 rw-p 00000000 00:00 0 
7f8938134000-7f893c000000 ---p 00000000 00:00 0 
7f893c000000-7f893c149000 rw-p 00000000 00:00 0 
7f893c149000-7f8940000000 ---p 00000000 00:00 0 
7f8940000000-7f8940135000 rw-p 00000000 00:00 0 
7f8940135000-7f8944000000 ---p 00000000 00:00 0 
7f89440a0000-7f89440a3000 ---p 00000000 00:00 0 
7f89440a3000-7f89441a1000 rw-p 00000000 00:00 0 
7f89441a1000-7f89441a4000 ---p 00000000 00:00 0 
7f89441a4000-7f89442a2000 rw-p 00000000 00:00 0 
7f89442a2000-7f89442a5000 ---p 00000000 00:00 0 
7f89442a5000-7f89457a4000 rw-p 00000000 00:00 0 
7f89457a4000-7f89457a5000 ---p 00000000 00:00 0 
7f89457a5000-7f8945fa5000 rw-p 00000000 00:00 0 
7f8945fa5000-7f8945fa6000 ---p 00000000 00:00 0 
7f8945fa6000-7f89467a6000 rw-p 00000000 00:00 0 
7f89467a6000-7f89467a7000 ---p 00000000 00:00 0 
7f89467a7000-7f8946fa7000 rw-p 00000000 00:00 0 
7f8946fa7000-7f8946fa8000 ---p 00000000 00:00 0 
7f8946fa8000-7f89477a8000 rw-p 00000000 00:00 0 
7f89477a8000-7f89477a9000 ---p 00000000 00:00 0 
7f89477a9000-7f8947fa9000 rw-p 00000000 00:00 0 
7f8947fa9000-7f8947faa000 ---p 00000000 00:00 0 
7f8947faa000-7f89487aa000 rw-p 00000000 00:00 0 
7f89487aa000-7f89487ab000 ---p 00000000 00:00 0 
7f89487ab000-7f8948fab000 rw-p 00000000 00:00 0 
7f8948fab000-7f8948fac000 ---p 00000000 00:00 0 
7f8948fac000-7f89497ac000 rw-p 00000000 00:00 0 
7f89497ac000-7f89497ad000 ---p 00000000 00:00 0 
7f89497ad000-7f8949fad000 rw-p 00000000 00:00 0 
7f8949fad000-7f8949fae000 ---p 00000000 00:00 0 
7f8949fae000-7f894a7ae000 rw-p 00000000 00:00 0 
7f894a7ae000-7f894a7af000 ---p 00000000 00:00 0 
7f894a7af000-7f894afaf000 rw-p 00000000 00:00 0 
7f894afaf000-7f894afb0000 ---p 00000000 00:00 0 
7f894afb0000-7f894f3b2000 rw-p 00000000 00:00 0 
7f894f3b2000-7f894f3b3000 ---p 00000000 00:00 0 
7f894f3b3000-7f894fbb3000 rw-p 00000000 00:00 0 
7f894fbb3000-7f894fbb4000 ---p 00000000 00:00 0 
7f894fbb4000-7f89503b4000 rw-p 00000000 00:00 0 
7f89503b4000-7f89503b5000 ---p 00000000 00:00 0 
7f89503b5000-7f8950bb5000 rw-p 00000000 00:00 0 
7f8950bb5000-7f8950bb6000 ---p 00000000 00:00 0 
7f8950bb6000-7f89513b6000 rw-p 00000000 00:00 0 
7f89513b6000-7f89513b7000 ---p 00000000 00:00 0 
7f89513b7000-7f8951bb7000 rw-p 00000000 00:00 0 
7f8951bb7000-7f8951bb8000 ---p 00000000 00:00 0 
7f8951bb8000-7f89523b8000 rw-p 00000000 00:00 0 
7f89523b8000-7f89523b9000 ---p 00000000 00:00 0 
7f89523b9000-7f8952bb9000 rw-p 00000000 00:00 0 
7f8952bb9000-7f8952bba000 ---p 00000000 00:00 0 
7f8952bba000-7f89533ba000 rw-p 00000000 00:00 0 
7f89533ba000-7f89533bb000 ---p 00000000 00:00 0 
7f89533bb000-7f8953bbb000 rw-p 00000000 00:00 0 
7f8953bbb000-7f8953bbc000 ---p 00000000 00:00 0 
7f8953bbc000-7f89543bc000 rw-p 00000000 00:00 0 
7f89543bc000-7f89543bd000 ---p 00000000 00:00 0 
7f89543bd000-7f8954bbd000 rw-p 00000000 00:00 0 
7f8954bbd000-7f8954bbe000 ---p 00000000 00:00 0 
7f8954bbe000-7f8958fc0000 rw-p 00000000 00:00 0 
7f8958fc0000-7f8958fc1000 ---p 00000000 00:00 0 
7f8958fc1000-7f89597c1000 rw-p 00000000 00:00 0 
7f89597c1000-7f89597c2000 ---p 00000000 00:00 0 
7f89597c2000-7f8959fc2000 rw-p 00000000 00:00 0 
7f8959fc2000-7f8959fc3000 ---p 00000000 00:00 0 
7f8959fc3000-7f895a7c3000 rw-p 00000000 00:00 0 
7f895a7c3000-7f895a7c4000 ---p 00000000 00:00 0 
7f895a7c4000-7f895afc4000 rw-p 00000000 00:00 0 
7f895afc4000-7f895afc5000 ---p 00000000 00:00 0 
7f895afc5000-7f895b7c5000 rw-p 00000000 00:00 0 
7f895b7c5000-7f895b7c6000 ---p 00000000 00:00 0 
7f895b7c6000-7f895bfc6000 rw-p 00000000 00:00 0 
7f895bfc6000-7f895bfc7000 ---p 00000000 00:00 0 
7f895bfc7000-7f895c7c7000 rw-p 00000000 00:00 0 
7f895c7c7000-7f895c7c8000 ---p 00000000 00:00 0 
7f895c7c8000-7f895cfc8000 rw-p 00000000 00:00 0 
7f895cfc8000-7f895cfc9000 ---p 00000000 00:00 0 
7f895cfc9000-7f895d7c9000 rw-p 00000000 00:00 0 
7f895d7c9000-7f895d7ca000 ---p 00000000 00:00 0 
7f895d7ca000-7f895dfca000 rw-p 00000000 00:00 0 
7f895dfca000-7f895dfcb000 ---p 00000000 00:00 0 
7f895dfcb000-7f895e7cb000 rw-p 00000000 00:00 0 
7f895e7cb000-7f895e7cc000 ---p 00000000 00:00 0 
7f895e7cc000-7f8962bce000 rw-p 00000000 00:00 0 
7f8962bce000-7f8962bcf000 ---p 00000000 00:00 0 
7f8962bcf000-7f89633cf000 rw-p 00000000 00:00 0 
7f89633cf000-7f89633d0000 ---p 00000000 00:00 0 
7f89633d0000-7f8963bd0000 rw-p 00000000 00:00 0 
7f8963bd0000-7f8963bd1000 ---p 00000000 00:00 0 
7f8963bd1000-7f89643d1000 rw-p 00000000 00:00 0 
7f89643d1000-7f89643d2000 ---p 00000000 00:00 0 
7f89643d2000-7f8964bd2000 rw-p 00000000 00:00 0 
7f8964bd2000-7f8964bd3000 ---p 00000000 00:00 0 
7f8964bd3000-7f89653d3000 rw-p 00000000 00:00 0 
7f89653d3000-7f89653d4000 ---p 00000000 00:00 0 
7f89653d4000-7f8965bd4000 rw-p 00000000 00:00 0 
7f8965bd4000-7f8965bd5000 ---p 00000000 00:00 0 
7f8965bd5000-7f89663d5000 rw-p 00000000 00:00 0 
7f89663d5000-7f89663d6000 ---p 00000000 00:00 0 
7f89663d6000-7f8966bd6000 rw-p 00000000 00:00 0 
7f8966bd6000-7f8966bd7000 ---p 00000000 00:00 0 
7f8966bd7000-7f89673d7000 rw-p 00000000 00:00 0 
7f89673d7000-7f89673d8000 ---p 00000000 00:00 0 
7f89673d8000-7f8967bd8000 rw-p 00000000 00:00 0 
7f8967bd8000-7f8967bd9000 ---p 00000000 00:00 0 
7f8967bd9000-7f89683d9000 rw-p 00000000 00:00 0 
7f89683d9000-7f89683da000 ---p 00000000 00:00 0 
7f89683da000-7f896c7dc000 rw-p 00000000 00:00 0 
7f896c7dc000-7f896c7dd000 ---p 00000000 00:00 0 
7f896c7dd000-7f896cfdd000 rw-p 00000000 00:00 0 
7f896cfdd000-7f896cfde000 ---p 00000000 00:00 0 
7f896cfde000-7f896d7de000 rw-p 00000000 00:00 0 
7f896d7de000-7f896d7df000 ---p 00000000 00:00 0 
7f896d7df000-7f896dfdf000 rw-p 00000000 00:00 0 
7f896dfdf000-7f896dfe0000 ---p 00000000 00:00 0 
7f896dfe0000-7f896e7e0000 rw-p 00000000 00:00 0 
7f896e7e0000-7f896e7e1000 ---p 00000000 00:00 0 
7f896e7e1000-7f896efe1000 rw-p 00000000 00:00 0 
7f896efe1000-7f896efe2000 ---p 00000000 00:00 0 
7f896efe2000-7f896f7e2000 rw-p 00000000 00:00 0 
7f896f7e2000-7f896f7e3000 ---p 00000000 00:00 0 
7f896f7e3000-7f896ffe3000 rw-p 00000000 00:00 0 
7f896ffe3000-7f896ffe4000 ---p 00000000 00:00 0 
7f896ffe4000-7f89707e4000 rw-p 00000000 00:00 0 
7f89707e4000-7f89707e5000 ---p 00000000 00:00 0 
7f89707e5000-7f8970fe5000 rw-p 00000000 00:00 0 
7f8970fe5000-7f8970fe6000 ---p 00000000 00:00 0 
7f8970fe6000-7f89717e6000 rw-p 00000000 00:00 0 
7f89717e6000-7f89717e7000 ---p 00000000 00:00 0 
7f89717e7000-7f8971fe7000 rw-p 00000000 00:00 0 
7f8971fe7000-7f8971fe8000 ---p 00000000 00:00 0 
7f8971fe8000-7f89763ea000 rw-p 00000000 00:00 0 
7f89763ea000-7f89763eb000 ---p 00000000 00:00 0 
7f89763eb000-7f8976beb000 rw-p 00000000 00:00 0 
7f8976beb000-7f8976bec000 ---p 00000000 00:00 0 
7f8976bec000-7f89773ec000 rw-p 00000000 00:00 0 
7f89773ec000-7f89773ed000 ---p 00000000 00:00 0 
7f89773ed000-7f8977bed000 rw-p 00000000 00:00 0 
7f8977bed000-7f8977bee000 ---p 00000000 00:00 0 
7f8977bee000-7f89783ee000 rw-p 00000000 00:00 0 
7f89783ee000-7f89783ef000 ---p 00000000 00:00 0 
7f89783ef000-7f8978bef000 rw-p 00000000 00:00 0 
7f8978bef000-7f8978bf0000 ---p 00000000 00:00 0 
7f8978bf0000-7f89793f0000 rw-p 00000000 00:00 0 
7f89793f0000-7f89793f1000 ---p 00000000 00:00 0 
7f89793f1000-7f8979bf1000 rw-p 00000000 00:00 0 
7f8979bf1000-7f8979bf2000 ---p 00000000 00:00 0 
7f8979bf2000-7f897a3f2000 rw-p 00000000 00:00 0 
7f897a3f2000-7f897a3f3000 ---p 00000000 00:00 0 
7f897a3f3000-7f897abf3000 rw-p 00000000 00:00 0 
7f897abf3000-7f897abf4000 ---p 00000000 00:00 0 
7f897abf4000-7f897b3f4000 rw-p 00000000 00:00 0 
7f897b3f4000-7f897b3f5000 ---p 00000000 00:00 0 
7f897b3f5000-7f897bbf5000 rw-p 00000000 00:00 0 
7f897bbf5000-7f897bbf6000 ---p 00000000 00:00 0 
7f897bbf6000-7f897fff8000 rw-p 00000000 00:00 0 
7f897fff8000-7f897fff9000 ---p 00000000 00:00 0 
7f897fff9000-7f89807f9000 rw-p 00000000 00:00 0 
7f89807f9000-7f89807fa000 ---p 00000000 00:00 0 
7f89807fa000-7f8980ffa000 rw-p 00000000 00:00 0 
7f8980ffa000-7f8980ffb000 ---p 00000000 00:00 0 
7f8980ffb000-7f89817fb000 rw-p 00000000 00:00 0 
7f89817fb000-7f89817fc000 ---p 00000000 00:00 0 
7f89817fc000-7f8981ffc000 rw-p 00000000 00:00 0 
7f8981ffc000-7f8981ffd000 ---p 00000000 00:00 0 
7f8981ffd000-7f89827fd000 rw-p 00000000 00:00 0 
7f89827fd000-7f89827fe000 ---p 00000000 00:00 0 
7f89827fe000-7f8982ffe000 rw-p 00000000 00:00 0 
7f8982ffe000-7f8982fff000 ---p 00000000 00:00 0 
7f8982fff000-7f89837ff000 rw-p 00000000 00:00 0 
7f89837ff000-7f8983800000 ---p 00000000 00:00 0 
7f8983800000-7f8984000000 rw-p 00000000 00:00 0 
7f8984000000-7f8984178000 rw-p 00000000 00:00 0 
7f8984178000-7f8988000000 ---p 00000000 00:00 0 
7f89880f6000-7f89880f9000 ---p 00000000 00:00 0 
7f89880f9000-7f89881f7000 rw-p 00000000 00:00 0 
7f89881f7000-7f89881fa000 ---p 00000000 00:00 0 
7f89881fa000-7f89882f8000 rw-p 00000000 00:00 0 
7f89882f8000-7f89882fb000 ---p 00000000 00:00 0 
7f89882fb000-7f89883f9000 rw-p 00000000 00:00 0 
7f89883f9000-7f89883fc000 ---p 00000000 00:00 0 
7f89883fc000-7f89884fa000 rw-p 00000000 00:00 0 
7f89884fa000-7f89884fd000 ---p 00000000 00:00 0 
7f89884fd000-7f89885fb000 rw-p 00000000 00:00 0 
7f89885fb000-7f89885fe000 ---p 00000000 00:00 0 
7f89885fe000-7f89886fc000 rw-p 00000000 00:00 0 
7f89886fc000-7f89886ff000 ---p 00000000 00:00 0 
7f89886ff000-7f89887fd000 rw-p 00000000 00:00 0 
7f89887fd000-7f89887fe000 ---p 00000000 00:00 0 
7f89887fe000-7f8988ffe000 rw-p 00000000 00:00 0 
7f8988ffe000-7f8988fff000 ---p 00000000 00:00 0 
7f8988fff000-7f898c000000 rw-p 00000000 00:00 0 
7f898c000000-7f898c047000 rw-p 00000000 00:00 0 
7f898c047000-7f8990000000 ---p 00000000 00:00 0 
7f899006e000-7f8990071000 ---p 00000000 00:00 0 
7f8990071000-7f899016f000 rw-p 00000000 00:00 0 
7f899016f000-7f8990170000 ---p 00000000 00:00 0 
7f8990170000-7f8990970000 rw-p 00000000 00:00 0 
7f8990970000-7f8990971000 ---p 00000000 00:00 0 
7f8990971000-7f8991231000 rw-p 00000000 00:00 0 
7f8991231000-7f8991371000 ---p 00000000 00:00 0 
7f8991371000-7f8991372000 ---p 00000000 00:00 0 
7f8991372000-7f8991b72000 rw-p 00000000 00:00 0 
7f8991b72000-7f8991cb2000 r-xp 00000000 08:17 99849                      /home/diamond/Documents/Controller/bin/linux-x86-64/libarcsoft_fsdk_face_detection.so
7f8991cb2000-7f8991eb2000 ---p 00140000 08:17 99849                      /home/diamond/Documents/Controller/bin/linux-x86-64/libarcsoft_fsdk_face_detection.so
7f8991eb2000-7f8991eb3000 r--p 00140000 08:17 99849                      /home/diamond/Documents/Controller/bin/linux-x86-64/libarcsoft_fsdk_face_detection.so
7f8991eb3000-7f8991eb4000 rw-p 00141000 08:17 99849                      /home/diamond/Documents/Controller/bin/linux-x86-64/libarcsoft_fsdk_face_detection.so
7f8991eb4000-7f89932b5000 rw-p 00000000 00:00 0 
7f89932b5000-7f89932b6000 ---p 00000000 00:00 0 
7f89932b6000-7f8993ab6000 rw-p 00000000 00:00 0 
7f8993ab6000-7f8993ab7000 ---p 00000000 00:00 0 
7f8993ab7000-7f89942b7000 rw-p 00000000 00:00 0 
7f89942b7000-7f89942b8000 ---p 00000000 00:00 0 
7f89942b8000-7f8994ab8000 rw-p 00000000 00:00 0 
7f8994ab8000-7f8994ab9000 ---p 00000000 00:00 0 
7f8994ab9000-7f89952b9000 rw-p 00000000 00:00 0 
7f89952b9000-7f89952ba000 ---p 00000000 00:00 0 
7f89952ba000-7f8995aba000 rw-p 00000000 00:00 0 
7f8995aba000-7f8995abb000 ---p 00000000 00:00 0 
7f8995abb000-7f89962bb000 rw-p 00000000 00:00 0 
7f89962bb000-7f89962bc000 ---p 00000000 00:00 0 
7f89962bc000-7f8996abc000 rw-p 00000000 00:00 0 
7f8996abc000-7f8996abd000 ---p 00000000 00:00 0 
7f8996abd000-7f89972bd000 rw-p 00000000 00:00 0 
7f89972bd000-7f89972be000 ---p 00000000 00:00 0 
7f89972be000-7f8997abe000 rw-p 00000000 00:00 0 
7f8997abe000-7f8997abf000 ---p 00000000 00:00 0 
7f8997abf000-7f89982bf000 rw-p 00000000 00:00 0 
7f89982bf000-7f89982c0000 ---p 00000000 00:00 0 
7f89982c0000-7f8998ac0000 rw-p 00000000 00:00 0 
7f8998ac0000-7f8998ac1000 ---p 00000000 00:00 0 
7f8998ac1000-7f89992c1000 rw-p 00000000 00:00 0 
7f89992c1000-7f89992c2000 ---p 00000000 00:00 0 
7f89992c2000-7f8999ac2000 rw-p 00000000 00:00 0 
7f8999ac2000-7f8999acb000 r-xp 00000000 08:17 266779                     /lib/x86_64-linux-gnu/libcrypt-2.23.so
7f8999acb000-7f8999cca000 ---p 00009000 08:17 266779                     /lib/x86_64-linux-gnu/libcrypt-2.23.so
7f8999cca000-7f8999ccb000 r--p 00008000 08:17 266779                     /lib/x86_64-linux-gnu/libcrypt-2.23.so
7f8999ccb000-7f8999ccc000 rw-p 00009000 08:17 266779                     /lib/x86_64-linux-gnu/libcrypt-2.23.so
7f8999ccc000-7f8999cfa000 rw-p 00000000 00:00 0 
7f8999cfa000-7f8999d41000 r-xp 00000000 08:17 3810210                    /usr/lib/x86_64-linux-gnu/libhx509.so.5.0.0
7f8999d41000-7f8999f40000 ---p 00047000 08:17 3810210                    /usr/lib/x86_64-linux-gnu/libhx509.so.5.0.0
7f8999f40000-7f8999f42000 r--p 00046000 08:17 3810210                    /usr/lib/x86_64-linux-gnu/libhx509.so.5.0.0
7f8999f42000-7f8999f44000 rw-p 00048000 08:17 3810210                    /usr/lib/x86_64-linux-gnu/libhx509.so.5.0.0
7f8999f44000-7f8999f45000 rw-p 00000000 00:00 0 
7f8999f45000-7f8999f53000 r-xp 00000000 08:17 3810192                    /usr/lib/x86_64-linux-gnu/libheimbase.so.1.0.0
7f8999f53000-7f899a152000 ---p 0000e000 08:17 3810192                    /usr/lib/x86_64-linux-gnu/libheimbase.so.1.0.0
7f899a152000-7f899a153000 r--p 0000d000 08:17 3810192                    /usr/lib/x86_64-linux-gnu/libheimbase.so.1.0.0
7f899a153000-7f899a154000 rw-p 0000e000 08:17 3810192                    /usr/lib/x86_64-linux-gnu/libheimbase.so.1.0.0
7f899a154000-7f899a17b000 r-xp 00000000 08:17 3810867                    /usr/lib/x86_64-linux-gnu/libwind.so.0.0.0
7f899a17b000-7f899a37b000 ---p 00027000 08:17 3810867                    /usr/lib/x86_64-linux-gnu/libwind.so.0.0.0
7f899a37b000-7f899a37c000 r--p 00027000 08:17 3810867                    /usr/lib/x86_64-linux-gnu/libwind.so.0.0.0
7f899a37c000-7f899a37d000 rw-p 00028000 08:17 3810867                    /usr/lib/x86_64-linux-gnu/libwind.so.0.0.0
7f899a37d000-7f899a384000 r-xp 00000000 08:17 3809925                    /usr/lib/x86_64-linux-gnu/libffi.so.6.0.4
7f899a384000-7f899a583000 ---p 00007000 08:17 3809925                    /usr/lib/x86_64-linux-gnu/libffi.so.6.0.4
7f899a583000-7f899a584000 r--p 00006000 08:17 3809925                    /usr/lib/x86_64-linux-gnu/libffi.so.6.0.4
7f899a584000-7f899a585000 rw-p 00007000 08:17 3809925                    /usr/lib/x86_64-linux-gnu/libffi.so.6.0.4
7f899a585000-7f899a59a000 r-xp 00000000 08:17 3810608                    /usr/lib/x86_64-linux-gnu/libroken.so.18.1.0
7f899a59a000-7f899a799000 ---p 00015000 08:17 3810608                    /usr/lib/x86_64-linux-gnu/libroken.so.18.1.0
7f899a799000-7f899a79a000 r--p 00014000 08:17 3810608                    /usr/lib/x86_64-linux-gnu/libroken.so.18.1.0
7f899a79a000-7f899a79b000 rw-p 00015000 08:17 3810608                    /usr/lib/x86_64-linux-gnu/libroken.so.18.1.0
7f899a79b000-7f899a7cb000 r-xp 00000000 08:17 3810190                    /usr/lib/x86_64-linux-gnu/libhcrypto.so.4.1.0
7f899a7cb000-7f899a9cb000 ---p 00030000 08:17 3810190                    /usr/lib/x86_64-linux-gnu/libhcrypto.so.4.1.0
7f899a9cb000-7f899a9cc000 r--p 00030000 08:17 3810190                    /usr/lib/x86_64-linux-gnu/libhcrypto.so.4.1.0
7f899a9cc000-7f899a9cd000 rw-p 00031000 08:17 3810190                    /usr/lib/x86_64-linux-gnu/libhcrypto.so.4.1.0
7f899a9cd000-7f899a9ce000 rw-p 00000000 00:00 0 
7f899a9ce000-7f899aa6d000 r-xp 00000000 08:17 3809627                    /usr/lib/x86_64-linux-gnu/libasn1.so.8.0.0
7f899aa6d000-7f899ac6c000 ---p 0009f000 08:17 3809627                    /usr/lib/x86_64-linux-gnu/libasn1.so.8.0.0
7f899ac6c000-7f899ac6d000 r--p 0009e000 08:17 3809627                    /usr/lib/x86_64-linux-gnu/libasn1.so.8.0.0
7f899ac6d000-7f899ac70000 rw-p 0009f000 08:17 3809627                    /usr/lib/x86_64-linux-gnu/libasn1.so.8.0.0
7f899ac70000-7f899acf4000 r-xp 00000000 08:17 3810297                    /usr/lib/x86_64-linux-gnu/libkrb5.so.26.0.0
7f899acf4000-7f899aef3000 ---p 00084000 08:17 3810297                    /usr/lib/x86_64-linux-gnu/libkrb5.so.26.0.0
7f899aef3000-7f899aef6000 r--p 00083000 08:17 3810297                    /usr/lib/x86_64-linux-gnu/libkrb5.so.26.0.0
7f899aef6000-7f899aef9000 rw-p 00086000 08:17 3810297                    /usr/lib/x86_64-linux-gnu/libkrb5.so.26.0.0
7f899aef9000-7f899aefa000 rw-p 00000000 00:00 0 
7f899aefa000-7f899af02000 r-xp 00000000 08:17 3810194                    /usr/lib/x86_64-linux-gnu/libheimntlm.so.0.1.0
7f899af02000-7f899b101000 ---p 00008000 08:17 3810194                    /usr/lib/x86_64-linux-gnu/libheimntlm.so.0.1.0
7f899b101000-7f899b102000 r--p 00007000 08:17 3810194                    /usr/lib/x86_64-linux-gnu/libheimntlm.so.0.1.0
7f899b102000-7f899b103000 rw-p 00008000 08:17 3810194                    /usr/lib/x86_64-linux-gnu/libheimntlm.so.0.1.0
7f899b103000-7f899b106000 r-xp 00000000 08:17 266830                     /lib/x86_64-linux-gnu/libkeyutils.so.1.5
7f899b106000-7f899b305000 ---p 00003000 08:17 266830                     /lib/x86_64-linux-gnu/libkeyutils.so.1.5
7f899b305000-7f899b306000 r--p 00002000 08:17 266830                     /lib/x86_64-linux-gnu/libkeyutils.so.1.5
7f899b306000-7f899b307000 rw-p 00003000 08:17 266830                     /lib/x86_64-linux-gnu/libkeyutils.so.1.5
7f899b307000-7f899b318000 r-xp 00000000 08:17 3810713                    /usr/lib/x86_64-linux-gnu/libtasn1.so.6.5.1
7f899b318000-7f899b518000 ---p 00011000 08:17 3810713                    /usr/lib/x86_64-linux-gnu/libtasn1.so.6.5.1
7f899b518000-7f899b519000 r--p 00011000 08:17 3810713                    /usr/lib/x86_64-linux-gnu/libtasn1.so.6.5.1
7f899b519000-7f899b51a000 rw-p 00012000 08:17 3810713                    /usr/lib/x86_64-linux-gnu/libtasn1.so.6.5.1
7f899b51a000-7f899b573000 r-xp 00000000 08:17 3810484                    /usr/lib/x86_64-linux-gnu/libp11-kit.so.0.1.0
7f899b573000-7f899b772000 ---p 00059000 08:17 3810484                    /usr/lib/x86_64-linux-gnu/libp11-kit.so.0.1.0
7f899b772000-7f899b77c000 r--p 00058000 08:17 3810484                    /usr/lib/x86_64-linux-gnu/libp11-kit.so.0.1.0
7f899b77c000-7f899b77e000 rw-p 00062000 08:17 3810484                    /usr/lib/x86_64-linux-gnu/libp11-kit.so.0.1.0
7f899b77e000-7f899b7bb000 r-xp 00000000 08:17 3810113                    /usr/lib/x86_64-linux-gnu/libgssapi.so.3.0.0
7f899b7bb000-7f899b9bb000 ---p 0003d000 08:17 3810113                    /usr/lib/x86_64-linux-gnu/libgssapi.so.3.0.0
7f899b9bb000-7f899b9bc000 r--p 0003d000 08:17 3810113                    /usr/lib/x86_64-linux-gnu/libgssapi.so.3.0.0
7f899b9bc000-7f899b9be000 rw-p 0003e000 08:17 3810113                    /usr/lib/x86_64-linux-gnu/libgssapi.so.3.0.0
7f899b9be000-7f899b9bf000 rw-p 00000000 00:00 0 
7f899b9bf000-7f899b9d8000 r-xp 00000000 08:17 3810635                    /usr/lib/x86_64-linux-gnu/libsasl2.so.2.0.25
7f899b9d8000-7f899bbd8000 ---p 00019000 08:17 3810635                    /usr/lib/x86_64-linux-gnu/libsasl2.so.2.0.25
7f899bbd8000-7f899bbd9000 r--p 00019000 08:17 3810635                    /usr/lib/x86_64-linux-gnu/libsasl2.so.2.0.25
7f899bbd9000-7f899bbda000 rw-p 0001a000 08:17 3810635                    /usr/lib/x86_64-linux-gnu/libsasl2.so.2.0.25
7f899bbda000-7f899bbf1000 r-xp 00000000 08:17 266921                     /lib/x86_64-linux-gnu/libresolv-2.23.so
7f899bbf1000-7f899bdf1000 ---p 00017000 08:17 266921                     /lib/x86_64-linux-gnu/libresolv-2.23.so
7f899bdf1000-7f899bdf2000 r--p 00017000 08:17 266921                     /lib/x86_64-linux-gnu/libresolv-2.23.so
7f899bdf2000-7f899bdf3000 rw-p 00018000 08:17 266921                     /lib/x86_64-linux-gnu/libresolv-2.23.so
7f899bdf3000-7f899bdf5000 rw-p 00000000 00:00 0 
7f899bdf5000-7f899bdff000 r-xp 00000000 08:17 3810301                    /usr/lib/x86_64-linux-gnu/libkrb5support.so.0.1
7f899bdff000-7f899bffe000 ---p 0000a000 08:17 3810301                    /usr/lib/x86_64-linux-gnu/libkrb5support.so.0.1
7f899bffe000-7f899bfff000 r--p 00009000 08:17 3810301                    /usr/lib/x86_64-linux-gnu/libkrb5support.so.0.1
7f899bfff000-7f899c000000 rw-p 0000a000 08:17 3810301                    /usr/lib/x86_64-linux-gnu/libkrb5support.so.0.1
7f899c000000-7f899c132000 rw-p 00000000 00:00 0 
7f899c132000-7f89a0000000 ---p 00000000 00:00 0 
7f89a005e000-7f89a0061000 r-xp 00000000 08:17 266778                     /lib/x86_64-linux-gnu/libcom_err.so.2.1
7f89a0061000-7f89a0260000 ---p 00003000 08:17 266778                     /lib/x86_64-linux-gnu/libcom_err.so.2.1
7f89a0260000-7f89a0261000 r--p 00002000 08:17 266778                     /lib/x86_64-linux-gnu/libcom_err.so.2.1
7f89a0261000-7f89a0262000 rw-p 00003000 08:17 266778                     /lib/x86_64-linux-gnu/libcom_err.so.2.1
7f89a0262000-7f89a028e000 r-xp 00000000 08:17 3810291                    /usr/lib/x86_64-linux-gnu/libk5crypto.so.3.1
7f89a028e000-7f89a048d000 ---p 0002c000 08:17 3810291                    /usr/lib/x86_64-linux-gnu/libk5crypto.so.3.1
7f89a048d000-7f89a048f000 r--p 0002b000 08:17 3810291                    /usr/lib/x86_64-linux-gnu/libk5crypto.so.3.1
7f89a048f000-7f89a0490000 rw-p 0002d000 08:17 3810291                    /usr/lib/x86_64-linux-gnu/libk5crypto.so.3.1
7f89a0490000-7f89a0491000 rw-p 00000000 00:00 0 
7f89a0491000-7f89a0554000 r-xp 00000000 08:17 3810299                    /usr/lib/x86_64-linux-gnu/libkrb5.so.3.3
7f89a0554000-7f89a0754000 ---p 000c3000 08:17 3810299                    /usr/lib/x86_64-linux-gnu/libkrb5.so.3.3
7f89a0754000-7f89a0761000 r--p 000c3000 08:17 3810299                    /usr/lib/x86_64-linux-gnu/libkrb5.so.3.3
7f89a0761000-7f89a0763000 rw-p 000d0000 08:17 3810299                    /usr/lib/x86_64-linux-gnu/libkrb5.so.3.3
7f89a0763000-7f89a07e2000 r-xp 00000000 08:17 3810058                    /usr/lib/x86_64-linux-gnu/libgmp.so.10.3.0
7f89a07e2000-7f89a09e1000 ---p 0007f000 08:17 3810058                    /usr/lib/x86_64-linux-gnu/libgmp.so.10.3.0
7f89a09e1000-7f89a09e2000 r--p 0007e000 08:17 3810058                    /usr/lib/x86_64-linux-gnu/libgmp.so.10.3.0
7f89a09e2000-7f89a09e3000 rw-p 0007f000 08:17 3810058                    /usr/lib/x86_64-linux-gnu/libgmp.so.10.3.0
7f89a09e3000-7f89a0a17000 r-xp 00000000 08:17 3810421                    /usr/lib/x86_64-linux-gnu/libnettle.so.6.2
7f89a0a17000-7f89a0c16000 ---p 00034000 08:17 3810421                    /usr/lib/x86_64-linux-gnu/libnettle.so.6.2
7f89a0c16000-7f89a0c18000 r--p 00033000 08:17 3810421                    /usr/lib/x86_64-linux-gnu/libnettle.so.6.2
7f89a0c18000-7f89a0c19000 rw-p 00035000 08:17 3810421                    /usr/lib/x86_64-linux-gnu/libnettle.so.6.2
7f89a0c19000-7f89a0c4b000 r-xp 00000000 08:17 3810196                    /usr/lib/x86_64-linux-gnu/libhogweed.so.4.2
7f89a0c4b000-7f89a0e4a000 ---p 00032000 08:17 3810196                    /usr/lib/x86_64-linux-gnu/libhogweed.so.4.2
7f89a0e4a000-7f89a0e4b000 r--p 00031000 08:17 3810196                    /usr/lib/x86_64-linux-gnu/libhogweed.so.4.2
7f89a0e4b000-7f89a0e4c000 rw-p 00032000 08:17 3810196                    /usr/lib/x86_64-linux-gnu/libhogweed.so.4.2
7f89a0e4c000-7f89a0f6f000 r-xp 00000000 08:17 3803369                    /usr/lib/x86_64-linux-gnu/libgnutls.so.30.6.2
7f89a0f6f000-7f89a116e000 ---p 00123000 08:17 3803369                    /usr/lib/x86_64-linux-gnu/libgnutls.so.30.6.2
7f89a116e000-7f89a1179000 r--p 00122000 08:17 3803369                    /usr/lib/x86_64-linux-gnu/libgnutls.so.30.6.2
7f89a1179000-7f89a117b000 rw-p 0012d000 08:17 3803369                    /usr/lib/x86_64-linux-gnu/libgnutls.so.30.6.2
7f89a117b000-7f89a117c000 rw-p 00000000 00:00 0 
7f89a117c000-7f89a1192000 r-xp 00000000 08:17 266807                     /lib/x86_64-linux-gnu/libgcc_s.so.1
7f89a1192000-7f89a1391000 ---p 00016000 08:17 266807                     /lib/x86_64-linux-gnu/libgcc_s.so.1
7f89a1391000-7f89a1392000 rw-p 00015000 08:17 266807                     /lib/x86_64-linux-gnu/libgcc_s.so.1
7f89a1392000-7f89a13ad000 r-xp 00000000 08:17 3824821                    /usr/local/lib/libz.so.1.2.9
7f89a13ad000-7f89a15ac000 ---p 0001b000 08:17 3824821                    /usr/local/lib/libz.so.1.2.9
7f89a15ac000-7f89a15ad000 r--p 0001a000 08:17 3824821                    /usr/local/lib/libz.so.1.2.9
7f89a15ad000-7f89a15ae000 rw-p 0001b000 08:17 3824821                    /usr/local/lib/libz.so.1.2.9
7f89a15ae000-7f89a15fb000 r-xp 00000000 08:17 3810312                    /usr/lib/x86_64-linux-gnu/libldap_r-2.4.so.2.10.5
7f89a15fb000-7f89a17fa000 ---p 0004d000 08:17 3810312                    /usr/lib/x86_64-linux-gnu/libldap_r-2.4.so.2.10.5
7f89a17fa000-7f89a17fc000 r--p 0004c000 08:17 3810312                    /usr/lib/x86_64-linux-gnu/libldap_r-2.4.so.2.10.5
7f89a17fc000-7f89a17fd000 rw-p 0004e000 08:17 3810312                    /usr/lib/x86_64-linux-gnu/libldap_r-2.4.so.2.10.5
7f89a17fd000-7f89a4000000 rw-p 00000000 00:00 0 
7f89a4000000-7f89a4021000 rw-p 00000000 00:00 0 
7f89a4021000-7f89a8000000 ---p 00000000 00:00 0 
7f89a8000000-7f89a8134000 rw-p 00000000 00:00 0 
7f89a8134000-7f89ac000000 ---p 00000000 00:00 0 
7f89ac000000-7f89ac143000 rw-p 00000000 00:00 0 
7f89ac143000-7f89b0000000 ---p 00000000 00:00 0 
7f89b0000000-7f89b02f4000 rw-p 00000000 00:00 0 
7f89b02f4000-7f89b4000000 ---p 00000000 00:00 0 
7f89b4000000-7f89b439b000 rw-p 00000000 00:00 0 
7f89b439b000-7f89b8000000 ---p 00000000 00:00 0 
7f89b8000000-7f89b8ca4000 rw-p 00000000 00:00 0 
7f89b8ca4000-7f89bc000000 ---p 00000000 00:00 0 
7f89bc0aa000-7f89bc0b7000 r-xp 00000000 08:17 3810307                    /usr/lib/x86_64-linux-gnu/liblber-2.4.so.2.10.5
7f89bc0b7000-7f89bc2b7000 ---p 0000d000 08:17 3810307                    /usr/lib/x86_64-linux-gnu/liblber-2.4.so.2.10.5
7f89bc2b7000-7f89bc2b8000 r--p 0000d000 08:17 3810307                    /usr/lib/x86_64-linux-gnu/liblber-2.4.so.2.10.5
7f89bc2b8000-7f89bc2b9000 rw-p 0000e000 08:17 3810307                    /usr/lib/x86_64-linux-gnu/liblber-2.4.so.2.10.5
7f89bc2b9000-7f89bc300000 r-xp 00000000 08:17 3810115                    /usr/lib/x86_64-linux-gnu/libgssapi_krb5.so.2.2
7f89bc300000-7f89bc4ff000 ---p 00047000 08:17 3810115                    /usr/lib/x86_64-linux-gnu/libgssapi_krb5.so.2.2
7f89bc4ff000-7f89bc501000 r--p 00046000 08:17 3810115                    /usr/lib/x86_64-linux-gnu/libgssapi_krb5.so.2.2
7f89bc501000-7f89bc503000 rw-p 00048000 08:17 3810115                    /usr/lib/x86_64-linux-gnu/libgssapi_krb5.so.2.2
7f89bc503000-7f89bc71d000 r-xp 00000000 08:17 266823                     /lib/x86_64-linux-gnu/libcrypto.so.1.0.0
7f89bc71d000-7f89bc91c000 ---p 0021a000 08:17 266823                     /lib/x86_64-linux-gnu/libcrypto.so.1.0.0
7f89bc91c000-7f89bc938000 r--p 00219000 08:17 266823                     /lib/x86_64-linux-gnu/libcrypto.so.1.0.0
7f89bc938000-7f89bc944000 rw-p 00235000 08:17 266823                     /lib/x86_64-linux-gnu/libcrypto.so.1.0.0
7f89bc944000-7f89bc947000 rw-p 00000000 00:00 0 
7f89bc947000-7f89bc9a5000 r-xp 00000000 08:17 266822                     /lib/x86_64-linux-gnu/libssl.so.1.0.0
7f89bc9a5000-7f89bcba5000 ---p 0005e000 08:17 266822                     /lib/x86_64-linux-gnu/libssl.so.1.0.0
7f89bcba5000-7f89bcba9000 r--p 0005e000 08:17 266822                     /lib/x86_64-linux-gnu/libssl.so.1.0.0
7f89bcba9000-7f89bcbb0000 rw-p 00062000 08:17 266822                     /lib/x86_64-linux-gnu/libssl.so.1.0.0
7f89bcbb0000-7f89bcbcb000 r-xp 00000000 08:17 3810616                    /usr/lib/x86_64-linux-gnu/librtmp.so.1
7f89bcbcb000-7f89bcdca000 ---p 0001b000 08:17 3810616                    /usr/lib/x86_64-linux-gnu/librtmp.so.1
7f89bcdca000-7f89bcdcb000 r--p 0001a000 08:17 3810616                    /usr/lib/x86_64-linux-gnu/librtmp.so.1
7f89bcdcb000-7f89bcdcc000 rw-p 0001b000 08:17 3810616                    /usr/lib/x86_64-linux-gnu/librtmp.so.1
7f89bcdcc000-7f89bcdfd000 r-xp 00000000 08:17 3803367                    /usr/lib/x86_64-linux-gnu/libidn.so.11.6.15
7f89bcdfd000-7f89bcffd000 ---p 00031000 08:17 3803367                    /usr/lib/x86_64-linux-gnu/libidn.so.11.6.15
7f89bcffd000-7f89bcffe000 r--p 00031000 08:17 3803367                    /usr/lib/x86_64-linux-gnu/libidn.so.11.6.15
7f89bcffe000-7f89bcfff000 rw-p 00032000 08:17 3803367                    /usr/lib/x86_64-linux-gnu/libidn.so.11.6.15
7f89bcfff000-7f89c0000000 rw-p 00000000 00:00 0 
7f89c0000000-7f89c0132000 rw-p 00000000 00:00 0 
7f89c0132000-7f89c4000000 ---p 00000000 00:00 0 
7f89c4000000-7f89c4021000 rw-p 00000000 00:00 0 
7f89c4021000-7f89c8000000 ---p 00000000 00:00 0 
7f89c8000000-7f89c813b000 rw-p 00000000 00:00 0 
7f89c813b000-7f89cc000000 ---p 00000000 00:00 0 
7f89cc000000-7f89cc132000 rw-p 00000000 00:00 0 
7f89cc132000-7f89d0000000 ---p 00000000 00:00 0 
7f89d0000000-7f89d0021000 rw-p 00000000 00:00 0 
7f89d0021000-7f89d4000000 ---p 00000000 00:00 0 
7f89d4000000-7f89d4021000 rw-p 00000000 00:00 0 
7f89d4021000-7f89d8000000 ---p 00000000 00:00 0 
7f89d8097000-7f89d809a000 ---p 00000000 00:00 0 
7f89d809a000-7f89d8198000 rw-p 00000000 00:00 0 
7f89d8198000-7f89d830a000 r-xp 00000000 08:17 3803290                    /usr/lib/x86_64-linux-gnu/libstdc++.so.6.0.21
7f89d830a000-7f89d850a000 ---p 00172000 08:17 3803290                    /usr/lib/x86_64-linux-gnu/libstdc++.so.6.0.21
7f89d850a000-7f89d8514000 r--p 00172000 08:17 3803290                    /usr/lib/x86_64-linux-gnu/libstdc++.so.6.0.21
7f89d8514000-7f89d8516000 rw-p 0017c000 08:17 3803290                    /usr/lib/x86_64-linux-gnu/libstdc++.so.6.0.21
7f89d8516000-7f89d851a000 rw-p 00000000 00:00 0 
7f89d851a000-7f89d85e9000 r-xp 00000000 08:17 3810694                    /usr/lib/x86_64-linux-gnu/libsqlite3.so.0.8.6
7f89d85e9000-7f89d87e9000 ---p 000cf000 08:17 3810694                    /usr/lib/x86_64-linux-gnu/libsqlite3.so.0.8.6
7f89d87e9000-7f89d87ec000 r--p 000cf000 08:17 3810694                    /usr/lib/x86_64-linux-gnu/libsqlite3.so.0.8.6
7f89d87ec000-7f89d87ee000 rw-p 000d2000 08:17 3810694                    /usr/lib/x86_64-linux-gnu/libsqlite3.so.0.8.6
7f89d87ee000-7f89d87ef000 rw-p 00000000 00:00 0 
7f89d87ef000-7f89d885a000 r-xp 00000000 08:17 3801208                    /usr/lib/x86_64-linux-gnu/libcurl.so.4.4.0
7f89d885a000-7f89d8a5a000 ---p 0006b000 08:17 3801208                    /usr/lib/x86_64-linux-gnu/libcurl.so.4.4.0
7f89d8a5a000-7f89d8a5d000 r--p 0006b000 08:17 3801208                    /usr/lib/x86_64-linux-gnu/libcurl.so.4.4.0
7f89d8a5d000-7f89d8a5e000 rw-p 0006e000 08:17 3801208                    /usr/lib/x86_64-linux-gnu/libcurl.so.4.4.0
7f89d8a8a000-7f89d948f000 r-xp 00000000 08:17 99859                      /home/diamond/Documents/Controller/bin/linux-x86-64/libarcsoft_fsdk_face_recognition.so
7f89d948f000-7f89d968e000 ---p 00a05000 08:17 99859                      /home/diamond/Documents/Controller/bin/linux-x86-64/libarcsoft_fsdk_face_recognition.so
7f89d968e000-7f89d968f000 r--p 00a04000 08:17 99859                      /home/diamond/Documents/Controller/bin/linux-x86-64/libarcsoft_fsdk_face_recognition.so
7f89d968f000-7f89da2ba000 rw-p 00a05000 08:17 99859                      /home/diamond/Documents/Controller/bin/linux-x86-64/libarcsoft_fsdk_face_recognition.so
7f89da2ba000-7f89da2bd000 ---p 00000000 00:00 0 
7f89da2bd000-7f89da2f3000 rw-p 00000000 00:00 0 
7f89da2f3000-7f89da30b000 r-xp 00000000 08:17 3594274                    /tmp/jna-1655054676/jna9019429398239238802.tmp (deleted)
7f89da30b000-7f89da50a000 ---p 00018000 08:17 3594274                    /tmp/jna-1655054676/jna9019429398239238802.tmp (deleted)
7f89da50a000-7f89da50c000 rw-p 00017000 08:17 3594274                    /tmp/jna-1655054676/jna9019429398239238802.tmp (deleted)
7f89da50c000-7f89da51d000 r-xp 00000000 08:17 3880230                    /usr/local/jdk1.8.0_152/jre/lib/amd64/libnio.so
7f89da51d000-7f89da71c000 ---p 00011000 08:17 3880230                    /usr/local/jdk1.8.0_152/jre/lib/amd64/libnio.so
7f89da71c000-7f89da71d000 rw-p 00010000 08:17 3880230                    /usr/local/jdk1.8.0_152/jre/lib/amd64/libnio.so
7f89da71d000-7f89da720000 ---p 00000000 00:00 0 
7f89da720000-7f89da81e000 rw-p 00000000 00:00 0 
7f89da81e000-7f89da81f000 ---p 00000000 00:00 0 
7f89da81f000-7f89da91f000 rw-p 00000000 00:00 0 
7f89da91f000-7f89da922000 ---p 00000000 00:00 0 
7f89da922000-7f89daa20000 rw-p 00000000 00:00 0 
7f89daa20000-7f89daa23000 ---p 00000000 00:00 0 
7f89daa23000-7f89dab21000 rw-p 00000000 00:00 0 
7f89dab21000-7f89dab37000 r-xp 00000000 08:17 3880227                    /usr/local/jdk1.8.0_152/jre/lib/amd64/libnet.so
7f89dab37000-7f89dad37000 ---p 00016000 08:17 3880227                    /usr/local/jdk1.8.0_152/jre/lib/amd64/libnet.so
7f89dad37000-7f89dad38000 rw-p 00016000 08:17 3880227                    /usr/local/jdk1.8.0_152/jre/lib/amd64/libnet.so
7f89dad38000-7f89dad3b000 ---p 00000000 00:00 0 
7f89dad3b000-7f89dae39000 rw-p 00000000 00:00 0 
7f89dae39000-7f89dae3c000 ---p 00000000 00:00 0 
7f89dae3c000-7f89daf3a000 rw-p 00000000 00:00 0 
7f89daf3a000-7f89daf3d000 ---p 00000000 00:00 0 
7f89daf3d000-7f89db03b000 rw-p 00000000 00:00 0 
7f89db03b000-7f89db03e000 ---p 00000000 00:00 0 
7f89db03e000-7f89db13c000 rw-p 00000000 00:00 0 
7f89db13c000-7f89dbafb000 r--p 00000000 08:17 3808503                    /usr/lib/locale/locale-archive
7f89dbafb000-7f89dbafe000 ---p 00000000 00:00 0 
7f89dbafe000-7f89dbbfc000 rw-p 00000000 00:00 0 
7f89dbbfc000-7f89dbbff000 ---p 00000000 00:00 0 
7f89dbbff000-7f89dbcfd000 rw-p 00000000 00:00 0 
7f89dbcfd000-7f89dbcfe000 ---p 00000000 00:00 0 
7f89dbcfe000-7f89dc000000 rw-p 00000000 00:00 0 
7f89dc000000-7f89dc13b000 rw-p 00000000 00:00 0 
7f89dc13b000-7f89e0000000 ---p 00000000 00:00 0 
7f89e0000000-7f89e0136000 rw-p 00000000 00:00 0 
7f89e0136000-7f89e4000000 ---p 00000000 00:00 0 
7f89e4000000-7f89e413b000 rw-p 00000000 00:00 0 
7f89e413b000-7f89e8000000 ---p 00000000 00:00 0 
7f89e8005000-7f89ed000000 rw-p 00000000 00:00 0 
7f89ed000000-7f89ed420000 rwxp 00000000 00:00 0 
7f89ed420000-7f89fc000000 ---p 00000000 00:00 0 
7f89fc000000-7f89fcd19000 rw-p 00000000 00:00 0 
7f89fcd19000-7f8a00000000 ---p 00000000 00:00 0 
7f8a00016000-7f8a0001b000 r--s 0009a000 08:17 3880107                    /usr/local/jdk1.8.0_152/jre/lib/jsse.jar
7f8a0001b000-7f8a00020000 r--s 002f9000 08:17 3880056                    /usr/local/jdk1.8.0_152/jre/lib/charsets.jar
7f8a00020000-7f8a0002a000 r--s 000eb000 08:17 69177                      /home/diamond/Documents/Controller/lib/mysql-connector-java-5.1.44-bin.jar
7f8a0002a000-7f8a0002d000 r--s 00024000 08:17 79461                      /home/diamond/Documents/Controller/lib/json-lib-2.4-jdk15.jar
7f8a0002d000-7f8a00031000 r--s 00107000 08:17 69176                      /home/diamond/Documents/Controller/lib/jna-4.4.0.jar
7f8a00031000-7f8a0003f000 r--s 0007f000 08:17 79458                      /home/diamond/Documents/Controller/lib/commons-collections-3.2.1.jar
7f8a0003f000-7f8a000d4000 r--s 01113000 08:17 3880111                    /usr/local/jdk1.8.0_152/jre/lib/ext/jfxrt.jar
7f8a000d4000-7f8a00325000 rw-p 00000000 00:00 0 
7f8a00325000-7f8a004ff000 r--s 03d5f000 08:17 3880058                    /usr/local/jdk1.8.0_152/jre/lib/rt.jar
7f8a004ff000-7f8a00944000 rw-p 00000000 00:00 0 
7f8a00944000-7f8a00945000 ---p 00000000 00:00 0 
7f8a00945000-7f8a00a45000 rw-p 00000000 00:00 0 
7f8a00a45000-7f8a00a46000 ---p 00000000 00:00 0 
7f8a00a46000-7f8a00b46000 rw-p 00000000 00:00 0 
7f8a00b46000-7f8a00b47000 ---p 00000000 00:00 0 
7f8a00b47000-7f8a00c47000 rw-p 00000000 00:00 0 
7f8a00c47000-7f8a00c48000 ---p 00000000 00:00 0 
7f8a00c48000-7f8a00d71000 rw-p 00000000 00:00 0 
7f8a00d71000-7f8a00fd2000 ---p 00000000 00:00 0 
7f8a00fd2000-7f8a00ffb000 rw-p 00000000 00:00 0 
7f8a00ffb000-7f8a0125c000 ---p 00000000 00:00 0 
7f8a0125c000-7f8a0129f000 rw-p 00000000 00:00 0 
7f8a0129f000-7f8a013a1000 ---p 00000000 00:00 0 
7f8a013a1000-7f8a013b3000 rw-p 00000000 00:00 0 
7f8a013b3000-7f8a01762000 ---p 00000000 00:00 0 
7f8a01762000-7f8a0177d000 r-xp 00000000 08:17 3880223                    /usr/local/jdk1.8.0_152/jre/lib/amd64/libzip.so
7f8a0177d000-7f8a0197d000 ---p 0001b000 08:17 3880223                    /usr/local/jdk1.8.0_152/jre/lib/amd64/libzip.so
7f8a0197d000-7f8a0197e000 rw-p 0001b000 08:17 3880223                    /usr/local/jdk1.8.0_152/jre/lib/amd64/libzip.so
7f8a0197e000-7f8a01989000 r-xp 00000000 08:17 266868                     /lib/x86_64-linux-gnu/libnss_files-2.23.so
7f8a01989000-7f8a01b88000 ---p 0000b000 08:17 266868                     /lib/x86_64-linux-gnu/libnss_files-2.23.so
7f8a01b88000-7f8a01b89000 r--p 0000a000 08:17 266868                     /lib/x86_64-linux-gnu/libnss_files-2.23.so
7f8a01b89000-7f8a01b8a000 rw-p 0000b000 08:17 266868                     /lib/x86_64-linux-gnu/libnss_files-2.23.so
7f8a01b8a000-7f8a01b90000 rw-p 00000000 00:00 0 
7f8a01b90000-7f8a01b9b000 r-xp 00000000 08:17 266878                     /lib/x86_64-linux-gnu/libnss_nis-2.23.so
7f8a01b9b000-7f8a01d9a000 ---p 0000b000 08:17 266878                     /lib/x86_64-linux-gnu/libnss_nis-2.23.so
7f8a01d9a000-7f8a01d9b000 r--p 0000a000 08:17 266878                     /lib/x86_64-linux-gnu/libnss_nis-2.23.so
7f8a01d9b000-7f8a01d9c000 rw-p 0000b000 08:17 266878                     /lib/x86_64-linux-gnu/libnss_nis-2.23.so
7f8a01d9c000-7f8a01db2000 r-xp 00000000 08:17 266862                     /lib/x86_64-linux-gnu/libnsl-2.23.so
7f8a01db2000-7f8a01fb1000 ---p 00016000 08:17 266862                     /lib/x86_64-linux-gnu/libnsl-2.23.so
7f8a01fb1000-7f8a01fb2000 r--p 00015000 08:17 266862                     /lib/x86_64-linux-gnu/libnsl-2.23.so
7f8a01fb2000-7f8a01fb3000 rw-p 00016000 08:17 266862                     /lib/x86_64-linux-gnu/libnsl-2.23.so
7f8a01fb3000-7f8a01fb5000 rw-p 00000000 00:00 0 
7f8a01fb5000-7f8a01fbd000 r-xp 00000000 08:17 266864                     /lib/x86_64-linux-gnu/libnss_compat-2.23.so
7f8a01fbd000-7f8a021bc000 ---p 00008000 08:17 266864                     /lib/x86_64-linux-gnu/libnss_compat-2.23.so
7f8a021bc000-7f8a021bd000 r--p 00007000 08:17 266864                     /lib/x86_64-linux-gnu/libnss_compat-2.23.so
7f8a021bd000-7f8a021be000 rw-p 00008000 08:17 266864                     /lib/x86_64-linux-gnu/libnss_compat-2.23.so
7f8a021be000-7f8a021c8000 r-xp 00000000 08:17 3880232                    /usr/local/jdk1.8.0_152/jre/lib/amd64/libinstrument.so
7f8a021c8000-7f8a023c7000 ---p 0000a000 08:17 3880232                    /usr/local/jdk1.8.0_152/jre/lib/amd64/libinstrument.so
7f8a023c7000-7f8a023c8000 rw-p 00009000 08:17 3880232                    /usr/local/jdk1.8.0_152/jre/lib/amd64/libinstrument.so
7f8a023c8000-7f8a023f3000 r-xp 00000000 08:17 3880217                    /usr/local/jdk1.8.0_152/jre/lib/amd64/libjava.so
7f8a023f3000-7f8a025f2000 ---p 0002b000 08:17 3880217                    /usr/local/jdk1.8.0_152/jre/lib/amd64/libjava.so
7f8a025f2000-7f8a025f4000 rw-p 0002a000 08:17 3880217                    /usr/local/jdk1.8.0_152/jre/lib/amd64/libjava.so
7f8a025f4000-7f8a02601000 r-xp 00000000 08:17 3880222                    /usr/local/jdk1.8.0_152/jre/lib/amd64/libverify.so
7f8a02601000-7f8a02801000 ---p 0000d000 08:17 3880222                    /usr/local/jdk1.8.0_152/jre/lib/amd64/libverify.so
7f8a02801000-7f8a02803000 rw-p 0000d000 08:17 3880222                    /usr/local/jdk1.8.0_152/jre/lib/amd64/libverify.so
7f8a02803000-7f8a0280a000 r-xp 00000000 08:17 266923                     /lib/x86_64-linux-gnu/librt-2.23.so
7f8a0280a000-7f8a02a09000 ---p 00007000 08:17 266923                     /lib/x86_64-linux-gnu/librt-2.23.so
7f8a02a09000-7f8a02a0a000 r--p 00006000 08:17 266923                     /lib/x86_64-linux-gnu/librt-2.23.so
7f8a02a0a000-7f8a02a0b000 rw-p 00007000 08:17 266923                     /lib/x86_64-linux-gnu/librt-2.23.so
7f8a02a0b000-7f8a02b13000 r-xp 00000000 08:17 266839                     /lib/x86_64-linux-gnu/libm-2.23.so
7f8a02b13000-7f8a02d12000 ---p 00108000 08:17 266839                     /lib/x86_64-linux-gnu/libm-2.23.so
7f8a02d12000-7f8a02d13000 r--p 00107000 08:17 266839                     /lib/x86_64-linux-gnu/libm-2.23.so
7f8a02d13000-7f8a02d14000 rw-p 00108000 08:17 266839                     /lib/x86_64-linux-gnu/libm-2.23.so
7f8a02d14000-7f8a039ec000 r-xp 00000000 08:17 3880200                    /usr/local/jdk1.8.0_152/jre/lib/amd64/server/libjvm.so
7f8a039ec000-7f8a03beb000 ---p 00cd8000 08:17 3880200                    /usr/local/jdk1.8.0_152/jre/lib/amd64/server/libjvm.so
7f8a03beb000-7f8a03cc5000 rw-p 00cd7000 08:17 3880200                    /usr/local/jdk1.8.0_152/jre/lib/amd64/server/libjvm.so
7f8a03cc5000-7f8a03d10000 rw-p 00000000 00:00 0 
7f8a03d10000-7f8a03ed0000 r-xp 00000000 08:17 266769                     /lib/x86_64-linux-gnu/libc-2.23.so
7f8a03ed0000-7f8a040d0000 ---p 001c0000 08:17 266769                     /lib/x86_64-linux-gnu/libc-2.23.so
7f8a040d0000-7f8a040d4000 r--p 001c0000 08:17 266769                     /lib/x86_64-linux-gnu/libc-2.23.so
7f8a040d4000-7f8a040d6000 rw-p 001c4000 08:17 266769                     /lib/x86_64-linux-gnu/libc-2.23.so
7f8a040d6000-7f8a040da000 rw-p 00000000 00:00 0 
7f8a040da000-7f8a040dd000 r-xp 00000000 08:17 266793                     /lib/x86_64-linux-gnu/libdl-2.23.so
7f8a040dd000-7f8a042dc000 ---p 00003000 08:17 266793                     /lib/x86_64-linux-gnu/libdl-2.23.so
7f8a042dc000-7f8a042dd000 r--p 00002000 08:17 266793                     /lib/x86_64-linux-gnu/libdl-2.23.so
7f8a042dd000-7f8a042de000 rw-p 00003000 08:17 266793                     /lib/x86_64-linux-gnu/libdl-2.23.so
7f8a042de000-7f8a042f4000 r-xp 00000000 08:17 3879918                    /usr/local/jdk1.8.0_152/lib/amd64/jli/libjli.so
7f8a042f4000-7f8a044f3000 ---p 00016000 08:17 3879918                    /usr/local/jdk1.8.0_152/lib/amd64/jli/libjli.so
7f8a044f3000-7f8a044f4000 rw-p 00015000 08:17 3879918                    /usr/local/jdk1.8.0_152/lib/amd64/jli/libjli.so
7f8a044f4000-7f8a0450c000 r-xp 00000000 08:17 266915                     /lib/x86_64-linux-gnu/libpthread-2.23.so
7f8a0450c000-7f8a0470b000 ---p 00018000 08:17 266915                     /lib/x86_64-linux-gnu/libpthread-2.23.so
7f8a0470b000-7f8a0470c000 r--p 00017000 08:17 266915                     /lib/x86_64-linux-gnu/libpthread-2.23.so
7f8a0470c000-7f8a0470d000 rw-p 00018000 08:17 266915                     /lib/x86_64-linux-gnu/libpthread-2.23.so
7f8a0470d000-7f8a04711000 rw-p 00000000 00:00 0 
7f8a04711000-7f8a04737000 r-xp 00000000 08:17 266741                     /lib/x86_64-linux-gnu/ld-2.23.so
7f8a04737000-7f8a04739000 r--s 0001a000 08:17 18339                      /home/diamond/soft/idea-IU-173.3942.27/lib/idea_rt.jar
7f8a04739000-7f8a0473c000 r--s 00013000 08:17 79443                      /home/diamond/Documents/Controller/lib/ezmorph-1.0.6.jar
7f8a0473c000-7f8a0473e000 r--s 0000d000 08:17 79460                      /home/diamond/Documents/Controller/lib/commons-logging-1.1.1.jar
7f8a0473e000-7f8a04743000 r--s 00034000 08:17 79459                      /home/diamond/Documents/Controller/lib/commons-beanutils-1.8.0.jar
7f8a04743000-7f8a04756000 r--s 00345000 08:17 3880093                    /usr/local/jdk1.8.0_152/jre/lib/resources.jar
7f8a04756000-7f8a04769000 r--s 000d6000 08:17 3880030                    /usr/local/jdk1.8.0_152/jre/lib/plugin.jar
7f8a04769000-7f8a0476e000 r--s 0009a000 08:17 3880107                    /usr/local/jdk1.8.0_152/jre/lib/jsse.jar
7f8a0476e000-7f8a04770000 r--s 00007000 08:17 3880245                    /usr/local/jdk1.8.0_152/jre/lib/jfxswt.jar
7f8a04770000-7f8a04775000 r--s 00084000 08:17 3880007                    /usr/local/jdk1.8.0_152/jre/lib/jfr.jar
7f8a04775000-7f8a04778000 r--s 0001a000 08:17 3880243                    /usr/local/jdk1.8.0_152/jre/lib/jce.jar
7f8a04778000-7f8a04781000 r--s 0006d000 08:17 3880017                    /usr/local/jdk1.8.0_152/jre/lib/javaws.jar
7f8a04781000-7f8a04803000 rw-p 00000000 00:00 0 
7f8a04803000-7f8a04806000 ---p 00000000 00:00 0 
7f8a04806000-7f8a04908000 rw-p 00000000 00:00 0 
7f8a04908000-7f8a04909000 r--s 00000000 08:17 3880014                    /usr/local/jdk1.8.0_152/jre/lib/management-agent.jar
7f8a04909000-7f8a04925000 r--s 0020b000 08:17 3880008                    /usr/local/jdk1.8.0_152/jre/lib/deploy.jar
7f8a04925000-7f8a0492a000 r--s 002f9000 08:17 3880056                    /usr/local/jdk1.8.0_152/jre/lib/charsets.jar
7f8a0492a000-7f8a04932000 rw-s 00000000 08:17 3594263                    /tmp/hsperfdata_diamond/16861
7f8a04932000-7f8a04933000 rw-p 00000000 00:00 0 
7f8a04933000-7f8a04934000 r--p 00000000 00:00 0 
7f8a04934000-7f8a04936000 rw-p 00000000 00:00 0 
7f8a04936000-7f8a04937000 r--p 00025000 08:17 266741                     /lib/x86_64-linux-gnu/ld-2.23.so
7f8a04937000-7f8a04938000 rw-p 00026000 08:17 266741                     /lib/x86_64-linux-gnu/ld-2.23.so
7f8a04938000-7f8a04939000 rw-p 00000000 00:00 0 
7ffe05759000-7ffe0577b000 rw-p 00000000 00:00 0                          [stack]
7ffe05796000-7ffe05798000 r--p 00000000 00:00 0                          [vvar]
7ffe05798000-7ffe0579a000 r-xp 00000000 00:00 0                          [vdso]
ffffffffff600000-ffffffffff601000 r-xp 00000000 00:00 0                  [vsyscall]

VM Arguments:
jvm_args: -javaagent:/home/diamond/soft/idea-IU-173.3942.27/lib/idea_rt.jar=46529:/home/diamond/soft/idea-IU-173.3942.27/bin -Dfile.encoding=UTF-8 
java_command: com.moma.Controller
java_class_path (initial): /usr/local/jdk1.8.0_152/jre/lib/charsets.jar:/usr/local/jdk1.8.0_152/jre/lib/deploy.jar:/usr/local/jdk1.8.0_152/jre/lib/ext/cldrdata.jar:/usr/local/jdk1.8.0_152/jre/lib/ext/dnsns.jar:/usr/local/jdk1.8.0_152/jre/lib/ext/jaccess.jar:/usr/local/jdk1.8.0_152/jre/lib/ext/jfxrt.jar:/usr/local/jdk1.8.0_152/jre/lib/ext/localedata.jar:/usr/local/jdk1.8.0_152/jre/lib/ext/nashorn.jar:/usr/local/jdk1.8.0_152/jre/lib/ext/sunec.jar:/usr/local/jdk1.8.0_152/jre/lib/ext/sunjce_provider.jar:/usr/local/jdk1.8.0_152/jre/lib/ext/sunpkcs11.jar:/usr/local/jdk1.8.0_152/jre/lib/ext/zipfs.jar:/usr/local/jdk1.8.0_152/jre/lib/javaws.jar:/usr/local/jdk1.8.0_152/jre/lib/jce.jar:/usr/local/jdk1.8.0_152/jre/lib/jfr.jar:/usr/local/jdk1.8.0_152/jre/lib/jfxswt.jar:/usr/local/jdk1.8.0_152/jre/lib/jsse.jar:/usr/local/jdk1.8.0_152/jre/lib/management-agent.jar:/usr/local/jdk1.8.0_152/jre/lib/plugin.jar:/usr/local/jdk1.8.0_152/jre/lib/resources.jar:/usr/local/jdk1.8.0_152/jre/lib/rt.jar:/home/diamond/Documents/Controller/out/production/Controller:/home/diamond/Documents/Controller/lib/commons-beanutils-1.8.0.jar:/home/diamond/Documents/Controller/lib/commons-logging-1.1.1.jar:/home/diamond/Documents/Controller/lib/commons-collections-3.2.1.jar:/home/diamond/Documents/Controller/lib/ezmorph-1.0.6.jar:/home/diamond/Documents/Controller/lib/jna-4.4.0.jar:/home/diamond/Documents/Controller/lib/json-lib-2.4-jdk15.jar:/home/diamond/Documents/Controller/lib/mysql-connector-java-5.1.44-bin.jar:/home/diamond/soft/idea-IU-173.3942.27/lib/idea_rt.jar
Launcher Type: SUN_STANDARD

Environment Variables:
JAVA_HOME=/usr/local/jdk1.8.0_152/
JRE_HOME=/usr/local/jdk1.8.0_152//jre
CLASSPATH=/home/diamond/soft/idea-IU-173.3942.27/lib/bootstrap.jar:/home/diamond/soft/idea-IU-173.3942.27/lib/extensions.jar:/home/diamond/soft/idea-IU-173.3942.27/lib/util.jar:/home/diamond/soft/idea-IU-173.3942.27/lib/jdom.jar:/home/diamond/soft/idea-IU-173.3942.27/lib/log4j.jar:/home/diamond/soft/idea-IU-173.3942.27/lib/trove4j.jar:/home/diamond/soft/idea-IU-173.3942.27/lib/jna.jar:/home/diamond/soft/idea-IU-173.3942.27/jre64/lib/tools.jar
PATH=/home/diamond/bin:/home/diamond/.local/bin:/usr/local/cuda-8.0/bin:/usr/local/sbin:/usr/local/bin:/usr/sbin:/usr/bin:/sbin:/bin:/usr/games:/usr/local/games:/snap/bin:/usr/local/jdk1.8.0_152//bin:/usr/local/jdk1.8.0_152//jre/bin
LD_LIBRARY_PATH=/usr/local/cuda-8.0/lib64
SHELL=/bin/bash
DISPLAY=:0

Signal Handlers:
SIGSEGV: [libjvm.so+0xacfec0], sa_mask[0]=11111111011111111101111111111110, sa_flags=SA_RESTART|SA_SIGINFO
SIGBUS: [libjvm.so+0xacfec0], sa_mask[0]=11111111011111111101111111111110, sa_flags=SA_RESTART|SA_SIGINFO
SIGFPE: [libjvm.so+0x927e60], sa_mask[0]=11111111011111111101111111111110, sa_flags=SA_RESTART|SA_SIGINFO
SIGPIPE: [libjvm.so+0x927e60], sa_mask[0]=11111111011111111101111111111110, sa_flags=SA_RESTART|SA_SIGINFO
SIGXFSZ: [libjvm.so+0x927e60], sa_mask[0]=11111111011111111101111111111110, sa_flags=SA_RESTART|SA_SIGINFO
SIGILL: [libjvm.so+0x927e60], sa_mask[0]=11111111011111111101111111111110, sa_flags=SA_RESTART|SA_SIGINFO
SIGUSR1: SIG_DFL, sa_mask[0]=00000000000000000000000000000000, sa_flags=none
SIGUSR2: [libjvm.so+0x9296a0], sa_mask[0]=00100000000000000000000000000000, sa_flags=SA_RESTART|SA_SIGINFO
SIGHUP: [libjvm.so+0x92aaa0], sa_mask[0]=11111111011111111101111111111110, sa_flags=SA_RESTART|SA_SIGINFO
SIGINT: [libarcsoft_fsdk_face_detection.so+0x3700], sa_mask[0]=00000000000000000000000000000000, sa_flags=SA_SIGINFO|SA_NOCLDWAIT
SIGTERM: [libjvm.so+0x92aaa0], sa_mask[0]=11111111011111111101111111111110, sa_flags=SA_RESTART|SA_SIGINFO
SIGQUIT: [libjvm.so+0x92aaa0], sa_mask[0]=11111111011111111101111111111110, sa_flags=SA_RESTART|SA_SIGINFO


---------------  S Y S T E M  ---------------

OS:DISTRIB_ID=Ubuntu
DISTRIB_RELEASE=16.04
DISTRIB_CODENAME=xenial
DISTRIB_DESCRIPTION="Ubuntu 16.04.3 LTS"

uname:Linux 4.10.0-42-generic #46~16.04.1-Ubuntu SMP Mon Dec 4 15:57:59 UTC 2017 x86_64
libc:glibc 2.23 NPTL 2.23 
rlimit: STACK 8192k, CORE 0k, NPROC 30234, NOFILE 1048576, AS infinity
load average:0.39 0.50 0.83

/proc/meminfo:
MemTotal:        7986184 kB
MemFree:          140328 kB
MemAvailable:    1905572 kB
Buffers:          140292 kB
Cached:          1794756 kB
SwapCached:         7708 kB
Active:          6195904 kB
Inactive:        1197772 kB
Active(anon):    4778708 kB
Inactive(anon):   725248 kB
Active(file):    1417196 kB
Inactive(file):   472524 kB
Unevictable:         232 kB
Mlocked:             232 kB
SwapTotal:       4097020 kB
SwapFree:        4038496 kB
Dirty:               176 kB
Writeback:             0 kB
AnonPages:       5341312 kB
Mapped:           524940 kB
Shmem:             45328 kB
Slab:             245292 kB
SReclaimable:     182388 kB
SUnreclaim:        62904 kB
KernelStack:       17808 kB
PageTables:        64348 kB
NFS_Unstable:          0 kB
Bounce:                0 kB
WritebackTmp:          0 kB
CommitLimit:     8090112 kB
Committed_AS:   13245276 kB
VmallocTotal:   34359738367 kB
VmallocUsed:           0 kB
VmallocChunk:          0 kB
HardwareCorrupted:     0 kB
AnonHugePages:   3241984 kB
ShmemHugePages:        0 kB
ShmemPmdMapped:        0 kB
CmaTotal:              0 kB
CmaFree:               0 kB
HugePages_Total:       0
HugePages_Free:        0
HugePages_Rsvd:        0
HugePages_Surp:        0
Hugepagesize:       2048 kB
DirectMap4k:      302980 kB
DirectMap2M:     7899136 kB


CPU:total 4 (initial active 4) (2 cores per cpu, 2 threads per core) family 6 model 58 stepping 9, cmov, cx8, fxsr, mmx, sse, sse2, sse3, ssse3, sse4.1, sse4.2, popcnt, avx, aes, clmul, erms, ht, tsc, tscinvbit, tscinv

/proc/cpuinfo:
processor	: 0
vendor_id	: GenuineIntel
cpu family	: 6
model		: 58
model name	: Intel(R) Core(TM) i5-3210M CPU @ 2.50GHz
stepping	: 9
microcode	: 0x15
cpu MHz		: 2280.883
cache size	: 3072 KB
physical id	: 0
siblings	: 4
core id		: 0
cpu cores	: 2
apicid		: 0
initial apicid	: 0
fpu		: yes
fpu_exception	: yes
cpuid level	: 13
wp		: yes
flags		: fpu vme de pse tsc msr pae mce cx8 apic sep mtrr pge mca cmov pat pse36 clflush dts acpi mmx fxsr sse sse2 ss ht tm pbe syscall nx rdtscp lm constant_tsc arch_perfmon pebs bts rep_good nopl xtopology nonstop_tsc aperfmperf pni pclmulqdq dtes64 monitor ds_cpl vmx est tm2 ssse3 cx16 xtpr pdcm pcid sse4_1 sse4_2 x2apic popcnt tsc_deadline_timer aes xsave avx f16c rdrand lahf_lm epb tpr_shadow vnmi flexpriority ept vpid fsgsbase smep erms xsaveopt dtherm ida arat pln pts
bugs		:
bogomips	: 4988.88
clflush size	: 64
cache_alignment	: 64
address sizes	: 36 bits physical, 48 bits virtual
power management:

processor	: 1
vendor_id	: GenuineIntel
cpu family	: 6
model		: 58
model name	: Intel(R) Core(TM) i5-3210M CPU @ 2.50GHz
stepping	: 9
microcode	: 0x15
cpu MHz		: 2513.122
cache size	: 3072 KB
physical id	: 0
siblings	: 4
core id		: 0
cpu cores	: 2
apicid		: 1
initial apicid	: 1
fpu		: yes
fpu_exception	: yes
cpuid level	: 13
wp		: yes
flags		: fpu vme de pse tsc msr pae mce cx8 apic sep mtrr pge mca cmov pat pse36 clflush dts acpi mmx fxsr sse sse2 ss ht tm pbe syscall nx rdtscp lm constant_tsc arch_perfmon pebs bts rep_good nopl xtopology nonstop_tsc aperfmperf pni pclmulqdq dtes64 monitor ds_cpl vmx est tm2 ssse3 cx16 xtpr pdcm pcid sse4_1 sse4_2 x2apic popcnt tsc_deadline_timer aes xsave avx f16c rdrand lahf_lm epb tpr_shadow vnmi flexpriority ept vpid fsgsbase smep erms xsaveopt dtherm ida arat pln pts
bugs		:
bogomips	: 4988.88
clflush size	: 64
cache_alignment	: 64
address sizes	: 36 bits physical, 48 bits virtual
power management:

processor	: 2
vendor_id	: GenuineIntel
cpu family	: 6
model		: 58
model name	: Intel(R) Core(TM) i5-3210M CPU @ 2.50GHz
stepping	: 9
microcode	: 0x15
cpu MHz		: 2303.619
cache size	: 3072 KB
physical id	: 0
siblings	: 4
core id		: 1
cpu cores	: 2
apicid		: 2
initial apicid	: 2
fpu		: yes
fpu_exception	: yes
cpuid level	: 13
wp		: yes
flags		: fpu vme de pse tsc msr pae mce cx8 apic sep mtrr pge mca cmov pat pse36 clflush dts acpi mmx fxsr sse sse2 ss ht tm pbe syscall nx rdtscp lm constant_tsc arch_perfmon pebs bts rep_good nopl xtopology nonstop_tsc aperfmperf pni pclmulqdq dtes64 monitor ds_cpl vmx est tm2 ssse3 cx16 xtpr pdcm pcid sse4_1 sse4_2 x2apic popcnt tsc_deadline_timer aes xsave avx f16c rdrand lahf_lm epb tpr_shadow vnmi flexpriority ept vpid fsgsbase smep erms xsaveopt dtherm ida arat pln pts
bugs		:
bogomips	: 4988.88
clflush size	: 64
cache_alignment	: 64
address sizes	: 36 bits physical, 48 bits virtual
power management:

processor	: 3
vendor_id	: GenuineIntel
cpu family	: 6
model		: 58
model name	: Intel(R) Core(TM) i5-3210M CPU @ 2.50GHz
stepping	: 9
microcode	: 0x15
cpu MHz		: 2650.756
cache size	: 3072 KB
physical id	: 0
siblings	: 4
core id		: 1
cpu cores	: 2
apicid		: 3
initial apicid	: 3
fpu		: yes
fpu_exception	: yes
cpuid level	: 13
wp		: yes
flags		: fpu vme de pse tsc msr pae mce cx8 apic sep mtrr pge mca cmov pat pse36 clflush dts acpi mmx fxsr sse sse2 ss ht tm pbe syscall nx rdtscp lm constant_tsc arch_perfmon pebs bts rep_good nopl xtopology nonstop_tsc aperfmperf pni pclmulqdq dtes64 monitor ds_cpl vmx est tm2 ssse3 cx16 xtpr pdcm pcid sse4_1 sse4_2 x2apic popcnt tsc_deadline_timer aes xsave avx f16c rdrand lahf_lm epb tpr_shadow vnmi flexpriority ept vpid fsgsbase smep erms xsaveopt dtherm ida arat pln pts
bugs		:
bogomips	: 4988.88
clflush size	: 64
cache_alignment	: 64
address sizes	: 36 bits physical, 48 bits virtual
power management:



Memory: 4k page, physical 7986184k(140328k free), swap 4097020k(4038496k free)

vm_info: Java HotSpot(TM) 64-Bit Server VM (25.152-b16) for linux-amd64 JRE (1.8.0_152-b16), built on Sep 14 2017 02:16:14 by "java_re" with gcc 4.3.0 20080428 (Red Hat 4.3.0-8)

time: Thu Jan 18 16:14:14 2018
elapsed time: 31 seconds (0d 0h 0m 31s)

