#
# A fatal error has been detected by the Java Runtime Environment:
#
#  SIGSEGV (0xb) at pc=0x00007f4d5c261880, pid=4679, tid=0x00007f4d18b7b700
#
# JRE version: Java(TM) SE Runtime Environment (8.0_152-b16) (build 1.8.0_152-b16)
# Java VM: Java HotSpot(TM) 64-Bit Server VM (25.152-b16 mixed mode linux-amd64 compressed oops)
# Problematic frame:
# C  [libarcsoft_fsdk_face_recognition.so+0x2e880]
#
# Failed to write core dump. Core dumps have been disabled. To enable core dumping, try "ulimit -c unlimited" before starting Java again
#
# If you would like to submit a bug report, please visit:
#   http://bugreport.java.com/bugreport/crash.jsp
#

---------------  T H R E A D  ---------------

Current thread is native thread

siginfo: si_signo: 11 (SIGSEGV), si_code: 2 (SEGV_ACCERR), si_addr: 0x00007f4d3c2b9ee0

Registers:
RAX=0x00007f4d3c2b9ee0, RBX=0x00007f4c9baf8480, RCX=0x00000000000282d0, RDX=0x0000000000001900
RSP=0x00007f4d18b7ae98, RBP=0x0000000000143c55, RSI=0x00000000000000dc, RDI=0x00000000000000db
R8 =0x000000000a802000, R9 =0x00007f4d117ff841, R10=0x00000000000044d7, R11=0x00007f4d11813101
R12=0x00000000000000f2, R13=0x00000000fffff7b1, R14=0x00007f4c9baed7c0, R15=0x0000000000027eaa
RIP=0x00007f4d5c261880, EFLAGS=0x0000000000010202, CSGSFS=0x002b000000000033, ERR=0x0000000000000004
  TRAPNO=0x000000000000000e

Top of Stack: (sp=0x00007f4d18b7ae98)
0x00007f4d18b7ae98:   0000000100000280 00007f4d1188eaec
0x00007f4d18b7aea8:   00007f4d1188eaf0 00007f4d1188eaf4
0x00007f4d18b7aeb8:   00007f4d5da226c0 00007f4d11907d70
0x00007f4d18b7aec8:   fffdc62d001444a4 00007f4d11907d70
0x00007f4d18b7aed8:   00007f4d11907d20 00007f4d11907d70
0x00007f4d18b7aee8:   00007f4d11907d48 00007f4d11907da0
0x00007f4d18b7aef8:   00007f4d5c257970 00007f4c9baed800
0x00007f4d18b7af08:   00007f4d5c26567f 0000000000000000
0x00007f4d18b7af18:   0000013400000000 0000000000000000
0x00007f4d18b7af28:   0000000000000000 0000000000000000
0x00007f4d18b7af38:   0000000000000000 00007f4d8c0d759f
0x00007f4d18b7af48:   00007f4d18b7b9c0 0000000000000001
0x00007f4d18b7af58:   00007f4d8bcd16ba 0000000000000000
0x00007f4d18b7af68:   00007f4d18b7b700 00007f4d18b7b700
0x00007f4d18b7af78:   424d7b9e9c9c9f7e 0000000000000000
0x00007f4d18b7af88:   00007f4d8c0d759f 00007f4d18b7b9c0
0x00007f4d18b7af98:   0000000000000001 bcd74af1c25c9f7e
0x00007f4d18b7afa8:   bcd66c04b0669f7e 0000000000000000
0x00007f4d18b7afb8:   0000000000000000 0000000000000000
0x00007f4d18b7afc8:   0000000000000000 0000000000000000
0x00007f4d18b7afd8:   0000000000000000 0000000000000000
0x00007f4d18b7afe8:   0000000000000000 00007f4d18b7b700
0x00007f4d18b7aff8:   00007f4d8b5ed3dd 0000000000000000
0x00007f4d18b7b008:   0000000000000000 0000000000000000
0x00007f4d18b7b018:   0000000000000000 0000000000000000
0x00007f4d18b7b028:   0000000000000000 0000000000000000
0x00007f4d18b7b038:   0000000000000000 0000000000000000
0x00007f4d18b7b048:   0000000000000000 0000000000000000
0x00007f4d18b7b058:   0000000000000000 0000000000000000
0x00007f4d18b7b068:   0000000000000000 0000000000000000
0x00007f4d18b7b078:   0000000000000000 0000000000000000
0x00007f4d18b7b088:   0000000000000000 0000000000000000 

Instructions: (pc=0x00007f4d5c261880)
0x00007f4d5c261860:   d8 c1 fa 11 0f af 54 24 b8 48 63 d2 48 01 d0 48
0x00007f4d5c261870:   03 44 24 d0 81 3b 01 08 00 00 0f 84 e0 00 00 00
0x00007f4d5c261880:   0f b6 10 0f b6 48 01 89 f8 d1 e9 d1 ea c1 f8 04
0x00007f4d5c261890:   48 83 7c 24 20 00 0f 84 94 00 00 00 c1 e0 07 48 

Register to memory mapping:

RAX=0x00007f4d3c2b9ee0 is an unknown value
RBX=0x00007f4c9baf8480 is pointing into the stack for thread: 0x00007f4cc0028800
RCX=0x00000000000282d0 is an unknown value
RDX=0x0000000000001900 is an unknown value
RSP=0x00007f4d18b7ae98 is an unknown value
RBP=0x0000000000143c55 is an unknown value
RSI=0x00000000000000dc is an unknown value
RDI=0x00000000000000db is an unknown value
R8 =0x000000000a802000 is an unknown value
R9 =0x00007f4d117ff841 is an unknown value
R10=0x00000000000044d7 is an unknown value
R11=0x00007f4d11813101 is an unknown value
R12=0x00000000000000f2 is an unknown value
R13=0x00000000fffff7b1 is an unallocated location in the heap
R14=0x00007f4c9baed7c0 is pointing into the stack for thread: 0x00007f4cc0028800
R15=0x0000000000027eaa is an unknown value


Stack: [0x00007f4d1837b000,0x00007f4d18b7c000],  sp=0x00007f4d18b7ae98,  free space=8191k
Native frames: (J=compiled Java code, j=interpreted, Vv=VM code, C=native code)
C  [libarcsoft_fsdk_face_recognition.so+0x2e880]


---------------  P R O C E S S  ---------------

VM state:not at safepoint (normal execution)

VM Mutex/Monitor currently owned by a thread: None

Heap:
 PSYoungGen      total 130560K, used 37021K [0x00000000d7600000, 0x00000000dfd00000, 0x0000000100000000)
  eden space 124416K, 26% used [0x00000000d7600000,0x00000000d96a1190,0x00000000def80000)
  from space 6144K, 58% used [0x00000000df600000,0x00000000df986538,0x00000000dfc00000)
  to   space 6656K, 0% used [0x00000000def80000,0x00000000def80000,0x00000000df600000)
 ParOldGen       total 83456K, used 953K [0x0000000086200000, 0x000000008b380000, 0x00000000d7600000)
  object space 83456K, 1% used [0x0000000086200000,0x00000000862ee598,0x000000008b380000)
 Metaspace       used 9703K, capacity 9894K, committed 10112K, reserved 1058816K
  class space    used 1026K, capacity 1095K, committed 1152K, reserved 1048576K

Card table byte_map: [0x00007f4d887a8000,0x00007f4d88b78000] byte_map_base: 0x00007f4d88377000

Marking Bits: (ParMarkBitMap*) 0x00007f4d8b4b91a0
 Begin Bits: [0x00007f4d60310000, 0x00007f4d62188000)
 End Bits:   [0x00007f4d62188000, 0x00007f4d64000000)

Polling page: 0x00007f4d8c109000

CodeCache: size=245760Kb used=3887Kb max_used=3892Kb free=241872Kb
 bounds [0x00007f4d75000000, 0x00007f4d753e0000, 0x00007f4d84000000]
 total_blobs=1401 nmethods=1003 adapters=311
 compilation: enabled

Compilation events (10 events):
Event: 1496.511 Thread 0x00007f4d84265000 1017       3       java.net.URI$Parser::at (20 bytes)
Event: 1496.511 Thread 0x00007f4d84265000 nmethod 1017 0x00007f4d75147f50 code [0x00007f4d751480e0, 0x00007f4d75148588]
Event: 1497.243 Thread 0x00007f4d84265000 1018       3       com.sun.jna.Structure$StructField::<init> (15 bytes)
Event: 1497.244 Thread 0x00007f4d84265000 nmethod 1018 0x00007f4d75115a90 code [0x00007f4d75115c00, 0x00007f4d75115db0]
Event: 1497.252 Thread 0x00007f4d84265000 1019       3       java.util.regex.Pattern$Curly::match (86 bytes)
Event: 1497.252 Thread 0x00007f4d84260800 1021       4       sun.reflect.ByteVectorImpl::add (38 bytes)
Event: 1497.253 Thread 0x00007f4d84265000 nmethod 1019 0x00007f4d7510b8d0 code [0x00007f4d7510ba80, 0x00007f4d7510c098]
Event: 1497.253 Thread 0x00007f4d84265000 1020   !   3       sun.reflect.UTF8::encode (191 bytes)
Event: 1497.254 Thread 0x00007f4d84260800 nmethod 1021 0x00007f4d75120490 code [0x00007f4d751205e0, 0x00007f4d751206e8]
Event: 1497.254 Thread 0x00007f4d84265000 nmethod 1020 0x00007f4d75174ed0 code [0x00007f4d751750c0, 0x00007f4d751759e8]

GC Heap History (10 events):
Event: 2.969 GC heap before
{Heap before GC invocations=2 (full 0):
 PSYoungGen      total 36352K, used 36327K [0x00000000d7600000, 0x00000000d9e80000, 0x0000000100000000)
  eden space 31232K, 100% used [0x00000000d7600000,0x00000000d9480000,0x00000000d9480000)
  from space 5120K, 99% used [0x00000000d9480000,0x00000000d9979d98,0x00000000d9980000)
  to   space 5120K, 0% used [0x00000000d9980000,0x00000000d9980000,0x00000000d9e80000)
 ParOldGen       total 83456K, used 881K [0x0000000086200000, 0x000000008b380000, 0x00000000d7600000)
  object space 83456K, 1% used [0x0000000086200000,0x00000000862dc598,0x000000008b380000)
 Metaspace       used 9038K, capacity 9230K, committed 9600K, reserved 1058816K
  class space    used 979K, capacity 1027K, committed 1152K, reserved 1048576K
Event: 2.973 GC heap after
Heap after GC invocations=2 (full 0):
 PSYoungGen      total 36352K, used 3461K [0x00000000d7600000, 0x00000000d9e80000, 0x0000000100000000)
  eden space 31232K, 0% used [0x00000000d7600000,0x00000000d7600000,0x00000000d9480000)
  from space 5120K, 67% used [0x00000000d9980000,0x00000000d9ce1638,0x00000000d9e80000)
  to   space 5120K, 0% used [0x00000000d9480000,0x00000000d9480000,0x00000000d9980000)
 ParOldGen       total 83456K, used 889K [0x0000000086200000, 0x000000008b380000, 0x00000000d7600000)
  object space 83456K, 1% used [0x0000000086200000,0x00000000862de598,0x000000008b380000)
 Metaspace       used 9038K, capacity 9230K, committed 9600K, reserved 1058816K
  class space    used 979K, capacity 1027K, committed 1152K, reserved 1048576K
}
Event: 3.046 GC heap before
{Heap before GC invocations=3 (full 0):
 PSYoungGen      total 36352K, used 34674K [0x00000000d7600000, 0x00000000d9e80000, 0x0000000100000000)
  eden space 31232K, 99% used [0x00000000d7600000,0x00000000d947b388,0x00000000d9480000)
  from space 5120K, 67% used [0x00000000d9980000,0x00000000d9ce1638,0x00000000d9e80000)
  to   space 5120K, 0% used [0x00000000d9480000,0x00000000d9480000,0x00000000d9980000)
 ParOldGen       total 83456K, used 889K [0x0000000086200000, 0x000000008b380000, 0x00000000d7600000)
  object space 83456K, 1% used [0x0000000086200000,0x00000000862de598,0x000000008b380000)
 Metaspace       used 9096K, capacity 9294K, committed 9600K, reserved 1058816K
  class space    used 979K, capacity 1027K, committed 1152K, reserved 1048576K
Event: 3.049 GC heap after
Heap after GC invocations=3 (full 0):
 PSYoungGen      total 36352K, used 5000K [0x00000000d7600000, 0x00000000dbd00000, 0x0000000100000000)
  eden space 31232K, 0% used [0x00000000d7600000,0x00000000d7600000,0x00000000d9480000)
  from space 5120K, 97% used [0x00000000d9480000,0x00000000d99623c0,0x00000000d9980000)
  to   space 5120K, 0% used [0x00000000db800000,0x00000000db800000,0x00000000dbd00000)
 ParOldGen       total 83456K, used 897K [0x0000000086200000, 0x000000008b380000, 0x00000000d7600000)
  object space 83456K, 1% used [0x0000000086200000,0x00000000862e0598,0x000000008b380000)
 Metaspace       used 9096K, capacity 9294K, committed 9600K, reserved 1058816K
  class space    used 979K, capacity 1027K, committed 1152K, reserved 1048576K
}
Event: 3.136 GC heap before
{Heap before GC invocations=4 (full 0):
 PSYoungGen      total 36352K, used 36232K [0x00000000d7600000, 0x00000000dbd00000, 0x0000000100000000)
  eden space 31232K, 100% used [0x00000000d7600000,0x00000000d9480000,0x00000000d9480000)
  from space 5120K, 97% used [0x00000000d9480000,0x00000000d99623c0,0x00000000d9980000)
  to   space 5120K, 0% used [0x00000000db800000,0x00000000db800000,0x00000000dbd00000)
 ParOldGen       total 83456K, used 897K [0x0000000086200000, 0x000000008b380000, 0x00000000d7600000)
  object space 83456K, 1% used [0x0000000086200000,0x00000000862e0598,0x000000008b380000)
 Metaspace       used 9160K, capacity 9294K, committed 9600K, reserved 1058816K
  class space    used 979K, capacity 1027K, committed 1152K, reserved 1048576K
Event: 3.140 GC heap after
Heap after GC invocations=4 (full 0):
 PSYoungGen      total 67584K, used 4343K [0x00000000d7600000, 0x00000000dbd00000, 0x0000000100000000)
  eden space 62464K, 0% used [0x00000000d7600000,0x00000000d7600000,0x00000000db300000)
  from space 5120K, 84% used [0x00000000db800000,0x00000000dbc3df90,0x00000000dbd00000)
  to   space 5120K, 0% used [0x00000000db300000,0x00000000db300000,0x00000000db800000)
 ParOldGen       total 83456K, used 905K [0x0000000086200000, 0x000000008b380000, 0x00000000d7600000)
  object space 83456K, 1% used [0x0000000086200000,0x00000000862e2598,0x000000008b380000)
 Metaspace       used 9160K, capacity 9294K, committed 9600K, reserved 1058816K
  class space    used 979K, capacity 1027K, committed 1152K, reserved 1048576K
}
Event: 3.294 GC heap before
{Heap before GC invocations=5 (full 0):
 PSYoungGen      total 67584K, used 66807K [0x00000000d7600000, 0x00000000dbd00000, 0x0000000100000000)
  eden space 62464K, 100% used [0x00000000d7600000,0x00000000db300000,0x00000000db300000)
  from space 5120K, 84% used [0x00000000db800000,0x00000000dbc3df90,0x00000000dbd00000)
  to   space 5120K, 0% used [0x00000000db300000,0x00000000db300000,0x00000000db800000)
 ParOldGen       total 83456K, used 905K [0x0000000086200000, 0x000000008b380000, 0x00000000d7600000)
  object space 83456K, 1% used [0x0000000086200000,0x00000000862e2598,0x000000008b380000)
 Metaspace       used 9222K, capacity 9364K, committed 9600K, reserved 1058816K
  class space    used 980K, capacity 1028K, committed 1152K, reserved 1048576K
Event: 3.299 GC heap after
Heap after GC invocations=5 (full 0):
 PSYoungGen      total 67584K, used 5118K [0x00000000d7600000, 0x00000000dfc00000, 0x0000000100000000)
  eden space 62464K, 0% used [0x00000000d7600000,0x00000000d7600000,0x00000000db300000)
  from space 5120K, 99% used [0x00000000db300000,0x00000000db7ffbc0,0x00000000db800000)
  to   space 6144K, 0% used [0x00000000df600000,0x00000000df600000,0x00000000dfc00000)
 ParOldGen       total 83456K, used 945K [0x0000000086200000, 0x000000008b380000, 0x00000000d7600000)
  object space 83456K, 1% used [0x0000000086200000,0x00000000862ec598,0x000000008b380000)
 Metaspace       used 9222K, capacity 9364K, committed 9600K, reserved 1058816K
  class space    used 980K, capacity 1028K, committed 1152K, reserved 1048576K
}
Event: 386.264 GC heap before
{Heap before GC invocations=6 (full 0):
 PSYoungGen      total 67584K, used 67582K [0x00000000d7600000, 0x00000000dfc00000, 0x0000000100000000)
  eden space 62464K, 100% used [0x00000000d7600000,0x00000000db300000,0x00000000db300000)
  from space 5120K, 99% used [0x00000000db300000,0x00000000db7ffbc0,0x00000000db800000)
  to   space 6144K, 0% used [0x00000000df600000,0x00000000df600000,0x00000000dfc00000)
 ParOldGen       total 83456K, used 945K [0x0000000086200000, 0x000000008b380000, 0x00000000d7600000)
  object space 83456K, 1% used [0x0000000086200000,0x00000000862ec598,0x000000008b380000)
 Metaspace       used 9643K, capacity 9818K, committed 10112K, reserved 1058816K
  class space    used 1025K, capacity 1093K, committed 1152K, reserved 1048576K
Event: 386.273 GC heap after
Heap after GC invocations=6 (full 0):
 PSYoungGen      total 130560K, used 3609K [0x00000000d7600000, 0x00000000dfd00000, 0x0000000100000000)
  eden space 124416K, 0% used [0x00000000d7600000,0x00000000d7600000,0x00000000def80000)
  from space 6144K, 58% used [0x00000000df600000,0x00000000df986538,0x00000000dfc00000)
  to   space 6656K, 0% used [0x00000000def80000,0x00000000def80000,0x00000000df600000)
 ParOldGen       total 83456K, used 953K [0x0000000086200000, 0x000000008b380000, 0x00000000d7600000)
  object space 83456K, 1% used [0x0000000086200000,0x00000000862ee598,0x000000008b380000)
 Metaspace       used 9643K, capacity 9818K, committed 10112K, reserved 1058816K
  class space    used 1025K, capacity 1093K, committed 1152K, reserved 1048576K
}

Deoptimization events (2 events):
Event: 2.496 Thread 0x00007f4d8400c000 Uncommon trap: reason=unstable_if action=reinterpret pc=0x00007f4d751f7e94 method=java.lang.String.lastIndexOf([CII[CIII)I @ 66
Event: 2.558 Thread 0x00007f4d8400c000 Uncommon trap: reason=unstable_if action=reinterpret pc=0x00007f4d75207b24 method=java.lang.String.replace(CC)Ljava/lang/String; @ 26

Classes redefined (0 events):
No events

Internal exceptions (8 events):
Event: 0.053 Thread 0x00007f4d8400c000 Exception <a 'java/lang/NoSuchMethodError': Method sun.misc.Unsafe.defineClass(Ljava/lang/String;[BII)Ljava/lang/Class; name or signature does not match> (0x00000000d7607ca8) thrown at [/HUDSON/workspace/8-2-build-linux-amd64/jdk8u152/9742/hotspot/src/sha
Event: 0.053 Thread 0x00007f4d8400c000 Exception <a 'java/lang/NoSuchMethodError': Method sun.misc.Unsafe.prefetchRead(Ljava/lang/Object;J)V name or signature does not match> (0x00000000d7607f90) thrown at [/HUDSON/workspace/8-2-build-linux-amd64/jdk8u152/9742/hotspot/src/share/vm/prims/jni.cp
Event: 0.675 Thread 0x00007f4d842c7800 Exception <a 'java/security/PrivilegedActionException'> (0x00000000d79bd5f8) thrown at [/HUDSON/workspace/8-2-build-linux-amd64/jdk8u152/9742/hotspot/src/share/vm/prims/jvm.cpp, line 1390]
Event: 0.675 Thread 0x00007f4d842c7800 Exception <a 'java/security/PrivilegedActionException'> (0x00000000d79bd808) thrown at [/HUDSON/workspace/8-2-build-linux-amd64/jdk8u152/9742/hotspot/src/share/vm/prims/jvm.cpp, line 1390]
Event: 0.675 Thread 0x00007f4d842c7800 Exception <a 'java/security/PrivilegedActionException'> (0x00000000d79bfb30) thrown at [/HUDSON/workspace/8-2-build-linux-amd64/jdk8u152/9742/hotspot/src/share/vm/prims/jvm.cpp, line 1390]
Event: 0.675 Thread 0x00007f4d842c7800 Exception <a 'java/security/PrivilegedActionException'> (0x00000000d79bfd40) thrown at [/HUDSON/workspace/8-2-build-linux-amd64/jdk8u152/9742/hotspot/src/share/vm/prims/jvm.cpp, line 1390]
Event: 2.533 Thread 0x00007f4d8400c000 Exception <a 'java/lang/NoSuchFieldError': method resolution failed> (0x00000000d8aeccb0) thrown at [/HUDSON/workspace/8-2-build-linux-amd64/jdk8u152/9742/hotspot/src/share/vm/prims/methodHandles.cpp, line 1167]
Event: 2.535 Thread 0x00007f4d8400c000 Exception <a 'java/lang/NoSuchFieldError': method resolution failed> (0x00000000d8afac40) thrown at [/HUDSON/workspace/8-2-build-linux-amd64/jdk8u152/9742/hotspot/src/share/vm/prims/methodHandles.cpp, line 1167]

Events (10 events):
Event: 1495.683 Thread 0x00007f4d2c072800 Thread added: 0x00007f4d2c072800
Event: 1495.685 Executing VM operation: RevokeBias
Event: 1495.685 Executing VM operation: RevokeBias done
Event: 1495.685 Thread 0x00007f4d2c072800 Thread exited: 0x00007f4d2c072800
Event: 1496.366 Thread 0x00007f4cc0027800 Thread added: 0x00007f4cc0027800
Event: 1496.510 Thread 0x00007f4d34072000 Thread added: 0x00007f4d34072000
Event: 1496.511 Executing VM operation: RevokeBias
Event: 1496.511 Executing VM operation: RevokeBias done
Event: 1496.511 Thread 0x00007f4d34072000 Thread exited: 0x00007f4d34072000
Event: 1497.202 Thread 0x00007f4cc0028800 Thread added: 0x00007f4cc0028800


Dynamic libraries:
00400000-00401000 r-xp 00000000 08:17 3810873                            /usr/local/jdk1.8.0_152/bin/java
00600000-00601000 rw-p 00000000 08:17 3810873                            /usr/local/jdk1.8.0_152/bin/java
008ab000-009fe000 rw-p 00000000 00:00 0                                  [heap]
86200000-8b380000 rw-p 00000000 00:00 0 
8b380000-d7600000 ---p 00000000 00:00 0 
d7600000-dfd00000 rw-p 00000000 00:00 0 
dfd00000-100000000 ---p 00000000 00:00 0 
100000000-100120000 rw-p 00000000 00:00 0 
100120000-140000000 ---p 00000000 00:00 0 
7f4c94000000-7f4c940e5000 rw-p 00000000 00:00 0 
7f4c940e5000-7f4c98000000 ---p 00000000 00:00 0 
7f4c9b9fa000-7f4c9b9fd000 ---p 00000000 00:00 0 
7f4c9b9fd000-7f4c9bafb000 rw-p 00000000 00:00 0 
7f4c9bafb000-7f4c9bafe000 ---p 00000000 00:00 0 
7f4c9bafe000-7f4c9bbfc000 rw-p 00000000 00:00 0 
7f4c9bbfc000-7f4c9bbff000 ---p 00000000 00:00 0 
7f4c9bbff000-7f4c9bcfd000 rw-p 00000000 00:00 0 
7f4c9bcfd000-7f4c9bd00000 ---p 00000000 00:00 0 
7f4c9bd00000-7f4c9bdfe000 rw-p 00000000 00:00 0 
7f4c9bdfe000-7f4c9be01000 ---p 00000000 00:00 0 
7f4c9be01000-7f4c9beff000 rw-p 00000000 00:00 0 
7f4c9beff000-7f4c9bf02000 ---p 00000000 00:00 0 
7f4c9bf02000-7f4c9c000000 rw-p 00000000 00:00 0 
7f4c9c000000-7f4c9c157000 rw-p 00000000 00:00 0 
7f4c9c157000-7f4ca0000000 ---p 00000000 00:00 0 
7f4ca0000000-7f4ca0074000 rw-p 00000000 00:00 0 
7f4ca0074000-7f4ca4000000 ---p 00000000 00:00 0 
7f4ca4000000-7f4ca40e6000 rw-p 00000000 00:00 0 
7f4ca40e6000-7f4ca8000000 ---p 00000000 00:00 0 
7f4ca8000000-7f4ca8132000 rw-p 00000000 00:00 0 
7f4ca8132000-7f4cac000000 ---p 00000000 00:00 0 
7f4cac000000-7f4cac021000 rw-p 00000000 00:00 0 
7f4cac021000-7f4cb0000000 ---p 00000000 00:00 0 
7f4cb0000000-7f4cb0074000 rw-p 00000000 00:00 0 
7f4cb0074000-7f4cb4000000 ---p 00000000 00:00 0 
7f4cb4000000-7f4cb4021000 rw-p 00000000 00:00 0 
7f4cb4021000-7f4cb8000000 ---p 00000000 00:00 0 
7f4cb8000000-7f4cb8133000 rw-p 00000000 00:00 0 
7f4cb8133000-7f4cbc000000 ---p 00000000 00:00 0 
7f4cbc000000-7f4cbc13f000 rw-p 00000000 00:00 0 
7f4cbc13f000-7f4cc0000000 ---p 00000000 00:00 0 
7f4cc0000000-7f4cc0173000 rw-p 00000000 00:00 0 
7f4cc0173000-7f4cc4000000 ---p 00000000 00:00 0 
7f4cc4000000-7f4cc4138000 rw-p 00000000 00:00 0 
7f4cc4138000-7f4cc8000000 ---p 00000000 00:00 0 
7f4cc8067000-7f4cc806a000 ---p 00000000 00:00 0 
7f4cc806a000-7f4cc8168000 rw-p 00000000 00:00 0 
7f4cc8168000-7f4cc816b000 ---p 00000000 00:00 0 
7f4cc816b000-7f4cc8269000 rw-p 00000000 00:00 0 
7f4cc8269000-7f4cc826c000 ---p 00000000 00:00 0 
7f4cc826c000-7f4cc836a000 rw-p 00000000 00:00 0 
7f4cc836a000-7f4cc836d000 ---p 00000000 00:00 0 
7f4cc836d000-7f4cc846b000 rw-p 00000000 00:00 0 
7f4cc846b000-7f4cc846e000 ---p 00000000 00:00 0 
7f4cc846e000-7f4cc856c000 rw-p 00000000 00:00 0 
7f4cc856c000-7f4cc856f000 ---p 00000000 00:00 0 
7f4cc856f000-7f4cc866d000 rw-p 00000000 00:00 0 
7f4cc866d000-7f4cc8670000 ---p 00000000 00:00 0 
7f4cc8670000-7f4cc876e000 rw-p 00000000 00:00 0 
7f4cc876e000-7f4cc8771000 ---p 00000000 00:00 0 
7f4cc8771000-7f4cc886f000 rw-p 00000000 00:00 0 
7f4cc886f000-7f4cc8872000 ---p 00000000 00:00 0 
7f4cc8872000-7f4cc8970000 rw-p 00000000 00:00 0 
7f4cc8970000-7f4cc8973000 ---p 00000000 00:00 0 
7f4cc8973000-7f4cc8a71000 rw-p 00000000 00:00 0 
7f4cc8a71000-7f4cc8a74000 ---p 00000000 00:00 0 
7f4cc8a74000-7f4cc8b72000 rw-p 00000000 00:00 0 
7f4cc8b72000-7f4cc8b75000 ---p 00000000 00:00 0 
7f4cc8b75000-7f4cc8c73000 rw-p 00000000 00:00 0 
7f4cc8c73000-7f4cc8c76000 ---p 00000000 00:00 0 
7f4cc8c76000-7f4cc8d74000 rw-p 00000000 00:00 0 
7f4cc8d74000-7f4cc8d77000 ---p 00000000 00:00 0 
7f4cc8d77000-7f4cc8e75000 rw-p 00000000 00:00 0 
7f4cc8e75000-7f4cc8e78000 ---p 00000000 00:00 0 
7f4cc8e78000-7f4cc8f76000 rw-p 00000000 00:00 0 
7f4cc8f76000-7f4cc8f79000 ---p 00000000 00:00 0 
7f4cc8f79000-7f4cc9077000 rw-p 00000000 00:00 0 
7f4cc9077000-7f4cc907a000 ---p 00000000 00:00 0 
7f4cc907a000-7f4cc9178000 rw-p 00000000 00:00 0 
7f4cc9178000-7f4cc917b000 ---p 00000000 00:00 0 
7f4cc917b000-7f4cc9279000 rw-p 00000000 00:00 0 
7f4cc9279000-7f4cc927c000 ---p 00000000 00:00 0 
7f4cc927c000-7f4cc937a000 rw-p 00000000 00:00 0 
7f4cc937a000-7f4cc937d000 ---p 00000000 00:00 0 
7f4cc937d000-7f4cc947b000 rw-p 00000000 00:00 0 
7f4cc947b000-7f4cc947e000 ---p 00000000 00:00 0 
7f4cc947e000-7f4cc957c000 rw-p 00000000 00:00 0 
7f4cc957c000-7f4cc957f000 ---p 00000000 00:00 0 
7f4cc957f000-7f4cc967d000 rw-p 00000000 00:00 0 
7f4cc967d000-7f4cc9680000 ---p 00000000 00:00 0 
7f4cc9680000-7f4cc977e000 rw-p 00000000 00:00 0 
7f4cc977e000-7f4cc9781000 ---p 00000000 00:00 0 
7f4cc9781000-7f4cc987f000 rw-p 00000000 00:00 0 
7f4cc987f000-7f4cc9882000 ---p 00000000 00:00 0 
7f4cc9882000-7f4cc9980000 rw-p 00000000 00:00 0 
7f4cc9980000-7f4cc9983000 ---p 00000000 00:00 0 
7f4cc9983000-7f4cc9a81000 rw-p 00000000 00:00 0 
7f4cc9a81000-7f4cc9a84000 ---p 00000000 00:00 0 
7f4cc9a84000-7f4cc9b82000 rw-p 00000000 00:00 0 
7f4cc9b82000-7f4cc9b85000 ---p 00000000 00:00 0 
7f4cc9b85000-7f4cc9c83000 rw-p 00000000 00:00 0 
7f4cc9c83000-7f4cc9c86000 ---p 00000000 00:00 0 
7f4cc9c86000-7f4cc9d84000 rw-p 00000000 00:00 0 
7f4cc9d84000-7f4cc9d87000 ---p 00000000 00:00 0 
7f4cc9d87000-7f4cc9e85000 rw-p 00000000 00:00 0 
7f4cc9e85000-7f4cc9e88000 ---p 00000000 00:00 0 
7f4cc9e88000-7f4cc9f86000 rw-p 00000000 00:00 0 
7f4cc9f86000-7f4cc9f89000 ---p 00000000 00:00 0 
7f4cc9f89000-7f4cca087000 rw-p 00000000 00:00 0 
7f4cca087000-7f4cca08a000 ---p 00000000 00:00 0 
7f4cca08a000-7f4cca188000 rw-p 00000000 00:00 0 
7f4cca188000-7f4cca18b000 ---p 00000000 00:00 0 
7f4cca18b000-7f4cca289000 rw-p 00000000 00:00 0 
7f4cca289000-7f4cca28c000 ---p 00000000 00:00 0 
7f4cca28c000-7f4cca38a000 rw-p 00000000 00:00 0 
7f4cca38a000-7f4cca38d000 ---p 00000000 00:00 0 
7f4cca38d000-7f4cca48b000 rw-p 00000000 00:00 0 
7f4cca48b000-7f4cca48e000 ---p 00000000 00:00 0 
7f4cca48e000-7f4cca58c000 rw-p 00000000 00:00 0 
7f4cca58c000-7f4cca58f000 ---p 00000000 00:00 0 
7f4cca58f000-7f4cca68d000 rw-p 00000000 00:00 0 
7f4cca68d000-7f4cca690000 ---p 00000000 00:00 0 
7f4cca690000-7f4cca78e000 rw-p 00000000 00:00 0 
7f4cca78e000-7f4cca791000 ---p 00000000 00:00 0 
7f4cca791000-7f4cca88f000 rw-p 00000000 00:00 0 
7f4cca88f000-7f4cca892000 ---p 00000000 00:00 0 
7f4cca892000-7f4cca990000 rw-p 00000000 00:00 0 
7f4cca990000-7f4cca993000 ---p 00000000 00:00 0 
7f4cca993000-7f4ccaa91000 rw-p 00000000 00:00 0 
7f4ccaa91000-7f4ccaa94000 ---p 00000000 00:00 0 
7f4ccaa94000-7f4ccab92000 rw-p 00000000 00:00 0 
7f4ccab92000-7f4ccab95000 ---p 00000000 00:00 0 
7f4ccab95000-7f4ccac93000 rw-p 00000000 00:00 0 
7f4ccac93000-7f4ccac96000 ---p 00000000 00:00 0 
7f4ccac96000-7f4ccad94000 rw-p 00000000 00:00 0 
7f4ccad94000-7f4ccad97000 ---p 00000000 00:00 0 
7f4ccad97000-7f4ccae95000 rw-p 00000000 00:00 0 
7f4ccae95000-7f4ccae98000 ---p 00000000 00:00 0 
7f4ccae98000-7f4ccaf96000 rw-p 00000000 00:00 0 
7f4ccaf96000-7f4ccaf99000 ---p 00000000 00:00 0 
7f4ccaf99000-7f4ccb097000 rw-p 00000000 00:00 0 
7f4ccb097000-7f4ccb09a000 ---p 00000000 00:00 0 
7f4ccb09a000-7f4ccb198000 rw-p 00000000 00:00 0 
7f4ccb198000-7f4ccb19b000 ---p 00000000 00:00 0 
7f4ccb19b000-7f4ccb299000 rw-p 00000000 00:00 0 
7f4ccb299000-7f4ccb29c000 ---p 00000000 00:00 0 
7f4ccb29c000-7f4ccb39a000 rw-p 00000000 00:00 0 
7f4ccb39a000-7f4ccb39d000 ---p 00000000 00:00 0 
7f4ccb39d000-7f4ccb49b000 rw-p 00000000 00:00 0 
7f4ccb49b000-7f4ccb49e000 ---p 00000000 00:00 0 
7f4ccb49e000-7f4ccb59c000 rw-p 00000000 00:00 0 
7f4ccb59c000-7f4ccb59f000 ---p 00000000 00:00 0 
7f4ccb59f000-7f4ccb69d000 rw-p 00000000 00:00 0 
7f4ccb69d000-7f4ccb6a0000 ---p 00000000 00:00 0 
7f4ccb6a0000-7f4ccb79e000 rw-p 00000000 00:00 0 
7f4ccb79e000-7f4ccb7a1000 ---p 00000000 00:00 0 
7f4ccb7a1000-7f4ccb89f000 rw-p 00000000 00:00 0 
7f4ccb89f000-7f4ccb8a2000 ---p 00000000 00:00 0 
7f4ccb8a2000-7f4ccb9a0000 rw-p 00000000 00:00 0 
7f4ccb9a0000-7f4ccb9a3000 ---p 00000000 00:00 0 
7f4ccb9a3000-7f4ccbaa1000 rw-p 00000000 00:00 0 
7f4ccbaa1000-7f4ccbaa4000 ---p 00000000 00:00 0 
7f4ccbaa4000-7f4cccfa3000 rw-p 00000000 00:00 0 
7f4cccfa3000-7f4cccfa4000 ---p 00000000 00:00 0 
7f4cccfa4000-7f4ccd7a4000 rw-p 00000000 00:00 0 
7f4ccd7a4000-7f4ccd7a5000 ---p 00000000 00:00 0 
7f4ccd7a5000-7f4ccdfa5000 rw-p 00000000 00:00 0 
7f4ccdfa5000-7f4ccdfa6000 ---p 00000000 00:00 0 
7f4ccdfa6000-7f4cce7a6000 rw-p 00000000 00:00 0 
7f4cce7a6000-7f4cce7a7000 ---p 00000000 00:00 0 
7f4cce7a7000-7f4ccefa7000 rw-p 00000000 00:00 0 
7f4ccefa7000-7f4ccefa8000 ---p 00000000 00:00 0 
7f4ccefa8000-7f4ccf7a8000 rw-p 00000000 00:00 0 
7f4ccf7a8000-7f4ccf7a9000 ---p 00000000 00:00 0 
7f4ccf7a9000-7f4ccffa9000 rw-p 00000000 00:00 0 
7f4ccffa9000-7f4ccffaa000 ---p 00000000 00:00 0 
7f4ccffaa000-7f4cd07aa000 rw-p 00000000 00:00 0 
7f4cd07aa000-7f4cd07ab000 ---p 00000000 00:00 0 
7f4cd07ab000-7f4cd0fab000 rw-p 00000000 00:00 0 
7f4cd0fab000-7f4cd0fac000 ---p 00000000 00:00 0 
7f4cd0fac000-7f4cd17ac000 rw-p 00000000 00:00 0 
7f4cd17ac000-7f4cd17ad000 ---p 00000000 00:00 0 
7f4cd17ad000-7f4cd1fad000 rw-p 00000000 00:00 0 
7f4cd1fad000-7f4cd1fae000 ---p 00000000 00:00 0 
7f4cd1fae000-7f4cd27ae000 rw-p 00000000 00:00 0 
7f4cd27ae000-7f4cd27af000 ---p 00000000 00:00 0 
7f4cd27af000-7f4cd6bb1000 rw-p 00000000 00:00 0 
7f4cd6bb1000-7f4cd6bb2000 ---p 00000000 00:00 0 
7f4cd6bb2000-7f4cd73b2000 rw-p 00000000 00:00 0 
7f4cd73b2000-7f4cd73b3000 ---p 00000000 00:00 0 
7f4cd73b3000-7f4cd7bb3000 rw-p 00000000 00:00 0 
7f4cd7bb3000-7f4cd7bb4000 ---p 00000000 00:00 0 
7f4cd7bb4000-7f4cd83b4000 rw-p 00000000 00:00 0 
7f4cd83b4000-7f4cd83b5000 ---p 00000000 00:00 0 
7f4cd83b5000-7f4cd8bb5000 rw-p 00000000 00:00 0 
7f4cd8bb5000-7f4cd8bb6000 ---p 00000000 00:00 0 
7f4cd8bb6000-7f4cd93b6000 rw-p 00000000 00:00 0 
7f4cd93b6000-7f4cd93b7000 ---p 00000000 00:00 0 
7f4cd93b7000-7f4cd9bb7000 rw-p 00000000 00:00 0 
7f4cd9bb7000-7f4cd9bb8000 ---p 00000000 00:00 0 
7f4cd9bb8000-7f4cda3b8000 rw-p 00000000 00:00 0 
7f4cda3b8000-7f4cda3b9000 ---p 00000000 00:00 0 
7f4cda3b9000-7f4cdabb9000 rw-p 00000000 00:00 0 
7f4cdabb9000-7f4cdabba000 ---p 00000000 00:00 0 
7f4cdabba000-7f4cdb3ba000 rw-p 00000000 00:00 0 
7f4cdb3ba000-7f4cdb3bb000 ---p 00000000 00:00 0 
7f4cdb3bb000-7f4cdbbbb000 rw-p 00000000 00:00 0 
7f4cdbbbb000-7f4cdbbbc000 ---p 00000000 00:00 0 
7f4cdbbbc000-7f4cdc3bc000 rw-p 00000000 00:00 0 
7f4cdc3bc000-7f4cdc3bd000 ---p 00000000 00:00 0 
7f4cdc3bd000-7f4ce07bf000 rw-p 00000000 00:00 0 
7f4ce07bf000-7f4ce07c0000 ---p 00000000 00:00 0 
7f4ce07c0000-7f4ce0fc0000 rw-p 00000000 00:00 0 
7f4ce0fc0000-7f4ce0fc1000 ---p 00000000 00:00 0 
7f4ce0fc1000-7f4ce17c1000 rw-p 00000000 00:00 0 
7f4ce17c1000-7f4ce17c2000 ---p 00000000 00:00 0 
7f4ce17c2000-7f4ce1fc2000 rw-p 00000000 00:00 0 
7f4ce1fc2000-7f4ce1fc3000 ---p 00000000 00:00 0 
7f4ce1fc3000-7f4ce27c3000 rw-p 00000000 00:00 0 
7f4ce27c3000-7f4ce27c4000 ---p 00000000 00:00 0 
7f4ce27c4000-7f4ce2fc4000 rw-p 00000000 00:00 0 
7f4ce2fc4000-7f4ce2fc5000 ---p 00000000 00:00 0 
7f4ce2fc5000-7f4ce37c5000 rw-p 00000000 00:00 0 
7f4ce37c5000-7f4ce37c6000 ---p 00000000 00:00 0 
7f4ce37c6000-7f4ce3fc6000 rw-p 00000000 00:00 0 
7f4ce3fc6000-7f4ce3fc7000 ---p 00000000 00:00 0 
7f4ce3fc7000-7f4ce47c7000 rw-p 00000000 00:00 0 
7f4ce47c7000-7f4ce47c8000 ---p 00000000 00:00 0 
7f4ce47c8000-7f4ce4fc8000 rw-p 00000000 00:00 0 
7f4ce4fc8000-7f4ce4fc9000 ---p 00000000 00:00 0 
7f4ce4fc9000-7f4ce57c9000 rw-p 00000000 00:00 0 
7f4ce57c9000-7f4ce57ca000 ---p 00000000 00:00 0 
7f4ce57ca000-7f4ce5fca000 rw-p 00000000 00:00 0 
7f4ce5fca000-7f4ce5fcb000 ---p 00000000 00:00 0 
7f4ce5fcb000-7f4cea3cd000 rw-p 00000000 00:00 0 
7f4cea3cd000-7f4cea3ce000 ---p 00000000 00:00 0 
7f4cea3ce000-7f4ceabce000 rw-p 00000000 00:00 0 
7f4ceabce000-7f4ceabcf000 ---p 00000000 00:00 0 
7f4ceabcf000-7f4ceb3cf000 rw-p 00000000 00:00 0 
7f4ceb3cf000-7f4ceb3d0000 ---p 00000000 00:00 0 
7f4ceb3d0000-7f4cebbd0000 rw-p 00000000 00:00 0 
7f4cebbd0000-7f4cebbd1000 ---p 00000000 00:00 0 
7f4cebbd1000-7f4cec3d1000 rw-p 00000000 00:00 0 
7f4cec3d1000-7f4cec3d2000 ---p 00000000 00:00 0 
7f4cec3d2000-7f4cecbd2000 rw-p 00000000 00:00 0 
7f4cecbd2000-7f4cecbd3000 ---p 00000000 00:00 0 
7f4cecbd3000-7f4ced3d3000 rw-p 00000000 00:00 0 
7f4ced3d3000-7f4ced3d4000 ---p 00000000 00:00 0 
7f4ced3d4000-7f4cedbd4000 rw-p 00000000 00:00 0 
7f4cedbd4000-7f4cedbd5000 ---p 00000000 00:00 0 
7f4cedbd5000-7f4cee3d5000 rw-p 00000000 00:00 0 
7f4cee3d5000-7f4cee3d6000 ---p 00000000 00:00 0 
7f4cee3d6000-7f4ceebd6000 rw-p 00000000 00:00 0 
7f4ceebd6000-7f4ceebd7000 ---p 00000000 00:00 0 
7f4ceebd7000-7f4cef3d7000 rw-p 00000000 00:00 0 
7f4cef3d7000-7f4cef3d8000 ---p 00000000 00:00 0 
7f4cef3d8000-7f4cefbd8000 rw-p 00000000 00:00 0 
7f4cefbd8000-7f4cefbd9000 ---p 00000000 00:00 0 
7f4cefbd9000-7f4cf3fdb000 rw-p 00000000 00:00 0 
7f4cf3fdb000-7f4cf3fdc000 ---p 00000000 00:00 0 
7f4cf3fdc000-7f4cf47dc000 rw-p 00000000 00:00 0 
7f4cf47dc000-7f4cf47dd000 ---p 00000000 00:00 0 
7f4cf47dd000-7f4cf4fdd000 rw-p 00000000 00:00 0 
7f4cf4fdd000-7f4cf4fde000 ---p 00000000 00:00 0 
7f4cf4fde000-7f4cf57de000 rw-p 00000000 00:00 0 
7f4cf57de000-7f4cf57df000 ---p 00000000 00:00 0 
7f4cf57df000-7f4cf5fdf000 rw-p 00000000 00:00 0 
7f4cf5fdf000-7f4cf5fe0000 ---p 00000000 00:00 0 
7f4cf5fe0000-7f4cf67e0000 rw-p 00000000 00:00 0 
7f4cf67e0000-7f4cf67e1000 ---p 00000000 00:00 0 
7f4cf67e1000-7f4cf6fe1000 rw-p 00000000 00:00 0 
7f4cf6fe1000-7f4cf6fe2000 ---p 00000000 00:00 0 
7f4cf6fe2000-7f4cf77e2000 rw-p 00000000 00:00 0 
7f4cf77e2000-7f4cf77e3000 ---p 00000000 00:00 0 
7f4cf77e3000-7f4cf7fe3000 rw-p 00000000 00:00 0 
7f4cf7fe3000-7f4cf7fe4000 ---p 00000000 00:00 0 
7f4cf7fe4000-7f4cf87e4000 rw-p 00000000 00:00 0 
7f4cf87e4000-7f4cf87e5000 ---p 00000000 00:00 0 
7f4cf87e5000-7f4cf8fe5000 rw-p 00000000 00:00 0 
7f4cf8fe5000-7f4cf8fe6000 ---p 00000000 00:00 0 
7f4cf8fe6000-7f4cf97e6000 rw-p 00000000 00:00 0 
7f4cf97e6000-7f4cf97e7000 ---p 00000000 00:00 0 
7f4cf97e7000-7f4cfdbe9000 rw-p 00000000 00:00 0 
7f4cfdbe9000-7f4cfdbea000 ---p 00000000 00:00 0 
7f4cfdbea000-7f4cfe3ea000 rw-p 00000000 00:00 0 
7f4cfe3ea000-7f4cfe3eb000 ---p 00000000 00:00 0 
7f4cfe3eb000-7f4cfebeb000 rw-p 00000000 00:00 0 
7f4cfebeb000-7f4cfebec000 ---p 00000000 00:00 0 
7f4cfebec000-7f4cff3ec000 rw-p 00000000 00:00 0 
7f4cff3ec000-7f4cff3ed000 ---p 00000000 00:00 0 
7f4cff3ed000-7f4cffbed000 rw-p 00000000 00:00 0 
7f4cffbed000-7f4cffbee000 ---p 00000000 00:00 0 
7f4cffbee000-7f4d003ee000 rw-p 00000000 00:00 0 
7f4d003ee000-7f4d003ef000 ---p 00000000 00:00 0 
7f4d003ef000-7f4d00bef000 rw-p 00000000 00:00 0 
7f4d00bef000-7f4d00bf0000 ---p 00000000 00:00 0 
7f4d00bf0000-7f4d013f0000 rw-p 00000000 00:00 0 
7f4d013f0000-7f4d013f1000 ---p 00000000 00:00 0 
7f4d013f1000-7f4d01bf1000 rw-p 00000000 00:00 0 
7f4d01bf1000-7f4d01bf2000 ---p 00000000 00:00 0 
7f4d01bf2000-7f4d023f2000 rw-p 00000000 00:00 0 
7f4d023f2000-7f4d023f3000 ---p 00000000 00:00 0 
7f4d023f3000-7f4d02bf3000 rw-p 00000000 00:00 0 
7f4d02bf3000-7f4d02bf4000 ---p 00000000 00:00 0 
7f4d02bf4000-7f4d033f4000 rw-p 00000000 00:00 0 
7f4d033f4000-7f4d033f5000 ---p 00000000 00:00 0 
7f4d033f5000-7f4d077f7000 rw-p 00000000 00:00 0 
7f4d077f7000-7f4d077f8000 ---p 00000000 00:00 0 
7f4d077f8000-7f4d07ff8000 rw-p 00000000 00:00 0 
7f4d07ff8000-7f4d07ff9000 ---p 00000000 00:00 0 
7f4d07ff9000-7f4d087f9000 rw-p 00000000 00:00 0 
7f4d087f9000-7f4d087fa000 ---p 00000000 00:00 0 
7f4d087fa000-7f4d08ffa000 rw-p 00000000 00:00 0 
7f4d08ffa000-7f4d08ffb000 ---p 00000000 00:00 0 
7f4d08ffb000-7f4d097fb000 rw-p 00000000 00:00 0 
7f4d097fb000-7f4d097fc000 ---p 00000000 00:00 0 
7f4d097fc000-7f4d09ffc000 rw-p 00000000 00:00 0 
7f4d09ffc000-7f4d09ffd000 ---p 00000000 00:00 0 
7f4d09ffd000-7f4d0a7fd000 rw-p 00000000 00:00 0 
7f4d0a7fd000-7f4d0a7fe000 ---p 00000000 00:00 0 
7f4d0a7fe000-7f4d0affe000 rw-p 00000000 00:00 0 
7f4d0affe000-7f4d0afff000 ---p 00000000 00:00 0 
7f4d0afff000-7f4d0b7ff000 rw-p 00000000 00:00 0 
7f4d0b7ff000-7f4d0b800000 ---p 00000000 00:00 0 
7f4d0b800000-7f4d0c000000 rw-p 00000000 00:00 0 
7f4d0c000000-7f4d0c0b8000 rw-p 00000000 00:00 0 
7f4d0c0b8000-7f4d10000000 ---p 00000000 00:00 0 
7f4d100f6000-7f4d100f9000 ---p 00000000 00:00 0 
7f4d100f9000-7f4d101f7000 rw-p 00000000 00:00 0 
7f4d101f7000-7f4d101fa000 ---p 00000000 00:00 0 
7f4d101fa000-7f4d102f8000 rw-p 00000000 00:00 0 
7f4d102f8000-7f4d102fb000 ---p 00000000 00:00 0 
7f4d102fb000-7f4d103f9000 rw-p 00000000 00:00 0 
7f4d103f9000-7f4d103fc000 ---p 00000000 00:00 0 
7f4d103fc000-7f4d104fa000 rw-p 00000000 00:00 0 
7f4d104fa000-7f4d104fd000 ---p 00000000 00:00 0 
7f4d104fd000-7f4d105fb000 rw-p 00000000 00:00 0 
7f4d105fb000-7f4d105fe000 ---p 00000000 00:00 0 
7f4d105fe000-7f4d106fc000 rw-p 00000000 00:00 0 
7f4d106fc000-7f4d106ff000 ---p 00000000 00:00 0 
7f4d106ff000-7f4d107fd000 rw-p 00000000 00:00 0 
7f4d107fd000-7f4d107fe000 ---p 00000000 00:00 0 
7f4d107fe000-7f4d10ffe000 rw-p 00000000 00:00 0 
7f4d10ffe000-7f4d10fff000 ---p 00000000 00:00 0 
7f4d10fff000-7f4d14000000 rw-p 00000000 00:00 0 
7f4d14000000-7f4d140b8000 rw-p 00000000 00:00 0 
7f4d140b8000-7f4d18000000 ---p 00000000 00:00 0 
7f4d18078000-7f4d1807b000 ---p 00000000 00:00 0 
7f4d1807b000-7f4d18179000 rw-p 00000000 00:00 0 
7f4d18179000-7f4d1817c000 ---p 00000000 00:00 0 
7f4d1817c000-7f4d1827a000 rw-p 00000000 00:00 0 
7f4d1827a000-7f4d1827d000 ---p 00000000 00:00 0 
7f4d1827d000-7f4d1837b000 rw-p 00000000 00:00 0 
7f4d1837b000-7f4d1837c000 ---p 00000000 00:00 0 
7f4d1837c000-7f4d18c3c000 rw-p 00000000 00:00 0 
7f4d18c3c000-7f4d18d7c000 ---p 00000000 00:00 0 
7f4d18d7c000-7f4d18d7d000 ---p 00000000 00:00 0 
7f4d18d7d000-7f4d1957d000 rw-p 00000000 00:00 0 
7f4d1957d000-7f4d196bd000 r-xp 00000000 08:17 99849                      /home/diamond/Documents/Controller/bin/linux-x86-64/libarcsoft_fsdk_face_detection.so
7f4d196bd000-7f4d198bd000 ---p 00140000 08:17 99849                      /home/diamond/Documents/Controller/bin/linux-x86-64/libarcsoft_fsdk_face_detection.so
7f4d198bd000-7f4d198be000 r--p 00140000 08:17 99849                      /home/diamond/Documents/Controller/bin/linux-x86-64/libarcsoft_fsdk_face_detection.so
7f4d198be000-7f4d198bf000 rw-p 00141000 08:17 99849                      /home/diamond/Documents/Controller/bin/linux-x86-64/libarcsoft_fsdk_face_detection.so
7f4d198bf000-7f4d1acc0000 rw-p 00000000 00:00 0 
7f4d1acc0000-7f4d1acc1000 ---p 00000000 00:00 0 
7f4d1acc1000-7f4d1b4c1000 rw-p 00000000 00:00 0 
7f4d1b4c1000-7f4d1b4c2000 ---p 00000000 00:00 0 
7f4d1b4c2000-7f4d1bcc2000 rw-p 00000000 00:00 0 
7f4d1bcc2000-7f4d1bcc3000 ---p 00000000 00:00 0 
7f4d1bcc3000-7f4d1c4c3000 rw-p 00000000 00:00 0 
7f4d1c4c3000-7f4d1c4c4000 ---p 00000000 00:00 0 
7f4d1c4c4000-7f4d1ccc4000 rw-p 00000000 00:00 0 
7f4d1ccc4000-7f4d1ccc5000 ---p 00000000 00:00 0 
7f4d1ccc5000-7f4d1d4c5000 rw-p 00000000 00:00 0 
7f4d1d4c5000-7f4d1d4c6000 ---p 00000000 00:00 0 
7f4d1d4c6000-7f4d1dcc6000 rw-p 00000000 00:00 0 
7f4d1dcc6000-7f4d1dcc7000 ---p 00000000 00:00 0 
7f4d1dcc7000-7f4d1e4c7000 rw-p 00000000 00:00 0 
7f4d1e4c7000-7f4d1e4c8000 ---p 00000000 00:00 0 
7f4d1e4c8000-7f4d1ecc8000 rw-p 00000000 00:00 0 
7f4d1ecc8000-7f4d1ecc9000 ---p 00000000 00:00 0 
7f4d1ecc9000-7f4d1f4c9000 rw-p 00000000 00:00 0 
7f4d1f4c9000-7f4d1f4ca000 ---p 00000000 00:00 0 
7f4d1f4ca000-7f4d1fcca000 rw-p 00000000 00:00 0 
7f4d1fcca000-7f4d1fccb000 ---p 00000000 00:00 0 
7f4d1fccb000-7f4d204cb000 rw-p 00000000 00:00 0 
7f4d204cb000-7f4d204cc000 ---p 00000000 00:00 0 
7f4d204cc000-7f4d20ccc000 rw-p 00000000 00:00 0 
7f4d20ccc000-7f4d20ccd000 ---p 00000000 00:00 0 
7f4d20ccd000-7f4d214cd000 rw-p 00000000 00:00 0 
7f4d214cd000-7f4d214d6000 r-xp 00000000 08:17 266779                     /lib/x86_64-linux-gnu/libcrypt-2.23.so
7f4d214d6000-7f4d216d5000 ---p 00009000 08:17 266779                     /lib/x86_64-linux-gnu/libcrypt-2.23.so
7f4d216d5000-7f4d216d6000 r--p 00008000 08:17 266779                     /lib/x86_64-linux-gnu/libcrypt-2.23.so
7f4d216d6000-7f4d216d7000 rw-p 00009000 08:17 266779                     /lib/x86_64-linux-gnu/libcrypt-2.23.so
7f4d216d7000-7f4d21705000 rw-p 00000000 00:00 0 
7f4d21705000-7f4d2174c000 r-xp 00000000 08:17 3810210                    /usr/lib/x86_64-linux-gnu/libhx509.so.5.0.0
7f4d2174c000-7f4d2194b000 ---p 00047000 08:17 3810210                    /usr/lib/x86_64-linux-gnu/libhx509.so.5.0.0
7f4d2194b000-7f4d2194d000 r--p 00046000 08:17 3810210                    /usr/lib/x86_64-linux-gnu/libhx509.so.5.0.0
7f4d2194d000-7f4d2194f000 rw-p 00048000 08:17 3810210                    /usr/lib/x86_64-linux-gnu/libhx509.so.5.0.0
7f4d2194f000-7f4d21950000 rw-p 00000000 00:00 0 
7f4d21950000-7f4d2195e000 r-xp 00000000 08:17 3810192                    /usr/lib/x86_64-linux-gnu/libheimbase.so.1.0.0
7f4d2195e000-7f4d21b5d000 ---p 0000e000 08:17 3810192                    /usr/lib/x86_64-linux-gnu/libheimbase.so.1.0.0
7f4d21b5d000-7f4d21b5e000 r--p 0000d000 08:17 3810192                    /usr/lib/x86_64-linux-gnu/libheimbase.so.1.0.0
7f4d21b5e000-7f4d21b5f000 rw-p 0000e000 08:17 3810192                    /usr/lib/x86_64-linux-gnu/libheimbase.so.1.0.0
7f4d21b5f000-7f4d21b86000 r-xp 00000000 08:17 3810867                    /usr/lib/x86_64-linux-gnu/libwind.so.0.0.0
7f4d21b86000-7f4d21d86000 ---p 00027000 08:17 3810867                    /usr/lib/x86_64-linux-gnu/libwind.so.0.0.0
7f4d21d86000-7f4d21d87000 r--p 00027000 08:17 3810867                    /usr/lib/x86_64-linux-gnu/libwind.so.0.0.0
7f4d21d87000-7f4d21d88000 rw-p 00028000 08:17 3810867                    /usr/lib/x86_64-linux-gnu/libwind.so.0.0.0
7f4d21d88000-7f4d21d8f000 r-xp 00000000 08:17 3809925                    /usr/lib/x86_64-linux-gnu/libffi.so.6.0.4
7f4d21d8f000-7f4d21f8e000 ---p 00007000 08:17 3809925                    /usr/lib/x86_64-linux-gnu/libffi.so.6.0.4
7f4d21f8e000-7f4d21f8f000 r--p 00006000 08:17 3809925                    /usr/lib/x86_64-linux-gnu/libffi.so.6.0.4
7f4d21f8f000-7f4d21f90000 rw-p 00007000 08:17 3809925                    /usr/lib/x86_64-linux-gnu/libffi.so.6.0.4
7f4d21f90000-7f4d21fa5000 r-xp 00000000 08:17 3810608                    /usr/lib/x86_64-linux-gnu/libroken.so.18.1.0
7f4d21fa5000-7f4d221a4000 ---p 00015000 08:17 3810608                    /usr/lib/x86_64-linux-gnu/libroken.so.18.1.0
7f4d221a4000-7f4d221a5000 r--p 00014000 08:17 3810608                    /usr/lib/x86_64-linux-gnu/libroken.so.18.1.0
7f4d221a5000-7f4d221a6000 rw-p 00015000 08:17 3810608                    /usr/lib/x86_64-linux-gnu/libroken.so.18.1.0
7f4d221a6000-7f4d221d6000 r-xp 00000000 08:17 3810190                    /usr/lib/x86_64-linux-gnu/libhcrypto.so.4.1.0
7f4d221d6000-7f4d223d6000 ---p 00030000 08:17 3810190                    /usr/lib/x86_64-linux-gnu/libhcrypto.so.4.1.0
7f4d223d6000-7f4d223d7000 r--p 00030000 08:17 3810190                    /usr/lib/x86_64-linux-gnu/libhcrypto.so.4.1.0
7f4d223d7000-7f4d223d8000 rw-p 00031000 08:17 3810190                    /usr/lib/x86_64-linux-gnu/libhcrypto.so.4.1.0
7f4d223d8000-7f4d223d9000 rw-p 00000000 00:00 0 
7f4d223d9000-7f4d22478000 r-xp 00000000 08:17 3809627                    /usr/lib/x86_64-linux-gnu/libasn1.so.8.0.0
7f4d22478000-7f4d22677000 ---p 0009f000 08:17 3809627                    /usr/lib/x86_64-linux-gnu/libasn1.so.8.0.0
7f4d22677000-7f4d22678000 r--p 0009e000 08:17 3809627                    /usr/lib/x86_64-linux-gnu/libasn1.so.8.0.0
7f4d22678000-7f4d2267b000 rw-p 0009f000 08:17 3809627                    /usr/lib/x86_64-linux-gnu/libasn1.so.8.0.0
7f4d2267b000-7f4d226ff000 r-xp 00000000 08:17 3810297                    /usr/lib/x86_64-linux-gnu/libkrb5.so.26.0.0
7f4d226ff000-7f4d228fe000 ---p 00084000 08:17 3810297                    /usr/lib/x86_64-linux-gnu/libkrb5.so.26.0.0
7f4d228fe000-7f4d22901000 r--p 00083000 08:17 3810297                    /usr/lib/x86_64-linux-gnu/libkrb5.so.26.0.0
7f4d22901000-7f4d22904000 rw-p 00086000 08:17 3810297                    /usr/lib/x86_64-linux-gnu/libkrb5.so.26.0.0
7f4d22904000-7f4d22905000 rw-p 00000000 00:00 0 
7f4d22905000-7f4d2290d000 r-xp 00000000 08:17 3810194                    /usr/lib/x86_64-linux-gnu/libheimntlm.so.0.1.0
7f4d2290d000-7f4d22b0c000 ---p 00008000 08:17 3810194                    /usr/lib/x86_64-linux-gnu/libheimntlm.so.0.1.0
7f4d22b0c000-7f4d22b0d000 r--p 00007000 08:17 3810194                    /usr/lib/x86_64-linux-gnu/libheimntlm.so.0.1.0
7f4d22b0d000-7f4d22b0e000 rw-p 00008000 08:17 3810194                    /usr/lib/x86_64-linux-gnu/libheimntlm.so.0.1.0
7f4d22b0e000-7f4d22b11000 r-xp 00000000 08:17 266830                     /lib/x86_64-linux-gnu/libkeyutils.so.1.5
7f4d22b11000-7f4d22d10000 ---p 00003000 08:17 266830                     /lib/x86_64-linux-gnu/libkeyutils.so.1.5
7f4d22d10000-7f4d22d11000 r--p 00002000 08:17 266830                     /lib/x86_64-linux-gnu/libkeyutils.so.1.5
7f4d22d11000-7f4d22d12000 rw-p 00003000 08:17 266830                     /lib/x86_64-linux-gnu/libkeyutils.so.1.5
7f4d22d12000-7f4d22d23000 r-xp 00000000 08:17 3810713                    /usr/lib/x86_64-linux-gnu/libtasn1.so.6.5.1
7f4d22d23000-7f4d22f23000 ---p 00011000 08:17 3810713                    /usr/lib/x86_64-linux-gnu/libtasn1.so.6.5.1
7f4d22f23000-7f4d22f24000 r--p 00011000 08:17 3810713                    /usr/lib/x86_64-linux-gnu/libtasn1.so.6.5.1
7f4d22f24000-7f4d22f25000 rw-p 00012000 08:17 3810713                    /usr/lib/x86_64-linux-gnu/libtasn1.so.6.5.1
7f4d22f25000-7f4d22f7e000 r-xp 00000000 08:17 3810484                    /usr/lib/x86_64-linux-gnu/libp11-kit.so.0.1.0
7f4d22f7e000-7f4d2317d000 ---p 00059000 08:17 3810484                    /usr/lib/x86_64-linux-gnu/libp11-kit.so.0.1.0
7f4d2317d000-7f4d23187000 r--p 00058000 08:17 3810484                    /usr/lib/x86_64-linux-gnu/libp11-kit.so.0.1.0
7f4d23187000-7f4d23189000 rw-p 00062000 08:17 3810484                    /usr/lib/x86_64-linux-gnu/libp11-kit.so.0.1.0
7f4d23189000-7f4d231c6000 r-xp 00000000 08:17 3810113                    /usr/lib/x86_64-linux-gnu/libgssapi.so.3.0.0
7f4d231c6000-7f4d233c6000 ---p 0003d000 08:17 3810113                    /usr/lib/x86_64-linux-gnu/libgssapi.so.3.0.0
7f4d233c6000-7f4d233c7000 r--p 0003d000 08:17 3810113                    /usr/lib/x86_64-linux-gnu/libgssapi.so.3.0.0
7f4d233c7000-7f4d233c9000 rw-p 0003e000 08:17 3810113                    /usr/lib/x86_64-linux-gnu/libgssapi.so.3.0.0
7f4d233c9000-7f4d233ca000 rw-p 00000000 00:00 0 
7f4d233ca000-7f4d233e3000 r-xp 00000000 08:17 3810635                    /usr/lib/x86_64-linux-gnu/libsasl2.so.2.0.25
7f4d233e3000-7f4d235e3000 ---p 00019000 08:17 3810635                    /usr/lib/x86_64-linux-gnu/libsasl2.so.2.0.25
7f4d235e3000-7f4d235e4000 r--p 00019000 08:17 3810635                    /usr/lib/x86_64-linux-gnu/libsasl2.so.2.0.25
7f4d235e4000-7f4d235e5000 rw-p 0001a000 08:17 3810635                    /usr/lib/x86_64-linux-gnu/libsasl2.so.2.0.25
7f4d235e5000-7f4d235fc000 r-xp 00000000 08:17 266921                     /lib/x86_64-linux-gnu/libresolv-2.23.so
7f4d235fc000-7f4d237fc000 ---p 00017000 08:17 266921                     /lib/x86_64-linux-gnu/libresolv-2.23.so
7f4d237fc000-7f4d237fd000 r--p 00017000 08:17 266921                     /lib/x86_64-linux-gnu/libresolv-2.23.so
7f4d237fd000-7f4d237fe000 rw-p 00018000 08:17 266921                     /lib/x86_64-linux-gnu/libresolv-2.23.so
7f4d237fe000-7f4d23800000 rw-p 00000000 00:00 0 
7f4d23800000-7f4d2380a000 r-xp 00000000 08:17 3810301                    /usr/lib/x86_64-linux-gnu/libkrb5support.so.0.1
7f4d2380a000-7f4d23a09000 ---p 0000a000 08:17 3810301                    /usr/lib/x86_64-linux-gnu/libkrb5support.so.0.1
7f4d23a09000-7f4d23a0a000 r--p 00009000 08:17 3810301                    /usr/lib/x86_64-linux-gnu/libkrb5support.so.0.1
7f4d23a0a000-7f4d23a0b000 rw-p 0000a000 08:17 3810301                    /usr/lib/x86_64-linux-gnu/libkrb5support.so.0.1
7f4d23a0b000-7f4d23a0e000 r-xp 00000000 08:17 266778                     /lib/x86_64-linux-gnu/libcom_err.so.2.1
7f4d23a0e000-7f4d23c0d000 ---p 00003000 08:17 266778                     /lib/x86_64-linux-gnu/libcom_err.so.2.1
7f4d23c0d000-7f4d23c0e000 r--p 00002000 08:17 266778                     /lib/x86_64-linux-gnu/libcom_err.so.2.1
7f4d23c0e000-7f4d23c0f000 rw-p 00003000 08:17 266778                     /lib/x86_64-linux-gnu/libcom_err.so.2.1
7f4d23c0f000-7f4d23c3b000 r-xp 00000000 08:17 3810291                    /usr/lib/x86_64-linux-gnu/libk5crypto.so.3.1
7f4d23c3b000-7f4d23e3a000 ---p 0002c000 08:17 3810291                    /usr/lib/x86_64-linux-gnu/libk5crypto.so.3.1
7f4d23e3a000-7f4d23e3c000 r--p 0002b000 08:17 3810291                    /usr/lib/x86_64-linux-gnu/libk5crypto.so.3.1
7f4d23e3c000-7f4d23e3d000 rw-p 0002d000 08:17 3810291                    /usr/lib/x86_64-linux-gnu/libk5crypto.so.3.1
7f4d23e3d000-7f4d23e3e000 rw-p 00000000 00:00 0 
7f4d23e3e000-7f4d23f01000 r-xp 00000000 08:17 3810299                    /usr/lib/x86_64-linux-gnu/libkrb5.so.3.3
7f4d23f01000-7f4d24101000 ---p 000c3000 08:17 3810299                    /usr/lib/x86_64-linux-gnu/libkrb5.so.3.3
7f4d24101000-7f4d2410e000 r--p 000c3000 08:17 3810299                    /usr/lib/x86_64-linux-gnu/libkrb5.so.3.3
7f4d2410e000-7f4d24110000 rw-p 000d0000 08:17 3810299                    /usr/lib/x86_64-linux-gnu/libkrb5.so.3.3
7f4d24110000-7f4d2418f000 r-xp 00000000 08:17 3810058                    /usr/lib/x86_64-linux-gnu/libgmp.so.10.3.0
7f4d2418f000-7f4d2438e000 ---p 0007f000 08:17 3810058                    /usr/lib/x86_64-linux-gnu/libgmp.so.10.3.0
7f4d2438e000-7f4d2438f000 r--p 0007e000 08:17 3810058                    /usr/lib/x86_64-linux-gnu/libgmp.so.10.3.0
7f4d2438f000-7f4d24390000 rw-p 0007f000 08:17 3810058                    /usr/lib/x86_64-linux-gnu/libgmp.so.10.3.0
7f4d24390000-7f4d243c4000 r-xp 00000000 08:17 3810421                    /usr/lib/x86_64-linux-gnu/libnettle.so.6.2
7f4d243c4000-7f4d245c3000 ---p 00034000 08:17 3810421                    /usr/lib/x86_64-linux-gnu/libnettle.so.6.2
7f4d245c3000-7f4d245c5000 r--p 00033000 08:17 3810421                    /usr/lib/x86_64-linux-gnu/libnettle.so.6.2
7f4d245c5000-7f4d245c6000 rw-p 00035000 08:17 3810421                    /usr/lib/x86_64-linux-gnu/libnettle.so.6.2
7f4d245c6000-7f4d245f8000 r-xp 00000000 08:17 3810196                    /usr/lib/x86_64-linux-gnu/libhogweed.so.4.2
7f4d245f8000-7f4d247f7000 ---p 00032000 08:17 3810196                    /usr/lib/x86_64-linux-gnu/libhogweed.so.4.2
7f4d247f7000-7f4d247f8000 r--p 00031000 08:17 3810196                    /usr/lib/x86_64-linux-gnu/libhogweed.so.4.2
7f4d247f8000-7f4d247f9000 rw-p 00032000 08:17 3810196                    /usr/lib/x86_64-linux-gnu/libhogweed.so.4.2
7f4d247f9000-7f4d2491c000 r-xp 00000000 08:17 3803369                    /usr/lib/x86_64-linux-gnu/libgnutls.so.30.6.2
7f4d2491c000-7f4d24b1b000 ---p 00123000 08:17 3803369                    /usr/lib/x86_64-linux-gnu/libgnutls.so.30.6.2
7f4d24b1b000-7f4d24b26000 r--p 00122000 08:17 3803369                    /usr/lib/x86_64-linux-gnu/libgnutls.so.30.6.2
7f4d24b26000-7f4d24b28000 rw-p 0012d000 08:17 3803369                    /usr/lib/x86_64-linux-gnu/libgnutls.so.30.6.2
7f4d24b28000-7f4d24b29000 rw-p 00000000 00:00 0 
7f4d24b29000-7f4d24b3f000 r-xp 00000000 08:17 266807                     /lib/x86_64-linux-gnu/libgcc_s.so.1
7f4d24b3f000-7f4d24d3e000 ---p 00016000 08:17 266807                     /lib/x86_64-linux-gnu/libgcc_s.so.1
7f4d24d3e000-7f4d24d3f000 rw-p 00015000 08:17 266807                     /lib/x86_64-linux-gnu/libgcc_s.so.1
7f4d24d3f000-7f4d24d5a000 r-xp 00000000 08:17 3824821                    /usr/local/lib/libz.so.1.2.9
7f4d24d5a000-7f4d24f59000 ---p 0001b000 08:17 3824821                    /usr/local/lib/libz.so.1.2.9
7f4d24f59000-7f4d24f5a000 r--p 0001a000 08:17 3824821                    /usr/local/lib/libz.so.1.2.9
7f4d24f5a000-7f4d24f5b000 rw-p 0001b000 08:17 3824821                    /usr/local/lib/libz.so.1.2.9
7f4d24f5b000-7f4d24fa8000 r-xp 00000000 08:17 3810312                    /usr/lib/x86_64-linux-gnu/libldap_r-2.4.so.2.10.5
7f4d24fa8000-7f4d251a7000 ---p 0004d000 08:17 3810312                    /usr/lib/x86_64-linux-gnu/libldap_r-2.4.so.2.10.5
7f4d251a7000-7f4d251a9000 r--p 0004c000 08:17 3810312                    /usr/lib/x86_64-linux-gnu/libldap_r-2.4.so.2.10.5
7f4d251a9000-7f4d251aa000 rw-p 0004e000 08:17 3810312                    /usr/lib/x86_64-linux-gnu/libldap_r-2.4.so.2.10.5
7f4d251aa000-7f4d251ac000 rw-p 00000000 00:00 0 
7f4d251ac000-7f4d251b9000 r-xp 00000000 08:17 3810307                    /usr/lib/x86_64-linux-gnu/liblber-2.4.so.2.10.5
7f4d251b9000-7f4d253b9000 ---p 0000d000 08:17 3810307                    /usr/lib/x86_64-linux-gnu/liblber-2.4.so.2.10.5
7f4d253b9000-7f4d253ba000 r--p 0000d000 08:17 3810307                    /usr/lib/x86_64-linux-gnu/liblber-2.4.so.2.10.5
7f4d253ba000-7f4d253bb000 rw-p 0000e000 08:17 3810307                    /usr/lib/x86_64-linux-gnu/liblber-2.4.so.2.10.5
7f4d253bb000-7f4d255d5000 r-xp 00000000 08:17 266823                     /lib/x86_64-linux-gnu/libcrypto.so.1.0.0
7f4d255d5000-7f4d257d4000 ---p 0021a000 08:17 266823                     /lib/x86_64-linux-gnu/libcrypto.so.1.0.0
7f4d257d4000-7f4d257f0000 r--p 00219000 08:17 266823                     /lib/x86_64-linux-gnu/libcrypto.so.1.0.0
7f4d257f0000-7f4d257fc000 rw-p 00235000 08:17 266823                     /lib/x86_64-linux-gnu/libcrypto.so.1.0.0
7f4d257fc000-7f4d28000000 rw-p 00000000 00:00 0 
7f4d28000000-7f4d28021000 rw-p 00000000 00:00 0 
7f4d28021000-7f4d2c000000 ---p 00000000 00:00 0 
7f4d2c000000-7f4d2c133000 rw-p 00000000 00:00 0 
7f4d2c133000-7f4d30000000 ---p 00000000 00:00 0 
7f4d30000000-7f4d30021000 rw-p 00000000 00:00 0 
7f4d30021000-7f4d34000000 ---p 00000000 00:00 0 
7f4d34000000-7f4d34132000 rw-p 00000000 00:00 0 
7f4d34132000-7f4d38000000 ---p 00000000 00:00 0 
7f4d38000000-7f4d3825b000 rw-p 00000000 00:00 0 
7f4d3825b000-7f4d3c000000 ---p 00000000 00:00 0 
7f4d3c000000-7f4d3c2b9000 rw-p 00000000 00:00 0 
7f4d3c2b9000-7f4d40000000 ---p 00000000 00:00 0 
7f4d40000000-7f4d402a9000 rw-p 00000000 00:00 0 
7f4d402a9000-7f4d44000000 ---p 00000000 00:00 0 
7f4d4406a000-7f4d440b1000 r-xp 00000000 08:17 3810115                    /usr/lib/x86_64-linux-gnu/libgssapi_krb5.so.2.2
7f4d440b1000-7f4d442b0000 ---p 00047000 08:17 3810115                    /usr/lib/x86_64-linux-gnu/libgssapi_krb5.so.2.2
7f4d442b0000-7f4d442b2000 r--p 00046000 08:17 3810115                    /usr/lib/x86_64-linux-gnu/libgssapi_krb5.so.2.2
7f4d442b2000-7f4d442b4000 rw-p 00048000 08:17 3810115                    /usr/lib/x86_64-linux-gnu/libgssapi_krb5.so.2.2
7f4d442b4000-7f4d44312000 r-xp 00000000 08:17 266822                     /lib/x86_64-linux-gnu/libssl.so.1.0.0
7f4d44312000-7f4d44512000 ---p 0005e000 08:17 266822                     /lib/x86_64-linux-gnu/libssl.so.1.0.0
7f4d44512000-7f4d44516000 r--p 0005e000 08:17 266822                     /lib/x86_64-linux-gnu/libssl.so.1.0.0
7f4d44516000-7f4d4451d000 rw-p 00062000 08:17 266822                     /lib/x86_64-linux-gnu/libssl.so.1.0.0
7f4d4451d000-7f4d44538000 r-xp 00000000 08:17 3810616                    /usr/lib/x86_64-linux-gnu/librtmp.so.1
7f4d44538000-7f4d44737000 ---p 0001b000 08:17 3810616                    /usr/lib/x86_64-linux-gnu/librtmp.so.1
7f4d44737000-7f4d44738000 r--p 0001a000 08:17 3810616                    /usr/lib/x86_64-linux-gnu/librtmp.so.1
7f4d44738000-7f4d44739000 rw-p 0001b000 08:17 3810616                    /usr/lib/x86_64-linux-gnu/librtmp.so.1
7f4d44739000-7f4d448ab000 r-xp 00000000 08:17 3803290                    /usr/lib/x86_64-linux-gnu/libstdc++.so.6.0.21
7f4d448ab000-7f4d44aab000 ---p 00172000 08:17 3803290                    /usr/lib/x86_64-linux-gnu/libstdc++.so.6.0.21
7f4d44aab000-7f4d44ab5000 r--p 00172000 08:17 3803290                    /usr/lib/x86_64-linux-gnu/libstdc++.so.6.0.21
7f4d44ab5000-7f4d44ab7000 rw-p 0017c000 08:17 3803290                    /usr/lib/x86_64-linux-gnu/libstdc++.so.6.0.21
7f4d44ab7000-7f4d44abb000 rw-p 00000000 00:00 0 
7f4d44abb000-7f4d44b8a000 r-xp 00000000 08:17 3810694                    /usr/lib/x86_64-linux-gnu/libsqlite3.so.0.8.6
7f4d44b8a000-7f4d44d8a000 ---p 000cf000 08:17 3810694                    /usr/lib/x86_64-linux-gnu/libsqlite3.so.0.8.6
7f4d44d8a000-7f4d44d8d000 r--p 000cf000 08:17 3810694                    /usr/lib/x86_64-linux-gnu/libsqlite3.so.0.8.6
7f4d44d8d000-7f4d44d8f000 rw-p 000d2000 08:17 3810694                    /usr/lib/x86_64-linux-gnu/libsqlite3.so.0.8.6
7f4d44d8f000-7f4d44d90000 rw-p 00000000 00:00 0 
7f4d44d90000-7f4d44dfb000 r-xp 00000000 08:17 3801208                    /usr/lib/x86_64-linux-gnu/libcurl.so.4.4.0
7f4d44dfb000-7f4d44ffb000 ---p 0006b000 08:17 3801208                    /usr/lib/x86_64-linux-gnu/libcurl.so.4.4.0
7f4d44ffb000-7f4d44ffe000 r--p 0006b000 08:17 3801208                    /usr/lib/x86_64-linux-gnu/libcurl.so.4.4.0
7f4d44ffe000-7f4d44fff000 rw-p 0006e000 08:17 3801208                    /usr/lib/x86_64-linux-gnu/libcurl.so.4.4.0
7f4d44fff000-7f4d48000000 rw-p 00000000 00:00 0 
7f4d48000000-7f4d48132000 rw-p 00000000 00:00 0 
7f4d48132000-7f4d4c000000 ---p 00000000 00:00 0 
7f4d4c000000-7f4d4c021000 rw-p 00000000 00:00 0 
7f4d4c021000-7f4d50000000 ---p 00000000 00:00 0 
7f4d50000000-7f4d50138000 rw-p 00000000 00:00 0 
7f4d50138000-7f4d54000000 ---p 00000000 00:00 0 
7f4d54000000-7f4d54021000 rw-p 00000000 00:00 0 
7f4d54021000-7f4d58000000 ---p 00000000 00:00 0 
7f4d58000000-7f4d580aa000 rw-p 00000000 00:00 0 
7f4d580aa000-7f4d5c000000 ---p 00000000 00:00 0 
7f4d5c000000-7f4d5c031000 r-xp 00000000 08:17 3803367                    /usr/lib/x86_64-linux-gnu/libidn.so.11.6.15
7f4d5c031000-7f4d5c231000 ---p 00031000 08:17 3803367                    /usr/lib/x86_64-linux-gnu/libidn.so.11.6.15
7f4d5c231000-7f4d5c232000 r--p 00031000 08:17 3803367                    /usr/lib/x86_64-linux-gnu/libidn.so.11.6.15
7f4d5c232000-7f4d5c233000 rw-p 00032000 08:17 3803367                    /usr/lib/x86_64-linux-gnu/libidn.so.11.6.15
7f4d5c233000-7f4d5cc38000 r-xp 00000000 08:17 99859                      /home/diamond/Documents/Controller/bin/linux-x86-64/libarcsoft_fsdk_face_recognition.so
7f4d5cc38000-7f4d5ce37000 ---p 00a05000 08:17 99859                      /home/diamond/Documents/Controller/bin/linux-x86-64/libarcsoft_fsdk_face_recognition.so
7f4d5ce37000-7f4d5ce38000 r--p 00a04000 08:17 99859                      /home/diamond/Documents/Controller/bin/linux-x86-64/libarcsoft_fsdk_face_recognition.so
7f4d5ce38000-7f4d5da63000 rw-p 00a05000 08:17 99859                      /home/diamond/Documents/Controller/bin/linux-x86-64/libarcsoft_fsdk_face_recognition.so
7f4d5da63000-7f4d5da7b000 r-xp 00000000 08:17 3538986                    /tmp/jna-1655054676/jna517212966771536179.tmp (deleted)
7f4d5da7b000-7f4d5dc7a000 ---p 00018000 08:17 3538986                    /tmp/jna-1655054676/jna517212966771536179.tmp (deleted)
7f4d5dc7a000-7f4d5dc7c000 rw-p 00017000 08:17 3538986                    /tmp/jna-1655054676/jna517212966771536179.tmp (deleted)
7f4d5dc7c000-7f4d5dc8d000 r-xp 00000000 08:17 3880230                    /usr/local/jdk1.8.0_152/jre/lib/amd64/libnio.so
7f4d5dc8d000-7f4d5de8c000 ---p 00011000 08:17 3880230                    /usr/local/jdk1.8.0_152/jre/lib/amd64/libnio.so
7f4d5de8c000-7f4d5de8d000 rw-p 00010000 08:17 3880230                    /usr/local/jdk1.8.0_152/jre/lib/amd64/libnio.so
7f4d5de8d000-7f4d5de90000 ---p 00000000 00:00 0 
7f4d5de90000-7f4d5df8e000 rw-p 00000000 00:00 0 
7f4d5df8e000-7f4d5df8f000 ---p 00000000 00:00 0 
7f4d5df8f000-7f4d5e08f000 rw-p 00000000 00:00 0 
7f4d5e08f000-7f4d5e092000 ---p 00000000 00:00 0 
7f4d5e092000-7f4d5e190000 rw-p 00000000 00:00 0 
7f4d5e190000-7f4d5e193000 ---p 00000000 00:00 0 
7f4d5e193000-7f4d5e291000 rw-p 00000000 00:00 0 
7f4d5e291000-7f4d5e294000 ---p 00000000 00:00 0 
7f4d5e294000-7f4d5e392000 rw-p 00000000 00:00 0 
7f4d5e392000-7f4d5e3a8000 r-xp 00000000 08:17 3880227                    /usr/local/jdk1.8.0_152/jre/lib/amd64/libnet.so
7f4d5e3a8000-7f4d5e5a8000 ---p 00016000 08:17 3880227                    /usr/local/jdk1.8.0_152/jre/lib/amd64/libnet.so
7f4d5e5a8000-7f4d5e5a9000 rw-p 00016000 08:17 3880227                    /usr/local/jdk1.8.0_152/jre/lib/amd64/libnet.so
7f4d5e5a9000-7f4d5e5ac000 ---p 00000000 00:00 0 
7f4d5e5ac000-7f4d5e6aa000 rw-p 00000000 00:00 0 
7f4d5e6aa000-7f4d5e6ad000 ---p 00000000 00:00 0 
7f4d5e6ad000-7f4d5e7ab000 rw-p 00000000 00:00 0 
7f4d5e7ab000-7f4d5e840000 r--s 01113000 08:17 3880111                    /usr/local/jdk1.8.0_152/jre/lib/ext/jfxrt.jar
7f4d5e840000-7f4d5e843000 ---p 00000000 00:00 0 
7f4d5e843000-7f4d5e941000 rw-p 00000000 00:00 0 
7f4d5e941000-7f4d5f300000 r--p 00000000 08:17 3808503                    /usr/lib/locale/locale-archive
7f4d5f300000-7f4d5f303000 ---p 00000000 00:00 0 
7f4d5f303000-7f4d5f401000 rw-p 00000000 00:00 0 
7f4d5f401000-7f4d5f404000 ---p 00000000 00:00 0 
7f4d5f404000-7f4d5f502000 rw-p 00000000 00:00 0 
7f4d5f502000-7f4d5f503000 ---p 00000000 00:00 0 
7f4d5f503000-7f4d64000000 rw-p 00000000 00:00 0 
7f4d64000000-7f4d6413b000 rw-p 00000000 00:00 0 
7f4d6413b000-7f4d68000000 ---p 00000000 00:00 0 
7f4d68000000-7f4d68021000 rw-p 00000000 00:00 0 
7f4d68021000-7f4d6c000000 ---p 00000000 00:00 0 
7f4d6c000000-7f4d6c021000 rw-p 00000000 00:00 0 
7f4d6c021000-7f4d70000000 ---p 00000000 00:00 0 
7f4d70000000-7f4d70135000 rw-p 00000000 00:00 0 
7f4d70135000-7f4d74000000 ---p 00000000 00:00 0 
7f4d7401c000-7f4d7401f000 ---p 00000000 00:00 0 
7f4d7401f000-7f4d74257000 rw-p 00000000 00:00 0 
7f4d74257000-7f4d74431000 r--s 03d5f000 08:17 3880058                    /usr/local/jdk1.8.0_152/jre/lib/rt.jar
7f4d74431000-7f4d75000000 rw-p 00000000 00:00 0 
7f4d75000000-7f4d753e0000 rwxp 00000000 00:00 0 
7f4d753e0000-7f4d84000000 ---p 00000000 00:00 0 
7f4d84000000-7f4d84c08000 rw-p 00000000 00:00 0 
7f4d84c08000-7f4d88000000 ---p 00000000 00:00 0 
7f4d8802c000-7f4d88031000 r--s 0009a000 08:17 3880107                    /usr/local/jdk1.8.0_152/jre/lib/jsse.jar
7f4d88031000-7f4d88036000 r--s 002f9000 08:17 3880056                    /usr/local/jdk1.8.0_152/jre/lib/charsets.jar
7f4d88036000-7f4d88040000 r--s 000eb000 08:17 69177                      /home/diamond/Documents/Controller/lib/mysql-connector-java-5.1.44-bin.jar
7f4d88040000-7f4d88043000 r--s 00024000 08:17 79461                      /home/diamond/Documents/Controller/lib/json-lib-2.4-jdk15.jar
7f4d88043000-7f4d88047000 r--s 00107000 08:17 69176                      /home/diamond/Documents/Controller/lib/jna-4.4.0.jar
7f4d88047000-7f4d88055000 r--s 0007f000 08:17 79458                      /home/diamond/Documents/Controller/lib/commons-collections-3.2.1.jar
7f4d88055000-7f4d8811a000 rw-p 00000000 00:00 0 
7f4d8811a000-7f4d8811b000 ---p 00000000 00:00 0 
7f4d8811b000-7f4d8821b000 rw-p 00000000 00:00 0 
7f4d8821b000-7f4d8821c000 ---p 00000000 00:00 0 
7f4d8821c000-7f4d8831c000 rw-p 00000000 00:00 0 
7f4d8831c000-7f4d8831d000 ---p 00000000 00:00 0 
7f4d8831d000-7f4d8841d000 rw-p 00000000 00:00 0 
7f4d8841d000-7f4d8841e000 ---p 00000000 00:00 0 
7f4d8841e000-7f4d88547000 rw-p 00000000 00:00 0 
7f4d88547000-7f4d887a8000 ---p 00000000 00:00 0 
7f4d887a8000-7f4d887d1000 rw-p 00000000 00:00 0 
7f4d887d1000-7f4d88a32000 ---p 00000000 00:00 0 
7f4d88a32000-7f4d88a76000 rw-p 00000000 00:00 0 
7f4d88a76000-7f4d88b77000 ---p 00000000 00:00 0 
7f4d88b77000-7f4d88b88000 rw-p 00000000 00:00 0 
7f4d88b88000-7f4d88f38000 ---p 00000000 00:00 0 
7f4d88f38000-7f4d88f53000 r-xp 00000000 08:17 3880223                    /usr/local/jdk1.8.0_152/jre/lib/amd64/libzip.so
7f4d88f53000-7f4d89153000 ---p 0001b000 08:17 3880223                    /usr/local/jdk1.8.0_152/jre/lib/amd64/libzip.so
7f4d89153000-7f4d89154000 rw-p 0001b000 08:17 3880223                    /usr/local/jdk1.8.0_152/jre/lib/amd64/libzip.so
7f4d89154000-7f4d8915f000 r-xp 00000000 08:17 266868                     /lib/x86_64-linux-gnu/libnss_files-2.23.so
7f4d8915f000-7f4d8935e000 ---p 0000b000 08:17 266868                     /lib/x86_64-linux-gnu/libnss_files-2.23.so
7f4d8935e000-7f4d8935f000 r--p 0000a000 08:17 266868                     /lib/x86_64-linux-gnu/libnss_files-2.23.so
7f4d8935f000-7f4d89360000 rw-p 0000b000 08:17 266868                     /lib/x86_64-linux-gnu/libnss_files-2.23.so
7f4d89360000-7f4d89366000 rw-p 00000000 00:00 0 
7f4d89366000-7f4d89371000 r-xp 00000000 08:17 266878                     /lib/x86_64-linux-gnu/libnss_nis-2.23.so
7f4d89371000-7f4d89570000 ---p 0000b000 08:17 266878                     /lib/x86_64-linux-gnu/libnss_nis-2.23.so
7f4d89570000-7f4d89571000 r--p 0000a000 08:17 266878                     /lib/x86_64-linux-gnu/libnss_nis-2.23.so
7f4d89571000-7f4d89572000 rw-p 0000b000 08:17 266878                     /lib/x86_64-linux-gnu/libnss_nis-2.23.so
7f4d89572000-7f4d89588000 r-xp 00000000 08:17 266862                     /lib/x86_64-linux-gnu/libnsl-2.23.so
7f4d89588000-7f4d89787000 ---p 00016000 08:17 266862                     /lib/x86_64-linux-gnu/libnsl-2.23.so
7f4d89787000-7f4d89788000 r--p 00015000 08:17 266862                     /lib/x86_64-linux-gnu/libnsl-2.23.so
7f4d89788000-7f4d89789000 rw-p 00016000 08:17 266862                     /lib/x86_64-linux-gnu/libnsl-2.23.so
7f4d89789000-7f4d8978b000 rw-p 00000000 00:00 0 
7f4d8978b000-7f4d89793000 r-xp 00000000 08:17 266864                     /lib/x86_64-linux-gnu/libnss_compat-2.23.so
7f4d89793000-7f4d89992000 ---p 00008000 08:17 266864                     /lib/x86_64-linux-gnu/libnss_compat-2.23.so
7f4d89992000-7f4d89993000 r--p 00007000 08:17 266864                     /lib/x86_64-linux-gnu/libnss_compat-2.23.so
7f4d89993000-7f4d89994000 rw-p 00008000 08:17 266864                     /lib/x86_64-linux-gnu/libnss_compat-2.23.so
7f4d89994000-7f4d8999e000 r-xp 00000000 08:17 3880232                    /usr/local/jdk1.8.0_152/jre/lib/amd64/libinstrument.so
7f4d8999e000-7f4d89b9d000 ---p 0000a000 08:17 3880232                    /usr/local/jdk1.8.0_152/jre/lib/amd64/libinstrument.so
7f4d89b9d000-7f4d89b9e000 rw-p 00009000 08:17 3880232                    /usr/local/jdk1.8.0_152/jre/lib/amd64/libinstrument.so
7f4d89b9e000-7f4d89bc9000 r-xp 00000000 08:17 3880217                    /usr/local/jdk1.8.0_152/jre/lib/amd64/libjava.so
7f4d89bc9000-7f4d89dc8000 ---p 0002b000 08:17 3880217                    /usr/local/jdk1.8.0_152/jre/lib/amd64/libjava.so
7f4d89dc8000-7f4d89dca000 rw-p 0002a000 08:17 3880217                    /usr/local/jdk1.8.0_152/jre/lib/amd64/libjava.so
7f4d89dca000-7f4d89dd7000 r-xp 00000000 08:17 3880222                    /usr/local/jdk1.8.0_152/jre/lib/amd64/libverify.so
7f4d89dd7000-7f4d89fd7000 ---p 0000d000 08:17 3880222                    /usr/local/jdk1.8.0_152/jre/lib/amd64/libverify.so
7f4d89fd7000-7f4d89fd9000 rw-p 0000d000 08:17 3880222                    /usr/local/jdk1.8.0_152/jre/lib/amd64/libverify.so
7f4d89fd9000-7f4d89fe0000 r-xp 00000000 08:17 266923                     /lib/x86_64-linux-gnu/librt-2.23.so
7f4d89fe0000-7f4d8a1df000 ---p 00007000 08:17 266923                     /lib/x86_64-linux-gnu/librt-2.23.so
7f4d8a1df000-7f4d8a1e0000 r--p 00006000 08:17 266923                     /lib/x86_64-linux-gnu/librt-2.23.so
7f4d8a1e0000-7f4d8a1e1000 rw-p 00007000 08:17 266923                     /lib/x86_64-linux-gnu/librt-2.23.so
7f4d8a1e1000-7f4d8a2e9000 r-xp 00000000 08:17 266839                     /lib/x86_64-linux-gnu/libm-2.23.so
7f4d8a2e9000-7f4d8a4e8000 ---p 00108000 08:17 266839                     /lib/x86_64-linux-gnu/libm-2.23.so
7f4d8a4e8000-7f4d8a4e9000 r--p 00107000 08:17 266839                     /lib/x86_64-linux-gnu/libm-2.23.so
7f4d8a4e9000-7f4d8a4ea000 rw-p 00108000 08:17 266839                     /lib/x86_64-linux-gnu/libm-2.23.so
7f4d8a4ea000-7f4d8b1c2000 r-xp 00000000 08:17 3880200                    /usr/local/jdk1.8.0_152/jre/lib/amd64/server/libjvm.so
7f4d8b1c2000-7f4d8b3c1000 ---p 00cd8000 08:17 3880200                    /usr/local/jdk1.8.0_152/jre/lib/amd64/server/libjvm.so
7f4d8b3c1000-7f4d8b49b000 rw-p 00cd7000 08:17 3880200                    /usr/local/jdk1.8.0_152/jre/lib/amd64/server/libjvm.so
7f4d8b49b000-7f4d8b4e6000 rw-p 00000000 00:00 0 
7f4d8b4e6000-7f4d8b6a6000 r-xp 00000000 08:17 266769                     /lib/x86_64-linux-gnu/libc-2.23.so
7f4d8b6a6000-7f4d8b8a6000 ---p 001c0000 08:17 266769                     /lib/x86_64-linux-gnu/libc-2.23.so
7f4d8b8a6000-7f4d8b8aa000 r--p 001c0000 08:17 266769                     /lib/x86_64-linux-gnu/libc-2.23.so
7f4d8b8aa000-7f4d8b8ac000 rw-p 001c4000 08:17 266769                     /lib/x86_64-linux-gnu/libc-2.23.so
7f4d8b8ac000-7f4d8b8b0000 rw-p 00000000 00:00 0 
7f4d8b8b0000-7f4d8b8b3000 r-xp 00000000 08:17 266793                     /lib/x86_64-linux-gnu/libdl-2.23.so
7f4d8b8b3000-7f4d8bab2000 ---p 00003000 08:17 266793                     /lib/x86_64-linux-gnu/libdl-2.23.so
7f4d8bab2000-7f4d8bab3000 r--p 00002000 08:17 266793                     /lib/x86_64-linux-gnu/libdl-2.23.so
7f4d8bab3000-7f4d8bab4000 rw-p 00003000 08:17 266793                     /lib/x86_64-linux-gnu/libdl-2.23.so
7f4d8bab4000-7f4d8baca000 r-xp 00000000 08:17 3879918                    /usr/local/jdk1.8.0_152/lib/amd64/jli/libjli.so
7f4d8baca000-7f4d8bcc9000 ---p 00016000 08:17 3879918                    /usr/local/jdk1.8.0_152/lib/amd64/jli/libjli.so
7f4d8bcc9000-7f4d8bcca000 rw-p 00015000 08:17 3879918                    /usr/local/jdk1.8.0_152/lib/amd64/jli/libjli.so
7f4d8bcca000-7f4d8bce2000 r-xp 00000000 08:17 266915                     /lib/x86_64-linux-gnu/libpthread-2.23.so
7f4d8bce2000-7f4d8bee1000 ---p 00018000 08:17 266915                     /lib/x86_64-linux-gnu/libpthread-2.23.so
7f4d8bee1000-7f4d8bee2000 r--p 00017000 08:17 266915                     /lib/x86_64-linux-gnu/libpthread-2.23.so
7f4d8bee2000-7f4d8bee3000 rw-p 00018000 08:17 266915                     /lib/x86_64-linux-gnu/libpthread-2.23.so
7f4d8bee3000-7f4d8bee7000 rw-p 00000000 00:00 0 
7f4d8bee7000-7f4d8bf0d000 r-xp 00000000 08:17 266741                     /lib/x86_64-linux-gnu/ld-2.23.so
7f4d8bf0d000-7f4d8bf0f000 r--s 0001a000 08:17 18339                      /home/diamond/soft/idea-IU-173.3942.27/lib/idea_rt.jar
7f4d8bf0f000-7f4d8bf12000 r--s 00013000 08:17 79443                      /home/diamond/Documents/Controller/lib/ezmorph-1.0.6.jar
7f4d8bf12000-7f4d8bf14000 r--s 0000d000 08:17 79460                      /home/diamond/Documents/Controller/lib/commons-logging-1.1.1.jar
7f4d8bf14000-7f4d8bf19000 r--s 00034000 08:17 79459                      /home/diamond/Documents/Controller/lib/commons-beanutils-1.8.0.jar
7f4d8bf19000-7f4d8bf2c000 r--s 00345000 08:17 3880093                    /usr/local/jdk1.8.0_152/jre/lib/resources.jar
7f4d8bf2c000-7f4d8bf3f000 r--s 000d6000 08:17 3880030                    /usr/local/jdk1.8.0_152/jre/lib/plugin.jar
7f4d8bf3f000-7f4d8bf44000 r--s 0009a000 08:17 3880107                    /usr/local/jdk1.8.0_152/jre/lib/jsse.jar
7f4d8bf44000-7f4d8bf46000 r--s 00007000 08:17 3880245                    /usr/local/jdk1.8.0_152/jre/lib/jfxswt.jar
7f4d8bf46000-7f4d8bf4b000 r--s 00084000 08:17 3880007                    /usr/local/jdk1.8.0_152/jre/lib/jfr.jar
7f4d8bf4b000-7f4d8bf4e000 r--s 0001a000 08:17 3880243                    /usr/local/jdk1.8.0_152/jre/lib/jce.jar
7f4d8bf4e000-7f4d8bf57000 r--s 0006d000 08:17 3880017                    /usr/local/jdk1.8.0_152/jre/lib/javaws.jar
7f4d8bf57000-7f4d8bfd9000 rw-p 00000000 00:00 0 
7f4d8bfd9000-7f4d8bfdc000 ---p 00000000 00:00 0 
7f4d8bfdc000-7f4d8c0de000 rw-p 00000000 00:00 0 
7f4d8c0de000-7f4d8c0df000 r--s 00000000 08:17 3880014                    /usr/local/jdk1.8.0_152/jre/lib/management-agent.jar
7f4d8c0df000-7f4d8c0fb000 r--s 0020b000 08:17 3880008                    /usr/local/jdk1.8.0_152/jre/lib/deploy.jar
7f4d8c0fb000-7f4d8c100000 r--s 002f9000 08:17 3880056                    /usr/local/jdk1.8.0_152/jre/lib/charsets.jar
7f4d8c100000-7f4d8c108000 rw-s 00000000 08:17 3538980                    /tmp/hsperfdata_diamond/4679
7f4d8c108000-7f4d8c109000 rw-p 00000000 00:00 0 
7f4d8c109000-7f4d8c10a000 r--p 00000000 00:00 0 
7f4d8c10a000-7f4d8c10c000 rw-p 00000000 00:00 0 
7f4d8c10c000-7f4d8c10d000 r--p 00025000 08:17 266741                     /lib/x86_64-linux-gnu/ld-2.23.so
7f4d8c10d000-7f4d8c10e000 rw-p 00026000 08:17 266741                     /lib/x86_64-linux-gnu/ld-2.23.so
7f4d8c10e000-7f4d8c10f000 rw-p 00000000 00:00 0 
7ffc38c82000-7ffc38ca4000 rw-p 00000000 00:00 0                          [stack]
7ffc38db6000-7ffc38db8000 r--p 00000000 00:00 0                          [vvar]
7ffc38db8000-7ffc38dba000 r-xp 00000000 00:00 0                          [vdso]
ffffffffff600000-ffffffffff601000 r-xp 00000000 00:00 0                  [vsyscall]

VM Arguments:
jvm_args: -javaagent:/home/diamond/soft/idea-IU-173.3942.27/lib/idea_rt.jar=33661:/home/diamond/soft/idea-IU-173.3942.27/bin -Dfile.encoding=UTF-8 
java_command: com.moma.Controller
java_class_path (initial): /usr/local/jdk1.8.0_152/jre/lib/charsets.jar:/usr/local/jdk1.8.0_152/jre/lib/deploy.jar:/usr/local/jdk1.8.0_152/jre/lib/ext/cldrdata.jar:/usr/local/jdk1.8.0_152/jre/lib/ext/dnsns.jar:/usr/local/jdk1.8.0_152/jre/lib/ext/jaccess.jar:/usr/local/jdk1.8.0_152/jre/lib/ext/jfxrt.jar:/usr/local/jdk1.8.0_152/jre/lib/ext/localedata.jar:/usr/local/jdk1.8.0_152/jre/lib/ext/nashorn.jar:/usr/local/jdk1.8.0_152/jre/lib/ext/sunec.jar:/usr/local/jdk1.8.0_152/jre/lib/ext/sunjce_provider.jar:/usr/local/jdk1.8.0_152/jre/lib/ext/sunpkcs11.jar:/usr/local/jdk1.8.0_152/jre/lib/ext/zipfs.jar:/usr/local/jdk1.8.0_152/jre/lib/javaws.jar:/usr/local/jdk1.8.0_152/jre/lib/jce.jar:/usr/local/jdk1.8.0_152/jre/lib/jfr.jar:/usr/local/jdk1.8.0_152/jre/lib/jfxswt.jar:/usr/local/jdk1.8.0_152/jre/lib/jsse.jar:/usr/local/jdk1.8.0_152/jre/lib/management-agent.jar:/usr/local/jdk1.8.0_152/jre/lib/plugin.jar:/usr/local/jdk1.8.0_152/jre/lib/resources.jar:/usr/local/jdk1.8.0_152/jre/lib/rt.jar:/home/diamond/Documents/Controller/out/production/Controller:/home/diamond/Documents/Controller/lib/commons-beanutils-1.8.0.jar:/home/diamond/Documents/Controller/lib/commons-logging-1.1.1.jar:/home/diamond/Documents/Controller/lib/commons-collections-3.2.1.jar:/home/diamond/Documents/Controller/lib/ezmorph-1.0.6.jar:/home/diamond/Documents/Controller/lib/jna-4.4.0.jar:/home/diamond/Documents/Controller/lib/json-lib-2.4-jdk15.jar:/home/diamond/Documents/Controller/lib/mysql-connector-java-5.1.44-bin.jar:/home/diamond/soft/idea-IU-173.3942.27/lib/idea_rt.jar
Launcher Type: SUN_STANDARD

Environment Variables:
JAVA_HOME=/usr/local/jdk1.8.0_152/
JRE_HOME=/usr/local/jdk1.8.0_152//jre
CLASSPATH=/home/diamond/soft/idea-IU-173.3942.27/lib/bootstrap.jar:/home/diamond/soft/idea-IU-173.3942.27/lib/extensions.jar:/home/diamond/soft/idea-IU-173.3942.27/lib/util.jar:/home/diamond/soft/idea-IU-173.3942.27/lib/jdom.jar:/home/diamond/soft/idea-IU-173.3942.27/lib/log4j.jar:/home/diamond/soft/idea-IU-173.3942.27/lib/trove4j.jar:/home/diamond/soft/idea-IU-173.3942.27/lib/jna.jar:/home/diamond/soft/idea-IU-173.3942.27/jre64/lib/tools.jar
PATH=/home/diamond/bin:/home/diamond/.local/bin:/usr/local/cuda-8.0/bin:/usr/local/sbin:/usr/local/bin:/usr/sbin:/usr/bin:/sbin:/bin:/usr/games:/usr/local/games:/snap/bin:/usr/local/jdk1.8.0_152//bin:/usr/local/jdk1.8.0_152//jre/bin
LD_LIBRARY_PATH=/usr/local/cuda-8.0/lib64
SHELL=/bin/bash
DISPLAY=:0

Signal Handlers:
SIGSEGV: [libjvm.so+0xacfec0], sa_mask[0]=11111111011111111101111111111110, sa_flags=SA_RESTART|SA_SIGINFO
SIGBUS: [libjvm.so+0xacfec0], sa_mask[0]=11111111011111111101111111111110, sa_flags=SA_RESTART|SA_SIGINFO
SIGFPE: [libjvm.so+0x927e60], sa_mask[0]=11111111011111111101111111111110, sa_flags=SA_RESTART|SA_SIGINFO
SIGPIPE: [libjvm.so+0x927e60], sa_mask[0]=11111111011111111101111111111110, sa_flags=SA_RESTART|SA_SIGINFO
SIGXFSZ: [libjvm.so+0x927e60], sa_mask[0]=11111111011111111101111111111110, sa_flags=SA_RESTART|SA_SIGINFO
SIGILL: [libjvm.so+0x927e60], sa_mask[0]=11111111011111111101111111111110, sa_flags=SA_RESTART|SA_SIGINFO
SIGUSR1: SIG_DFL, sa_mask[0]=00000000000000000000000000000000, sa_flags=none
SIGUSR2: [libjvm.so+0x9296a0], sa_mask[0]=00100000000000000000000000000000, sa_flags=SA_RESTART|SA_SIGINFO
SIGHUP: [libjvm.so+0x92aaa0], sa_mask[0]=11111111011111111101111111111110, sa_flags=SA_RESTART|SA_SIGINFO
SIGINT: [libarcsoft_fsdk_face_detection.so+0x3700], sa_mask[0]=00000000000000000000000000000000, sa_flags=SA_ONSTACK|SA_RESETHAND|SA_SIGINFO|SA_NOCLDWAIT
SIGTERM: [libjvm.so+0x92aaa0], sa_mask[0]=11111111011111111101111111111110, sa_flags=SA_RESTART|SA_SIGINFO
SIGQUIT: [libjvm.so+0x92aaa0], sa_mask[0]=11111111011111111101111111111110, sa_flags=SA_RESTART|SA_SIGINFO


---------------  S Y S T E M  ---------------

OS:DISTRIB_ID=Ubuntu
DISTRIB_RELEASE=16.04
DISTRIB_CODENAME=xenial
DISTRIB_DESCRIPTION="Ubuntu 16.04.3 LTS"

uname:Linux 4.10.0-42-generic #46~16.04.1-Ubuntu SMP Mon Dec 4 15:57:59 UTC 2017 x86_64
libc:glibc 2.23 NPTL 2.23 
rlimit: STACK 8192k, CORE 0k, NPROC 30234, NOFILE 1048576, AS infinity
load average:0.02 0.07 0.20

/proc/meminfo:
MemTotal:        7986184 kB
MemFree:         4275392 kB
MemAvailable:    5325892 kB
Buffers:           91668 kB
Cached:          1159424 kB
SwapCached:            0 kB
Active:          2695240 kB
Inactive:         747724 kB
Active(anon):    2192956 kB
Inactive(anon):    18376 kB
Active(file):     502284 kB
Inactive(file):   729348 kB
Unevictable:           0 kB
Mlocked:               0 kB
SwapTotal:       4097020 kB
SwapFree:        4097020 kB
Dirty:                56 kB
Writeback:             0 kB
AnonPages:       2171424 kB
Mapped:           338672 kB
Shmem:             19464 kB
Slab:             123652 kB
SReclaimable:      82364 kB
SUnreclaim:        41288 kB
KernelStack:       11952 kB
PageTables:        33940 kB
NFS_Unstable:          0 kB
Bounce:                0 kB
WritebackTmp:          0 kB
CommitLimit:     8090112 kB
Committed_AS:    6802356 kB
VmallocTotal:   34359738367 kB
VmallocUsed:           0 kB
VmallocChunk:          0 kB
HardwareCorrupted:     0 kB
AnonHugePages:   1058816 kB
ShmemHugePages:        0 kB
ShmemPmdMapped:        0 kB
CmaTotal:              0 kB
CmaFree:               0 kB
HugePages_Total:       0
HugePages_Free:        0
HugePages_Rsvd:        0
HugePages_Surp:        0
Hugepagesize:       2048 kB
DirectMap4k:      180100 kB
DirectMap2M:     8022016 kB


CPU:total 4 (initial active 4) (2 cores per cpu, 2 threads per core) family 6 model 58 stepping 9, cmov, cx8, fxsr, mmx, sse, sse2, sse3, ssse3, sse4.1, sse4.2, popcnt, avx, aes, clmul, erms, ht, tsc, tscinvbit, tscinv

/proc/cpuinfo:
processor	: 0
vendor_id	: GenuineIntel
cpu family	: 6
model		: 58
model name	: Intel(R) Core(TM) i5-3210M CPU @ 2.50GHz
stepping	: 9
microcode	: 0x15
cpu MHz		: 1199.798
cache size	: 3072 KB
physical id	: 0
siblings	: 4
core id		: 0
cpu cores	: 2
apicid		: 0
initial apicid	: 0
fpu		: yes
fpu_exception	: yes
cpuid level	: 13
wp		: yes
flags		: fpu vme de pse tsc msr pae mce cx8 apic sep mtrr pge mca cmov pat pse36 clflush dts acpi mmx fxsr sse sse2 ss ht tm pbe syscall nx rdtscp lm constant_tsc arch_perfmon pebs bts rep_good nopl xtopology nonstop_tsc aperfmperf pni pclmulqdq dtes64 monitor ds_cpl vmx est tm2 ssse3 cx16 xtpr pdcm pcid sse4_1 sse4_2 x2apic popcnt tsc_deadline_timer aes xsave avx f16c rdrand lahf_lm epb tpr_shadow vnmi flexpriority ept vpid fsgsbase smep erms xsaveopt dtherm ida arat pln pts
bugs		:
bogomips	: 4988.38
clflush size	: 64
cache_alignment	: 64
address sizes	: 36 bits physical, 48 bits virtual
power management:

processor	: 1
vendor_id	: GenuineIntel
cpu family	: 6
model		: 58
model name	: Intel(R) Core(TM) i5-3210M CPU @ 2.50GHz
stepping	: 9
microcode	: 0x15
cpu MHz		: 2937.774
cache size	: 3072 KB
physical id	: 0
siblings	: 4
core id		: 0
cpu cores	: 2
apicid		: 1
initial apicid	: 1
fpu		: yes
fpu_exception	: yes
cpuid level	: 13
wp		: yes
flags		: fpu vme de pse tsc msr pae mce cx8 apic sep mtrr pge mca cmov pat pse36 clflush dts acpi mmx fxsr sse sse2 ss ht tm pbe syscall nx rdtscp lm constant_tsc arch_perfmon pebs bts rep_good nopl xtopology nonstop_tsc aperfmperf pni pclmulqdq dtes64 monitor ds_cpl vmx est tm2 ssse3 cx16 xtpr pdcm pcid sse4_1 sse4_2 x2apic popcnt tsc_deadline_timer aes xsave avx f16c rdrand lahf_lm epb tpr_shadow vnmi flexpriority ept vpid fsgsbase smep erms xsaveopt dtherm ida arat pln pts
bugs		:
bogomips	: 4988.38
clflush size	: 64
cache_alignment	: 64
address sizes	: 36 bits physical, 48 bits virtual
power management:

processor	: 2
vendor_id	: GenuineIntel
cpu family	: 6
model		: 58
model name	: Intel(R) Core(TM) i5-3210M CPU @ 2.50GHz
stepping	: 9
microcode	: 0x15
cpu MHz		: 2753.295
cache size	: 3072 KB
physical id	: 0
siblings	: 4
core id		: 1
cpu cores	: 2
apicid		: 2
initial apicid	: 2
fpu		: yes
fpu_exception	: yes
cpuid level	: 13
wp		: yes
flags		: fpu vme de pse tsc msr pae mce cx8 apic sep mtrr pge mca cmov pat pse36 clflush dts acpi mmx fxsr sse sse2 ss ht tm pbe syscall nx rdtscp lm constant_tsc arch_perfmon pebs bts rep_good nopl xtopology nonstop_tsc aperfmperf pni pclmulqdq dtes64 monitor ds_cpl vmx est tm2 ssse3 cx16 xtpr pdcm pcid sse4_1 sse4_2 x2apic popcnt tsc_deadline_timer aes xsave avx f16c rdrand lahf_lm epb tpr_shadow vnmi flexpriority ept vpid fsgsbase smep erms xsaveopt dtherm ida arat pln pts
bugs		:
bogomips	: 4988.38
clflush size	: 64
cache_alignment	: 64
address sizes	: 36 bits physical, 48 bits virtual
power management:

processor	: 3
vendor_id	: GenuineIntel
cpu family	: 6
model		: 58
model name	: Intel(R) Core(TM) i5-3210M CPU @ 2.50GHz
stepping	: 9
microcode	: 0x15
cpu MHz		: 1210.937
cache size	: 3072 KB
physical id	: 0
siblings	: 4
core id		: 1
cpu cores	: 2
apicid		: 3
initial apicid	: 3
fpu		: yes
fpu_exception	: yes
cpuid level	: 13
wp		: yes
flags		: fpu vme de pse tsc msr pae mce cx8 apic sep mtrr pge mca cmov pat pse36 clflush dts acpi mmx fxsr sse sse2 ss ht tm pbe syscall nx rdtscp lm constant_tsc arch_perfmon pebs bts rep_good nopl xtopology nonstop_tsc aperfmperf pni pclmulqdq dtes64 monitor ds_cpl vmx est tm2 ssse3 cx16 xtpr pdcm pcid sse4_1 sse4_2 x2apic popcnt tsc_deadline_timer aes xsave avx f16c rdrand lahf_lm epb tpr_shadow vnmi flexpriority ept vpid fsgsbase smep erms xsaveopt dtherm ida arat pln pts
bugs		:
bogomips	: 4988.38
clflush size	: 64
cache_alignment	: 64
address sizes	: 36 bits physical, 48 bits virtual
power management:



Memory: 4k page, physical 7986184k(4275392k free), swap 4097020k(4097020k free)

vm_info: Java HotSpot(TM) 64-Bit Server VM (25.152-b16) for linux-amd64 JRE (1.8.0_152-b16), built on Sep 14 2017 02:16:14 by "java_re" with gcc 4.3.0 20080428 (Red Hat 4.3.0-8)

time: Thu Jan 18 20:00:37 2018
elapsed time: 1497 seconds (0d 0h 24m 57s)

