#
# A fatal error has been detected by the Java Runtime Environment:
#
#  SIGSEGV (0xb) at pc=0x00007f8c3fffd880, pid=19245, tid=0x00007f8c32183700
#
# JRE version: Java(TM) SE Runtime Environment (8.0_152-b16) (build 1.8.0_152-b16)
# Java VM: Java HotSpot(TM) 64-Bit Server VM (25.152-b16 mixed mode linux-amd64 compressed oops)
# Problematic frame:
# C  [libarcsoft_fsdk_face_recognition.so+0x2e880]
#
# Failed to write core dump. Core dumps have been disabled. To enable core dumping, try "ulimit -c unlimited" before starting Java again
#
# If you would like to submit a bug report, please visit:
#   http://bugreport.java.com/bugreport/crash.jsp
#

---------------  T H R E A D  ---------------

Current thread is native thread

siginfo: si_signo: 11 (SIGSEGV), si_code: 2 (SEGV_ACCERR), si_addr: 0x00007f8c9cd2a494

Registers:
RAX=0x00007f8c9cd2a494, RBX=0x00007f8bafbf9580, RCX=0x000000000002fd71, RDX=0x0000000000010180
RSP=0x00007f8c32182e98, RBP=0x0000000000cf2145, RSI=0x00000000000000e9, RDI=0x00000000000000e9
R8 =0x000000000ca82800, R9 =0x00007f8c29804660, R10=0x0000000000752dc0, R11=0x00007f8c29817f20
R12=0x0000000000000086, R13=0x00000000ffffeb30, R14=0x00007f8bafbee8d0, R15=0x000000000001d924
RIP=0x00007f8c3fffd880, EFLAGS=0x0000000000010202, CSGSFS=0x002b000000000033, ERR=0x0000000000000004
  TRAPNO=0x000000000000000e

Top of Stack: (sp=0x00007f8c32182e98)
0x00007f8c32182e98:   0000000100000280 00007f8c2988eaec
0x00007f8c32182ea8:   00007f8c2988eaf0 00007f8c2988eaf4
0x00007f8c32182eb8:   00007f8c417be6c0 00007f8c29907d70
0x00007f8c32182ec8:   00752dc000cf2145 00007f8c29907d70
0x00007f8c32182ed8:   00007f8c29907d20 00007f8c29907d70
0x00007f8c32182ee8:   00007f8c29907d48 00007f8c29907da0
0x00007f8c32182ef8:   00007f8c3fff3970 00007f8bafbee938
0x00007f8c32182f08:   00007f8c4000167f 0000000000000000
0x00007f8c32182f18:   0000024100000000 0000000000000000
0x00007f8c32182f28:   0000000000000000 0000000000000000
0x00007f8c32182f38:   0000000000000000 00007f8ca581159f
0x00007f8c32182f48:   00007f8c321839c0 0000000000000001
0x00007f8c32182f58:   00007f8ca540b6ba 0000000000000000
0x00007f8c32182f68:   00007f8c32183700 00007f8c32183700
0x00007f8c32182f78:   ee1fb719f2cecdf8 0000000000000000
0x00007f8c32182f88:   00007f8ca581159f 00007f8c321839c0
0x00007f8c32182f98:   0000000000000001 1107d329ac0ecdf8
0x00007f8c32182fa8:   1106fd989e34cdf8 0000000000000000
0x00007f8c32182fb8:   0000000000000000 0000000000000000
0x00007f8c32182fc8:   0000000000000000 0000000000000000
0x00007f8c32182fd8:   0000000000000000 0000000000000000
0x00007f8c32182fe8:   0000000000000000 00007f8c32183700
0x00007f8c32182ff8:   00007f8ca4d273dd 0000000000000000
0x00007f8c32183008:   0000000000000000 0000000000000000
0x00007f8c32183018:   0000000000000000 0000000000000000
0x00007f8c32183028:   0000000000000000 0000000000000000
0x00007f8c32183038:   0000000000000000 0000000000000000
0x00007f8c32183048:   0000000000000000 0000000000000000
0x00007f8c32183058:   0000000000000000 0000000000000000
0x00007f8c32183068:   0000000000000000 0000000000000000
0x00007f8c32183078:   0000000000000000 0000000000000000
0x00007f8c32183088:   0000000000000000 0000000000000000 

Instructions: (pc=0x00007f8c3fffd880)
0x00007f8c3fffd860:   d8 c1 fa 11 0f af 54 24 b8 48 63 d2 48 01 d0 48
0x00007f8c3fffd870:   03 44 24 d0 81 3b 01 08 00 00 0f 84 e0 00 00 00
0x00007f8c3fffd880:   0f b6 10 0f b6 48 01 89 f8 d1 e9 d1 ea c1 f8 04
0x00007f8c3fffd890:   48 83 7c 24 20 00 0f 84 94 00 00 00 c1 e0 07 48 

Register to memory mapping:

RAX=0x00007f8c9cd2a494 is an unknown value
RBX=0x00007f8bafbf9580 is pointing into the stack for thread: 0x00007f8bdc0af000
RCX=0x000000000002fd71 is an unknown value
RDX=0x0000000000010180 is an unknown value
RSP=0x00007f8c32182e98 is an unknown value
RBP=0x0000000000cf2145 is an unknown value
RSI=0x00000000000000e9 is an unknown value
RDI=0x00000000000000e9 is an unknown value
R8 =0x000000000ca82800 is an unknown value
R9 =0x00007f8c29804660 is an unknown value
R10=0x0000000000752dc0 is an unknown value
R11=0x00007f8c29817f20 is an unknown value
R12=0x0000000000000086 is an unknown value
R13=0x00000000ffffeb30 is an unallocated location in the heap
R14=0x00007f8bafbee8d0 is pointing into the stack for thread: 0x00007f8bdc0af000
R15=0x000000000001d924 is an unknown value


Stack: [0x00007f8c31983000,0x00007f8c32184000],  sp=0x00007f8c32182e98,  free space=8191k
Native frames: (J=compiled Java code, j=interpreted, Vv=VM code, C=native code)
C  [libarcsoft_fsdk_face_recognition.so+0x2e880]


---------------  P R O C E S S  ---------------

VM state:not at safepoint (normal execution)

VM Mutex/Monitor currently owned by a thread: None

Heap:
 PSYoungGen      total 130560K, used 74913K [0x00000000d7600000, 0x00000000dfd00000, 0x0000000100000000)
  eden space 124416K, 57% used [0x00000000d7600000,0x00000000dbb89f08,0x00000000def80000)
  from space 6144K, 60% used [0x00000000df600000,0x00000000df99e528,0x00000000dfc00000)
  to   space 6656K, 0% used [0x00000000def80000,0x00000000def80000,0x00000000df600000)
 ParOldGen       total 83456K, used 1066K [0x0000000086200000, 0x000000008b380000, 0x00000000d7600000)
  object space 83456K, 1% used [0x0000000086200000,0x000000008630a950,0x000000008b380000)
 Metaspace       used 9732K, capacity 9894K, committed 10112K, reserved 1058816K
  class space    used 1027K, capacity 1095K, committed 1152K, reserved 1048576K

Card table byte_map: [0x00007f8ca1ee2000,0x00007f8ca22b2000] byte_map_base: 0x00007f8ca1ab1000

Marking Bits: (ParMarkBitMap*) 0x00007f8ca4bf31a0
 Begin Bits: [0x00007f8c84310000, 0x00007f8c86188000)
 End Bits:   [0x00007f8c86188000, 0x00007f8c88000000)

Polling page: 0x00007f8ca5843000

CodeCache: size=245760Kb used=3990Kb max_used=4023Kb free=241769Kb
 bounds [0x00007f8c8d000000, 0x00007f8c8d410000, 0x00007f8c9c000000]
 total_blobs=1454 nmethods=1056 adapters=311
 compilation: enabled

Compilation events (10 events):
Event: 741.285 Thread 0x00007f8c9c265000 nmethod 1128 0x00007f8c8d198790 code [0x00007f8c8d198920, 0x00007f8c8d198d28]
Event: 741.285 Thread 0x00007f8c9c265000 1127       3       java.util.Formatter$FormatSpecifier::checkBadFlags (39 bytes)
Event: 741.286 Thread 0x00007f8c9c265000 nmethod 1127 0x00007f8c8d2ef050 code [0x00007f8c8d2ef200, 0x00007f8c8d2ef698]
Event: 741.286 Thread 0x00007f8c9c265000 1130       3       java.util.Formatter$Conversion::isInteger (48 bytes)
Event: 741.286 Thread 0x00007f8c9c265000 nmethod 1130 0x00007f8c8d168e50 code [0x00007f8c8d168fa0, 0x00007f8c8d169110]
Event: 741.286 Thread 0x00007f8c9c265000 1129       3       java.util.regex.Matcher::find (35 bytes)
Event: 741.287 Thread 0x00007f8c9c265000 nmethod 1129 0x00007f8c8d281410 code [0x00007f8c8d2815c0, 0x00007f8c8d281b78]
Event: 742.117 Thread 0x00007f8c9c265000 1131       3       java.util.Formatter$FormatSpecifier::print (59 bytes)
Event: 742.117 Thread 0x00007f8c9c265000 nmethod 1131 0x00007f8c8d1982d0 code [0x00007f8c8d198440, 0x00007f8c8d1986a8]
Event: 742.117 Thread 0x00007f8c9c265000 1132       3       java.lang.Long::toString (129 bytes)

GC Heap History (10 events):
Event: 1.249 GC heap before
{Heap before GC invocations=2 (full 0):
 PSYoungGen      total 36352K, used 36322K [0x00000000d7600000, 0x00000000d9e80000, 0x0000000100000000)
  eden space 31232K, 100% used [0x00000000d7600000,0x00000000d9480000,0x00000000d9480000)
  from space 5120K, 99% used [0x00000000d9480000,0x00000000d9978b30,0x00000000d9980000)
  to   space 5120K, 0% used [0x00000000d9980000,0x00000000d9980000,0x00000000d9e80000)
 ParOldGen       total 83456K, used 970K [0x0000000086200000, 0x000000008b380000, 0x00000000d7600000)
  object space 83456K, 1% used [0x0000000086200000,0x00000000862f2950,0x000000008b380000)
 Metaspace       used 9041K, capacity 9230K, committed 9600K, reserved 1058816K
  class space    used 980K, capacity 1027K, committed 1152K, reserved 1048576K
Event: 1.265 GC heap after
Heap after GC invocations=2 (full 0):
 PSYoungGen      total 36352K, used 3520K [0x00000000d7600000, 0x00000000dbd00000, 0x0000000100000000)
  eden space 31232K, 0% used [0x00000000d7600000,0x00000000d7600000,0x00000000d9480000)
  from space 5120K, 68% used [0x00000000d9980000,0x00000000d9cf02b0,0x00000000d9e80000)
  to   space 5120K, 0% used [0x00000000d9480000,0x00000000d9480000,0x00000000d9980000)
 ParOldGen       total 83456K, used 978K [0x0000000086200000, 0x000000008b380000, 0x00000000d7600000)
  object space 83456K, 1% used [0x0000000086200000,0x00000000862f4950,0x000000008b380000)
 Metaspace       used 9041K, capacity 9230K, committed 9600K, reserved 1058816K
  class space    used 980K, capacity 1027K, committed 1152K, reserved 1048576K
}
Event: 1.411 GC heap before
{Heap before GC invocations=3 (full 0):
 PSYoungGen      total 36352K, used 34729K [0x00000000d7600000, 0x00000000dbd00000, 0x0000000100000000)
  eden space 31232K, 99% used [0x00000000d7600000,0x00000000d947a1c8,0x00000000d9480000)
  from space 5120K, 68% used [0x00000000d9980000,0x00000000d9cf02b0,0x00000000d9e80000)
  to   space 5120K, 0% used [0x00000000d9480000,0x00000000d9480000,0x00000000d9980000)
 ParOldGen       total 83456K, used 978K [0x0000000086200000, 0x000000008b380000, 0x00000000d7600000)
  object space 83456K, 1% used [0x0000000086200000,0x00000000862f4950,0x000000008b380000)
 Metaspace       used 9117K, capacity 9294K, committed 9600K, reserved 1058816K
  class space    used 980K, capacity 1027K, committed 1152K, reserved 1048576K
Event: 1.418 GC heap after
Heap after GC invocations=3 (full 0):
 PSYoungGen      total 36352K, used 5032K [0x00000000d7600000, 0x00000000dbd00000, 0x0000000100000000)
  eden space 31232K, 0% used [0x00000000d7600000,0x00000000d7600000,0x00000000d9480000)
  from space 5120K, 98% used [0x00000000d9480000,0x00000000d996a3a0,0x00000000d9980000)
  to   space 5120K, 0% used [0x00000000db800000,0x00000000db800000,0x00000000dbd00000)
 ParOldGen       total 83456K, used 986K [0x0000000086200000, 0x000000008b380000, 0x00000000d7600000)
  object space 83456K, 1% used [0x0000000086200000,0x00000000862f6950,0x000000008b380000)
 Metaspace       used 9117K, capacity 9294K, committed 9600K, reserved 1058816K
  class space    used 980K, capacity 1027K, committed 1152K, reserved 1048576K
}
Event: 1.542 GC heap before
{Heap before GC invocations=4 (full 0):
 PSYoungGen      total 36352K, used 36264K [0x00000000d7600000, 0x00000000dbd00000, 0x0000000100000000)
  eden space 31232K, 100% used [0x00000000d7600000,0x00000000d9480000,0x00000000d9480000)
  from space 5120K, 98% used [0x00000000d9480000,0x00000000d996a3a0,0x00000000d9980000)
  to   space 5120K, 0% used [0x00000000db800000,0x00000000db800000,0x00000000dbd00000)
 ParOldGen       total 83456K, used 986K [0x0000000086200000, 0x000000008b380000, 0x00000000d7600000)
  object space 83456K, 1% used [0x0000000086200000,0x00000000862f6950,0x000000008b380000)
 Metaspace       used 9170K, capacity 9294K, committed 9600K, reserved 1058816K
  class space    used 980K, capacity 1027K, committed 1152K, reserved 1048576K
Event: 1.554 GC heap after
Heap after GC invocations=4 (full 0):
 PSYoungGen      total 67584K, used 4402K [0x00000000d7600000, 0x00000000dbd00000, 0x0000000100000000)
  eden space 62464K, 0% used [0x00000000d7600000,0x00000000d7600000,0x00000000db300000)
  from space 5120K, 85% used [0x00000000db800000,0x00000000dbc4cbe8,0x00000000dbd00000)
  to   space 5120K, 0% used [0x00000000db300000,0x00000000db300000,0x00000000db800000)
 ParOldGen       total 83456K, used 986K [0x0000000086200000, 0x000000008b380000, 0x00000000d7600000)
  object space 83456K, 1% used [0x0000000086200000,0x00000000862f6950,0x000000008b380000)
 Metaspace       used 9170K, capacity 9294K, committed 9600K, reserved 1058816K
  class space    used 980K, capacity 1027K, committed 1152K, reserved 1048576K
}
Event: 1.758 GC heap before
{Heap before GC invocations=5 (full 0):
 PSYoungGen      total 67584K, used 66866K [0x00000000d7600000, 0x00000000dbd00000, 0x0000000100000000)
  eden space 62464K, 100% used [0x00000000d7600000,0x00000000db300000,0x00000000db300000)
  from space 5120K, 85% used [0x00000000db800000,0x00000000dbc4cbe8,0x00000000dbd00000)
  to   space 5120K, 0% used [0x00000000db300000,0x00000000db300000,0x00000000db800000)
 ParOldGen       total 83456K, used 986K [0x0000000086200000, 0x000000008b380000, 0x00000000d7600000)
  object space 83456K, 1% used [0x0000000086200000,0x00000000862f6950,0x000000008b380000)
 Metaspace       used 9234K, capacity 9364K, committed 9600K, reserved 1058816K
  class space    used 981K, capacity 1028K, committed 1152K, reserved 1048576K
Event: 1.763 GC heap after
Heap after GC invocations=5 (full 0):
 PSYoungGen      total 67584K, used 5102K [0x00000000d7600000, 0x00000000dfc00000, 0x0000000100000000)
  eden space 62464K, 0% used [0x00000000d7600000,0x00000000d7600000,0x00000000db300000)
  from space 5120K, 99% used [0x00000000db300000,0x00000000db7fbbd0,0x00000000db800000)
  to   space 6144K, 0% used [0x00000000df600000,0x00000000df600000,0x00000000dfc00000)
 ParOldGen       total 83456K, used 1058K [0x0000000086200000, 0x000000008b380000, 0x00000000d7600000)
  object space 83456K, 1% used [0x0000000086200000,0x0000000086308950,0x000000008b380000)
 Metaspace       used 9234K, capacity 9364K, committed 9600K, reserved 1058816K
  class space    used 981K, capacity 1028K, committed 1152K, reserved 1048576K
}
Event: 58.315 GC heap before
{Heap before GC invocations=6 (full 0):
 PSYoungGen      total 67584K, used 67566K [0x00000000d7600000, 0x00000000dfc00000, 0x0000000100000000)
  eden space 62464K, 100% used [0x00000000d7600000,0x00000000db300000,0x00000000db300000)
  from space 5120K, 99% used [0x00000000db300000,0x00000000db7fbbd0,0x00000000db800000)
  to   space 6144K, 0% used [0x00000000df600000,0x00000000df600000,0x00000000dfc00000)
 ParOldGen       total 83456K, used 1058K [0x0000000086200000, 0x000000008b380000, 0x00000000d7600000)
  object space 83456K, 1% used [0x0000000086200000,0x0000000086308950,0x000000008b380000)
 Metaspace       used 9651K, capacity 9824K, committed 10112K, reserved 1058816K
  class space    used 1026K, capacity 1094K, committed 1152K, reserved 1048576K
Event: 58.322 GC heap after
Heap after GC invocations=6 (full 0):
 PSYoungGen      total 130560K, used 3705K [0x00000000d7600000, 0x00000000dfd00000, 0x0000000100000000)
  eden space 124416K, 0% used [0x00000000d7600000,0x00000000d7600000,0x00000000def80000)
  from space 6144K, 60% used [0x00000000df600000,0x00000000df99e528,0x00000000dfc00000)
  to   space 6656K, 0% used [0x00000000def80000,0x00000000def80000,0x00000000df600000)
 ParOldGen       total 83456K, used 1066K [0x0000000086200000, 0x000000008b380000, 0x00000000d7600000)
  object space 83456K, 1% used [0x0000000086200000,0x000000008630a950,0x000000008b380000)
 Metaspace       used 9651K, capacity 9824K, committed 10112K, reserved 1058816K
  class space    used 1026K, capacity 1094K, committed 1152K, reserved 1048576K
}

Deoptimization events (6 events):
Event: 0.928 Thread 0x00007f8c9c00c000 Uncommon trap: reason=unstable_if action=reinterpret pc=0x00007f8c8d205564 method=java.lang.String.replace(CC)Ljava/lang/String; @ 26
Event: 5.189 Thread 0x00007f8c9c2c2000 Uncommon trap: reason=unstable_if action=reinterpret pc=0x00007f8c8d24980c method=java.util.zip.ZipCoder.getBytes(Ljava/lang/String;)[B @ 32
Event: 695.422 Thread 0x00007f8bdc0a4000 Uncommon trap: reason=null_check action=make_not_entrant pc=0x00007f8c8d13a38c method=com.sun.jna.Structure.readField(Lcom/sun/jna/Structure$StructField;)Ljava/lang/Object; @ 32
Event: 695.422 Thread 0x00007f8bdc0a4000 Uncommon trap: reason=null_check action=make_not_entrant pc=0x00007f8c8d3eaba4 method=com.sun.jna.Pointer.getValue(JLjava/lang/Class;Ljava/lang/Object;)Ljava/lang/Object; @ 6
Event: 695.515 Thread 0x00007f8bdc0a4000 Uncommon trap: reason=null_check action=make_not_entrant pc=0x00007f8c8d199f54 method=com.sun.jna.Structure.readField(Lcom/sun/jna/Structure$StructField;)Ljava/lang/Object; @ 41
Event: 696.238 Thread 0x00007f8bdc0a5000 Uncommon trap: reason=null_check action=make_not_entrant pc=0x00007f8c8d119634 method=com.sun.jna.Native.getNativeSize(Ljava/lang/Class;)I @ 4

Classes redefined (0 events):
No events

Internal exceptions (8 events):
Event: 0.034 Thread 0x00007f8c9c00c000 Exception <a 'java/lang/NoSuchMethodError': Method sun.misc.Unsafe.defineClass(Ljava/lang/String;[BII)Ljava/lang/Class; name or signature does not match> (0x00000000d7607ca8) thrown at [/HUDSON/workspace/8-2-build-linux-amd64/jdk8u152/9742/hotspot/src/sha
Event: 0.034 Thread 0x00007f8c9c00c000 Exception <a 'java/lang/NoSuchMethodError': Method sun.misc.Unsafe.prefetchRead(Ljava/lang/Object;J)V name or signature does not match> (0x00000000d7607f90) thrown at [/HUDSON/workspace/8-2-build-linux-amd64/jdk8u152/9742/hotspot/src/share/vm/prims/jni.cp
Event: 0.188 Thread 0x00007f8c9c2c2000 Exception <a 'java/security/PrivilegedActionException'> (0x00000000d79bd5f8) thrown at [/HUDSON/workspace/8-2-build-linux-amd64/jdk8u152/9742/hotspot/src/share/vm/prims/jvm.cpp, line 1390]
Event: 0.188 Thread 0x00007f8c9c2c2000 Exception <a 'java/security/PrivilegedActionException'> (0x00000000d79bd808) thrown at [/HUDSON/workspace/8-2-build-linux-amd64/jdk8u152/9742/hotspot/src/share/vm/prims/jvm.cpp, line 1390]
Event: 0.188 Thread 0x00007f8c9c2c2000 Exception <a 'java/security/PrivilegedActionException'> (0x00000000d79bfb30) thrown at [/HUDSON/workspace/8-2-build-linux-amd64/jdk8u152/9742/hotspot/src/share/vm/prims/jvm.cpp, line 1390]
Event: 0.188 Thread 0x00007f8c9c2c2000 Exception <a 'java/security/PrivilegedActionException'> (0x00000000d79bfd40) thrown at [/HUDSON/workspace/8-2-build-linux-amd64/jdk8u152/9742/hotspot/src/share/vm/prims/jvm.cpp, line 1390]
Event: 0.881 Thread 0x00007f8c9c00c000 Exception <a 'java/lang/NoSuchFieldError': method resolution failed> (0x00000000d8aed290) thrown at [/HUDSON/workspace/8-2-build-linux-amd64/jdk8u152/9742/hotspot/src/share/vm/prims/methodHandles.cpp, line 1167]
Event: 0.894 Thread 0x00007f8c9c00c000 Exception <a 'java/lang/NoSuchFieldError': method resolution failed> (0x00000000d8afb220) thrown at [/HUDSON/workspace/8-2-build-linux-amd64/jdk8u152/9742/hotspot/src/share/vm/prims/methodHandles.cpp, line 1167]

Events (10 events):
Event: 741.285 Thread 0x00007f8c9c265000 flushing nmethod 0x00007f8c8d2ef050
Event: 741.285 Thread 0x00007f8c9c265000 flushing nmethod 0x00007f8c8d319ed0
Event: 741.286 Thread 0x00007f8c9c265000 flushing nmethod 0x00007f8c8d347590
Event: 741.286 Thread 0x00007f8c9c265000 flushing nmethod 0x00007f8c8d348010
Event: 741.286 Thread 0x00007f8c9c265000 flushing nmethod 0x00007f8c8d34b390
Event: 741.387 Thread 0x00007f8c78075000 Thread added: 0x00007f8c78075000
Event: 741.388 Executing VM operation: RevokeBias
Event: 741.388 Executing VM operation: RevokeBias done
Event: 741.388 Thread 0x00007f8c78075000 Thread exited: 0x00007f8c78075000
Event: 742.060 Thread 0x00007f8bdc0af000 Thread added: 0x00007f8bdc0af000


Dynamic libraries:
00400000-00401000 r-xp 00000000 08:17 3810873                            /usr/local/jdk1.8.0_152/bin/java
00600000-00601000 rw-p 00000000 08:17 3810873                            /usr/local/jdk1.8.0_152/bin/java
023b9000-02582000 rw-p 00000000 00:00 0                                  [heap]
86200000-8b380000 rw-p 00000000 00:00 0 
8b380000-d7600000 ---p 00000000 00:00 0 
d7600000-dfd00000 rw-p 00000000 00:00 0 
dfd00000-100000000 ---p 00000000 00:00 0 
100000000-100120000 rw-p 00000000 00:00 0 
100120000-140000000 ---p 00000000 00:00 0 
7f8bafafb000-7f8bafafe000 ---p 00000000 00:00 0 
7f8bafafe000-7f8bafbfc000 rw-p 00000000 00:00 0 
7f8bafbfc000-7f8bafbff000 ---p 00000000 00:00 0 
7f8bafbff000-7f8bafcfd000 rw-p 00000000 00:00 0 
7f8bafcfd000-7f8bafd00000 ---p 00000000 00:00 0 
7f8bafd00000-7f8bafdfe000 rw-p 00000000 00:00 0 
7f8bafdfe000-7f8bafe01000 ---p 00000000 00:00 0 
7f8bafe01000-7f8bafeff000 rw-p 00000000 00:00 0 
7f8bafeff000-7f8baff02000 ---p 00000000 00:00 0 
7f8baff02000-7f8bb0000000 rw-p 00000000 00:00 0 
7f8bb0000000-7f8bb00e5000 rw-p 00000000 00:00 0 
7f8bb00e5000-7f8bb4000000 ---p 00000000 00:00 0 
7f8bb40c1000-7f8bb40c4000 ---p 00000000 00:00 0 
7f8bb40c4000-7f8bb41c2000 rw-p 00000000 00:00 0 
7f8bb41c2000-7f8bb41c5000 ---p 00000000 00:00 0 
7f8bb41c5000-7f8bb42c3000 rw-p 00000000 00:00 0 
7f8bb42c3000-7f8bb42c6000 ---p 00000000 00:00 0 
7f8bb42c6000-7f8bb43c4000 rw-p 00000000 00:00 0 
7f8bb43c4000-7f8bb43c7000 ---p 00000000 00:00 0 
7f8bb43c7000-7f8bb44c5000 rw-p 00000000 00:00 0 
7f8bb44c5000-7f8bb44c8000 ---p 00000000 00:00 0 
7f8bb44c8000-7f8bb45c6000 rw-p 00000000 00:00 0 
7f8bb45c6000-7f8bb45c9000 ---p 00000000 00:00 0 
7f8bb45c9000-7f8bb46c7000 rw-p 00000000 00:00 0 
7f8bb46c7000-7f8bb46ca000 ---p 00000000 00:00 0 
7f8bb46ca000-7f8bb47c8000 rw-p 00000000 00:00 0 
7f8bb47c8000-7f8bb47cb000 ---p 00000000 00:00 0 
7f8bb47cb000-7f8bb48c9000 rw-p 00000000 00:00 0 
7f8bb48c9000-7f8bb48cc000 ---p 00000000 00:00 0 
7f8bb48cc000-7f8bb49ca000 rw-p 00000000 00:00 0 
7f8bb49ca000-7f8bb49cd000 ---p 00000000 00:00 0 
7f8bb49cd000-7f8bb4acb000 rw-p 00000000 00:00 0 
7f8bb4acb000-7f8bb4ace000 ---p 00000000 00:00 0 
7f8bb4ace000-7f8bb4bcc000 rw-p 00000000 00:00 0 
7f8bb4bcc000-7f8bb4bcf000 ---p 00000000 00:00 0 
7f8bb4bcf000-7f8bb4ccd000 rw-p 00000000 00:00 0 
7f8bb4ccd000-7f8bb4cd0000 ---p 00000000 00:00 0 
7f8bb4cd0000-7f8bb4dce000 rw-p 00000000 00:00 0 
7f8bb4dce000-7f8bb4dd1000 ---p 00000000 00:00 0 
7f8bb4dd1000-7f8bb4ecf000 rw-p 00000000 00:00 0 
7f8bb4ecf000-7f8bb4ed2000 ---p 00000000 00:00 0 
7f8bb4ed2000-7f8bb4fd0000 rw-p 00000000 00:00 0 
7f8bb4fd0000-7f8bb4fd3000 ---p 00000000 00:00 0 
7f8bb4fd3000-7f8bb50d1000 rw-p 00000000 00:00 0 
7f8bb50d1000-7f8bb50d4000 ---p 00000000 00:00 0 
7f8bb50d4000-7f8bb51d2000 rw-p 00000000 00:00 0 
7f8bb51d2000-7f8bb51d5000 ---p 00000000 00:00 0 
7f8bb51d5000-7f8bb52d3000 rw-p 00000000 00:00 0 
7f8bb52d3000-7f8bb52d6000 ---p 00000000 00:00 0 
7f8bb52d6000-7f8bb53d4000 rw-p 00000000 00:00 0 
7f8bb53d4000-7f8bb53d7000 ---p 00000000 00:00 0 
7f8bb53d7000-7f8bb54d5000 rw-p 00000000 00:00 0 
7f8bb54d5000-7f8bb54d8000 ---p 00000000 00:00 0 
7f8bb54d8000-7f8bb55d6000 rw-p 00000000 00:00 0 
7f8bb55d6000-7f8bb55d9000 ---p 00000000 00:00 0 
7f8bb55d9000-7f8bb56d7000 rw-p 00000000 00:00 0 
7f8bb56d7000-7f8bb56da000 ---p 00000000 00:00 0 
7f8bb56da000-7f8bb57d8000 rw-p 00000000 00:00 0 
7f8bb57d8000-7f8bb57db000 ---p 00000000 00:00 0 
7f8bb57db000-7f8bb58d9000 rw-p 00000000 00:00 0 
7f8bb58d9000-7f8bb58dc000 ---p 00000000 00:00 0 
7f8bb58dc000-7f8bb59da000 rw-p 00000000 00:00 0 
7f8bb59da000-7f8bb59dd000 ---p 00000000 00:00 0 
7f8bb59dd000-7f8bb5adb000 rw-p 00000000 00:00 0 
7f8bb5adb000-7f8bb5ade000 ---p 00000000 00:00 0 
7f8bb5ade000-7f8bb5bdc000 rw-p 00000000 00:00 0 
7f8bb5bdc000-7f8bb5bdf000 ---p 00000000 00:00 0 
7f8bb5bdf000-7f8bb5cdd000 rw-p 00000000 00:00 0 
7f8bb5cdd000-7f8bb5ce0000 ---p 00000000 00:00 0 
7f8bb5ce0000-7f8bb5dde000 rw-p 00000000 00:00 0 
7f8bb5dde000-7f8bb5de1000 ---p 00000000 00:00 0 
7f8bb5de1000-7f8bb5edf000 rw-p 00000000 00:00 0 
7f8bb5edf000-7f8bb5ee2000 ---p 00000000 00:00 0 
7f8bb5ee2000-7f8bb5fe0000 rw-p 00000000 00:00 0 
7f8bb5fe0000-7f8bb5fe3000 ---p 00000000 00:00 0 
7f8bb5fe3000-7f8bb60e1000 rw-p 00000000 00:00 0 
7f8bb60e1000-7f8bb60e4000 ---p 00000000 00:00 0 
7f8bb60e4000-7f8bb61e2000 rw-p 00000000 00:00 0 
7f8bb61e2000-7f8bb61e5000 ---p 00000000 00:00 0 
7f8bb61e5000-7f8bb62e3000 rw-p 00000000 00:00 0 
7f8bb62e3000-7f8bb62e6000 ---p 00000000 00:00 0 
7f8bb62e6000-7f8bb63e4000 rw-p 00000000 00:00 0 
7f8bb63e4000-7f8bb63e7000 ---p 00000000 00:00 0 
7f8bb63e7000-7f8bb64e5000 rw-p 00000000 00:00 0 
7f8bb64e5000-7f8bb64e8000 ---p 00000000 00:00 0 
7f8bb64e8000-7f8bb65e6000 rw-p 00000000 00:00 0 
7f8bb65e6000-7f8bb65e9000 ---p 00000000 00:00 0 
7f8bb65e9000-7f8bb66e7000 rw-p 00000000 00:00 0 
7f8bb66e7000-7f8bb66ea000 ---p 00000000 00:00 0 
7f8bb66ea000-7f8bb67e8000 rw-p 00000000 00:00 0 
7f8bb67e8000-7f8bb67eb000 ---p 00000000 00:00 0 
7f8bb67eb000-7f8bb68e9000 rw-p 00000000 00:00 0 
7f8bb68e9000-7f8bb68ec000 ---p 00000000 00:00 0 
7f8bb68ec000-7f8bb69ea000 rw-p 00000000 00:00 0 
7f8bb69ea000-7f8bb69ed000 ---p 00000000 00:00 0 
7f8bb69ed000-7f8bb6aeb000 rw-p 00000000 00:00 0 
7f8bb6aeb000-7f8bb6aee000 ---p 00000000 00:00 0 
7f8bb6aee000-7f8bb6bec000 rw-p 00000000 00:00 0 
7f8bb6bec000-7f8bb6bef000 ---p 00000000 00:00 0 
7f8bb6bef000-7f8bb6ced000 rw-p 00000000 00:00 0 
7f8bb6ced000-7f8bb6cf0000 ---p 00000000 00:00 0 
7f8bb6cf0000-7f8bb6dee000 rw-p 00000000 00:00 0 
7f8bb6dee000-7f8bb6df1000 ---p 00000000 00:00 0 
7f8bb6df1000-7f8bb6eef000 rw-p 00000000 00:00 0 
7f8bb6eef000-7f8bb6ef2000 ---p 00000000 00:00 0 
7f8bb6ef2000-7f8bb6ff0000 rw-p 00000000 00:00 0 
7f8bb6ff0000-7f8bb6ff3000 ---p 00000000 00:00 0 
7f8bb6ff3000-7f8bb70f1000 rw-p 00000000 00:00 0 
7f8bb70f1000-7f8bb70f4000 ---p 00000000 00:00 0 
7f8bb70f4000-7f8bb71f2000 rw-p 00000000 00:00 0 
7f8bb71f2000-7f8bb71f5000 ---p 00000000 00:00 0 
7f8bb71f5000-7f8bb72f3000 rw-p 00000000 00:00 0 
7f8bb72f3000-7f8bb72f6000 ---p 00000000 00:00 0 
7f8bb72f6000-7f8bb73f4000 rw-p 00000000 00:00 0 
7f8bb73f4000-7f8bb73f7000 ---p 00000000 00:00 0 
7f8bb73f7000-7f8bb74f5000 rw-p 00000000 00:00 0 
7f8bb74f5000-7f8bb74f8000 ---p 00000000 00:00 0 
7f8bb74f8000-7f8bb75f6000 rw-p 00000000 00:00 0 
7f8bb75f6000-7f8bb75f9000 ---p 00000000 00:00 0 
7f8bb75f9000-7f8bb76f7000 rw-p 00000000 00:00 0 
7f8bb76f7000-7f8bb76fa000 ---p 00000000 00:00 0 
7f8bb76fa000-7f8bb77f8000 rw-p 00000000 00:00 0 
7f8bb77f8000-7f8bb77fb000 ---p 00000000 00:00 0 
7f8bb77fb000-7f8bb78f9000 rw-p 00000000 00:00 0 
7f8bb78f9000-7f8bb78fc000 ---p 00000000 00:00 0 
7f8bb78fc000-7f8bb79fa000 rw-p 00000000 00:00 0 
7f8bb79fa000-7f8bb79fd000 ---p 00000000 00:00 0 
7f8bb79fd000-7f8bb7afb000 rw-p 00000000 00:00 0 
7f8bb7afb000-7f8bb7afe000 ---p 00000000 00:00 0 
7f8bb7afe000-7f8bb7bfc000 rw-p 00000000 00:00 0 
7f8bb7bfc000-7f8bb7bff000 ---p 00000000 00:00 0 
7f8bb7bff000-7f8bb7cfd000 rw-p 00000000 00:00 0 
7f8bb7cfd000-7f8bb7d00000 ---p 00000000 00:00 0 
7f8bb7d00000-7f8bb7dfe000 rw-p 00000000 00:00 0 
7f8bb7dfe000-7f8bb7e01000 ---p 00000000 00:00 0 
7f8bb7e01000-7f8bb7eff000 rw-p 00000000 00:00 0 
7f8bb7eff000-7f8bb7f02000 ---p 00000000 00:00 0 
7f8bb7f02000-7f8bb8000000 rw-p 00000000 00:00 0 
7f8bb8000000-7f8bb8132000 rw-p 00000000 00:00 0 
7f8bb8132000-7f8bbc000000 ---p 00000000 00:00 0 
7f8bbc000000-7f8bbc134000 rw-p 00000000 00:00 0 
7f8bbc134000-7f8bc0000000 ---p 00000000 00:00 0 
7f8bc0000000-7f8bc01aa000 rw-p 00000000 00:00 0 
7f8bc01aa000-7f8bc4000000 ---p 00000000 00:00 0 
7f8bc4000000-7f8bc41a7000 rw-p 00000000 00:00 0 
7f8bc41a7000-7f8bc8000000 ---p 00000000 00:00 0 
7f8bc8000000-7f8bc8132000 rw-p 00000000 00:00 0 
7f8bc8132000-7f8bcc000000 ---p 00000000 00:00 0 
7f8bcc000000-7f8bcc1aa000 rw-p 00000000 00:00 0 
7f8bcc1aa000-7f8bd0000000 ---p 00000000 00:00 0 
7f8bd0000000-7f8bd0138000 rw-p 00000000 00:00 0 
7f8bd0138000-7f8bd4000000 ---p 00000000 00:00 0 
7f8bd4000000-7f8bd41a9000 rw-p 00000000 00:00 0 
7f8bd41a9000-7f8bd8000000 ---p 00000000 00:00 0 
7f8bd8000000-7f8bd8079000 rw-p 00000000 00:00 0 
7f8bd8079000-7f8bdc000000 ---p 00000000 00:00 0 
7f8bdc000000-7f8bdc156000 rw-p 00000000 00:00 0 
7f8bdc156000-7f8be0000000 ---p 00000000 00:00 0 
7f8be0000000-7f8be015f000 rw-p 00000000 00:00 0 
7f8be015f000-7f8be4000000 ---p 00000000 00:00 0 
7f8be4092000-7f8be4095000 ---p 00000000 00:00 0 
7f8be4095000-7f8be4193000 rw-p 00000000 00:00 0 
7f8be4193000-7f8be4196000 ---p 00000000 00:00 0 
7f8be4196000-7f8be4294000 rw-p 00000000 00:00 0 
7f8be4294000-7f8be4297000 ---p 00000000 00:00 0 
7f8be4297000-7f8be4395000 rw-p 00000000 00:00 0 
7f8be4395000-7f8be4398000 ---p 00000000 00:00 0 
7f8be4398000-7f8be4496000 rw-p 00000000 00:00 0 
7f8be4496000-7f8be4499000 ---p 00000000 00:00 0 
7f8be4499000-7f8be4597000 rw-p 00000000 00:00 0 
7f8be4597000-7f8be459a000 ---p 00000000 00:00 0 
7f8be459a000-7f8be4698000 rw-p 00000000 00:00 0 
7f8be4698000-7f8be469b000 ---p 00000000 00:00 0 
7f8be469b000-7f8be4799000 rw-p 00000000 00:00 0 
7f8be4799000-7f8be479c000 ---p 00000000 00:00 0 
7f8be479c000-7f8be489a000 rw-p 00000000 00:00 0 
7f8be489a000-7f8be489d000 ---p 00000000 00:00 0 
7f8be489d000-7f8be499b000 rw-p 00000000 00:00 0 
7f8be499b000-7f8be499e000 ---p 00000000 00:00 0 
7f8be499e000-7f8be4a9c000 rw-p 00000000 00:00 0 
7f8be4a9c000-7f8be4a9f000 ---p 00000000 00:00 0 
7f8be4a9f000-7f8be4b9d000 rw-p 00000000 00:00 0 
7f8be4b9d000-7f8be4ba0000 ---p 00000000 00:00 0 
7f8be4ba0000-7f8be4c9e000 rw-p 00000000 00:00 0 
7f8be4c9e000-7f8be4ca1000 ---p 00000000 00:00 0 
7f8be4ca1000-7f8be4d9f000 rw-p 00000000 00:00 0 
7f8be4d9f000-7f8be4da2000 ---p 00000000 00:00 0 
7f8be4da2000-7f8be4ea0000 rw-p 00000000 00:00 0 
7f8be4ea0000-7f8be4ea3000 ---p 00000000 00:00 0 
7f8be4ea3000-7f8be4fa1000 rw-p 00000000 00:00 0 
7f8be4fa1000-7f8be4fa4000 ---p 00000000 00:00 0 
7f8be4fa4000-7f8be50a2000 rw-p 00000000 00:00 0 
7f8be50a2000-7f8be50a5000 ---p 00000000 00:00 0 
7f8be50a5000-7f8be51a3000 rw-p 00000000 00:00 0 
7f8be51a3000-7f8be51a6000 ---p 00000000 00:00 0 
7f8be51a6000-7f8be52a4000 rw-p 00000000 00:00 0 
7f8be52a4000-7f8be52a7000 ---p 00000000 00:00 0 
7f8be52a7000-7f8be67a6000 rw-p 00000000 00:00 0 
7f8be67a6000-7f8be67a7000 ---p 00000000 00:00 0 
7f8be67a7000-7f8be6fa7000 rw-p 00000000 00:00 0 
7f8be6fa7000-7f8be6fa8000 ---p 00000000 00:00 0 
7f8be6fa8000-7f8be77a8000 rw-p 00000000 00:00 0 
7f8be77a8000-7f8be77a9000 ---p 00000000 00:00 0 
7f8be77a9000-7f8be7fa9000 rw-p 00000000 00:00 0 
7f8be7fa9000-7f8be7faa000 ---p 00000000 00:00 0 
7f8be7faa000-7f8be87aa000 rw-p 00000000 00:00 0 
7f8be87aa000-7f8be87ab000 ---p 00000000 00:00 0 
7f8be87ab000-7f8be8fab000 rw-p 00000000 00:00 0 
7f8be8fab000-7f8be8fac000 ---p 00000000 00:00 0 
7f8be8fac000-7f8be97ac000 rw-p 00000000 00:00 0 
7f8be97ac000-7f8be97ad000 ---p 00000000 00:00 0 
7f8be97ad000-7f8be9fad000 rw-p 00000000 00:00 0 
7f8be9fad000-7f8be9fae000 ---p 00000000 00:00 0 
7f8be9fae000-7f8bea7ae000 rw-p 00000000 00:00 0 
7f8bea7ae000-7f8bea7af000 ---p 00000000 00:00 0 
7f8bea7af000-7f8beafaf000 rw-p 00000000 00:00 0 
7f8beafaf000-7f8beafb0000 ---p 00000000 00:00 0 
7f8beafb0000-7f8beb7b0000 rw-p 00000000 00:00 0 
7f8beb7b0000-7f8beb7b1000 ---p 00000000 00:00 0 
7f8beb7b1000-7f8bebfb1000 rw-p 00000000 00:00 0 
7f8bebfb1000-7f8bebfb2000 ---p 00000000 00:00 0 
7f8bebfb2000-7f8bf03b4000 rw-p 00000000 00:00 0 
7f8bf03b4000-7f8bf03b5000 ---p 00000000 00:00 0 
7f8bf03b5000-7f8bf0bb5000 rw-p 00000000 00:00 0 
7f8bf0bb5000-7f8bf0bb6000 ---p 00000000 00:00 0 
7f8bf0bb6000-7f8bf13b6000 rw-p 00000000 00:00 0 
7f8bf13b6000-7f8bf13b7000 ---p 00000000 00:00 0 
7f8bf13b7000-7f8bf1bb7000 rw-p 00000000 00:00 0 
7f8bf1bb7000-7f8bf1bb8000 ---p 00000000 00:00 0 
7f8bf1bb8000-7f8bf23b8000 rw-p 00000000 00:00 0 
7f8bf23b8000-7f8bf23b9000 ---p 00000000 00:00 0 
7f8bf23b9000-7f8bf2bb9000 rw-p 00000000 00:00 0 
7f8bf2bb9000-7f8bf2bba000 ---p 00000000 00:00 0 
7f8bf2bba000-7f8bf33ba000 rw-p 00000000 00:00 0 
7f8bf33ba000-7f8bf33bb000 ---p 00000000 00:00 0 
7f8bf33bb000-7f8bf3bbb000 rw-p 00000000 00:00 0 
7f8bf3bbb000-7f8bf3bbc000 ---p 00000000 00:00 0 
7f8bf3bbc000-7f8bf43bc000 rw-p 00000000 00:00 0 
7f8bf43bc000-7f8bf43bd000 ---p 00000000 00:00 0 
7f8bf43bd000-7f8bf4bbd000 rw-p 00000000 00:00 0 
7f8bf4bbd000-7f8bf4bbe000 ---p 00000000 00:00 0 
7f8bf4bbe000-7f8bf53be000 rw-p 00000000 00:00 0 
7f8bf53be000-7f8bf53bf000 ---p 00000000 00:00 0 
7f8bf53bf000-7f8bf5bbf000 rw-p 00000000 00:00 0 
7f8bf5bbf000-7f8bf5bc0000 ---p 00000000 00:00 0 
7f8bf5bc0000-7f8bf9fc2000 rw-p 00000000 00:00 0 
7f8bf9fc2000-7f8bf9fc3000 ---p 00000000 00:00 0 
7f8bf9fc3000-7f8bfa7c3000 rw-p 00000000 00:00 0 
7f8bfa7c3000-7f8bfa7c4000 ---p 00000000 00:00 0 
7f8bfa7c4000-7f8bfafc4000 rw-p 00000000 00:00 0 
7f8bfafc4000-7f8bfafc5000 ---p 00000000 00:00 0 
7f8bfafc5000-7f8bfb7c5000 rw-p 00000000 00:00 0 
7f8bfb7c5000-7f8bfb7c6000 ---p 00000000 00:00 0 
7f8bfb7c6000-7f8bfbfc6000 rw-p 00000000 00:00 0 
7f8bfbfc6000-7f8bfbfc7000 ---p 00000000 00:00 0 
7f8bfbfc7000-7f8bfc7c7000 rw-p 00000000 00:00 0 
7f8bfc7c7000-7f8bfc7c8000 ---p 00000000 00:00 0 
7f8bfc7c8000-7f8bfcfc8000 rw-p 00000000 00:00 0 
7f8bfcfc8000-7f8bfcfc9000 ---p 00000000 00:00 0 
7f8bfcfc9000-7f8bfd7c9000 rw-p 00000000 00:00 0 
7f8bfd7c9000-7f8bfd7ca000 ---p 00000000 00:00 0 
7f8bfd7ca000-7f8bfdfca000 rw-p 00000000 00:00 0 
7f8bfdfca000-7f8bfdfcb000 ---p 00000000 00:00 0 
7f8bfdfcb000-7f8bfe7cb000 rw-p 00000000 00:00 0 
7f8bfe7cb000-7f8bfe7cc000 ---p 00000000 00:00 0 
7f8bfe7cc000-7f8bfefcc000 rw-p 00000000 00:00 0 
7f8bfefcc000-7f8bfefcd000 ---p 00000000 00:00 0 
7f8bfefcd000-7f8bff7cd000 rw-p 00000000 00:00 0 
7f8bff7cd000-7f8bff7ce000 ---p 00000000 00:00 0 
7f8bff7ce000-7f8c03bd0000 rw-p 00000000 00:00 0 
7f8c03bd0000-7f8c03bd1000 ---p 00000000 00:00 0 
7f8c03bd1000-7f8c043d1000 rw-p 00000000 00:00 0 
7f8c043d1000-7f8c043d2000 ---p 00000000 00:00 0 
7f8c043d2000-7f8c04bd2000 rw-p 00000000 00:00 0 
7f8c04bd2000-7f8c04bd3000 ---p 00000000 00:00 0 
7f8c04bd3000-7f8c053d3000 rw-p 00000000 00:00 0 
7f8c053d3000-7f8c053d4000 ---p 00000000 00:00 0 
7f8c053d4000-7f8c05bd4000 rw-p 00000000 00:00 0 
7f8c05bd4000-7f8c05bd5000 ---p 00000000 00:00 0 
7f8c05bd5000-7f8c063d5000 rw-p 00000000 00:00 0 
7f8c063d5000-7f8c063d6000 ---p 00000000 00:00 0 
7f8c063d6000-7f8c06bd6000 rw-p 00000000 00:00 0 
7f8c06bd6000-7f8c06bd7000 ---p 00000000 00:00 0 
7f8c06bd7000-7f8c073d7000 rw-p 00000000 00:00 0 
7f8c073d7000-7f8c073d8000 ---p 00000000 00:00 0 
7f8c073d8000-7f8c07bd8000 rw-p 00000000 00:00 0 
7f8c07bd8000-7f8c07bd9000 ---p 00000000 00:00 0 
7f8c07bd9000-7f8c083d9000 rw-p 00000000 00:00 0 
7f8c083d9000-7f8c083da000 ---p 00000000 00:00 0 
7f8c083da000-7f8c08bda000 rw-p 00000000 00:00 0 
7f8c08bda000-7f8c08bdb000 ---p 00000000 00:00 0 
7f8c08bdb000-7f8c093db000 rw-p 00000000 00:00 0 
7f8c093db000-7f8c093dc000 ---p 00000000 00:00 0 
7f8c093dc000-7f8c0d7de000 rw-p 00000000 00:00 0 
7f8c0d7de000-7f8c0d7df000 ---p 00000000 00:00 0 
7f8c0d7df000-7f8c0dfdf000 rw-p 00000000 00:00 0 
7f8c0dfdf000-7f8c0dfe0000 ---p 00000000 00:00 0 
7f8c0dfe0000-7f8c0e7e0000 rw-p 00000000 00:00 0 
7f8c0e7e0000-7f8c0e7e1000 ---p 00000000 00:00 0 
7f8c0e7e1000-7f8c0efe1000 rw-p 00000000 00:00 0 
7f8c0efe1000-7f8c0efe2000 ---p 00000000 00:00 0 
7f8c0efe2000-7f8c0f7e2000 rw-p 00000000 00:00 0 
7f8c0f7e2000-7f8c0f7e3000 ---p 00000000 00:00 0 
7f8c0f7e3000-7f8c0ffe3000 rw-p 00000000 00:00 0 
7f8c0ffe3000-7f8c0ffe4000 ---p 00000000 00:00 0 
7f8c0ffe4000-7f8c107e4000 rw-p 00000000 00:00 0 
7f8c107e4000-7f8c107e5000 ---p 00000000 00:00 0 
7f8c107e5000-7f8c10fe5000 rw-p 00000000 00:00 0 
7f8c10fe5000-7f8c10fe6000 ---p 00000000 00:00 0 
7f8c10fe6000-7f8c117e6000 rw-p 00000000 00:00 0 
7f8c117e6000-7f8c117e7000 ---p 00000000 00:00 0 
7f8c117e7000-7f8c11fe7000 rw-p 00000000 00:00 0 
7f8c11fe7000-7f8c11fe8000 ---p 00000000 00:00 0 
7f8c11fe8000-7f8c127e8000 rw-p 00000000 00:00 0 
7f8c127e8000-7f8c127e9000 ---p 00000000 00:00 0 
7f8c127e9000-7f8c12fe9000 rw-p 00000000 00:00 0 
7f8c12fe9000-7f8c12fea000 ---p 00000000 00:00 0 
7f8c12fea000-7f8c173ec000 rw-p 00000000 00:00 0 
7f8c173ec000-7f8c173ed000 ---p 00000000 00:00 0 
7f8c173ed000-7f8c17bed000 rw-p 00000000 00:00 0 
7f8c17bed000-7f8c17bee000 ---p 00000000 00:00 0 
7f8c17bee000-7f8c183ee000 rw-p 00000000 00:00 0 
7f8c183ee000-7f8c183ef000 ---p 00000000 00:00 0 
7f8c183ef000-7f8c18bef000 rw-p 00000000 00:00 0 
7f8c18bef000-7f8c18bf0000 ---p 00000000 00:00 0 
7f8c18bf0000-7f8c193f0000 rw-p 00000000 00:00 0 
7f8c193f0000-7f8c193f1000 ---p 00000000 00:00 0 
7f8c193f1000-7f8c19bf1000 rw-p 00000000 00:00 0 
7f8c19bf1000-7f8c19bf2000 ---p 00000000 00:00 0 
7f8c19bf2000-7f8c1a3f2000 rw-p 00000000 00:00 0 
7f8c1a3f2000-7f8c1a3f3000 ---p 00000000 00:00 0 
7f8c1a3f3000-7f8c1abf3000 rw-p 00000000 00:00 0 
7f8c1abf3000-7f8c1abf4000 ---p 00000000 00:00 0 
7f8c1abf4000-7f8c1b3f4000 rw-p 00000000 00:00 0 
7f8c1b3f4000-7f8c1b3f5000 ---p 00000000 00:00 0 
7f8c1b3f5000-7f8c1bbf5000 rw-p 00000000 00:00 0 
7f8c1bbf5000-7f8c1bbf6000 ---p 00000000 00:00 0 
7f8c1bbf6000-7f8c1c3f6000 rw-p 00000000 00:00 0 
7f8c1c3f6000-7f8c1c3f7000 ---p 00000000 00:00 0 
7f8c1c3f7000-7f8c1cbf7000 rw-p 00000000 00:00 0 
7f8c1cbf7000-7f8c1cbf8000 ---p 00000000 00:00 0 
7f8c1cbf8000-7f8c20ffa000 rw-p 00000000 00:00 0 
7f8c20ffa000-7f8c20ffb000 ---p 00000000 00:00 0 
7f8c20ffb000-7f8c217fb000 rw-p 00000000 00:00 0 
7f8c217fb000-7f8c217fc000 ---p 00000000 00:00 0 
7f8c217fc000-7f8c21ffc000 rw-p 00000000 00:00 0 
7f8c21ffc000-7f8c21ffd000 ---p 00000000 00:00 0 
7f8c21ffd000-7f8c227fd000 rw-p 00000000 00:00 0 
7f8c227fd000-7f8c227fe000 ---p 00000000 00:00 0 
7f8c227fe000-7f8c22ffe000 rw-p 00000000 00:00 0 
7f8c22ffe000-7f8c22fff000 ---p 00000000 00:00 0 
7f8c22fff000-7f8c237ff000 rw-p 00000000 00:00 0 
7f8c237ff000-7f8c23800000 ---p 00000000 00:00 0 
7f8c23800000-7f8c24000000 rw-p 00000000 00:00 0 
7f8c24000000-7f8c24178000 rw-p 00000000 00:00 0 
7f8c24178000-7f8c28000000 ---p 00000000 00:00 0 
7f8c280f6000-7f8c280f9000 ---p 00000000 00:00 0 
7f8c280f9000-7f8c281f7000 rw-p 00000000 00:00 0 
7f8c281f7000-7f8c281fa000 ---p 00000000 00:00 0 
7f8c281fa000-7f8c282f8000 rw-p 00000000 00:00 0 
7f8c282f8000-7f8c282fb000 ---p 00000000 00:00 0 
7f8c282fb000-7f8c283f9000 rw-p 00000000 00:00 0 
7f8c283f9000-7f8c283fc000 ---p 00000000 00:00 0 
7f8c283fc000-7f8c284fa000 rw-p 00000000 00:00 0 
7f8c284fa000-7f8c284fd000 ---p 00000000 00:00 0 
7f8c284fd000-7f8c285fb000 rw-p 00000000 00:00 0 
7f8c285fb000-7f8c285fe000 ---p 00000000 00:00 0 
7f8c285fe000-7f8c286fc000 rw-p 00000000 00:00 0 
7f8c286fc000-7f8c286ff000 ---p 00000000 00:00 0 
7f8c286ff000-7f8c287fd000 rw-p 00000000 00:00 0 
7f8c287fd000-7f8c287fe000 ---p 00000000 00:00 0 
7f8c287fe000-7f8c28ffe000 rw-p 00000000 00:00 0 
7f8c28ffe000-7f8c28fff000 ---p 00000000 00:00 0 
7f8c28fff000-7f8c2c000000 rw-p 00000000 00:00 0 
7f8c2c000000-7f8c2c1e8000 rw-p 00000000 00:00 0 
7f8c2c1e8000-7f8c30000000 ---p 00000000 00:00 0 
7f8c3007f000-7f8c30082000 ---p 00000000 00:00 0 
7f8c30082000-7f8c30180000 rw-p 00000000 00:00 0 
7f8c30180000-7f8c30181000 ---p 00000000 00:00 0 
7f8c30181000-7f8c30981000 rw-p 00000000 00:00 0 
7f8c30981000-7f8c30982000 ---p 00000000 00:00 0 
7f8c30982000-7f8c31182000 rw-p 00000000 00:00 0 
7f8c31182000-7f8c31183000 ---p 00000000 00:00 0 
7f8c31183000-7f8c31983000 rw-p 00000000 00:00 0 
7f8c31983000-7f8c31984000 ---p 00000000 00:00 0 
7f8c31984000-7f8c32244000 rw-p 00000000 00:00 0 
7f8c32244000-7f8c32384000 ---p 00000000 00:00 0 
7f8c32384000-7f8c32385000 ---p 00000000 00:00 0 
7f8c32385000-7f8c32b85000 rw-p 00000000 00:00 0 
7f8c32b85000-7f8c32cc5000 r-xp 00000000 08:17 99849                      /home/diamond/Documents/Controller/bin/linux-x86-64/libarcsoft_fsdk_face_detection.so
7f8c32cc5000-7f8c32ec5000 ---p 00140000 08:17 99849                      /home/diamond/Documents/Controller/bin/linux-x86-64/libarcsoft_fsdk_face_detection.so
7f8c32ec5000-7f8c32ec6000 r--p 00140000 08:17 99849                      /home/diamond/Documents/Controller/bin/linux-x86-64/libarcsoft_fsdk_face_detection.so
7f8c32ec6000-7f8c32ec7000 rw-p 00141000 08:17 99849                      /home/diamond/Documents/Controller/bin/linux-x86-64/libarcsoft_fsdk_face_detection.so
7f8c32ec7000-7f8c342c8000 rw-p 00000000 00:00 0 
7f8c342c8000-7f8c342c9000 ---p 00000000 00:00 0 
7f8c342c9000-7f8c34ac9000 rw-p 00000000 00:00 0 
7f8c34ac9000-7f8c34aca000 ---p 00000000 00:00 0 
7f8c34aca000-7f8c352ca000 rw-p 00000000 00:00 0 
7f8c352ca000-7f8c352cb000 ---p 00000000 00:00 0 
7f8c352cb000-7f8c35acb000 rw-p 00000000 00:00 0 
7f8c35acb000-7f8c35acc000 ---p 00000000 00:00 0 
7f8c35acc000-7f8c362cc000 rw-p 00000000 00:00 0 
7f8c362cc000-7f8c362cd000 ---p 00000000 00:00 0 
7f8c362cd000-7f8c36acd000 rw-p 00000000 00:00 0 
7f8c36acd000-7f8c36ace000 ---p 00000000 00:00 0 
7f8c36ace000-7f8c372ce000 rw-p 00000000 00:00 0 
7f8c372ce000-7f8c372cf000 ---p 00000000 00:00 0 
7f8c372cf000-7f8c37acf000 rw-p 00000000 00:00 0 
7f8c37acf000-7f8c37ad0000 ---p 00000000 00:00 0 
7f8c37ad0000-7f8c382d0000 rw-p 00000000 00:00 0 
7f8c382d0000-7f8c382d1000 ---p 00000000 00:00 0 
7f8c382d1000-7f8c38ad1000 rw-p 00000000 00:00 0 
7f8c38ad1000-7f8c38ad2000 ---p 00000000 00:00 0 
7f8c38ad2000-7f8c392d2000 rw-p 00000000 00:00 0 
7f8c392d2000-7f8c392d3000 ---p 00000000 00:00 0 
7f8c392d3000-7f8c39ad3000 rw-p 00000000 00:00 0 
7f8c39ad3000-7f8c39ad4000 ---p 00000000 00:00 0 
7f8c39ad4000-7f8c3a2d4000 rw-p 00000000 00:00 0 
7f8c3a2d4000-7f8c3a2d5000 ---p 00000000 00:00 0 
7f8c3a2d5000-7f8c3aad5000 rw-p 00000000 00:00 0 
7f8c3aad5000-7f8c3aade000 r-xp 00000000 08:17 266779                     /lib/x86_64-linux-gnu/libcrypt-2.23.so
7f8c3aade000-7f8c3acdd000 ---p 00009000 08:17 266779                     /lib/x86_64-linux-gnu/libcrypt-2.23.so
7f8c3acdd000-7f8c3acde000 r--p 00008000 08:17 266779                     /lib/x86_64-linux-gnu/libcrypt-2.23.so
7f8c3acde000-7f8c3acdf000 rw-p 00009000 08:17 266779                     /lib/x86_64-linux-gnu/libcrypt-2.23.so
7f8c3acdf000-7f8c3ad0d000 rw-p 00000000 00:00 0 
7f8c3ad0d000-7f8c3ad54000 r-xp 00000000 08:17 3810210                    /usr/lib/x86_64-linux-gnu/libhx509.so.5.0.0
7f8c3ad54000-7f8c3af53000 ---p 00047000 08:17 3810210                    /usr/lib/x86_64-linux-gnu/libhx509.so.5.0.0
7f8c3af53000-7f8c3af55000 r--p 00046000 08:17 3810210                    /usr/lib/x86_64-linux-gnu/libhx509.so.5.0.0
7f8c3af55000-7f8c3af57000 rw-p 00048000 08:17 3810210                    /usr/lib/x86_64-linux-gnu/libhx509.so.5.0.0
7f8c3af57000-7f8c3af58000 rw-p 00000000 00:00 0 
7f8c3af58000-7f8c3af66000 r-xp 00000000 08:17 3810192                    /usr/lib/x86_64-linux-gnu/libheimbase.so.1.0.0
7f8c3af66000-7f8c3b165000 ---p 0000e000 08:17 3810192                    /usr/lib/x86_64-linux-gnu/libheimbase.so.1.0.0
7f8c3b165000-7f8c3b166000 r--p 0000d000 08:17 3810192                    /usr/lib/x86_64-linux-gnu/libheimbase.so.1.0.0
7f8c3b166000-7f8c3b167000 rw-p 0000e000 08:17 3810192                    /usr/lib/x86_64-linux-gnu/libheimbase.so.1.0.0
7f8c3b167000-7f8c3b18e000 r-xp 00000000 08:17 3810867                    /usr/lib/x86_64-linux-gnu/libwind.so.0.0.0
7f8c3b18e000-7f8c3b38e000 ---p 00027000 08:17 3810867                    /usr/lib/x86_64-linux-gnu/libwind.so.0.0.0
7f8c3b38e000-7f8c3b38f000 r--p 00027000 08:17 3810867                    /usr/lib/x86_64-linux-gnu/libwind.so.0.0.0
7f8c3b38f000-7f8c3b390000 rw-p 00028000 08:17 3810867                    /usr/lib/x86_64-linux-gnu/libwind.so.0.0.0
7f8c3b390000-7f8c3b397000 r-xp 00000000 08:17 3809925                    /usr/lib/x86_64-linux-gnu/libffi.so.6.0.4
7f8c3b397000-7f8c3b596000 ---p 00007000 08:17 3809925                    /usr/lib/x86_64-linux-gnu/libffi.so.6.0.4
7f8c3b596000-7f8c3b597000 r--p 00006000 08:17 3809925                    /usr/lib/x86_64-linux-gnu/libffi.so.6.0.4
7f8c3b597000-7f8c3b598000 rw-p 00007000 08:17 3809925                    /usr/lib/x86_64-linux-gnu/libffi.so.6.0.4
7f8c3b598000-7f8c3b5ad000 r-xp 00000000 08:17 3810608                    /usr/lib/x86_64-linux-gnu/libroken.so.18.1.0
7f8c3b5ad000-7f8c3b7ac000 ---p 00015000 08:17 3810608                    /usr/lib/x86_64-linux-gnu/libroken.so.18.1.0
7f8c3b7ac000-7f8c3b7ad000 r--p 00014000 08:17 3810608                    /usr/lib/x86_64-linux-gnu/libroken.so.18.1.0
7f8c3b7ad000-7f8c3b7ae000 rw-p 00015000 08:17 3810608                    /usr/lib/x86_64-linux-gnu/libroken.so.18.1.0
7f8c3b7ae000-7f8c3b7de000 r-xp 00000000 08:17 3810190                    /usr/lib/x86_64-linux-gnu/libhcrypto.so.4.1.0
7f8c3b7de000-7f8c3b9de000 ---p 00030000 08:17 3810190                    /usr/lib/x86_64-linux-gnu/libhcrypto.so.4.1.0
7f8c3b9de000-7f8c3b9df000 r--p 00030000 08:17 3810190                    /usr/lib/x86_64-linux-gnu/libhcrypto.so.4.1.0
7f8c3b9df000-7f8c3b9e0000 rw-p 00031000 08:17 3810190                    /usr/lib/x86_64-linux-gnu/libhcrypto.so.4.1.0
7f8c3b9e0000-7f8c3b9e1000 rw-p 00000000 00:00 0 
7f8c3b9e1000-7f8c3ba80000 r-xp 00000000 08:17 3809627                    /usr/lib/x86_64-linux-gnu/libasn1.so.8.0.0
7f8c3ba80000-7f8c3bc7f000 ---p 0009f000 08:17 3809627                    /usr/lib/x86_64-linux-gnu/libasn1.so.8.0.0
7f8c3bc7f000-7f8c3bc80000 r--p 0009e000 08:17 3809627                    /usr/lib/x86_64-linux-gnu/libasn1.so.8.0.0
7f8c3bc80000-7f8c3bc83000 rw-p 0009f000 08:17 3809627                    /usr/lib/x86_64-linux-gnu/libasn1.so.8.0.0
7f8c3bc83000-7f8c3bd07000 r-xp 00000000 08:17 3810297                    /usr/lib/x86_64-linux-gnu/libkrb5.so.26.0.0
7f8c3bd07000-7f8c3bf06000 ---p 00084000 08:17 3810297                    /usr/lib/x86_64-linux-gnu/libkrb5.so.26.0.0
7f8c3bf06000-7f8c3bf09000 r--p 00083000 08:17 3810297                    /usr/lib/x86_64-linux-gnu/libkrb5.so.26.0.0
7f8c3bf09000-7f8c3bf0c000 rw-p 00086000 08:17 3810297                    /usr/lib/x86_64-linux-gnu/libkrb5.so.26.0.0
7f8c3bf0c000-7f8c3bf0d000 rw-p 00000000 00:00 0 
7f8c3bf0d000-7f8c3bf15000 r-xp 00000000 08:17 3810194                    /usr/lib/x86_64-linux-gnu/libheimntlm.so.0.1.0
7f8c3bf15000-7f8c3c114000 ---p 00008000 08:17 3810194                    /usr/lib/x86_64-linux-gnu/libheimntlm.so.0.1.0
7f8c3c114000-7f8c3c115000 r--p 00007000 08:17 3810194                    /usr/lib/x86_64-linux-gnu/libheimntlm.so.0.1.0
7f8c3c115000-7f8c3c116000 rw-p 00008000 08:17 3810194                    /usr/lib/x86_64-linux-gnu/libheimntlm.so.0.1.0
7f8c3c116000-7f8c3c119000 r-xp 00000000 08:17 266830                     /lib/x86_64-linux-gnu/libkeyutils.so.1.5
7f8c3c119000-7f8c3c318000 ---p 00003000 08:17 266830                     /lib/x86_64-linux-gnu/libkeyutils.so.1.5
7f8c3c318000-7f8c3c319000 r--p 00002000 08:17 266830                     /lib/x86_64-linux-gnu/libkeyutils.so.1.5
7f8c3c319000-7f8c3c31a000 rw-p 00003000 08:17 266830                     /lib/x86_64-linux-gnu/libkeyutils.so.1.5
7f8c3c31a000-7f8c3c32b000 r-xp 00000000 08:17 3810713                    /usr/lib/x86_64-linux-gnu/libtasn1.so.6.5.1
7f8c3c32b000-7f8c3c52b000 ---p 00011000 08:17 3810713                    /usr/lib/x86_64-linux-gnu/libtasn1.so.6.5.1
7f8c3c52b000-7f8c3c52c000 r--p 00011000 08:17 3810713                    /usr/lib/x86_64-linux-gnu/libtasn1.so.6.5.1
7f8c3c52c000-7f8c3c52d000 rw-p 00012000 08:17 3810713                    /usr/lib/x86_64-linux-gnu/libtasn1.so.6.5.1
7f8c3c52d000-7f8c3c586000 r-xp 00000000 08:17 3810484                    /usr/lib/x86_64-linux-gnu/libp11-kit.so.0.1.0
7f8c3c586000-7f8c3c785000 ---p 00059000 08:17 3810484                    /usr/lib/x86_64-linux-gnu/libp11-kit.so.0.1.0
7f8c3c785000-7f8c3c78f000 r--p 00058000 08:17 3810484                    /usr/lib/x86_64-linux-gnu/libp11-kit.so.0.1.0
7f8c3c78f000-7f8c3c791000 rw-p 00062000 08:17 3810484                    /usr/lib/x86_64-linux-gnu/libp11-kit.so.0.1.0
7f8c3c791000-7f8c3c7ce000 r-xp 00000000 08:17 3810113                    /usr/lib/x86_64-linux-gnu/libgssapi.so.3.0.0
7f8c3c7ce000-7f8c3c9ce000 ---p 0003d000 08:17 3810113                    /usr/lib/x86_64-linux-gnu/libgssapi.so.3.0.0
7f8c3c9ce000-7f8c3c9cf000 r--p 0003d000 08:17 3810113                    /usr/lib/x86_64-linux-gnu/libgssapi.so.3.0.0
7f8c3c9cf000-7f8c3c9d1000 rw-p 0003e000 08:17 3810113                    /usr/lib/x86_64-linux-gnu/libgssapi.so.3.0.0
7f8c3c9d1000-7f8c3c9d2000 rw-p 00000000 00:00 0 
7f8c3c9d2000-7f8c3c9eb000 r-xp 00000000 08:17 3810635                    /usr/lib/x86_64-linux-gnu/libsasl2.so.2.0.25
7f8c3c9eb000-7f8c3cbeb000 ---p 00019000 08:17 3810635                    /usr/lib/x86_64-linux-gnu/libsasl2.so.2.0.25
7f8c3cbeb000-7f8c3cbec000 r--p 00019000 08:17 3810635                    /usr/lib/x86_64-linux-gnu/libsasl2.so.2.0.25
7f8c3cbec000-7f8c3cbed000 rw-p 0001a000 08:17 3810635                    /usr/lib/x86_64-linux-gnu/libsasl2.so.2.0.25
7f8c3cbed000-7f8c3cc04000 r-xp 00000000 08:17 266921                     /lib/x86_64-linux-gnu/libresolv-2.23.so
7f8c3cc04000-7f8c3ce04000 ---p 00017000 08:17 266921                     /lib/x86_64-linux-gnu/libresolv-2.23.so
7f8c3ce04000-7f8c3ce05000 r--p 00017000 08:17 266921                     /lib/x86_64-linux-gnu/libresolv-2.23.so
7f8c3ce05000-7f8c3ce06000 rw-p 00018000 08:17 266921                     /lib/x86_64-linux-gnu/libresolv-2.23.so
7f8c3ce06000-7f8c3ce08000 rw-p 00000000 00:00 0 
7f8c3ce08000-7f8c3ce12000 r-xp 00000000 08:17 3810301                    /usr/lib/x86_64-linux-gnu/libkrb5support.so.0.1
7f8c3ce12000-7f8c3d011000 ---p 0000a000 08:17 3810301                    /usr/lib/x86_64-linux-gnu/libkrb5support.so.0.1
7f8c3d011000-7f8c3d012000 r--p 00009000 08:17 3810301                    /usr/lib/x86_64-linux-gnu/libkrb5support.so.0.1
7f8c3d012000-7f8c3d013000 rw-p 0000a000 08:17 3810301                    /usr/lib/x86_64-linux-gnu/libkrb5support.so.0.1
7f8c3d013000-7f8c3d016000 r-xp 00000000 08:17 266778                     /lib/x86_64-linux-gnu/libcom_err.so.2.1
7f8c3d016000-7f8c3d215000 ---p 00003000 08:17 266778                     /lib/x86_64-linux-gnu/libcom_err.so.2.1
7f8c3d215000-7f8c3d216000 r--p 00002000 08:17 266778                     /lib/x86_64-linux-gnu/libcom_err.so.2.1
7f8c3d216000-7f8c3d217000 rw-p 00003000 08:17 266778                     /lib/x86_64-linux-gnu/libcom_err.so.2.1
7f8c3d217000-7f8c3d243000 r-xp 00000000 08:17 3810291                    /usr/lib/x86_64-linux-gnu/libk5crypto.so.3.1
7f8c3d243000-7f8c3d442000 ---p 0002c000 08:17 3810291                    /usr/lib/x86_64-linux-gnu/libk5crypto.so.3.1
7f8c3d442000-7f8c3d444000 r--p 0002b000 08:17 3810291                    /usr/lib/x86_64-linux-gnu/libk5crypto.so.3.1
7f8c3d444000-7f8c3d445000 rw-p 0002d000 08:17 3810291                    /usr/lib/x86_64-linux-gnu/libk5crypto.so.3.1
7f8c3d445000-7f8c3d446000 rw-p 00000000 00:00 0 
7f8c3d446000-7f8c3d509000 r-xp 00000000 08:17 3810299                    /usr/lib/x86_64-linux-gnu/libkrb5.so.3.3
7f8c3d509000-7f8c3d709000 ---p 000c3000 08:17 3810299                    /usr/lib/x86_64-linux-gnu/libkrb5.so.3.3
7f8c3d709000-7f8c3d716000 r--p 000c3000 08:17 3810299                    /usr/lib/x86_64-linux-gnu/libkrb5.so.3.3
7f8c3d716000-7f8c3d718000 rw-p 000d0000 08:17 3810299                    /usr/lib/x86_64-linux-gnu/libkrb5.so.3.3
7f8c3d718000-7f8c3d797000 r-xp 00000000 08:17 3810058                    /usr/lib/x86_64-linux-gnu/libgmp.so.10.3.0
7f8c3d797000-7f8c3d996000 ---p 0007f000 08:17 3810058                    /usr/lib/x86_64-linux-gnu/libgmp.so.10.3.0
7f8c3d996000-7f8c3d997000 r--p 0007e000 08:17 3810058                    /usr/lib/x86_64-linux-gnu/libgmp.so.10.3.0
7f8c3d997000-7f8c3d998000 rw-p 0007f000 08:17 3810058                    /usr/lib/x86_64-linux-gnu/libgmp.so.10.3.0
7f8c3d998000-7f8c3d9cc000 r-xp 00000000 08:17 3810421                    /usr/lib/x86_64-linux-gnu/libnettle.so.6.2
7f8c3d9cc000-7f8c3dbcb000 ---p 00034000 08:17 3810421                    /usr/lib/x86_64-linux-gnu/libnettle.so.6.2
7f8c3dbcb000-7f8c3dbcd000 r--p 00033000 08:17 3810421                    /usr/lib/x86_64-linux-gnu/libnettle.so.6.2
7f8c3dbcd000-7f8c3dbce000 rw-p 00035000 08:17 3810421                    /usr/lib/x86_64-linux-gnu/libnettle.so.6.2
7f8c3dbce000-7f8c3dc00000 r-xp 00000000 08:17 3810196                    /usr/lib/x86_64-linux-gnu/libhogweed.so.4.2
7f8c3dc00000-7f8c3ddff000 ---p 00032000 08:17 3810196                    /usr/lib/x86_64-linux-gnu/libhogweed.so.4.2
7f8c3ddff000-7f8c3de00000 r--p 00031000 08:17 3810196                    /usr/lib/x86_64-linux-gnu/libhogweed.so.4.2
7f8c3de00000-7f8c3de01000 rw-p 00032000 08:17 3810196                    /usr/lib/x86_64-linux-gnu/libhogweed.so.4.2
7f8c3de01000-7f8c3df24000 r-xp 00000000 08:17 3803369                    /usr/lib/x86_64-linux-gnu/libgnutls.so.30.6.2
7f8c3df24000-7f8c3e123000 ---p 00123000 08:17 3803369                    /usr/lib/x86_64-linux-gnu/libgnutls.so.30.6.2
7f8c3e123000-7f8c3e12e000 r--p 00122000 08:17 3803369                    /usr/lib/x86_64-linux-gnu/libgnutls.so.30.6.2
7f8c3e12e000-7f8c3e130000 rw-p 0012d000 08:17 3803369                    /usr/lib/x86_64-linux-gnu/libgnutls.so.30.6.2
7f8c3e130000-7f8c3e131000 rw-p 00000000 00:00 0 
7f8c3e131000-7f8c3e147000 r-xp 00000000 08:17 266807                     /lib/x86_64-linux-gnu/libgcc_s.so.1
7f8c3e147000-7f8c3e346000 ---p 00016000 08:17 266807                     /lib/x86_64-linux-gnu/libgcc_s.so.1
7f8c3e346000-7f8c3e347000 rw-p 00015000 08:17 266807                     /lib/x86_64-linux-gnu/libgcc_s.so.1
7f8c3e347000-7f8c3e362000 r-xp 00000000 08:17 3824821                    /usr/local/lib/libz.so.1.2.9
7f8c3e362000-7f8c3e561000 ---p 0001b000 08:17 3824821                    /usr/local/lib/libz.so.1.2.9
7f8c3e561000-7f8c3e562000 r--p 0001a000 08:17 3824821                    /usr/local/lib/libz.so.1.2.9
7f8c3e562000-7f8c3e563000 rw-p 0001b000 08:17 3824821                    /usr/local/lib/libz.so.1.2.9
7f8c3e563000-7f8c3e5b0000 r-xp 00000000 08:17 3810312                    /usr/lib/x86_64-linux-gnu/libldap_r-2.4.so.2.10.5
7f8c3e5b0000-7f8c3e7af000 ---p 0004d000 08:17 3810312                    /usr/lib/x86_64-linux-gnu/libldap_r-2.4.so.2.10.5
7f8c3e7af000-7f8c3e7b1000 r--p 0004c000 08:17 3810312                    /usr/lib/x86_64-linux-gnu/libldap_r-2.4.so.2.10.5
7f8c3e7b1000-7f8c3e7b2000 rw-p 0004e000 08:17 3810312                    /usr/lib/x86_64-linux-gnu/libldap_r-2.4.so.2.10.5
7f8c3e7b2000-7f8c3e7b4000 rw-p 00000000 00:00 0 
7f8c3e7b4000-7f8c3e7c1000 r-xp 00000000 08:17 3810307                    /usr/lib/x86_64-linux-gnu/liblber-2.4.so.2.10.5
7f8c3e7c1000-7f8c3e9c1000 ---p 0000d000 08:17 3810307                    /usr/lib/x86_64-linux-gnu/liblber-2.4.so.2.10.5
7f8c3e9c1000-7f8c3e9c2000 r--p 0000d000 08:17 3810307                    /usr/lib/x86_64-linux-gnu/liblber-2.4.so.2.10.5
7f8c3e9c2000-7f8c3e9c3000 rw-p 0000e000 08:17 3810307                    /usr/lib/x86_64-linux-gnu/liblber-2.4.so.2.10.5
7f8c3e9c3000-7f8c3ea0a000 r-xp 00000000 08:17 3810115                    /usr/lib/x86_64-linux-gnu/libgssapi_krb5.so.2.2
7f8c3ea0a000-7f8c3ec09000 ---p 00047000 08:17 3810115                    /usr/lib/x86_64-linux-gnu/libgssapi_krb5.so.2.2
7f8c3ec09000-7f8c3ec0b000 r--p 00046000 08:17 3810115                    /usr/lib/x86_64-linux-gnu/libgssapi_krb5.so.2.2
7f8c3ec0b000-7f8c3ec0d000 rw-p 00048000 08:17 3810115                    /usr/lib/x86_64-linux-gnu/libgssapi_krb5.so.2.2
7f8c3ec0d000-7f8c3ee27000 r-xp 00000000 08:17 266823                     /lib/x86_64-linux-gnu/libcrypto.so.1.0.0
7f8c3ee27000-7f8c3f026000 ---p 0021a000 08:17 266823                     /lib/x86_64-linux-gnu/libcrypto.so.1.0.0
7f8c3f026000-7f8c3f042000 r--p 00219000 08:17 266823                     /lib/x86_64-linux-gnu/libcrypto.so.1.0.0
7f8c3f042000-7f8c3f04e000 rw-p 00235000 08:17 266823                     /lib/x86_64-linux-gnu/libcrypto.so.1.0.0
7f8c3f04e000-7f8c3f051000 rw-p 00000000 00:00 0 
7f8c3f051000-7f8c3f0af000 r-xp 00000000 08:17 266822                     /lib/x86_64-linux-gnu/libssl.so.1.0.0
7f8c3f0af000-7f8c3f2af000 ---p 0005e000 08:17 266822                     /lib/x86_64-linux-gnu/libssl.so.1.0.0
7f8c3f2af000-7f8c3f2b3000 r--p 0005e000 08:17 266822                     /lib/x86_64-linux-gnu/libssl.so.1.0.0
7f8c3f2b3000-7f8c3f2ba000 rw-p 00062000 08:17 266822                     /lib/x86_64-linux-gnu/libssl.so.1.0.0
7f8c3f2ba000-7f8c3f2d5000 r-xp 00000000 08:17 3810616                    /usr/lib/x86_64-linux-gnu/librtmp.so.1
7f8c3f2d5000-7f8c3f4d4000 ---p 0001b000 08:17 3810616                    /usr/lib/x86_64-linux-gnu/librtmp.so.1
7f8c3f4d4000-7f8c3f4d5000 r--p 0001a000 08:17 3810616                    /usr/lib/x86_64-linux-gnu/librtmp.so.1
7f8c3f4d5000-7f8c3f4d6000 rw-p 0001b000 08:17 3810616                    /usr/lib/x86_64-linux-gnu/librtmp.so.1
7f8c3f4d6000-7f8c3f507000 r-xp 00000000 08:17 3803367                    /usr/lib/x86_64-linux-gnu/libidn.so.11.6.15
7f8c3f507000-7f8c3f707000 ---p 00031000 08:17 3803367                    /usr/lib/x86_64-linux-gnu/libidn.so.11.6.15
7f8c3f707000-7f8c3f708000 r--p 00031000 08:17 3803367                    /usr/lib/x86_64-linux-gnu/libidn.so.11.6.15
7f8c3f708000-7f8c3f709000 rw-p 00032000 08:17 3803367                    /usr/lib/x86_64-linux-gnu/libidn.so.11.6.15
7f8c3f709000-7f8c3f87b000 r-xp 00000000 08:17 3803290                    /usr/lib/x86_64-linux-gnu/libstdc++.so.6.0.21
7f8c3f87b000-7f8c3fa7b000 ---p 00172000 08:17 3803290                    /usr/lib/x86_64-linux-gnu/libstdc++.so.6.0.21
7f8c3fa7b000-7f8c3fa85000 r--p 00172000 08:17 3803290                    /usr/lib/x86_64-linux-gnu/libstdc++.so.6.0.21
7f8c3fa85000-7f8c3fa87000 rw-p 0017c000 08:17 3803290                    /usr/lib/x86_64-linux-gnu/libstdc++.so.6.0.21
7f8c3fa87000-7f8c3fa8b000 rw-p 00000000 00:00 0 
7f8c3fa8b000-7f8c3fb5a000 r-xp 00000000 08:17 3810694                    /usr/lib/x86_64-linux-gnu/libsqlite3.so.0.8.6
7f8c3fb5a000-7f8c3fd5a000 ---p 000cf000 08:17 3810694                    /usr/lib/x86_64-linux-gnu/libsqlite3.so.0.8.6
7f8c3fd5a000-7f8c3fd5d000 r--p 000cf000 08:17 3810694                    /usr/lib/x86_64-linux-gnu/libsqlite3.so.0.8.6
7f8c3fd5d000-7f8c3fd5f000 rw-p 000d2000 08:17 3810694                    /usr/lib/x86_64-linux-gnu/libsqlite3.so.0.8.6
7f8c3fd5f000-7f8c3fd60000 rw-p 00000000 00:00 0 
7f8c3fd60000-7f8c3fdcb000 r-xp 00000000 08:17 3801208                    /usr/lib/x86_64-linux-gnu/libcurl.so.4.4.0
7f8c3fdcb000-7f8c3ffcb000 ---p 0006b000 08:17 3801208                    /usr/lib/x86_64-linux-gnu/libcurl.so.4.4.0
7f8c3ffcb000-7f8c3ffce000 r--p 0006b000 08:17 3801208                    /usr/lib/x86_64-linux-gnu/libcurl.so.4.4.0
7f8c3ffce000-7f8c3ffcf000 rw-p 0006e000 08:17 3801208                    /usr/lib/x86_64-linux-gnu/libcurl.so.4.4.0
7f8c3ffcf000-7f8c409d4000 r-xp 00000000 08:17 99859                      /home/diamond/Documents/Controller/bin/linux-x86-64/libarcsoft_fsdk_face_recognition.so
7f8c409d4000-7f8c40bd3000 ---p 00a05000 08:17 99859                      /home/diamond/Documents/Controller/bin/linux-x86-64/libarcsoft_fsdk_face_recognition.so
7f8c40bd3000-7f8c40bd4000 r--p 00a04000 08:17 99859                      /home/diamond/Documents/Controller/bin/linux-x86-64/libarcsoft_fsdk_face_recognition.so
7f8c40bd4000-7f8c417ff000 rw-p 00a05000 08:17 99859                      /home/diamond/Documents/Controller/bin/linux-x86-64/libarcsoft_fsdk_face_recognition.so
7f8c417ff000-7f8c44000000 rw-p 00000000 00:00 0 
7f8c44000000-7f8c44076000 rw-p 00000000 00:00 0 
7f8c44076000-7f8c48000000 ---p 00000000 00:00 0 
7f8c48000000-7f8c48074000 rw-p 00000000 00:00 0 
7f8c48074000-7f8c4c000000 ---p 00000000 00:00 0 
7f8c4c000000-7f8c4c132000 rw-p 00000000 00:00 0 
7f8c4c132000-7f8c50000000 ---p 00000000 00:00 0 
7f8c50000000-7f8c50134000 rw-p 00000000 00:00 0 
7f8c50134000-7f8c54000000 ---p 00000000 00:00 0 
7f8c54000000-7f8c543f1000 rw-p 00000000 00:00 0 
7f8c543f1000-7f8c58000000 ---p 00000000 00:00 0 
7f8c58000000-7f8c58404000 rw-p 00000000 00:00 0 
7f8c58404000-7f8c5c000000 ---p 00000000 00:00 0 
7f8c5c000000-7f8c5c141000 rw-p 00000000 00:00 0 
7f8c5c141000-7f8c60000000 ---p 00000000 00:00 0 
7f8c60000000-7f8c60ace000 rw-p 00000000 00:00 0 
7f8c60ace000-7f8c64000000 ---p 00000000 00:00 0 
7f8c64000000-7f8c64132000 rw-p 00000000 00:00 0 
7f8c64132000-7f8c68000000 ---p 00000000 00:00 0 
7f8c68000000-7f8c68132000 rw-p 00000000 00:00 0 
7f8c68132000-7f8c6c000000 ---p 00000000 00:00 0 
7f8c6c014000-7f8c6c02c000 r-xp 00000000 08:17 3594274                    /tmp/jna-1655054676/jna1089598026994632641.tmp (deleted)
7f8c6c02c000-7f8c6c22b000 ---p 00018000 08:17 3594274                    /tmp/jna-1655054676/jna1089598026994632641.tmp (deleted)
7f8c6c22b000-7f8c6c22d000 rw-p 00017000 08:17 3594274                    /tmp/jna-1655054676/jna1089598026994632641.tmp (deleted)
7f8c6c22d000-7f8c6c23e000 r-xp 00000000 08:17 3880230                    /usr/local/jdk1.8.0_152/jre/lib/amd64/libnio.so
7f8c6c23e000-7f8c6c43d000 ---p 00011000 08:17 3880230                    /usr/local/jdk1.8.0_152/jre/lib/amd64/libnio.so
7f8c6c43d000-7f8c6c43e000 rw-p 00010000 08:17 3880230                    /usr/local/jdk1.8.0_152/jre/lib/amd64/libnio.so
7f8c6c43e000-7f8c6c441000 ---p 00000000 00:00 0 
7f8c6c441000-7f8c6c53f000 rw-p 00000000 00:00 0 
7f8c6c53f000-7f8c6c540000 ---p 00000000 00:00 0 
7f8c6c540000-7f8c6f641000 rw-p 00000000 00:00 0 
7f8c6f641000-7f8c70000000 r--p 00000000 08:17 3808503                    /usr/lib/locale/locale-archive
7f8c70000000-7f8c70132000 rw-p 00000000 00:00 0 
7f8c70132000-7f8c74000000 ---p 00000000 00:00 0 
7f8c74000000-7f8c741ae000 rw-p 00000000 00:00 0 
7f8c741ae000-7f8c78000000 ---p 00000000 00:00 0 
7f8c78000000-7f8c78135000 rw-p 00000000 00:00 0 
7f8c78135000-7f8c7c000000 ---p 00000000 00:00 0 
7f8c7c000000-7f8c7c1b1000 rw-p 00000000 00:00 0 
7f8c7c1b1000-7f8c80000000 ---p 00000000 00:00 0 
7f8c80000000-7f8c801ad000 rw-p 00000000 00:00 0 
7f8c801ad000-7f8c84000000 ---p 00000000 00:00 0 
7f8c840f9000-7f8c8410f000 r-xp 00000000 08:17 3880227                    /usr/local/jdk1.8.0_152/jre/lib/amd64/libnet.so
7f8c8410f000-7f8c8430f000 ---p 00016000 08:17 3880227                    /usr/local/jdk1.8.0_152/jre/lib/amd64/libnet.so
7f8c8430f000-7f8c84310000 rw-p 00016000 08:17 3880227                    /usr/local/jdk1.8.0_152/jre/lib/amd64/libnet.so
7f8c84310000-7f8c88000000 rw-p 00000000 00:00 0 
7f8c88000000-7f8c88140000 rw-p 00000000 00:00 0 
7f8c88140000-7f8c8c000000 ---p 00000000 00:00 0 
7f8c8c0b8000-7f8c8c0bb000 ---p 00000000 00:00 0 
7f8c8c0bb000-7f8c8c0f1000 rw-p 00000000 00:00 0 
7f8c8c0f1000-7f8c8c0f4000 ---p 00000000 00:00 0 
7f8c8c0f4000-7f8c8c1f2000 rw-p 00000000 00:00 0 
7f8c8c1f2000-7f8c8c1f5000 ---p 00000000 00:00 0 
7f8c8c1f5000-7f8c8c2f3000 rw-p 00000000 00:00 0 
7f8c8c2f3000-7f8c8c2f6000 ---p 00000000 00:00 0 
7f8c8c2f6000-7f8c8c3f4000 rw-p 00000000 00:00 0 
7f8c8c3f4000-7f8c8c3f7000 ---p 00000000 00:00 0 
7f8c8c3f7000-7f8c8c4f5000 rw-p 00000000 00:00 0 
7f8c8c4f5000-7f8c8c4f8000 ---p 00000000 00:00 0 
7f8c8c4f8000-7f8c8c5f6000 rw-p 00000000 00:00 0 
7f8c8c5f6000-7f8c8c5f9000 ---p 00000000 00:00 0 
7f8c8c5f9000-7f8c8c6f7000 rw-p 00000000 00:00 0 
7f8c8c6f7000-7f8c8c6fa000 ---p 00000000 00:00 0 
7f8c8c6fa000-7f8c8c7f8000 rw-p 00000000 00:00 0 
7f8c8c7f8000-7f8c8c7fb000 ---p 00000000 00:00 0 
7f8c8c7fb000-7f8c8c8f9000 rw-p 00000000 00:00 0 
7f8c8c8f9000-7f8c8c8fa000 ---p 00000000 00:00 0 
7f8c8c8fa000-7f8c8d000000 rw-p 00000000 00:00 0 
7f8c8d000000-7f8c8d410000 rwxp 00000000 00:00 0 
7f8c8d410000-7f8c9c000000 ---p 00000000 00:00 0 
7f8c9c000000-7f8c9cd1b000 rw-p 00000000 00:00 0 
7f8c9cd1b000-7f8ca0000000 ---p 00000000 00:00 0 
7f8ca001f000-7f8ca0024000 r--s 0009a000 08:17 3880107                    /usr/local/jdk1.8.0_152/jre/lib/jsse.jar
7f8ca0024000-7f8ca0029000 r--s 002f9000 08:17 3880056                    /usr/local/jdk1.8.0_152/jre/lib/charsets.jar
7f8ca0029000-7f8ca0033000 r--s 000eb000 08:17 69177                      /home/diamond/Documents/Controller/lib/mysql-connector-java-5.1.44-bin.jar
7f8ca0033000-7f8ca0036000 r--s 00024000 08:17 79461                      /home/diamond/Documents/Controller/lib/json-lib-2.4-jdk15.jar
7f8ca0036000-7f8ca003a000 r--s 00107000 08:17 69176                      /home/diamond/Documents/Controller/lib/jna-4.4.0.jar
7f8ca003a000-7f8ca0048000 r--s 0007f000 08:17 79458                      /home/diamond/Documents/Controller/lib/commons-collections-3.2.1.jar
7f8ca0048000-7f8ca00dd000 r--s 01113000 08:17 3880111                    /usr/local/jdk1.8.0_152/jre/lib/ext/jfxrt.jar
7f8ca00dd000-7f8ca0a35000 rw-p 00000000 00:00 0 
7f8ca0a35000-7f8ca0c0f000 r--s 03d5f000 08:17 3880058                    /usr/local/jdk1.8.0_152/jre/lib/rt.jar
7f8ca0c0f000-7f8ca1854000 rw-p 00000000 00:00 0 
7f8ca1854000-7f8ca1855000 ---p 00000000 00:00 0 
7f8ca1855000-7f8ca1955000 rw-p 00000000 00:00 0 
7f8ca1955000-7f8ca1956000 ---p 00000000 00:00 0 
7f8ca1956000-7f8ca1a56000 rw-p 00000000 00:00 0 
7f8ca1a56000-7f8ca1a57000 ---p 00000000 00:00 0 
7f8ca1a57000-7f8ca1b57000 rw-p 00000000 00:00 0 
7f8ca1b57000-7f8ca1b58000 ---p 00000000 00:00 0 
7f8ca1b58000-7f8ca1c81000 rw-p 00000000 00:00 0 
7f8ca1c81000-7f8ca1ee2000 ---p 00000000 00:00 0 
7f8ca1ee2000-7f8ca1f0b000 rw-p 00000000 00:00 0 
7f8ca1f0b000-7f8ca216c000 ---p 00000000 00:00 0 
7f8ca216c000-7f8ca21b0000 rw-p 00000000 00:00 0 
7f8ca21b0000-7f8ca22b1000 ---p 00000000 00:00 0 
7f8ca22b1000-7f8ca22c3000 rw-p 00000000 00:00 0 
7f8ca22c3000-7f8ca2672000 ---p 00000000 00:00 0 
7f8ca2672000-7f8ca268d000 r-xp 00000000 08:17 3880223                    /usr/local/jdk1.8.0_152/jre/lib/amd64/libzip.so
7f8ca268d000-7f8ca288d000 ---p 0001b000 08:17 3880223                    /usr/local/jdk1.8.0_152/jre/lib/amd64/libzip.so
7f8ca288d000-7f8ca288e000 rw-p 0001b000 08:17 3880223                    /usr/local/jdk1.8.0_152/jre/lib/amd64/libzip.so
7f8ca288e000-7f8ca2899000 r-xp 00000000 08:17 266868                     /lib/x86_64-linux-gnu/libnss_files-2.23.so
7f8ca2899000-7f8ca2a98000 ---p 0000b000 08:17 266868                     /lib/x86_64-linux-gnu/libnss_files-2.23.so
7f8ca2a98000-7f8ca2a99000 r--p 0000a000 08:17 266868                     /lib/x86_64-linux-gnu/libnss_files-2.23.so
7f8ca2a99000-7f8ca2a9a000 rw-p 0000b000 08:17 266868                     /lib/x86_64-linux-gnu/libnss_files-2.23.so
7f8ca2a9a000-7f8ca2aa0000 rw-p 00000000 00:00 0 
7f8ca2aa0000-7f8ca2aab000 r-xp 00000000 08:17 266878                     /lib/x86_64-linux-gnu/libnss_nis-2.23.so
7f8ca2aab000-7f8ca2caa000 ---p 0000b000 08:17 266878                     /lib/x86_64-linux-gnu/libnss_nis-2.23.so
7f8ca2caa000-7f8ca2cab000 r--p 0000a000 08:17 266878                     /lib/x86_64-linux-gnu/libnss_nis-2.23.so
7f8ca2cab000-7f8ca2cac000 rw-p 0000b000 08:17 266878                     /lib/x86_64-linux-gnu/libnss_nis-2.23.so
7f8ca2cac000-7f8ca2cc2000 r-xp 00000000 08:17 266862                     /lib/x86_64-linux-gnu/libnsl-2.23.so
7f8ca2cc2000-7f8ca2ec1000 ---p 00016000 08:17 266862                     /lib/x86_64-linux-gnu/libnsl-2.23.so
7f8ca2ec1000-7f8ca2ec2000 r--p 00015000 08:17 266862                     /lib/x86_64-linux-gnu/libnsl-2.23.so
7f8ca2ec2000-7f8ca2ec3000 rw-p 00016000 08:17 266862                     /lib/x86_64-linux-gnu/libnsl-2.23.so
7f8ca2ec3000-7f8ca2ec5000 rw-p 00000000 00:00 0 
7f8ca2ec5000-7f8ca2ecd000 r-xp 00000000 08:17 266864                     /lib/x86_64-linux-gnu/libnss_compat-2.23.so
7f8ca2ecd000-7f8ca30cc000 ---p 00008000 08:17 266864                     /lib/x86_64-linux-gnu/libnss_compat-2.23.so
7f8ca30cc000-7f8ca30cd000 r--p 00007000 08:17 266864                     /lib/x86_64-linux-gnu/libnss_compat-2.23.so
7f8ca30cd000-7f8ca30ce000 rw-p 00008000 08:17 266864                     /lib/x86_64-linux-gnu/libnss_compat-2.23.so
7f8ca30ce000-7f8ca30d8000 r-xp 00000000 08:17 3880232                    /usr/local/jdk1.8.0_152/jre/lib/amd64/libinstrument.so
7f8ca30d8000-7f8ca32d7000 ---p 0000a000 08:17 3880232                    /usr/local/jdk1.8.0_152/jre/lib/amd64/libinstrument.so
7f8ca32d7000-7f8ca32d8000 rw-p 00009000 08:17 3880232                    /usr/local/jdk1.8.0_152/jre/lib/amd64/libinstrument.so
7f8ca32d8000-7f8ca3303000 r-xp 00000000 08:17 3880217                    /usr/local/jdk1.8.0_152/jre/lib/amd64/libjava.so
7f8ca3303000-7f8ca3502000 ---p 0002b000 08:17 3880217                    /usr/local/jdk1.8.0_152/jre/lib/amd64/libjava.so
7f8ca3502000-7f8ca3504000 rw-p 0002a000 08:17 3880217                    /usr/local/jdk1.8.0_152/jre/lib/amd64/libjava.so
7f8ca3504000-7f8ca3511000 r-xp 00000000 08:17 3880222                    /usr/local/jdk1.8.0_152/jre/lib/amd64/libverify.so
7f8ca3511000-7f8ca3711000 ---p 0000d000 08:17 3880222                    /usr/local/jdk1.8.0_152/jre/lib/amd64/libverify.so
7f8ca3711000-7f8ca3713000 rw-p 0000d000 08:17 3880222                    /usr/local/jdk1.8.0_152/jre/lib/amd64/libverify.so
7f8ca3713000-7f8ca371a000 r-xp 00000000 08:17 266923                     /lib/x86_64-linux-gnu/librt-2.23.so
7f8ca371a000-7f8ca3919000 ---p 00007000 08:17 266923                     /lib/x86_64-linux-gnu/librt-2.23.so
7f8ca3919000-7f8ca391a000 r--p 00006000 08:17 266923                     /lib/x86_64-linux-gnu/librt-2.23.so
7f8ca391a000-7f8ca391b000 rw-p 00007000 08:17 266923                     /lib/x86_64-linux-gnu/librt-2.23.so
7f8ca391b000-7f8ca3a23000 r-xp 00000000 08:17 266839                     /lib/x86_64-linux-gnu/libm-2.23.so
7f8ca3a23000-7f8ca3c22000 ---p 00108000 08:17 266839                     /lib/x86_64-linux-gnu/libm-2.23.so
7f8ca3c22000-7f8ca3c23000 r--p 00107000 08:17 266839                     /lib/x86_64-linux-gnu/libm-2.23.so
7f8ca3c23000-7f8ca3c24000 rw-p 00108000 08:17 266839                     /lib/x86_64-linux-gnu/libm-2.23.so
7f8ca3c24000-7f8ca48fc000 r-xp 00000000 08:17 3880200                    /usr/local/jdk1.8.0_152/jre/lib/amd64/server/libjvm.so
7f8ca48fc000-7f8ca4afb000 ---p 00cd8000 08:17 3880200                    /usr/local/jdk1.8.0_152/jre/lib/amd64/server/libjvm.so
7f8ca4afb000-7f8ca4bd5000 rw-p 00cd7000 08:17 3880200                    /usr/local/jdk1.8.0_152/jre/lib/amd64/server/libjvm.so
7f8ca4bd5000-7f8ca4c20000 rw-p 00000000 00:00 0 
7f8ca4c20000-7f8ca4de0000 r-xp 00000000 08:17 266769                     /lib/x86_64-linux-gnu/libc-2.23.so
7f8ca4de0000-7f8ca4fe0000 ---p 001c0000 08:17 266769                     /lib/x86_64-linux-gnu/libc-2.23.so
7f8ca4fe0000-7f8ca4fe4000 r--p 001c0000 08:17 266769                     /lib/x86_64-linux-gnu/libc-2.23.so
7f8ca4fe4000-7f8ca4fe6000 rw-p 001c4000 08:17 266769                     /lib/x86_64-linux-gnu/libc-2.23.so
7f8ca4fe6000-7f8ca4fea000 rw-p 00000000 00:00 0 
7f8ca4fea000-7f8ca4fed000 r-xp 00000000 08:17 266793                     /lib/x86_64-linux-gnu/libdl-2.23.so
7f8ca4fed000-7f8ca51ec000 ---p 00003000 08:17 266793                     /lib/x86_64-linux-gnu/libdl-2.23.so
7f8ca51ec000-7f8ca51ed000 r--p 00002000 08:17 266793                     /lib/x86_64-linux-gnu/libdl-2.23.so
7f8ca51ed000-7f8ca51ee000 rw-p 00003000 08:17 266793                     /lib/x86_64-linux-gnu/libdl-2.23.so
7f8ca51ee000-7f8ca5204000 r-xp 00000000 08:17 3879918                    /usr/local/jdk1.8.0_152/lib/amd64/jli/libjli.so
7f8ca5204000-7f8ca5403000 ---p 00016000 08:17 3879918                    /usr/local/jdk1.8.0_152/lib/amd64/jli/libjli.so
7f8ca5403000-7f8ca5404000 rw-p 00015000 08:17 3879918                    /usr/local/jdk1.8.0_152/lib/amd64/jli/libjli.so
7f8ca5404000-7f8ca541c000 r-xp 00000000 08:17 266915                     /lib/x86_64-linux-gnu/libpthread-2.23.so
7f8ca541c000-7f8ca561b000 ---p 00018000 08:17 266915                     /lib/x86_64-linux-gnu/libpthread-2.23.so
7f8ca561b000-7f8ca561c000 r--p 00017000 08:17 266915                     /lib/x86_64-linux-gnu/libpthread-2.23.so
7f8ca561c000-7f8ca561d000 rw-p 00018000 08:17 266915                     /lib/x86_64-linux-gnu/libpthread-2.23.so
7f8ca561d000-7f8ca5621000 rw-p 00000000 00:00 0 
7f8ca5621000-7f8ca5647000 r-xp 00000000 08:17 266741                     /lib/x86_64-linux-gnu/ld-2.23.so
7f8ca5647000-7f8ca5649000 r--s 0001a000 08:17 18339                      /home/diamond/soft/idea-IU-173.3942.27/lib/idea_rt.jar
7f8ca5649000-7f8ca564c000 r--s 00013000 08:17 79443                      /home/diamond/Documents/Controller/lib/ezmorph-1.0.6.jar
7f8ca564c000-7f8ca564e000 r--s 0000d000 08:17 79460                      /home/diamond/Documents/Controller/lib/commons-logging-1.1.1.jar
7f8ca564e000-7f8ca5653000 r--s 00034000 08:17 79459                      /home/diamond/Documents/Controller/lib/commons-beanutils-1.8.0.jar
7f8ca5653000-7f8ca5666000 r--s 00345000 08:17 3880093                    /usr/local/jdk1.8.0_152/jre/lib/resources.jar
7f8ca5666000-7f8ca5679000 r--s 000d6000 08:17 3880030                    /usr/local/jdk1.8.0_152/jre/lib/plugin.jar
7f8ca5679000-7f8ca567e000 r--s 0009a000 08:17 3880107                    /usr/local/jdk1.8.0_152/jre/lib/jsse.jar
7f8ca567e000-7f8ca5680000 r--s 00007000 08:17 3880245                    /usr/local/jdk1.8.0_152/jre/lib/jfxswt.jar
7f8ca5680000-7f8ca5685000 r--s 00084000 08:17 3880007                    /usr/local/jdk1.8.0_152/jre/lib/jfr.jar
7f8ca5685000-7f8ca5688000 r--s 0001a000 08:17 3880243                    /usr/local/jdk1.8.0_152/jre/lib/jce.jar
7f8ca5688000-7f8ca5691000 r--s 0006d000 08:17 3880017                    /usr/local/jdk1.8.0_152/jre/lib/javaws.jar
7f8ca5691000-7f8ca5713000 rw-p 00000000 00:00 0 
7f8ca5713000-7f8ca5716000 ---p 00000000 00:00 0 
7f8ca5716000-7f8ca5818000 rw-p 00000000 00:00 0 
7f8ca5818000-7f8ca5819000 r--s 00000000 08:17 3880014                    /usr/local/jdk1.8.0_152/jre/lib/management-agent.jar
7f8ca5819000-7f8ca5835000 r--s 0020b000 08:17 3880008                    /usr/local/jdk1.8.0_152/jre/lib/deploy.jar
7f8ca5835000-7f8ca583a000 r--s 002f9000 08:17 3880056                    /usr/local/jdk1.8.0_152/jre/lib/charsets.jar
7f8ca583a000-7f8ca5842000 rw-s 00000000 08:17 3594263                    /tmp/hsperfdata_diamond/19245
7f8ca5842000-7f8ca5843000 rw-p 00000000 00:00 0 
7f8ca5843000-7f8ca5844000 r--p 00000000 00:00 0 
7f8ca5844000-7f8ca5846000 rw-p 00000000 00:00 0 
7f8ca5846000-7f8ca5847000 r--p 00025000 08:17 266741                     /lib/x86_64-linux-gnu/ld-2.23.so
7f8ca5847000-7f8ca5848000 rw-p 00026000 08:17 266741                     /lib/x86_64-linux-gnu/ld-2.23.so
7f8ca5848000-7f8ca5849000 rw-p 00000000 00:00 0 
7ffe57826000-7ffe57848000 rw-p 00000000 00:00 0                          [stack]
7ffe57882000-7ffe57884000 r--p 00000000 00:00 0                          [vvar]
7ffe57884000-7ffe57886000 r-xp 00000000 00:00 0                          [vdso]
ffffffffff600000-ffffffffff601000 r-xp 00000000 00:00 0                  [vsyscall]

VM Arguments:
jvm_args: -javaagent:/home/diamond/soft/idea-IU-173.3942.27/lib/idea_rt.jar=42513:/home/diamond/soft/idea-IU-173.3942.27/bin -Dfile.encoding=UTF-8 
java_command: com.moma.Controller
java_class_path (initial): /usr/local/jdk1.8.0_152/jre/lib/charsets.jar:/usr/local/jdk1.8.0_152/jre/lib/deploy.jar:/usr/local/jdk1.8.0_152/jre/lib/ext/cldrdata.jar:/usr/local/jdk1.8.0_152/jre/lib/ext/dnsns.jar:/usr/local/jdk1.8.0_152/jre/lib/ext/jaccess.jar:/usr/local/jdk1.8.0_152/jre/lib/ext/jfxrt.jar:/usr/local/jdk1.8.0_152/jre/lib/ext/localedata.jar:/usr/local/jdk1.8.0_152/jre/lib/ext/nashorn.jar:/usr/local/jdk1.8.0_152/jre/lib/ext/sunec.jar:/usr/local/jdk1.8.0_152/jre/lib/ext/sunjce_provider.jar:/usr/local/jdk1.8.0_152/jre/lib/ext/sunpkcs11.jar:/usr/local/jdk1.8.0_152/jre/lib/ext/zipfs.jar:/usr/local/jdk1.8.0_152/jre/lib/javaws.jar:/usr/local/jdk1.8.0_152/jre/lib/jce.jar:/usr/local/jdk1.8.0_152/jre/lib/jfr.jar:/usr/local/jdk1.8.0_152/jre/lib/jfxswt.jar:/usr/local/jdk1.8.0_152/jre/lib/jsse.jar:/usr/local/jdk1.8.0_152/jre/lib/management-agent.jar:/usr/local/jdk1.8.0_152/jre/lib/plugin.jar:/usr/local/jdk1.8.0_152/jre/lib/resources.jar:/usr/local/jdk1.8.0_152/jre/lib/rt.jar:/home/diamond/Documents/Controller/out/production/Controller:/home/diamond/Documents/Controller/lib/commons-beanutils-1.8.0.jar:/home/diamond/Documents/Controller/lib/commons-logging-1.1.1.jar:/home/diamond/Documents/Controller/lib/commons-collections-3.2.1.jar:/home/diamond/Documents/Controller/lib/ezmorph-1.0.6.jar:/home/diamond/Documents/Controller/lib/jna-4.4.0.jar:/home/diamond/Documents/Controller/lib/json-lib-2.4-jdk15.jar:/home/diamond/Documents/Controller/lib/mysql-connector-java-5.1.44-bin.jar:/home/diamond/soft/idea-IU-173.3942.27/lib/idea_rt.jar
Launcher Type: SUN_STANDARD

Environment Variables:
JAVA_HOME=/usr/local/jdk1.8.0_152/
JRE_HOME=/usr/local/jdk1.8.0_152//jre
CLASSPATH=/home/diamond/soft/idea-IU-173.3942.27/lib/bootstrap.jar:/home/diamond/soft/idea-IU-173.3942.27/lib/extensions.jar:/home/diamond/soft/idea-IU-173.3942.27/lib/util.jar:/home/diamond/soft/idea-IU-173.3942.27/lib/jdom.jar:/home/diamond/soft/idea-IU-173.3942.27/lib/log4j.jar:/home/diamond/soft/idea-IU-173.3942.27/lib/trove4j.jar:/home/diamond/soft/idea-IU-173.3942.27/lib/jna.jar:/home/diamond/soft/idea-IU-173.3942.27/jre64/lib/tools.jar
PATH=/home/diamond/bin:/home/diamond/.local/bin:/usr/local/cuda-8.0/bin:/usr/local/sbin:/usr/local/bin:/usr/sbin:/usr/bin:/sbin:/bin:/usr/games:/usr/local/games:/snap/bin:/usr/local/jdk1.8.0_152//bin:/usr/local/jdk1.8.0_152//jre/bin
LD_LIBRARY_PATH=/usr/local/cuda-8.0/lib64
SHELL=/bin/bash
DISPLAY=:0

Signal Handlers:
SIGSEGV: [libjvm.so+0xacfec0], sa_mask[0]=11111111011111111101111111111110, sa_flags=SA_RESTART|SA_SIGINFO
SIGBUS: [libjvm.so+0xacfec0], sa_mask[0]=11111111011111111101111111111110, sa_flags=SA_RESTART|SA_SIGINFO
SIGFPE: [libjvm.so+0x927e60], sa_mask[0]=11111111011111111101111111111110, sa_flags=SA_RESTART|SA_SIGINFO
SIGPIPE: [libjvm.so+0x927e60], sa_mask[0]=11111111011111111101111111111110, sa_flags=SA_RESTART|SA_SIGINFO
SIGXFSZ: [libjvm.so+0x927e60], sa_mask[0]=11111111011111111101111111111110, sa_flags=SA_RESTART|SA_SIGINFO
SIGILL: [libjvm.so+0x927e60], sa_mask[0]=11111111011111111101111111111110, sa_flags=SA_RESTART|SA_SIGINFO
SIGUSR1: SIG_DFL, sa_mask[0]=00000000000000000000000000000000, sa_flags=none
SIGUSR2: [libjvm.so+0x9296a0], sa_mask[0]=00100000000000000000000000000000, sa_flags=SA_RESTART|SA_SIGINFO
SIGHUP: [libjvm.so+0x92aaa0], sa_mask[0]=11111111011111111101111111111110, sa_flags=SA_RESTART|SA_SIGINFO
SIGINT: [libarcsoft_fsdk_face_detection.so+0x3700], sa_mask[0]=00000000000000000000000000000000, sa_flags=SA_RESETHAND|SA_SIGINFO|SA_NOCLDWAIT
SIGTERM: [libjvm.so+0x92aaa0], sa_mask[0]=11111111011111111101111111111110, sa_flags=SA_RESTART|SA_SIGINFO
SIGQUIT: [libjvm.so+0x92aaa0], sa_mask[0]=11111111011111111101111111111110, sa_flags=SA_RESTART|SA_SIGINFO


---------------  S Y S T E M  ---------------

OS:DISTRIB_ID=Ubuntu
DISTRIB_RELEASE=16.04
DISTRIB_CODENAME=xenial
DISTRIB_DESCRIPTION="Ubuntu 16.04.3 LTS"

uname:Linux 4.10.0-42-generic #46~16.04.1-Ubuntu SMP Mon Dec 4 15:57:59 UTC 2017 x86_64
libc:glibc 2.23 NPTL 2.23 
rlimit: STACK 8192k, CORE 0k, NPROC 30234, NOFILE 1048576, AS infinity
load average:0.44 0.44 0.54

/proc/meminfo:
MemTotal:        7986184 kB
MemFree:          140624 kB
MemAvailable:    1643100 kB
Buffers:           99408 kB
Cached:          1655392 kB
SwapCached:         5016 kB
Active:          6142916 kB
Inactive:        1253044 kB
Active(anon):    4967020 kB
Inactive(anon):   798596 kB
Active(file):    1175896 kB
Inactive(file):   454448 kB
Unevictable:         232 kB
Mlocked:             232 kB
SwapTotal:       4097020 kB
SwapFree:        4038196 kB
Dirty:               148 kB
Writeback:             0 kB
AnonPages:       5522264 kB
Mapped:           600204 kB
Shmem:            124456 kB
Slab:             242684 kB
SReclaimable:     178996 kB
SUnreclaim:        63688 kB
KernelStack:       18512 kB
PageTables:        65496 kB
NFS_Unstable:          0 kB
Bounce:                0 kB
WritebackTmp:          0 kB
CommitLimit:     8090112 kB
Committed_AS:   13585908 kB
VmallocTotal:   34359738367 kB
VmallocUsed:           0 kB
VmallocChunk:          0 kB
HardwareCorrupted:     0 kB
AnonHugePages:   3377152 kB
ShmemHugePages:        0 kB
ShmemPmdMapped:        0 kB
CmaTotal:              0 kB
CmaFree:               0 kB
HugePages_Total:       0
HugePages_Free:        0
HugePages_Rsvd:        0
HugePages_Surp:        0
Hugepagesize:       2048 kB
DirectMap4k:      323460 kB
DirectMap2M:     7878656 kB


CPU:total 4 (initial active 4) (2 cores per cpu, 2 threads per core) family 6 model 58 stepping 9, cmov, cx8, fxsr, mmx, sse, sse2, sse3, ssse3, sse4.1, sse4.2, popcnt, avx, aes, clmul, erms, ht, tsc, tscinvbit, tscinv

/proc/cpuinfo:
processor	: 0
vendor_id	: GenuineIntel
cpu family	: 6
model		: 58
model name	: Intel(R) Core(TM) i5-3210M CPU @ 2.50GHz
stepping	: 9
microcode	: 0x15
cpu MHz		: 2697.906
cache size	: 3072 KB
physical id	: 0
siblings	: 4
core id		: 0
cpu cores	: 2
apicid		: 0
initial apicid	: 0
fpu		: yes
fpu_exception	: yes
cpuid level	: 13
wp		: yes
flags		: fpu vme de pse tsc msr pae mce cx8 apic sep mtrr pge mca cmov pat pse36 clflush dts acpi mmx fxsr sse sse2 ss ht tm pbe syscall nx rdtscp lm constant_tsc arch_perfmon pebs bts rep_good nopl xtopology nonstop_tsc aperfmperf pni pclmulqdq dtes64 monitor ds_cpl vmx est tm2 ssse3 cx16 xtpr pdcm pcid sse4_1 sse4_2 x2apic popcnt tsc_deadline_timer aes xsave avx f16c rdrand lahf_lm epb tpr_shadow vnmi flexpriority ept vpid fsgsbase smep erms xsaveopt dtherm ida arat pln pts
bugs		:
bogomips	: 4988.88
clflush size	: 64
cache_alignment	: 64
address sizes	: 36 bits physical, 48 bits virtual
power management:

processor	: 1
vendor_id	: GenuineIntel
cpu family	: 6
model		: 58
model name	: Intel(R) Core(TM) i5-3210M CPU @ 2.50GHz
stepping	: 9
microcode	: 0x15
cpu MHz		: 1687.927
cache size	: 3072 KB
physical id	: 0
siblings	: 4
core id		: 0
cpu cores	: 2
apicid		: 1
initial apicid	: 1
fpu		: yes
fpu_exception	: yes
cpuid level	: 13
wp		: yes
flags		: fpu vme de pse tsc msr pae mce cx8 apic sep mtrr pge mca cmov pat pse36 clflush dts acpi mmx fxsr sse sse2 ss ht tm pbe syscall nx rdtscp lm constant_tsc arch_perfmon pebs bts rep_good nopl xtopology nonstop_tsc aperfmperf pni pclmulqdq dtes64 monitor ds_cpl vmx est tm2 ssse3 cx16 xtpr pdcm pcid sse4_1 sse4_2 x2apic popcnt tsc_deadline_timer aes xsave avx f16c rdrand lahf_lm epb tpr_shadow vnmi flexpriority ept vpid fsgsbase smep erms xsaveopt dtherm ida arat pln pts
bugs		:
bogomips	: 4988.88
clflush size	: 64
cache_alignment	: 64
address sizes	: 36 bits physical, 48 bits virtual
power management:

processor	: 2
vendor_id	: GenuineIntel
cpu family	: 6
model		: 58
model name	: Intel(R) Core(TM) i5-3210M CPU @ 2.50GHz
stepping	: 9
microcode	: 0x15
cpu MHz		: 2133.331
cache size	: 3072 KB
physical id	: 0
siblings	: 4
core id		: 1
cpu cores	: 2
apicid		: 2
initial apicid	: 2
fpu		: yes
fpu_exception	: yes
cpuid level	: 13
wp		: yes
flags		: fpu vme de pse tsc msr pae mce cx8 apic sep mtrr pge mca cmov pat pse36 clflush dts acpi mmx fxsr sse sse2 ss ht tm pbe syscall nx rdtscp lm constant_tsc arch_perfmon pebs bts rep_good nopl xtopology nonstop_tsc aperfmperf pni pclmulqdq dtes64 monitor ds_cpl vmx est tm2 ssse3 cx16 xtpr pdcm pcid sse4_1 sse4_2 x2apic popcnt tsc_deadline_timer aes xsave avx f16c rdrand lahf_lm epb tpr_shadow vnmi flexpriority ept vpid fsgsbase smep erms xsaveopt dtherm ida arat pln pts
bugs		:
bogomips	: 4988.88
clflush size	: 64
cache_alignment	: 64
address sizes	: 36 bits physical, 48 bits virtual
power management:

processor	: 3
vendor_id	: GenuineIntel
cpu family	: 6
model		: 58
model name	: Intel(R) Core(TM) i5-3210M CPU @ 2.50GHz
stepping	: 9
microcode	: 0x15
cpu MHz		: 1329.498
cache size	: 3072 KB
physical id	: 0
siblings	: 4
core id		: 1
cpu cores	: 2
apicid		: 3
initial apicid	: 3
fpu		: yes
fpu_exception	: yes
cpuid level	: 13
wp		: yes
flags		: fpu vme de pse tsc msr pae mce cx8 apic sep mtrr pge mca cmov pat pse36 clflush dts acpi mmx fxsr sse sse2 ss ht tm pbe syscall nx rdtscp lm constant_tsc arch_perfmon pebs bts rep_good nopl xtopology nonstop_tsc aperfmperf pni pclmulqdq dtes64 monitor ds_cpl vmx est tm2 ssse3 cx16 xtpr pdcm pcid sse4_1 sse4_2 x2apic popcnt tsc_deadline_timer aes xsave avx f16c rdrand lahf_lm epb tpr_shadow vnmi flexpriority ept vpid fsgsbase smep erms xsaveopt dtherm ida arat pln pts
bugs		:
bogomips	: 4988.88
clflush size	: 64
cache_alignment	: 64
address sizes	: 36 bits physical, 48 bits virtual
power management:



Memory: 4k page, physical 7986184k(140624k free), swap 4097020k(4038196k free)

vm_info: Java HotSpot(TM) 64-Bit Server VM (25.152-b16) for linux-amd64 JRE (1.8.0_152-b16), built on Sep 14 2017 02:16:14 by "java_re" with gcc 4.3.0 20080428 (Red Hat 4.3.0-8)

time: Thu Jan 18 16:54:15 2018
elapsed time: 742 seconds (0d 0h 12m 22s)

