#
# A fatal error has been detected by the Java Runtime Environment:
#
#  SIGSEGV (0xb) at pc=0x00007f3503ffd880, pid=5521, tid=0x00007f34d8fe4700
#
# JRE version: Java(TM) SE Runtime Environment (8.0_152-b16) (build 1.8.0_152-b16)
# Java VM: Java HotSpot(TM) 64-Bit Server VM (25.152-b16 mixed mode linux-amd64 compressed oops)
# Problematic frame:
# C  [libarcsoft_fsdk_face_recognition.so+0x2e880]
#
# Failed to write core dump. Core dumps have been disabled. To enable core dumping, try "ulimit -c unlimited" before starting Java again
#
# If you would like to submit a bug report, please visit:
#   http://bugreport.java.com/bugreport/crash.jsp
#

---------------  T H R E A D  ---------------

Current thread is native thread

siginfo: si_signo: 11 (SIGSEGV), si_code: 2 (SEGV_ACCERR), si_addr: 0x00007f351c36a9fc

Registers:
RAX=0x00007f351c36a9fc, RBX=0x00007f34a9f91680, RCX=0x000000000001779f, RDX=0x0000000000012c00
RSP=0x00007f34d8fe3e98, RBP=0x0000000000f01512, RSI=0x00000000000000f1, RDI=0x00000000000000f9
R8 =0x000000000e4d4aba, R9 =0x00007f34d8fea660, R10=0x00000000006c9c13, R11=0x00007f34d8ffdf20
R12=0x0000000000000055, R13=0x0000000000002f26, R14=0x00007f34a9f869d0, R15=0x000000000002c766
RIP=0x00007f3503ffd880, EFLAGS=0x0000000000010202, CSGSFS=0x002b000000000033, ERR=0x0000000000000004
  TRAPNO=0x000000000000000e

Top of Stack: (sp=0x00007f34d8fe3e98)
0x00007f34d8fe3e98:   0000000100000280 00007f34d9074aec
0x00007f34d8fe3ea8:   00007f34d9074af0 00007f34d9074af4
0x00007f34d8fe3eb8:   00007f35057be6c0 00007f34d90edd70
0x00007f34d8fe3ec8:   006c9c1300f01512 00007f34d90edd70
0x00007f34d8fe3ed8:   00007f34d90edd20 00007f34d90edd70
0x00007f34d8fe3ee8:   00007f34d90edd48 00007f34d90edda0
0x00007f34d8fe3ef8:   00007f3503ff3970 00007f34a9f86a38
0x00007f34d8fe3f08:   00007f350400167f 0000000000000000
0x00007f34d8fe3f18:   0000009b00000000 0000000000000000
0x00007f34d8fe3f28:   0000000000000000 0000000000000000
0x00007f34d8fe3f38:   0000000000000000 00007f356b1da59f
0x00007f34d8fe3f48:   00007f34d8fe49c0 0000000000000001
0x00007f34d8fe3f58:   00007f356add46ba 0000000000000000
0x00007f34d8fe3f68:   00007f34d8fe4700 00007f34d8fe4700
0x00007f34d8fe3f78:   5e9a516f623867e6 0000000000000000
0x00007f34d8fe3f88:   00007f356b1da59f 00007f34d8fe49c0
0x00007f34d8fe3f98:   0000000000000001 a0f3e0931cf867e6
0x00007f34d8fe3fa8:   a0f084d5eec267e6 0000000000000000
0x00007f34d8fe3fb8:   0000000000000000 0000000000000000
0x00007f34d8fe3fc8:   0000000000000000 0000000000000000
0x00007f34d8fe3fd8:   0000000000000000 0000000000000000
0x00007f34d8fe3fe8:   0000000000000000 00007f34d8fe4700
0x00007f34d8fe3ff8:   00007f356a6f03dd 0000000000000000
0x00007f34d8fe4008:   0000000000000000 0000000000000000
0x00007f34d8fe4018:   0000000000000000 0000000000000000
0x00007f34d8fe4028:   0000000000000000 0000000000000000
0x00007f34d8fe4038:   0000000000000000 0000000000000000
0x00007f34d8fe4048:   0000000000000000 0000000000000000
0x00007f34d8fe4058:   0000000000000000 0000000000000000
0x00007f34d8fe4068:   0000000000000000 0000000000000000
0x00007f34d8fe4078:   0000000000000000 0000000000000000
0x00007f34d8fe4088:   0000000000000000 0000000000000000 

Instructions: (pc=0x00007f3503ffd880)
0x00007f3503ffd860:   d8 c1 fa 11 0f af 54 24 b8 48 63 d2 48 01 d0 48
0x00007f3503ffd870:   03 44 24 d0 81 3b 01 08 00 00 0f 84 e0 00 00 00
0x00007f3503ffd880:   0f b6 10 0f b6 48 01 89 f8 d1 e9 d1 ea c1 f8 04
0x00007f3503ffd890:   48 83 7c 24 20 00 0f 84 94 00 00 00 c1 e0 07 48 

Register to memory mapping:

RAX=0x00007f351c36a9fc is an unknown value
RBX=0x00007f34a9f91680 is pointing into the stack for thread: 0x00007f34a0081000
RCX=0x000000000001779f is an unknown value
RDX=0x0000000000012c00 is an unknown value
RSP=0x00007f34d8fe3e98 is an unknown value
RBP=0x0000000000f01512 is an unknown value
RSI=0x00000000000000f1 is an unknown value
RDI=0x00000000000000f9 is an unknown value
R8 =0x000000000e4d4aba is an unknown value
R9 =0x00007f34d8fea660 is an unknown value
R10=0x00000000006c9c13 is an unknown value
R11=0x00007f34d8ffdf20 is an unknown value
R12=0x0000000000000055 is an unknown value
R13=0x0000000000002f26 is an unknown value
R14=0x00007f34a9f869d0 is pointing into the stack for thread: 0x00007f34a0081000
R15=0x000000000002c766 is an unknown value


Stack: [0x00007f34d87e4000,0x00007f34d8fe5000],  sp=0x00007f34d8fe3e98,  free space=8191k
Native frames: (J=compiled Java code, j=interpreted, Vv=VM code, C=native code)
C  [libarcsoft_fsdk_face_recognition.so+0x2e880]


---------------  P R O C E S S  ---------------

VM state:not at safepoint (normal execution)

VM Mutex/Monitor currently owned by a thread: None

Heap:
 PSYoungGen      total 67584K, used 56048K [0x00000000d7600000, 0x00000000dfd00000, 0x0000000100000000)
  eden space 62464K, 81% used [0x00000000d7600000,0x00000000da7c0648,0x00000000db300000)
  from space 5120K, 99% used [0x00000000db300000,0x00000000db7fbbd0,0x00000000db800000)
  to   space 6656K, 0% used [0x00000000df680000,0x00000000df680000,0x00000000dfd00000)
 ParOldGen       total 83456K, used 1112K [0x0000000086200000, 0x000000008b380000, 0x00000000d7600000)
  object space 83456K, 1% used [0x0000000086200000,0x0000000086316330,0x000000008b380000)
 Metaspace       used 9636K, capacity 9818K, committed 10112K, reserved 1058816K
  class space    used 1025K, capacity 1093K, committed 1152K, reserved 1048576K

Card table byte_map: [0x00007f3554870000,0x00007f3554c40000] byte_map_base: 0x00007f355443f000

Marking Bits: (ParMarkBitMap*) 0x00007f356a5bc1a0
 Begin Bits: [0x00007f35504f2000, 0x00007f355236a000)
 End Bits:   [0x00007f355236a000, 0x00007f35541e2000)

Polling page: 0x00007f356b20c000

CodeCache: size=245760Kb used=3740Kb max_used=3741Kb free=242020Kb
 bounds [0x00007f3555000000, 0x00007f35553b0000, 0x00007f3564000000]
 total_blobs=1337 nmethods=940 adapters=311
 compilation: enabled

Compilation events (10 events):
Event: 23.111 Thread 0x00007f3564265000 nmethod 937 0x00007f35553a2c10 code [0x00007f35553a2d60, 0x00007f35553a2e70]
Event: 23.115 Thread 0x00007f3564262000 nmethod 934 0x00007f35553a8350 code [0x00007f35553a84c0, 0x00007f35553a87f8]
Event: 23.204 Thread 0x00007f3564265000  938   !   3       java.nio.charset.CharsetEncoder::encode (285 bytes)
Event: 23.205 Thread 0x00007f3564260800  939       4       java.util.LinkedHashMap$LinkedHashIterator::hasNext (13 bytes)
Event: 23.205 Thread 0x00007f3564260800 nmethod 939 0x00007f35553a5410 code [0x00007f35553a5560, 0x00007f35553a55d8]
Event: 23.206 Thread 0x00007f3564265000 nmethod 938 0x00007f35553a6210 code [0x00007f35553a64e0, 0x00007f35553a7ab8]
Event: 23.888 Thread 0x00007f3564265000  940       1       java.util.concurrent.locks.AbstractOwnableSynchronizer::getExclusiveOwnerThread (5 bytes)
Event: 23.888 Thread 0x00007f3564265000 nmethod 940 0x00007f35553a2950 code [0x00007f35553a2aa0, 0x00007f35553a2bb0]
Event: 23.940 Thread 0x00007f3564265000  941       1       java.util.Formatter::access$000 (5 bytes)
Event: 23.940 Thread 0x00007f3564265000 nmethod 941 0x00007f35553a5f50 code [0x00007f35553a60a0, 0x00007f35553a6190]

GC Heap History (10 events):
Event: 1.054 GC heap before
{Heap before GC invocations=1 (full 0):
 PSYoungGen      total 36352K, used 31153K [0x00000000d7600000, 0x00000000d9e80000, 0x0000000100000000)
  eden space 31232K, 99% used [0x00000000d7600000,0x00000000d946c6f8,0x00000000d9480000)
  from space 5120K, 0% used [0x00000000d9980000,0x00000000d9980000,0x00000000d9e80000)
  to   space 5120K, 0% used [0x00000000d9480000,0x00000000d9480000,0x00000000d9980000)
 ParOldGen       total 83456K, used 0K [0x0000000086200000, 0x000000008b380000, 0x00000000d7600000)
  object space 83456K, 0% used [0x0000000086200000,0x0000000086200000,0x000000008b380000)
 Metaspace       used 8948K, capacity 9102K, committed 9344K, reserved 1056768K
  class space    used 968K, capacity 1027K, committed 1152K, reserved 1048576K
Event: 1.062 GC heap after
Heap after GC invocations=1 (full 0):
 PSYoungGen      total 36352K, used 5095K [0x00000000d7600000, 0x00000000d9e80000, 0x0000000100000000)
  eden space 31232K, 0% used [0x00000000d7600000,0x00000000d7600000,0x00000000d9480000)
  from space 5120K, 99% used [0x00000000d9480000,0x00000000d9979df8,0x00000000d9980000)
  to   space 5120K, 0% used [0x00000000d9980000,0x00000000d9980000,0x00000000d9e80000)
 ParOldGen       total 83456K, used 1040K [0x0000000086200000, 0x000000008b380000, 0x00000000d7600000)
  object space 83456K, 1% used [0x0000000086200000,0x0000000086304330,0x000000008b380000)
 Metaspace       used 8948K, capacity 9102K, committed 9344K, reserved 1056768K
  class space    used 968K, capacity 1027K, committed 1152K, reserved 1048576K
}
Event: 1.215 GC heap before
{Heap before GC invocations=2 (full 0):
 PSYoungGen      total 36352K, used 36327K [0x00000000d7600000, 0x00000000d9e80000, 0x0000000100000000)
  eden space 31232K, 100% used [0x00000000d7600000,0x00000000d9480000,0x00000000d9480000)
  from space 5120K, 99% used [0x00000000d9480000,0x00000000d9979df8,0x00000000d9980000)
  to   space 5120K, 0% used [0x00000000d9980000,0x00000000d9980000,0x00000000d9e80000)
 ParOldGen       total 83456K, used 1040K [0x0000000086200000, 0x000000008b380000, 0x00000000d7600000)
  object space 83456K, 1% used [0x0000000086200000,0x0000000086304330,0x000000008b380000)
 Metaspace       used 9037K, capacity 9166K, committed 9344K, reserved 1056768K
  class space    used 980K, capacity 1027K, committed 1152K, reserved 1048576K
Event: 1.238 GC heap after
Heap after GC invocations=2 (full 0):
 PSYoungGen      total 36352K, used 3402K [0x00000000d7600000, 0x00000000dbd00000, 0x0000000100000000)
  eden space 31232K, 0% used [0x00000000d7600000,0x00000000d7600000,0x00000000d9480000)
  from space 5120K, 66% used [0x00000000d9980000,0x00000000d9cd2a00,0x00000000d9e80000)
  to   space 5120K, 0% used [0x00000000d9480000,0x00000000d9480000,0x00000000d9980000)
 ParOldGen       total 83456K, used 1048K [0x0000000086200000, 0x000000008b380000, 0x00000000d7600000)
  object space 83456K, 1% used [0x0000000086200000,0x0000000086306330,0x000000008b380000)
 Metaspace       used 9037K, capacity 9166K, committed 9344K, reserved 1056768K
  class space    used 980K, capacity 1027K, committed 1152K, reserved 1048576K
}
Event: 1.380 GC heap before
{Heap before GC invocations=3 (full 0):
 PSYoungGen      total 36352K, used 34576K [0x00000000d7600000, 0x00000000dbd00000, 0x0000000100000000)
  eden space 31232K, 99% used [0x00000000d7600000,0x00000000d9471718,0x00000000d9480000)
  from space 5120K, 66% used [0x00000000d9980000,0x00000000d9cd2a00,0x00000000d9e80000)
  to   space 5120K, 0% used [0x00000000d9480000,0x00000000d9480000,0x00000000d9980000)
 ParOldGen       total 83456K, used 1048K [0x0000000086200000, 0x000000008b380000, 0x00000000d7600000)
  object space 83456K, 1% used [0x0000000086200000,0x0000000086306330,0x000000008b380000)
 Metaspace       used 9128K, capacity 9294K, committed 9600K, reserved 1058816K
  class space    used 980K, capacity 1027K, committed 1152K, reserved 1048576K
Event: 1.388 GC heap after
Heap after GC invocations=3 (full 0):
 PSYoungGen      total 36352K, used 5054K [0x00000000d7600000, 0x00000000dbd00000, 0x0000000100000000)
  eden space 31232K, 0% used [0x00000000d7600000,0x00000000d7600000,0x00000000d9480000)
  from space 5120K, 98% used [0x00000000d9480000,0x00000000d996fbe0,0x00000000d9980000)
  to   space 5120K, 0% used [0x00000000db800000,0x00000000db800000,0x00000000dbd00000)
 ParOldGen       total 83456K, used 1048K [0x0000000086200000, 0x000000008b380000, 0x00000000d7600000)
  object space 83456K, 1% used [0x0000000086200000,0x0000000086306330,0x000000008b380000)
 Metaspace       used 9128K, capacity 9294K, committed 9600K, reserved 1058816K
  class space    used 980K, capacity 1027K, committed 1152K, reserved 1048576K
}
Event: 1.518 GC heap before
{Heap before GC invocations=4 (full 0):
 PSYoungGen      total 36352K, used 36265K [0x00000000d7600000, 0x00000000dbd00000, 0x0000000100000000)
  eden space 31232K, 99% used [0x00000000d7600000,0x00000000d947ab38,0x00000000d9480000)
  from space 5120K, 98% used [0x00000000d9480000,0x00000000d996fbe0,0x00000000d9980000)
  to   space 5120K, 0% used [0x00000000db800000,0x00000000db800000,0x00000000dbd00000)
 ParOldGen       total 83456K, used 1048K [0x0000000086200000, 0x000000008b380000, 0x00000000d7600000)
  object space 83456K, 1% used [0x0000000086200000,0x0000000086306330,0x000000008b380000)
 Metaspace       used 9156K, capacity 9294K, committed 9600K, reserved 1058816K
  class space    used 980K, capacity 1027K, committed 1152K, reserved 1048576K
Event: 1.537 GC heap after
Heap after GC invocations=4 (full 0):
 PSYoungGen      total 67584K, used 4214K [0x00000000d7600000, 0x00000000dbd00000, 0x0000000100000000)
  eden space 62464K, 0% used [0x00000000d7600000,0x00000000d7600000,0x00000000db300000)
  from space 5120K, 82% used [0x00000000db800000,0x00000000dbc1dad8,0x00000000dbd00000)
  to   space 5120K, 0% used [0x00000000db300000,0x00000000db300000,0x00000000db800000)
 ParOldGen       total 83456K, used 1056K [0x0000000086200000, 0x000000008b380000, 0x00000000d7600000)
  object space 83456K, 1% used [0x0000000086200000,0x0000000086308330,0x000000008b380000)
 Metaspace       used 9156K, capacity 9294K, committed 9600K, reserved 1058816K
  class space    used 980K, capacity 1027K, committed 1152K, reserved 1048576K
}
Event: 1.738 GC heap before
{Heap before GC invocations=5 (full 0):
 PSYoungGen      total 67584K, used 66678K [0x00000000d7600000, 0x00000000dbd00000, 0x0000000100000000)
  eden space 62464K, 100% used [0x00000000d7600000,0x00000000db300000,0x00000000db300000)
  from space 5120K, 82% used [0x00000000db800000,0x00000000dbc1dad8,0x00000000dbd00000)
  to   space 5120K, 0% used [0x00000000db300000,0x00000000db300000,0x00000000db800000)
 ParOldGen       total 83456K, used 1056K [0x0000000086200000, 0x000000008b380000, 0x00000000d7600000)
  object space 83456K, 1% used [0x0000000086200000,0x0000000086308330,0x000000008b380000)
 Metaspace       used 9215K, capacity 9364K, committed 9600K, reserved 1058816K
  class space    used 981K, capacity 1028K, committed 1152K, reserved 1048576K
Event: 1.744 GC heap after
Heap after GC invocations=5 (full 0):
 PSYoungGen      total 67584K, used 5102K [0x00000000d7600000, 0x00000000dfd00000, 0x0000000100000000)
  eden space 62464K, 0% used [0x00000000d7600000,0x00000000d7600000,0x00000000db300000)
  from space 5120K, 99% used [0x00000000db300000,0x00000000db7fbbd0,0x00000000db800000)
  to   space 6656K, 0% used [0x00000000df680000,0x00000000df680000,0x00000000dfd00000)
 ParOldGen       total 83456K, used 1112K [0x0000000086200000, 0x000000008b380000, 0x00000000d7600000)
  object space 83456K, 1% used [0x0000000086200000,0x0000000086316330,0x000000008b380000)
 Metaspace       used 9215K, capacity 9364K, committed 9600K, reserved 1058816K
  class space    used 981K, capacity 1028K, committed 1152K, reserved 1048576K
}

Deoptimization events (2 events):
Event: 0.969 Thread 0x00007f356400c000 Uncommon trap: reason=unstable_if action=reinterpret pc=0x00007f355521b15c method=java.lang.String.replace(CC)Ljava/lang/String; @ 26
Event: 5.259 Thread 0x00007f35642aa000 Uncommon trap: reason=unstable_if action=reinterpret pc=0x00007f355521fa4c method=java.util.zip.ZipCoder.getBytes(Ljava/lang/String;)[B @ 32

Classes redefined (0 events):
No events

Internal exceptions (8 events):
Event: 0.058 Thread 0x00007f356400c000 Exception <a 'java/lang/NoSuchMethodError': Method sun.misc.Unsafe.defineClass(Ljava/lang/String;[BII)Ljava/lang/Class; name or signature does not match> (0x00000000d7607ca8) thrown at [/HUDSON/workspace/8-2-build-linux-amd64/jdk8u152/9742/hotspot/src/sha
Event: 0.058 Thread 0x00007f356400c000 Exception <a 'java/lang/NoSuchMethodError': Method sun.misc.Unsafe.prefetchRead(Ljava/lang/Object;J)V name or signature does not match> (0x00000000d7607f90) thrown at [/HUDSON/workspace/8-2-build-linux-amd64/jdk8u152/9742/hotspot/src/share/vm/prims/jni.cp
Event: 0.258 Thread 0x00007f35642aa000 Exception <a 'java/security/PrivilegedActionException'> (0x00000000d79af5e0) thrown at [/HUDSON/workspace/8-2-build-linux-amd64/jdk8u152/9742/hotspot/src/share/vm/prims/jvm.cpp, line 1390]
Event: 0.258 Thread 0x00007f35642aa000 Exception <a 'java/security/PrivilegedActionException'> (0x00000000d79af7f0) thrown at [/HUDSON/workspace/8-2-build-linux-amd64/jdk8u152/9742/hotspot/src/share/vm/prims/jvm.cpp, line 1390]
Event: 0.258 Thread 0x00007f35642aa000 Exception <a 'java/security/PrivilegedActionException'> (0x00000000d79b1b18) thrown at [/HUDSON/workspace/8-2-build-linux-amd64/jdk8u152/9742/hotspot/src/share/vm/prims/jvm.cpp, line 1390]
Event: 0.258 Thread 0x00007f35642aa000 Exception <a 'java/security/PrivilegedActionException'> (0x00000000d79b1d28) thrown at [/HUDSON/workspace/8-2-build-linux-amd64/jdk8u152/9742/hotspot/src/share/vm/prims/jvm.cpp, line 1390]
Event: 0.923 Thread 0x00007f356400c000 Exception <a 'java/lang/NoSuchFieldError': method resolution failed> (0x00000000d8afe890) thrown at [/HUDSON/workspace/8-2-build-linux-amd64/jdk8u152/9742/hotspot/src/share/vm/prims/methodHandles.cpp, line 1167]
Event: 0.925 Thread 0x00007f356400c000 Exception <a 'java/lang/NoSuchFieldError': method resolution failed> (0x00000000d8b0c820) thrown at [/HUDSON/workspace/8-2-build-linux-amd64/jdk8u152/9742/hotspot/src/share/vm/prims/methodHandles.cpp, line 1167]

Events (10 events):
Event: 22.384 Thread 0x00007f34f4025800 Thread exited: 0x00007f34f4025800
Event: 23.057 Thread 0x00007f34a007f800 Thread added: 0x00007f34a007f800
Event: 23.211 Thread 0x00007f3508073800 Thread added: 0x00007f3508073800
Event: 23.212 Executing VM operation: RevokeBias
Event: 23.212 Executing VM operation: RevokeBias done
Event: 23.212 Thread 0x00007f3508073800 Thread exited: 0x00007f3508073800
Event: 23.437 Thread 0x00007f34a4078800 Thread added: 0x00007f34a4078800
Event: 23.437 Executing VM operation: RevokeBias
Event: 23.438 Executing VM operation: RevokeBias done
Event: 23.888 Thread 0x00007f34a0081000 Thread added: 0x00007f34a0081000


Dynamic libraries:
00400000-00401000 r-xp 00000000 08:17 3810873                            /usr/local/jdk1.8.0_152/bin/java
00600000-00601000 rw-p 00000000 08:17 3810873                            /usr/local/jdk1.8.0_152/bin/java
00ceb000-00d0c000 rw-p 00000000 00:00 0                                  [heap]
86200000-8b380000 rw-p 00000000 00:00 0 
8b380000-d7600000 ---p 00000000 00:00 0 
d7600000-dfd00000 rw-p 00000000 00:00 0 
dfd00000-100000000 ---p 00000000 00:00 0 
100000000-100120000 rw-p 00000000 00:00 0 
100120000-140000000 ---p 00000000 00:00 0 
7f3474000000-7f34741a9000 rw-p 00000000 00:00 0 
7f34741a9000-7f3478000000 ---p 00000000 00:00 0 
7f347c000000-7f347c1a8000 rw-p 00000000 00:00 0 
7f347c1a8000-7f3480000000 ---p 00000000 00:00 0 
7f3480000000-7f3480132000 rw-p 00000000 00:00 0 
7f3480132000-7f3484000000 ---p 00000000 00:00 0 
7f3484000000-7f3484021000 rw-p 00000000 00:00 0 
7f3484021000-7f3488000000 ---p 00000000 00:00 0 
7f3488000000-7f3488021000 rw-p 00000000 00:00 0 
7f3488021000-7f348c000000 ---p 00000000 00:00 0 
7f348c000000-7f348c021000 rw-p 00000000 00:00 0 
7f348c021000-7f3490000000 ---p 00000000 00:00 0 
7f3490000000-7f3490132000 rw-p 00000000 00:00 0 
7f3490132000-7f3494000000 ---p 00000000 00:00 0 
7f3494000000-7f3494021000 rw-p 00000000 00:00 0 
7f3494021000-7f3498000000 ---p 00000000 00:00 0 
7f3498000000-7f3498132000 rw-p 00000000 00:00 0 
7f3498132000-7f349c000000 ---p 00000000 00:00 0 
7f349c000000-7f349c021000 rw-p 00000000 00:00 0 
7f349c021000-7f34a0000000 ---p 00000000 00:00 0 
7f34a0000000-7f34a013d000 rw-p 00000000 00:00 0 
7f34a013d000-7f34a4000000 ---p 00000000 00:00 0 
7f34a4000000-7f34a4139000 rw-p 00000000 00:00 0 
7f34a4139000-7f34a8000000 ---p 00000000 00:00 0 
7f34a9e93000-7f34a9e96000 ---p 00000000 00:00 0 
7f34a9e96000-7f34a9f94000 rw-p 00000000 00:00 0 
7f34a9f94000-7f34a9f97000 ---p 00000000 00:00 0 
7f34a9f97000-7f34aa095000 rw-p 00000000 00:00 0 
7f34aa095000-7f34aa098000 ---p 00000000 00:00 0 
7f34aa098000-7f34aa196000 rw-p 00000000 00:00 0 
7f34aa196000-7f34aa199000 ---p 00000000 00:00 0 
7f34aa199000-7f34aa297000 rw-p 00000000 00:00 0 
7f34aa297000-7f34aa29a000 ---p 00000000 00:00 0 
7f34aa29a000-7f34aa398000 rw-p 00000000 00:00 0 
7f34aa398000-7f34aa39b000 ---p 00000000 00:00 0 
7f34aa39b000-7f34aa499000 rw-p 00000000 00:00 0 
7f34aa499000-7f34aa49c000 ---p 00000000 00:00 0 
7f34aa49c000-7f34aa59a000 rw-p 00000000 00:00 0 
7f34aa59a000-7f34aa59d000 ---p 00000000 00:00 0 
7f34aa59d000-7f34aa69b000 rw-p 00000000 00:00 0 
7f34aa69b000-7f34aa69e000 ---p 00000000 00:00 0 
7f34aa69e000-7f34aa79c000 rw-p 00000000 00:00 0 
7f34aa79c000-7f34aa79f000 ---p 00000000 00:00 0 
7f34aa79f000-7f34aa89d000 rw-p 00000000 00:00 0 
7f34aa89d000-7f34aa8a0000 ---p 00000000 00:00 0 
7f34aa8a0000-7f34aa99e000 rw-p 00000000 00:00 0 
7f34aa99e000-7f34aa9a1000 ---p 00000000 00:00 0 
7f34aa9a1000-7f34aaa9f000 rw-p 00000000 00:00 0 
7f34aaa9f000-7f34aaaa2000 ---p 00000000 00:00 0 
7f34aaaa2000-7f34abfa1000 rw-p 00000000 00:00 0 
7f34abfa1000-7f34abfa2000 ---p 00000000 00:00 0 
7f34abfa2000-7f34ac7a2000 rw-p 00000000 00:00 0 
7f34ac7a2000-7f34ac7a3000 ---p 00000000 00:00 0 
7f34ac7a3000-7f34acfa3000 rw-p 00000000 00:00 0 
7f34acfa3000-7f34acfa4000 ---p 00000000 00:00 0 
7f34acfa4000-7f34ad7a4000 rw-p 00000000 00:00 0 
7f34ad7a4000-7f34ad7a5000 ---p 00000000 00:00 0 
7f34ad7a5000-7f34adfa5000 rw-p 00000000 00:00 0 
7f34adfa5000-7f34adfa6000 ---p 00000000 00:00 0 
7f34adfa6000-7f34ae7a6000 rw-p 00000000 00:00 0 
7f34ae7a6000-7f34ae7a7000 ---p 00000000 00:00 0 
7f34ae7a7000-7f34aefa7000 rw-p 00000000 00:00 0 
7f34aefa7000-7f34aefa8000 ---p 00000000 00:00 0 
7f34aefa8000-7f34af7a8000 rw-p 00000000 00:00 0 
7f34af7a8000-7f34af7a9000 ---p 00000000 00:00 0 
7f34af7a9000-7f34affa9000 rw-p 00000000 00:00 0 
7f34affa9000-7f34affaa000 ---p 00000000 00:00 0 
7f34affaa000-7f34b07aa000 rw-p 00000000 00:00 0 
7f34b07aa000-7f34b07ab000 ---p 00000000 00:00 0 
7f34b07ab000-7f34b0fab000 rw-p 00000000 00:00 0 
7f34b0fab000-7f34b0fac000 ---p 00000000 00:00 0 
7f34b0fac000-7f34b17ac000 rw-p 00000000 00:00 0 
7f34b17ac000-7f34b17ad000 ---p 00000000 00:00 0 
7f34b17ad000-7f34b5baf000 rw-p 00000000 00:00 0 
7f34b5baf000-7f34b5bb0000 ---p 00000000 00:00 0 
7f34b5bb0000-7f34b63b0000 rw-p 00000000 00:00 0 
7f34b63b0000-7f34b63b1000 ---p 00000000 00:00 0 
7f34b63b1000-7f34b6bb1000 rw-p 00000000 00:00 0 
7f34b6bb1000-7f34b6bb2000 ---p 00000000 00:00 0 
7f34b6bb2000-7f34b73b2000 rw-p 00000000 00:00 0 
7f34b73b2000-7f34b73b3000 ---p 00000000 00:00 0 
7f34b73b3000-7f34b7bb3000 rw-p 00000000 00:00 0 
7f34b7bb3000-7f34b7bb4000 ---p 00000000 00:00 0 
7f34b7bb4000-7f34b83b4000 rw-p 00000000 00:00 0 
7f34b83b4000-7f34b83b5000 ---p 00000000 00:00 0 
7f34b83b5000-7f34b8bb5000 rw-p 00000000 00:00 0 
7f34b8bb5000-7f34b8bb6000 ---p 00000000 00:00 0 
7f34b8bb6000-7f34b93b6000 rw-p 00000000 00:00 0 
7f34b93b6000-7f34b93b7000 ---p 00000000 00:00 0 
7f34b93b7000-7f34b9bb7000 rw-p 00000000 00:00 0 
7f34b9bb7000-7f34b9bb8000 ---p 00000000 00:00 0 
7f34b9bb8000-7f34ba3b8000 rw-p 00000000 00:00 0 
7f34ba3b8000-7f34ba3b9000 ---p 00000000 00:00 0 
7f34ba3b9000-7f34babb9000 rw-p 00000000 00:00 0 
7f34babb9000-7f34babba000 ---p 00000000 00:00 0 
7f34babba000-7f34bb3ba000 rw-p 00000000 00:00 0 
7f34bb3ba000-7f34bb3bb000 ---p 00000000 00:00 0 
7f34bb3bb000-7f34bf7bd000 rw-p 00000000 00:00 0 
7f34bf7bd000-7f34bf7be000 ---p 00000000 00:00 0 
7f34bf7be000-7f34bffbe000 rw-p 00000000 00:00 0 
7f34bffbe000-7f34bffbf000 ---p 00000000 00:00 0 
7f34bffbf000-7f34c07bf000 rw-p 00000000 00:00 0 
7f34c07bf000-7f34c07c0000 ---p 00000000 00:00 0 
7f34c07c0000-7f34c0fc0000 rw-p 00000000 00:00 0 
7f34c0fc0000-7f34c0fc1000 ---p 00000000 00:00 0 
7f34c0fc1000-7f34c17c1000 rw-p 00000000 00:00 0 
7f34c17c1000-7f34c17c2000 ---p 00000000 00:00 0 
7f34c17c2000-7f34c1fc2000 rw-p 00000000 00:00 0 
7f34c1fc2000-7f34c1fc3000 ---p 00000000 00:00 0 
7f34c1fc3000-7f34c27c3000 rw-p 00000000 00:00 0 
7f34c27c3000-7f34c27c4000 ---p 00000000 00:00 0 
7f34c27c4000-7f34c2fc4000 rw-p 00000000 00:00 0 
7f34c2fc4000-7f34c2fc5000 ---p 00000000 00:00 0 
7f34c2fc5000-7f34c37c5000 rw-p 00000000 00:00 0 
7f34c37c5000-7f34c37c6000 ---p 00000000 00:00 0 
7f34c37c6000-7f34c3fc6000 rw-p 00000000 00:00 0 
7f34c3fc6000-7f34c3fc7000 ---p 00000000 00:00 0 
7f34c3fc7000-7f34c47c7000 rw-p 00000000 00:00 0 
7f34c47c7000-7f34c47c8000 ---p 00000000 00:00 0 
7f34c47c8000-7f34c4fc8000 rw-p 00000000 00:00 0 
7f34c4fc8000-7f34c4fc9000 ---p 00000000 00:00 0 
7f34c4fc9000-7f34c93cb000 rw-p 00000000 00:00 0 
7f34c93cb000-7f34c93cc000 ---p 00000000 00:00 0 
7f34c93cc000-7f34c9bcc000 rw-p 00000000 00:00 0 
7f34c9bcc000-7f34c9bcd000 ---p 00000000 00:00 0 
7f34c9bcd000-7f34ca3cd000 rw-p 00000000 00:00 0 
7f34ca3cd000-7f34ca3ce000 ---p 00000000 00:00 0 
7f34ca3ce000-7f34cabce000 rw-p 00000000 00:00 0 
7f34cabce000-7f34cabcf000 ---p 00000000 00:00 0 
7f34cabcf000-7f34cb3cf000 rw-p 00000000 00:00 0 
7f34cb3cf000-7f34cb3d0000 ---p 00000000 00:00 0 
7f34cb3d0000-7f34cbbd0000 rw-p 00000000 00:00 0 
7f34cbbd0000-7f34cbbd1000 ---p 00000000 00:00 0 
7f34cbbd1000-7f34cc3d1000 rw-p 00000000 00:00 0 
7f34cc3d1000-7f34cc3d2000 ---p 00000000 00:00 0 
7f34cc3d2000-7f34ccbd2000 rw-p 00000000 00:00 0 
7f34ccbd2000-7f34ccbd3000 ---p 00000000 00:00 0 
7f34ccbd3000-7f34cd3d3000 rw-p 00000000 00:00 0 
7f34cd3d3000-7f34cd3d4000 ---p 00000000 00:00 0 
7f34cd3d4000-7f34cdbd4000 rw-p 00000000 00:00 0 
7f34cdbd4000-7f34cdbd5000 ---p 00000000 00:00 0 
7f34cdbd5000-7f34ce3d5000 rw-p 00000000 00:00 0 
7f34ce3d5000-7f34ce3d6000 ---p 00000000 00:00 0 
7f34ce3d6000-7f34cebd6000 rw-p 00000000 00:00 0 
7f34cebd6000-7f34cebd7000 ---p 00000000 00:00 0 
7f34cebd7000-7f34d2fd9000 rw-p 00000000 00:00 0 
7f34d2fd9000-7f34d2fda000 ---p 00000000 00:00 0 
7f34d2fda000-7f34d37da000 rw-p 00000000 00:00 0 
7f34d37da000-7f34d37db000 ---p 00000000 00:00 0 
7f34d37db000-7f34d3fdb000 rw-p 00000000 00:00 0 
7f34d3fdb000-7f34d3fdc000 ---p 00000000 00:00 0 
7f34d3fdc000-7f34d47dc000 rw-p 00000000 00:00 0 
7f34d47dc000-7f34d47dd000 ---p 00000000 00:00 0 
7f34d47dd000-7f34d4fdd000 rw-p 00000000 00:00 0 
7f34d4fdd000-7f34d4fde000 ---p 00000000 00:00 0 
7f34d4fde000-7f34d57de000 rw-p 00000000 00:00 0 
7f34d57de000-7f34d57df000 ---p 00000000 00:00 0 
7f34d57df000-7f34d5fdf000 rw-p 00000000 00:00 0 
7f34d5fdf000-7f34d5fe0000 ---p 00000000 00:00 0 
7f34d5fe0000-7f34d67e0000 rw-p 00000000 00:00 0 
7f34d67e0000-7f34d67e1000 ---p 00000000 00:00 0 
7f34d67e1000-7f34d6fe1000 rw-p 00000000 00:00 0 
7f34d6fe1000-7f34d6fe2000 ---p 00000000 00:00 0 
7f34d6fe2000-7f34d77e2000 rw-p 00000000 00:00 0 
7f34d77e2000-7f34d77e3000 ---p 00000000 00:00 0 
7f34d77e3000-7f34d7fe3000 rw-p 00000000 00:00 0 
7f34d7fe3000-7f34d7fe4000 ---p 00000000 00:00 0 
7f34d7fe4000-7f34d87e4000 rw-p 00000000 00:00 0 
7f34d87e4000-7f34d87e5000 ---p 00000000 00:00 0 
7f34d87e5000-7f34dcbe7000 rw-p 00000000 00:00 0 
7f34dcbe7000-7f34dcbe8000 ---p 00000000 00:00 0 
7f34dcbe8000-7f34dd3e8000 rw-p 00000000 00:00 0 
7f34dd3e8000-7f34dd3e9000 ---p 00000000 00:00 0 
7f34dd3e9000-7f34ddbe9000 rw-p 00000000 00:00 0 
7f34ddbe9000-7f34ddbea000 ---p 00000000 00:00 0 
7f34ddbea000-7f34de3ea000 rw-p 00000000 00:00 0 
7f34de3ea000-7f34de3eb000 ---p 00000000 00:00 0 
7f34de3eb000-7f34debeb000 rw-p 00000000 00:00 0 
7f34debeb000-7f34debec000 ---p 00000000 00:00 0 
7f34debec000-7f34df3ec000 rw-p 00000000 00:00 0 
7f34df3ec000-7f34df3ed000 ---p 00000000 00:00 0 
7f34df3ed000-7f34dfbed000 rw-p 00000000 00:00 0 
7f34dfbed000-7f34dfbee000 ---p 00000000 00:00 0 
7f34dfbee000-7f34e03ee000 rw-p 00000000 00:00 0 
7f34e03ee000-7f34e03ef000 ---p 00000000 00:00 0 
7f34e03ef000-7f34e0bef000 rw-p 00000000 00:00 0 
7f34e0bef000-7f34e0bf0000 ---p 00000000 00:00 0 
7f34e0bf0000-7f34e13f0000 rw-p 00000000 00:00 0 
7f34e13f0000-7f34e13f1000 ---p 00000000 00:00 0 
7f34e13f1000-7f34e1bf1000 rw-p 00000000 00:00 0 
7f34e1bf1000-7f34e1bf2000 ---p 00000000 00:00 0 
7f34e1bf2000-7f34e23f2000 rw-p 00000000 00:00 0 
7f34e23f2000-7f34e23f3000 ---p 00000000 00:00 0 
7f34e23f3000-7f34e67f5000 rw-p 00000000 00:00 0 
7f34e67f5000-7f34e67f6000 ---p 00000000 00:00 0 
7f34e67f6000-7f34e6ff6000 rw-p 00000000 00:00 0 
7f34e6ff6000-7f34e6ff7000 ---p 00000000 00:00 0 
7f34e6ff7000-7f34e77f7000 rw-p 00000000 00:00 0 
7f34e77f7000-7f34e77f8000 ---p 00000000 00:00 0 
7f34e77f8000-7f34e7ff8000 rw-p 00000000 00:00 0 
7f34e7ff8000-7f34e7ff9000 ---p 00000000 00:00 0 
7f34e7ff9000-7f34e87f9000 rw-p 00000000 00:00 0 
7f34e87f9000-7f34e87fa000 ---p 00000000 00:00 0 
7f34e87fa000-7f34e8ffa000 rw-p 00000000 00:00 0 
7f34e8ffa000-7f34e8ffb000 ---p 00000000 00:00 0 
7f34e8ffb000-7f34e97fb000 rw-p 00000000 00:00 0 
7f34e97fb000-7f34e97fc000 ---p 00000000 00:00 0 
7f34e97fc000-7f34e9ffc000 rw-p 00000000 00:00 0 
7f34e9ffc000-7f34e9ffd000 ---p 00000000 00:00 0 
7f34e9ffd000-7f34ea7fd000 rw-p 00000000 00:00 0 
7f34ea7fd000-7f34ea7fe000 ---p 00000000 00:00 0 
7f34ea7fe000-7f34eaffe000 rw-p 00000000 00:00 0 
7f34eaffe000-7f34eafff000 ---p 00000000 00:00 0 
7f34eafff000-7f34eb7ff000 rw-p 00000000 00:00 0 
7f34eb7ff000-7f34eb800000 ---p 00000000 00:00 0 
7f34eb800000-7f34ec000000 rw-p 00000000 00:00 0 
7f34ec000000-7f34ec047000 rw-p 00000000 00:00 0 
7f34ec047000-7f34f0000000 ---p 00000000 00:00 0 
7f34f00f6000-7f34f00f9000 ---p 00000000 00:00 0 
7f34f00f9000-7f34f01f7000 rw-p 00000000 00:00 0 
7f34f01f7000-7f34f01fa000 ---p 00000000 00:00 0 
7f34f01fa000-7f34f02f8000 rw-p 00000000 00:00 0 
7f34f02f8000-7f34f02fb000 ---p 00000000 00:00 0 
7f34f02fb000-7f34f03f9000 rw-p 00000000 00:00 0 
7f34f03f9000-7f34f03fc000 ---p 00000000 00:00 0 
7f34f03fc000-7f34f04fa000 rw-p 00000000 00:00 0 
7f34f04fa000-7f34f04fd000 ---p 00000000 00:00 0 
7f34f04fd000-7f34f05fb000 rw-p 00000000 00:00 0 
7f34f05fb000-7f34f05fe000 ---p 00000000 00:00 0 
7f34f05fe000-7f34f06fc000 rw-p 00000000 00:00 0 
7f34f06fc000-7f34f06ff000 ---p 00000000 00:00 0 
7f34f06ff000-7f34f07fd000 rw-p 00000000 00:00 0 
7f34f07fd000-7f34f07fe000 ---p 00000000 00:00 0 
7f34f07fe000-7f34f37ff000 rw-p 00000000 00:00 0 
7f34f37ff000-7f34f3800000 ---p 00000000 00:00 0 
7f34f3800000-7f34f4000000 rw-p 00000000 00:00 0 
7f34f4000000-7f34f4178000 rw-p 00000000 00:00 0 
7f34f4178000-7f34f8000000 ---p 00000000 00:00 0 
7f34f80ee000-7f34f80f1000 ---p 00000000 00:00 0 
7f34f80f1000-7f34f81ef000 rw-p 00000000 00:00 0 
7f34f81ef000-7f34f81f2000 ---p 00000000 00:00 0 
7f34f81f2000-7f34f82f0000 rw-p 00000000 00:00 0 
7f34f82f0000-7f34f82f3000 ---p 00000000 00:00 0 
7f34f82f3000-7f34f84b1000 rw-p 00000000 00:00 0 
7f34f84b1000-7f34f85f1000 ---p 00000000 00:00 0 
7f34f85f1000-7f34f8731000 r-xp 00000000 08:17 99849                      /home/diamond/Documents/Controller/bin/linux-x86-64/libarcsoft_fsdk_face_detection.so
7f34f8731000-7f34f8931000 ---p 00140000 08:17 99849                      /home/diamond/Documents/Controller/bin/linux-x86-64/libarcsoft_fsdk_face_detection.so
7f34f8931000-7f34f8932000 r--p 00140000 08:17 99849                      /home/diamond/Documents/Controller/bin/linux-x86-64/libarcsoft_fsdk_face_detection.so
7f34f8932000-7f34f8933000 rw-p 00141000 08:17 99849                      /home/diamond/Documents/Controller/bin/linux-x86-64/libarcsoft_fsdk_face_detection.so
7f34f8933000-7f34f9d34000 rw-p 00000000 00:00 0 
7f34f9d34000-7f34f9d35000 ---p 00000000 00:00 0 
7f34f9d35000-7f34fa535000 rw-p 00000000 00:00 0 
7f34fa535000-7f34fa536000 ---p 00000000 00:00 0 
7f34fa536000-7f34fad36000 rw-p 00000000 00:00 0 
7f34fad36000-7f34fad37000 ---p 00000000 00:00 0 
7f34fad37000-7f34fb537000 rw-p 00000000 00:00 0 
7f34fb537000-7f34fb538000 ---p 00000000 00:00 0 
7f34fb538000-7f34fbd38000 rw-p 00000000 00:00 0 
7f34fbd38000-7f34fbd39000 ---p 00000000 00:00 0 
7f34fbd39000-7f34fc539000 rw-p 00000000 00:00 0 
7f34fc539000-7f34fc53a000 ---p 00000000 00:00 0 
7f34fc53a000-7f34fcd3a000 rw-p 00000000 00:00 0 
7f34fcd3a000-7f34fcd3b000 ---p 00000000 00:00 0 
7f34fcd3b000-7f34fd53b000 rw-p 00000000 00:00 0 
7f34fd53b000-7f34fd53c000 ---p 00000000 00:00 0 
7f34fd53c000-7f34fdd3c000 rw-p 00000000 00:00 0 
7f34fdd3c000-7f34fdd3d000 ---p 00000000 00:00 0 
7f34fdd3d000-7f34fe53d000 rw-p 00000000 00:00 0 
7f34fe53d000-7f34fe53e000 ---p 00000000 00:00 0 
7f34fe53e000-7f34fed3e000 rw-p 00000000 00:00 0 
7f34fed3e000-7f34fed3f000 ---p 00000000 00:00 0 
7f34fed3f000-7f34ff53f000 rw-p 00000000 00:00 0 
7f34ff53f000-7f34ff540000 ---p 00000000 00:00 0 
7f34ff540000-7f34ffd40000 rw-p 00000000 00:00 0 
7f34ffd40000-7f34ffd41000 ---p 00000000 00:00 0 
7f34ffd41000-7f3500541000 rw-p 00000000 00:00 0 
7f3500541000-7f350054a000 r-xp 00000000 08:17 266779                     /lib/x86_64-linux-gnu/libcrypt-2.23.so
7f350054a000-7f3500749000 ---p 00009000 08:17 266779                     /lib/x86_64-linux-gnu/libcrypt-2.23.so
7f3500749000-7f350074a000 r--p 00008000 08:17 266779                     /lib/x86_64-linux-gnu/libcrypt-2.23.so
7f350074a000-7f350074b000 rw-p 00009000 08:17 266779                     /lib/x86_64-linux-gnu/libcrypt-2.23.so
7f350074b000-7f3500779000 rw-p 00000000 00:00 0 
7f3500779000-7f35007c0000 r-xp 00000000 08:17 3810210                    /usr/lib/x86_64-linux-gnu/libhx509.so.5.0.0
7f35007c0000-7f35009bf000 ---p 00047000 08:17 3810210                    /usr/lib/x86_64-linux-gnu/libhx509.so.5.0.0
7f35009bf000-7f35009c1000 r--p 00046000 08:17 3810210                    /usr/lib/x86_64-linux-gnu/libhx509.so.5.0.0
7f35009c1000-7f35009c3000 rw-p 00048000 08:17 3810210                    /usr/lib/x86_64-linux-gnu/libhx509.so.5.0.0
7f35009c3000-7f35009c4000 rw-p 00000000 00:00 0 
7f35009c4000-7f35009d2000 r-xp 00000000 08:17 3810192                    /usr/lib/x86_64-linux-gnu/libheimbase.so.1.0.0
7f35009d2000-7f3500bd1000 ---p 0000e000 08:17 3810192                    /usr/lib/x86_64-linux-gnu/libheimbase.so.1.0.0
7f3500bd1000-7f3500bd2000 r--p 0000d000 08:17 3810192                    /usr/lib/x86_64-linux-gnu/libheimbase.so.1.0.0
7f3500bd2000-7f3500bd3000 rw-p 0000e000 08:17 3810192                    /usr/lib/x86_64-linux-gnu/libheimbase.so.1.0.0
7f3500bd3000-7f3500bfa000 r-xp 00000000 08:17 3810867                    /usr/lib/x86_64-linux-gnu/libwind.so.0.0.0
7f3500bfa000-7f3500dfa000 ---p 00027000 08:17 3810867                    /usr/lib/x86_64-linux-gnu/libwind.so.0.0.0
7f3500dfa000-7f3500dfb000 r--p 00027000 08:17 3810867                    /usr/lib/x86_64-linux-gnu/libwind.so.0.0.0
7f3500dfb000-7f3500dfc000 rw-p 00028000 08:17 3810867                    /usr/lib/x86_64-linux-gnu/libwind.so.0.0.0
7f3500dfc000-7f3500e03000 r-xp 00000000 08:17 3809925                    /usr/lib/x86_64-linux-gnu/libffi.so.6.0.4
7f3500e03000-7f3501002000 ---p 00007000 08:17 3809925                    /usr/lib/x86_64-linux-gnu/libffi.so.6.0.4
7f3501002000-7f3501003000 r--p 00006000 08:17 3809925                    /usr/lib/x86_64-linux-gnu/libffi.so.6.0.4
7f3501003000-7f3501004000 rw-p 00007000 08:17 3809925                    /usr/lib/x86_64-linux-gnu/libffi.so.6.0.4
7f3501004000-7f3501019000 r-xp 00000000 08:17 3810608                    /usr/lib/x86_64-linux-gnu/libroken.so.18.1.0
7f3501019000-7f3501218000 ---p 00015000 08:17 3810608                    /usr/lib/x86_64-linux-gnu/libroken.so.18.1.0
7f3501218000-7f3501219000 r--p 00014000 08:17 3810608                    /usr/lib/x86_64-linux-gnu/libroken.so.18.1.0
7f3501219000-7f350121a000 rw-p 00015000 08:17 3810608                    /usr/lib/x86_64-linux-gnu/libroken.so.18.1.0
7f350121a000-7f350124a000 r-xp 00000000 08:17 3810190                    /usr/lib/x86_64-linux-gnu/libhcrypto.so.4.1.0
7f350124a000-7f350144a000 ---p 00030000 08:17 3810190                    /usr/lib/x86_64-linux-gnu/libhcrypto.so.4.1.0
7f350144a000-7f350144b000 r--p 00030000 08:17 3810190                    /usr/lib/x86_64-linux-gnu/libhcrypto.so.4.1.0
7f350144b000-7f350144c000 rw-p 00031000 08:17 3810190                    /usr/lib/x86_64-linux-gnu/libhcrypto.so.4.1.0
7f350144c000-7f350144d000 rw-p 00000000 00:00 0 
7f350144d000-7f35014ec000 r-xp 00000000 08:17 3809627                    /usr/lib/x86_64-linux-gnu/libasn1.so.8.0.0
7f35014ec000-7f35016eb000 ---p 0009f000 08:17 3809627                    /usr/lib/x86_64-linux-gnu/libasn1.so.8.0.0
7f35016eb000-7f35016ec000 r--p 0009e000 08:17 3809627                    /usr/lib/x86_64-linux-gnu/libasn1.so.8.0.0
7f35016ec000-7f35016ef000 rw-p 0009f000 08:17 3809627                    /usr/lib/x86_64-linux-gnu/libasn1.so.8.0.0
7f35016ef000-7f3501773000 r-xp 00000000 08:17 3810297                    /usr/lib/x86_64-linux-gnu/libkrb5.so.26.0.0
7f3501773000-7f3501972000 ---p 00084000 08:17 3810297                    /usr/lib/x86_64-linux-gnu/libkrb5.so.26.0.0
7f3501972000-7f3501975000 r--p 00083000 08:17 3810297                    /usr/lib/x86_64-linux-gnu/libkrb5.so.26.0.0
7f3501975000-7f3501978000 rw-p 00086000 08:17 3810297                    /usr/lib/x86_64-linux-gnu/libkrb5.so.26.0.0
7f3501978000-7f3501979000 rw-p 00000000 00:00 0 
7f3501979000-7f3501981000 r-xp 00000000 08:17 3810194                    /usr/lib/x86_64-linux-gnu/libheimntlm.so.0.1.0
7f3501981000-7f3501b80000 ---p 00008000 08:17 3810194                    /usr/lib/x86_64-linux-gnu/libheimntlm.so.0.1.0
7f3501b80000-7f3501b81000 r--p 00007000 08:17 3810194                    /usr/lib/x86_64-linux-gnu/libheimntlm.so.0.1.0
7f3501b81000-7f3501b82000 rw-p 00008000 08:17 3810194                    /usr/lib/x86_64-linux-gnu/libheimntlm.so.0.1.0
7f3501b82000-7f3501b85000 r-xp 00000000 08:17 266830                     /lib/x86_64-linux-gnu/libkeyutils.so.1.5
7f3501b85000-7f3501d84000 ---p 00003000 08:17 266830                     /lib/x86_64-linux-gnu/libkeyutils.so.1.5
7f3501d84000-7f3501d85000 r--p 00002000 08:17 266830                     /lib/x86_64-linux-gnu/libkeyutils.so.1.5
7f3501d85000-7f3501d86000 rw-p 00003000 08:17 266830                     /lib/x86_64-linux-gnu/libkeyutils.so.1.5
7f3501d86000-7f3501d97000 r-xp 00000000 08:17 3810713                    /usr/lib/x86_64-linux-gnu/libtasn1.so.6.5.1
7f3501d97000-7f3501f97000 ---p 00011000 08:17 3810713                    /usr/lib/x86_64-linux-gnu/libtasn1.so.6.5.1
7f3501f97000-7f3501f98000 r--p 00011000 08:17 3810713                    /usr/lib/x86_64-linux-gnu/libtasn1.so.6.5.1
7f3501f98000-7f3501f99000 rw-p 00012000 08:17 3810713                    /usr/lib/x86_64-linux-gnu/libtasn1.so.6.5.1
7f3501f99000-7f3501ff2000 r-xp 00000000 08:17 3810484                    /usr/lib/x86_64-linux-gnu/libp11-kit.so.0.1.0
7f3501ff2000-7f35021f1000 ---p 00059000 08:17 3810484                    /usr/lib/x86_64-linux-gnu/libp11-kit.so.0.1.0
7f35021f1000-7f35021fb000 r--p 00058000 08:17 3810484                    /usr/lib/x86_64-linux-gnu/libp11-kit.so.0.1.0
7f35021fb000-7f35021fd000 rw-p 00062000 08:17 3810484                    /usr/lib/x86_64-linux-gnu/libp11-kit.so.0.1.0
7f35021fd000-7f350223a000 r-xp 00000000 08:17 3810113                    /usr/lib/x86_64-linux-gnu/libgssapi.so.3.0.0
7f350223a000-7f350243a000 ---p 0003d000 08:17 3810113                    /usr/lib/x86_64-linux-gnu/libgssapi.so.3.0.0
7f350243a000-7f350243b000 r--p 0003d000 08:17 3810113                    /usr/lib/x86_64-linux-gnu/libgssapi.so.3.0.0
7f350243b000-7f350243d000 rw-p 0003e000 08:17 3810113                    /usr/lib/x86_64-linux-gnu/libgssapi.so.3.0.0
7f350243d000-7f350243e000 rw-p 00000000 00:00 0 
7f350243e000-7f3502457000 r-xp 00000000 08:17 3810635                    /usr/lib/x86_64-linux-gnu/libsasl2.so.2.0.25
7f3502457000-7f3502657000 ---p 00019000 08:17 3810635                    /usr/lib/x86_64-linux-gnu/libsasl2.so.2.0.25
7f3502657000-7f3502658000 r--p 00019000 08:17 3810635                    /usr/lib/x86_64-linux-gnu/libsasl2.so.2.0.25
7f3502658000-7f3502659000 rw-p 0001a000 08:17 3810635                    /usr/lib/x86_64-linux-gnu/libsasl2.so.2.0.25
7f3502659000-7f3502670000 r-xp 00000000 08:17 266921                     /lib/x86_64-linux-gnu/libresolv-2.23.so
7f3502670000-7f3502870000 ---p 00017000 08:17 266921                     /lib/x86_64-linux-gnu/libresolv-2.23.so
7f3502870000-7f3502871000 r--p 00017000 08:17 266921                     /lib/x86_64-linux-gnu/libresolv-2.23.so
7f3502871000-7f3502872000 rw-p 00018000 08:17 266921                     /lib/x86_64-linux-gnu/libresolv-2.23.so
7f3502872000-7f3502874000 rw-p 00000000 00:00 0 
7f3502874000-7f350287e000 r-xp 00000000 08:17 3810301                    /usr/lib/x86_64-linux-gnu/libkrb5support.so.0.1
7f350287e000-7f3502a7d000 ---p 0000a000 08:17 3810301                    /usr/lib/x86_64-linux-gnu/libkrb5support.so.0.1
7f3502a7d000-7f3502a7e000 r--p 00009000 08:17 3810301                    /usr/lib/x86_64-linux-gnu/libkrb5support.so.0.1
7f3502a7e000-7f3502a7f000 rw-p 0000a000 08:17 3810301                    /usr/lib/x86_64-linux-gnu/libkrb5support.so.0.1
7f3502a7f000-7f3502a82000 r-xp 00000000 08:17 266778                     /lib/x86_64-linux-gnu/libcom_err.so.2.1
7f3502a82000-7f3502c81000 ---p 00003000 08:17 266778                     /lib/x86_64-linux-gnu/libcom_err.so.2.1
7f3502c81000-7f3502c82000 r--p 00002000 08:17 266778                     /lib/x86_64-linux-gnu/libcom_err.so.2.1
7f3502c82000-7f3502c83000 rw-p 00003000 08:17 266778                     /lib/x86_64-linux-gnu/libcom_err.so.2.1
7f3502c83000-7f3502caf000 r-xp 00000000 08:17 3810291                    /usr/lib/x86_64-linux-gnu/libk5crypto.so.3.1
7f3502caf000-7f3502eae000 ---p 0002c000 08:17 3810291                    /usr/lib/x86_64-linux-gnu/libk5crypto.so.3.1
7f3502eae000-7f3502eb0000 r--p 0002b000 08:17 3810291                    /usr/lib/x86_64-linux-gnu/libk5crypto.so.3.1
7f3502eb0000-7f3502eb1000 rw-p 0002d000 08:17 3810291                    /usr/lib/x86_64-linux-gnu/libk5crypto.so.3.1
7f3502eb1000-7f3502eb2000 rw-p 00000000 00:00 0 
7f3502eb2000-7f3502f75000 r-xp 00000000 08:17 3810299                    /usr/lib/x86_64-linux-gnu/libkrb5.so.3.3
7f3502f75000-7f3503175000 ---p 000c3000 08:17 3810299                    /usr/lib/x86_64-linux-gnu/libkrb5.so.3.3
7f3503175000-7f3503182000 r--p 000c3000 08:17 3810299                    /usr/lib/x86_64-linux-gnu/libkrb5.so.3.3
7f3503182000-7f3503184000 rw-p 000d0000 08:17 3810299                    /usr/lib/x86_64-linux-gnu/libkrb5.so.3.3
7f3503184000-7f3503203000 r-xp 00000000 08:17 3810058                    /usr/lib/x86_64-linux-gnu/libgmp.so.10.3.0
7f3503203000-7f3503402000 ---p 0007f000 08:17 3810058                    /usr/lib/x86_64-linux-gnu/libgmp.so.10.3.0
7f3503402000-7f3503403000 r--p 0007e000 08:17 3810058                    /usr/lib/x86_64-linux-gnu/libgmp.so.10.3.0
7f3503403000-7f3503404000 rw-p 0007f000 08:17 3810058                    /usr/lib/x86_64-linux-gnu/libgmp.so.10.3.0
7f3503404000-7f3503438000 r-xp 00000000 08:17 3810421                    /usr/lib/x86_64-linux-gnu/libnettle.so.6.2
7f3503438000-7f3503637000 ---p 00034000 08:17 3810421                    /usr/lib/x86_64-linux-gnu/libnettle.so.6.2
7f3503637000-7f3503639000 r--p 00033000 08:17 3810421                    /usr/lib/x86_64-linux-gnu/libnettle.so.6.2
7f3503639000-7f350363a000 rw-p 00035000 08:17 3810421                    /usr/lib/x86_64-linux-gnu/libnettle.so.6.2
7f350363a000-7f350366c000 r-xp 00000000 08:17 3810196                    /usr/lib/x86_64-linux-gnu/libhogweed.so.4.2
7f350366c000-7f350386b000 ---p 00032000 08:17 3810196                    /usr/lib/x86_64-linux-gnu/libhogweed.so.4.2
7f350386b000-7f350386c000 r--p 00031000 08:17 3810196                    /usr/lib/x86_64-linux-gnu/libhogweed.so.4.2
7f350386c000-7f350386d000 rw-p 00032000 08:17 3810196                    /usr/lib/x86_64-linux-gnu/libhogweed.so.4.2
7f350386d000-7f3503990000 r-xp 00000000 08:17 3803369                    /usr/lib/x86_64-linux-gnu/libgnutls.so.30.6.2
7f3503990000-7f3503b8f000 ---p 00123000 08:17 3803369                    /usr/lib/x86_64-linux-gnu/libgnutls.so.30.6.2
7f3503b8f000-7f3503b9a000 r--p 00122000 08:17 3803369                    /usr/lib/x86_64-linux-gnu/libgnutls.so.30.6.2
7f3503b9a000-7f3503b9c000 rw-p 0012d000 08:17 3803369                    /usr/lib/x86_64-linux-gnu/libgnutls.so.30.6.2
7f3503b9c000-7f3503b9d000 rw-p 00000000 00:00 0 
7f3503b9d000-7f3503bb3000 r-xp 00000000 08:17 266807                     /lib/x86_64-linux-gnu/libgcc_s.so.1
7f3503bb3000-7f3503db2000 ---p 00016000 08:17 266807                     /lib/x86_64-linux-gnu/libgcc_s.so.1
7f3503db2000-7f3503db3000 rw-p 00015000 08:17 266807                     /lib/x86_64-linux-gnu/libgcc_s.so.1
7f3503db3000-7f3503dce000 r-xp 00000000 08:17 3824821                    /usr/local/lib/libz.so.1.2.9
7f3503dce000-7f3503fcd000 ---p 0001b000 08:17 3824821                    /usr/local/lib/libz.so.1.2.9
7f3503fcd000-7f3503fce000 r--p 0001a000 08:17 3824821                    /usr/local/lib/libz.so.1.2.9
7f3503fce000-7f3503fcf000 rw-p 0001b000 08:17 3824821                    /usr/local/lib/libz.so.1.2.9
7f3503fcf000-7f35049d4000 r-xp 00000000 08:17 99859                      /home/diamond/Documents/Controller/bin/linux-x86-64/libarcsoft_fsdk_face_recognition.so
7f35049d4000-7f3504bd3000 ---p 00a05000 08:17 99859                      /home/diamond/Documents/Controller/bin/linux-x86-64/libarcsoft_fsdk_face_recognition.so
7f3504bd3000-7f3504bd4000 r--p 00a04000 08:17 99859                      /home/diamond/Documents/Controller/bin/linux-x86-64/libarcsoft_fsdk_face_recognition.so
7f3504bd4000-7f35057ff000 rw-p 00a05000 08:17 99859                      /home/diamond/Documents/Controller/bin/linux-x86-64/libarcsoft_fsdk_face_recognition.so
7f35057ff000-7f3508000000 rw-p 00000000 00:00 0 
7f3508000000-7f3508134000 rw-p 00000000 00:00 0 
7f3508134000-7f350c000000 ---p 00000000 00:00 0 
7f350c000000-7f350c021000 rw-p 00000000 00:00 0 
7f350c021000-7f3510000000 ---p 00000000 00:00 0 
7f3510000000-7f3510021000 rw-p 00000000 00:00 0 
7f3510021000-7f3514000000 ---p 00000000 00:00 0 
7f3514000000-7f3514021000 rw-p 00000000 00:00 0 
7f3514021000-7f3518000000 ---p 00000000 00:00 0 
7f3518000000-7f3518204000 rw-p 00000000 00:00 0 
7f3518204000-7f351c000000 ---p 00000000 00:00 0 
7f351c000000-7f351c358000 rw-p 00000000 00:00 0 
7f351c358000-7f3520000000 ---p 00000000 00:00 0 
7f3520000000-7f3520304000 rw-p 00000000 00:00 0 
7f3520304000-7f3524000000 ---p 00000000 00:00 0 
7f352408c000-7f35240d9000 r-xp 00000000 08:17 3810312                    /usr/lib/x86_64-linux-gnu/libldap_r-2.4.so.2.10.5
7f35240d9000-7f35242d8000 ---p 0004d000 08:17 3810312                    /usr/lib/x86_64-linux-gnu/libldap_r-2.4.so.2.10.5
7f35242d8000-7f35242da000 r--p 0004c000 08:17 3810312                    /usr/lib/x86_64-linux-gnu/libldap_r-2.4.so.2.10.5
7f35242da000-7f35242db000 rw-p 0004e000 08:17 3810312                    /usr/lib/x86_64-linux-gnu/libldap_r-2.4.so.2.10.5
7f35242db000-7f35242dd000 rw-p 00000000 00:00 0 
7f35242dd000-7f35242ea000 r-xp 00000000 08:17 3810307                    /usr/lib/x86_64-linux-gnu/liblber-2.4.so.2.10.5
7f35242ea000-7f35244ea000 ---p 0000d000 08:17 3810307                    /usr/lib/x86_64-linux-gnu/liblber-2.4.so.2.10.5
7f35244ea000-7f35244eb000 r--p 0000d000 08:17 3810307                    /usr/lib/x86_64-linux-gnu/liblber-2.4.so.2.10.5
7f35244eb000-7f35244ec000 rw-p 0000e000 08:17 3810307                    /usr/lib/x86_64-linux-gnu/liblber-2.4.so.2.10.5
7f35244ec000-7f3524533000 r-xp 00000000 08:17 3810115                    /usr/lib/x86_64-linux-gnu/libgssapi_krb5.so.2.2
7f3524533000-7f3524732000 ---p 00047000 08:17 3810115                    /usr/lib/x86_64-linux-gnu/libgssapi_krb5.so.2.2
7f3524732000-7f3524734000 r--p 00046000 08:17 3810115                    /usr/lib/x86_64-linux-gnu/libgssapi_krb5.so.2.2
7f3524734000-7f3524736000 rw-p 00048000 08:17 3810115                    /usr/lib/x86_64-linux-gnu/libgssapi_krb5.so.2.2
7f3524736000-7f3524950000 r-xp 00000000 08:17 266823                     /lib/x86_64-linux-gnu/libcrypto.so.1.0.0
7f3524950000-7f3524b4f000 ---p 0021a000 08:17 266823                     /lib/x86_64-linux-gnu/libcrypto.so.1.0.0
7f3524b4f000-7f3524b6b000 r--p 00219000 08:17 266823                     /lib/x86_64-linux-gnu/libcrypto.so.1.0.0
7f3524b6b000-7f3524b77000 rw-p 00235000 08:17 266823                     /lib/x86_64-linux-gnu/libcrypto.so.1.0.0
7f3524b77000-7f3524b7a000 rw-p 00000000 00:00 0 
7f3524b7a000-7f3524bd8000 r-xp 00000000 08:17 266822                     /lib/x86_64-linux-gnu/libssl.so.1.0.0
7f3524bd8000-7f3524dd8000 ---p 0005e000 08:17 266822                     /lib/x86_64-linux-gnu/libssl.so.1.0.0
7f3524dd8000-7f3524ddc000 r--p 0005e000 08:17 266822                     /lib/x86_64-linux-gnu/libssl.so.1.0.0
7f3524ddc000-7f3524de3000 rw-p 00062000 08:17 266822                     /lib/x86_64-linux-gnu/libssl.so.1.0.0
7f3524de3000-7f3524dfe000 r-xp 00000000 08:17 3810616                    /usr/lib/x86_64-linux-gnu/librtmp.so.1
7f3524dfe000-7f3524ffd000 ---p 0001b000 08:17 3810616                    /usr/lib/x86_64-linux-gnu/librtmp.so.1
7f3524ffd000-7f3524ffe000 r--p 0001a000 08:17 3810616                    /usr/lib/x86_64-linux-gnu/librtmp.so.1
7f3524ffe000-7f3524fff000 rw-p 0001b000 08:17 3810616                    /usr/lib/x86_64-linux-gnu/librtmp.so.1
7f3524fff000-7f3528000000 rw-p 00000000 00:00 0 
7f3528000000-7f3528021000 rw-p 00000000 00:00 0 
7f3528021000-7f352c000000 ---p 00000000 00:00 0 
7f352c000000-7f352c021000 rw-p 00000000 00:00 0 
7f352c021000-7f3530000000 ---p 00000000 00:00 0 
7f3530000000-7f3530021000 rw-p 00000000 00:00 0 
7f3530021000-7f3534000000 ---p 00000000 00:00 0 
7f3534000000-7f3534021000 rw-p 00000000 00:00 0 
7f3534021000-7f3538000000 ---p 00000000 00:00 0 
7f3538000000-7f3538021000 rw-p 00000000 00:00 0 
7f3538021000-7f353c000000 ---p 00000000 00:00 0 
7f353c000000-7f353c021000 rw-p 00000000 00:00 0 
7f353c021000-7f3540000000 ---p 00000000 00:00 0 
7f3540000000-7f3540021000 rw-p 00000000 00:00 0 
7f3540021000-7f3544000000 ---p 00000000 00:00 0 
7f3544000000-7f3544021000 rw-p 00000000 00:00 0 
7f3544021000-7f3548000000 ---p 00000000 00:00 0 
7f3548000000-7f3548021000 rw-p 00000000 00:00 0 
7f3548021000-7f354c000000 ---p 00000000 00:00 0 
7f354c077000-7f354c0a8000 r-xp 00000000 08:17 3803367                    /usr/lib/x86_64-linux-gnu/libidn.so.11.6.15
7f354c0a8000-7f354c2a8000 ---p 00031000 08:17 3803367                    /usr/lib/x86_64-linux-gnu/libidn.so.11.6.15
7f354c2a8000-7f354c2a9000 r--p 00031000 08:17 3803367                    /usr/lib/x86_64-linux-gnu/libidn.so.11.6.15
7f354c2a9000-7f354c2aa000 rw-p 00032000 08:17 3803367                    /usr/lib/x86_64-linux-gnu/libidn.so.11.6.15
7f354c2aa000-7f354c41c000 r-xp 00000000 08:17 3803290                    /usr/lib/x86_64-linux-gnu/libstdc++.so.6.0.21
7f354c41c000-7f354c61c000 ---p 00172000 08:17 3803290                    /usr/lib/x86_64-linux-gnu/libstdc++.so.6.0.21
7f354c61c000-7f354c626000 r--p 00172000 08:17 3803290                    /usr/lib/x86_64-linux-gnu/libstdc++.so.6.0.21
7f354c626000-7f354c628000 rw-p 0017c000 08:17 3803290                    /usr/lib/x86_64-linux-gnu/libstdc++.so.6.0.21
7f354c628000-7f354c62c000 rw-p 00000000 00:00 0 
7f354c62c000-7f354c6fb000 r-xp 00000000 08:17 3810694                    /usr/lib/x86_64-linux-gnu/libsqlite3.so.0.8.6
7f354c6fb000-7f354c8fb000 ---p 000cf000 08:17 3810694                    /usr/lib/x86_64-linux-gnu/libsqlite3.so.0.8.6
7f354c8fb000-7f354c8fe000 r--p 000cf000 08:17 3810694                    /usr/lib/x86_64-linux-gnu/libsqlite3.so.0.8.6
7f354c8fe000-7f354c900000 rw-p 000d2000 08:17 3810694                    /usr/lib/x86_64-linux-gnu/libsqlite3.so.0.8.6
7f354c900000-7f354c901000 rw-p 00000000 00:00 0 
7f354c901000-7f354c96c000 r-xp 00000000 08:17 3801208                    /usr/lib/x86_64-linux-gnu/libcurl.so.4.4.0
7f354c96c000-7f354cb6c000 ---p 0006b000 08:17 3801208                    /usr/lib/x86_64-linux-gnu/libcurl.so.4.4.0
7f354cb6c000-7f354cb6f000 r--p 0006b000 08:17 3801208                    /usr/lib/x86_64-linux-gnu/libcurl.so.4.4.0
7f354cb6f000-7f354cb70000 rw-p 0006e000 08:17 3801208                    /usr/lib/x86_64-linux-gnu/libcurl.so.4.4.0
7f354cb9c000-7f354cb9f000 ---p 00000000 00:00 0 
7f354cb9f000-7f354cbd5000 rw-p 00000000 00:00 0 
7f354cbd5000-7f354cbed000 r-xp 00000000 08:17 3538986                    /tmp/jna-1655054676/jna7155467608509285252.tmp (deleted)
7f354cbed000-7f354cdec000 ---p 00018000 08:17 3538986                    /tmp/jna-1655054676/jna7155467608509285252.tmp (deleted)
7f354cdec000-7f354cdee000 rw-p 00017000 08:17 3538986                    /tmp/jna-1655054676/jna7155467608509285252.tmp (deleted)
7f354cdee000-7f354cdff000 r-xp 00000000 08:17 3880230                    /usr/local/jdk1.8.0_152/jre/lib/amd64/libnio.so
7f354cdff000-7f354cffe000 ---p 00011000 08:17 3880230                    /usr/local/jdk1.8.0_152/jre/lib/amd64/libnio.so
7f354cffe000-7f354cfff000 rw-p 00010000 08:17 3880230                    /usr/local/jdk1.8.0_152/jre/lib/amd64/libnio.so
7f354cfff000-7f354d002000 ---p 00000000 00:00 0 
7f354d002000-7f354d100000 rw-p 00000000 00:00 0 
7f354d100000-7f354d101000 ---p 00000000 00:00 0 
7f354d101000-7f354d201000 rw-p 00000000 00:00 0 
7f354d201000-7f354d204000 ---p 00000000 00:00 0 
7f354d204000-7f354d302000 rw-p 00000000 00:00 0 
7f354d302000-7f354d305000 ---p 00000000 00:00 0 
7f354d305000-7f354d403000 rw-p 00000000 00:00 0 
7f354d403000-7f354d406000 ---p 00000000 00:00 0 
7f354d406000-7f354d504000 rw-p 00000000 00:00 0 
7f354d504000-7f354d51a000 r-xp 00000000 08:17 3880227                    /usr/local/jdk1.8.0_152/jre/lib/amd64/libnet.so
7f354d51a000-7f354d71a000 ---p 00016000 08:17 3880227                    /usr/local/jdk1.8.0_152/jre/lib/amd64/libnet.so
7f354d71a000-7f354d71b000 rw-p 00016000 08:17 3880227                    /usr/local/jdk1.8.0_152/jre/lib/amd64/libnet.so
7f354d71b000-7f354d71e000 ---p 00000000 00:00 0 
7f354d71e000-7f354d81c000 rw-p 00000000 00:00 0 
7f354d81c000-7f354d81f000 ---p 00000000 00:00 0 
7f354d81f000-7f354d91d000 rw-p 00000000 00:00 0 
7f354d91d000-7f354d9b2000 r--s 01113000 08:17 3880111                    /usr/local/jdk1.8.0_152/jre/lib/ext/jfxrt.jar
7f354d9b2000-7f354d9b5000 ---p 00000000 00:00 0 
7f354d9b5000-7f354dab3000 rw-p 00000000 00:00 0 
7f354dab3000-7f354e472000 r--p 00000000 08:17 3808503                    /usr/lib/locale/locale-archive
7f354e472000-7f354e475000 ---p 00000000 00:00 0 
7f354e475000-7f354e573000 rw-p 00000000 00:00 0 
7f354e573000-7f354e576000 ---p 00000000 00:00 0 
7f354e576000-7f354e674000 rw-p 00000000 00:00 0 
7f354e674000-7f354e675000 ---p 00000000 00:00 0 
7f354e675000-7f354f6d3000 rw-p 00000000 00:00 0 
7f354f6d3000-7f354f8ad000 r--s 03d5f000 08:17 3880058                    /usr/local/jdk1.8.0_152/jre/lib/rt.jar
7f354f8ad000-7f35541e2000 rw-p 00000000 00:00 0 
7f35541e2000-7f35541e3000 ---p 00000000 00:00 0 
7f35541e3000-7f35542e3000 rw-p 00000000 00:00 0 
7f35542e3000-7f35542e4000 ---p 00000000 00:00 0 
7f35542e4000-7f35543e4000 rw-p 00000000 00:00 0 
7f35543e4000-7f35543e5000 ---p 00000000 00:00 0 
7f35543e5000-7f35544e5000 rw-p 00000000 00:00 0 
7f35544e5000-7f35544e6000 ---p 00000000 00:00 0 
7f35544e6000-7f355460f000 rw-p 00000000 00:00 0 
7f355460f000-7f3554870000 ---p 00000000 00:00 0 
7f3554870000-7f3554899000 rw-p 00000000 00:00 0 
7f3554899000-7f3554afa000 ---p 00000000 00:00 0 
7f3554afa000-7f3554b3e000 rw-p 00000000 00:00 0 
7f3554b3e000-7f3554c3f000 ---p 00000000 00:00 0 
7f3554c3f000-7f3554c4f000 rw-p 00000000 00:00 0 
7f3554c4f000-7f3555000000 ---p 00000000 00:00 0 
7f3555000000-7f35553b0000 rwxp 00000000 00:00 0 
7f35553b0000-7f3564000000 ---p 00000000 00:00 0 
7f3564000000-7f3564c6e000 rw-p 00000000 00:00 0 
7f3564c6e000-7f3568000000 ---p 00000000 00:00 0 
7f3568012000-7f3568017000 r--s 0009a000 08:17 3880107                    /usr/local/jdk1.8.0_152/jre/lib/jsse.jar
7f3568017000-7f356801c000 r--s 002f9000 08:17 3880056                    /usr/local/jdk1.8.0_152/jre/lib/charsets.jar
7f356801c000-7f3568026000 r--s 000eb000 08:17 69177                      /home/diamond/Documents/Controller/lib/mysql-connector-java-5.1.44-bin.jar
7f3568026000-7f3568029000 r--s 00024000 08:17 79461                      /home/diamond/Documents/Controller/lib/json-lib-2.4-jdk15.jar
7f3568029000-7f356802d000 r--s 00107000 08:17 69176                      /home/diamond/Documents/Controller/lib/jna-4.4.0.jar
7f356802d000-7f356803b000 r--s 0007f000 08:17 79458                      /home/diamond/Documents/Controller/lib/commons-collections-3.2.1.jar
7f356803b000-7f3568056000 r-xp 00000000 08:17 3880223                    /usr/local/jdk1.8.0_152/jre/lib/amd64/libzip.so
7f3568056000-7f3568256000 ---p 0001b000 08:17 3880223                    /usr/local/jdk1.8.0_152/jre/lib/amd64/libzip.so
7f3568256000-7f3568257000 rw-p 0001b000 08:17 3880223                    /usr/local/jdk1.8.0_152/jre/lib/amd64/libzip.so
7f3568257000-7f3568262000 r-xp 00000000 08:17 266868                     /lib/x86_64-linux-gnu/libnss_files-2.23.so
7f3568262000-7f3568461000 ---p 0000b000 08:17 266868                     /lib/x86_64-linux-gnu/libnss_files-2.23.so
7f3568461000-7f3568462000 r--p 0000a000 08:17 266868                     /lib/x86_64-linux-gnu/libnss_files-2.23.so
7f3568462000-7f3568463000 rw-p 0000b000 08:17 266868                     /lib/x86_64-linux-gnu/libnss_files-2.23.so
7f3568463000-7f3568469000 rw-p 00000000 00:00 0 
7f3568469000-7f3568474000 r-xp 00000000 08:17 266878                     /lib/x86_64-linux-gnu/libnss_nis-2.23.so
7f3568474000-7f3568673000 ---p 0000b000 08:17 266878                     /lib/x86_64-linux-gnu/libnss_nis-2.23.so
7f3568673000-7f3568674000 r--p 0000a000 08:17 266878                     /lib/x86_64-linux-gnu/libnss_nis-2.23.so
7f3568674000-7f3568675000 rw-p 0000b000 08:17 266878                     /lib/x86_64-linux-gnu/libnss_nis-2.23.so
7f3568675000-7f356868b000 r-xp 00000000 08:17 266862                     /lib/x86_64-linux-gnu/libnsl-2.23.so
7f356868b000-7f356888a000 ---p 00016000 08:17 266862                     /lib/x86_64-linux-gnu/libnsl-2.23.so
7f356888a000-7f356888b000 r--p 00015000 08:17 266862                     /lib/x86_64-linux-gnu/libnsl-2.23.so
7f356888b000-7f356888c000 rw-p 00016000 08:17 266862                     /lib/x86_64-linux-gnu/libnsl-2.23.so
7f356888c000-7f356888e000 rw-p 00000000 00:00 0 
7f356888e000-7f3568896000 r-xp 00000000 08:17 266864                     /lib/x86_64-linux-gnu/libnss_compat-2.23.so
7f3568896000-7f3568a95000 ---p 00008000 08:17 266864                     /lib/x86_64-linux-gnu/libnss_compat-2.23.so
7f3568a95000-7f3568a96000 r--p 00007000 08:17 266864                     /lib/x86_64-linux-gnu/libnss_compat-2.23.so
7f3568a96000-7f3568a97000 rw-p 00008000 08:17 266864                     /lib/x86_64-linux-gnu/libnss_compat-2.23.so
7f3568a97000-7f3568aa1000 r-xp 00000000 08:17 3880232                    /usr/local/jdk1.8.0_152/jre/lib/amd64/libinstrument.so
7f3568aa1000-7f3568ca0000 ---p 0000a000 08:17 3880232                    /usr/local/jdk1.8.0_152/jre/lib/amd64/libinstrument.so
7f3568ca0000-7f3568ca1000 rw-p 00009000 08:17 3880232                    /usr/local/jdk1.8.0_152/jre/lib/amd64/libinstrument.so
7f3568ca1000-7f3568ccc000 r-xp 00000000 08:17 3880217                    /usr/local/jdk1.8.0_152/jre/lib/amd64/libjava.so
7f3568ccc000-7f3568ecb000 ---p 0002b000 08:17 3880217                    /usr/local/jdk1.8.0_152/jre/lib/amd64/libjava.so
7f3568ecb000-7f3568ecd000 rw-p 0002a000 08:17 3880217                    /usr/local/jdk1.8.0_152/jre/lib/amd64/libjava.so
7f3568ecd000-7f3568eda000 r-xp 00000000 08:17 3880222                    /usr/local/jdk1.8.0_152/jre/lib/amd64/libverify.so
7f3568eda000-7f35690da000 ---p 0000d000 08:17 3880222                    /usr/local/jdk1.8.0_152/jre/lib/amd64/libverify.so
7f35690da000-7f35690dc000 rw-p 0000d000 08:17 3880222                    /usr/local/jdk1.8.0_152/jre/lib/amd64/libverify.so
7f35690dc000-7f35690e3000 r-xp 00000000 08:17 266923                     /lib/x86_64-linux-gnu/librt-2.23.so
7f35690e3000-7f35692e2000 ---p 00007000 08:17 266923                     /lib/x86_64-linux-gnu/librt-2.23.so
7f35692e2000-7f35692e3000 r--p 00006000 08:17 266923                     /lib/x86_64-linux-gnu/librt-2.23.so
7f35692e3000-7f35692e4000 rw-p 00007000 08:17 266923                     /lib/x86_64-linux-gnu/librt-2.23.so
7f35692e4000-7f35693ec000 r-xp 00000000 08:17 266839                     /lib/x86_64-linux-gnu/libm-2.23.so
7f35693ec000-7f35695eb000 ---p 00108000 08:17 266839                     /lib/x86_64-linux-gnu/libm-2.23.so
7f35695eb000-7f35695ec000 r--p 00107000 08:17 266839                     /lib/x86_64-linux-gnu/libm-2.23.so
7f35695ec000-7f35695ed000 rw-p 00108000 08:17 266839                     /lib/x86_64-linux-gnu/libm-2.23.so
7f35695ed000-7f356a2c5000 r-xp 00000000 08:17 3880200                    /usr/local/jdk1.8.0_152/jre/lib/amd64/server/libjvm.so
7f356a2c5000-7f356a4c4000 ---p 00cd8000 08:17 3880200                    /usr/local/jdk1.8.0_152/jre/lib/amd64/server/libjvm.so
7f356a4c4000-7f356a59e000 rw-p 00cd7000 08:17 3880200                    /usr/local/jdk1.8.0_152/jre/lib/amd64/server/libjvm.so
7f356a59e000-7f356a5e9000 rw-p 00000000 00:00 0 
7f356a5e9000-7f356a7a9000 r-xp 00000000 08:17 266769                     /lib/x86_64-linux-gnu/libc-2.23.so
7f356a7a9000-7f356a9a9000 ---p 001c0000 08:17 266769                     /lib/x86_64-linux-gnu/libc-2.23.so
7f356a9a9000-7f356a9ad000 r--p 001c0000 08:17 266769                     /lib/x86_64-linux-gnu/libc-2.23.so
7f356a9ad000-7f356a9af000 rw-p 001c4000 08:17 266769                     /lib/x86_64-linux-gnu/libc-2.23.so
7f356a9af000-7f356a9b3000 rw-p 00000000 00:00 0 
7f356a9b3000-7f356a9b6000 r-xp 00000000 08:17 266793                     /lib/x86_64-linux-gnu/libdl-2.23.so
7f356a9b6000-7f356abb5000 ---p 00003000 08:17 266793                     /lib/x86_64-linux-gnu/libdl-2.23.so
7f356abb5000-7f356abb6000 r--p 00002000 08:17 266793                     /lib/x86_64-linux-gnu/libdl-2.23.so
7f356abb6000-7f356abb7000 rw-p 00003000 08:17 266793                     /lib/x86_64-linux-gnu/libdl-2.23.so
7f356abb7000-7f356abcd000 r-xp 00000000 08:17 3879918                    /usr/local/jdk1.8.0_152/lib/amd64/jli/libjli.so
7f356abcd000-7f356adcc000 ---p 00016000 08:17 3879918                    /usr/local/jdk1.8.0_152/lib/amd64/jli/libjli.so
7f356adcc000-7f356adcd000 rw-p 00015000 08:17 3879918                    /usr/local/jdk1.8.0_152/lib/amd64/jli/libjli.so
7f356adcd000-7f356ade5000 r-xp 00000000 08:17 266915                     /lib/x86_64-linux-gnu/libpthread-2.23.so
7f356ade5000-7f356afe4000 ---p 00018000 08:17 266915                     /lib/x86_64-linux-gnu/libpthread-2.23.so
7f356afe4000-7f356afe5000 r--p 00017000 08:17 266915                     /lib/x86_64-linux-gnu/libpthread-2.23.so
7f356afe5000-7f356afe6000 rw-p 00018000 08:17 266915                     /lib/x86_64-linux-gnu/libpthread-2.23.so
7f356afe6000-7f356afea000 rw-p 00000000 00:00 0 
7f356afea000-7f356b010000 r-xp 00000000 08:17 266741                     /lib/x86_64-linux-gnu/ld-2.23.so
7f356b010000-7f356b012000 r--s 0001a000 08:17 18339                      /home/diamond/soft/idea-IU-173.3942.27/lib/idea_rt.jar
7f356b012000-7f356b015000 r--s 00013000 08:17 79443                      /home/diamond/Documents/Controller/lib/ezmorph-1.0.6.jar
7f356b015000-7f356b017000 r--s 0000d000 08:17 79460                      /home/diamond/Documents/Controller/lib/commons-logging-1.1.1.jar
7f356b017000-7f356b01c000 r--s 00034000 08:17 79459                      /home/diamond/Documents/Controller/lib/commons-beanutils-1.8.0.jar
7f356b01c000-7f356b02f000 r--s 00345000 08:17 3880093                    /usr/local/jdk1.8.0_152/jre/lib/resources.jar
7f356b02f000-7f356b042000 r--s 000d6000 08:17 3880030                    /usr/local/jdk1.8.0_152/jre/lib/plugin.jar
7f356b042000-7f356b047000 r--s 0009a000 08:17 3880107                    /usr/local/jdk1.8.0_152/jre/lib/jsse.jar
7f356b047000-7f356b049000 r--s 00007000 08:17 3880245                    /usr/local/jdk1.8.0_152/jre/lib/jfxswt.jar
7f356b049000-7f356b04e000 r--s 00084000 08:17 3880007                    /usr/local/jdk1.8.0_152/jre/lib/jfr.jar
7f356b04e000-7f356b051000 r--s 0001a000 08:17 3880243                    /usr/local/jdk1.8.0_152/jre/lib/jce.jar
7f356b051000-7f356b05a000 r--s 0006d000 08:17 3880017                    /usr/local/jdk1.8.0_152/jre/lib/javaws.jar
7f356b05a000-7f356b0dc000 rw-p 00000000 00:00 0 
7f356b0dc000-7f356b0df000 ---p 00000000 00:00 0 
7f356b0df000-7f356b1e1000 rw-p 00000000 00:00 0 
7f356b1e1000-7f356b1e2000 r--s 00000000 08:17 3880014                    /usr/local/jdk1.8.0_152/jre/lib/management-agent.jar
7f356b1e2000-7f356b1fe000 r--s 0020b000 08:17 3880008                    /usr/local/jdk1.8.0_152/jre/lib/deploy.jar
7f356b1fe000-7f356b203000 r--s 002f9000 08:17 3880056                    /usr/local/jdk1.8.0_152/jre/lib/charsets.jar
7f356b203000-7f356b20b000 rw-s 00000000 08:17 3538980                    /tmp/hsperfdata_diamond/5521
7f356b20b000-7f356b20c000 rw-p 00000000 00:00 0 
7f356b20c000-7f356b20d000 r--p 00000000 00:00 0 
7f356b20d000-7f356b20f000 rw-p 00000000 00:00 0 
7f356b20f000-7f356b210000 r--p 00025000 08:17 266741                     /lib/x86_64-linux-gnu/ld-2.23.so
7f356b210000-7f356b211000 rw-p 00026000 08:17 266741                     /lib/x86_64-linux-gnu/ld-2.23.so
7f356b211000-7f356b212000 rw-p 00000000 00:00 0 
7ffeac341000-7ffeac363000 rw-p 00000000 00:00 0                          [stack]
7ffeac3f4000-7ffeac3f6000 r--p 00000000 00:00 0                          [vvar]
7ffeac3f6000-7ffeac3f8000 r-xp 00000000 00:00 0                          [vdso]
ffffffffff600000-ffffffffff601000 r-xp 00000000 00:00 0                  [vsyscall]

VM Arguments:
jvm_args: -javaagent:/home/diamond/soft/idea-IU-173.3942.27/lib/idea_rt.jar=42531:/home/diamond/soft/idea-IU-173.3942.27/bin -Dfile.encoding=UTF-8 
java_command: com.moma.Controller
java_class_path (initial): /usr/local/jdk1.8.0_152/jre/lib/charsets.jar:/usr/local/jdk1.8.0_152/jre/lib/deploy.jar:/usr/local/jdk1.8.0_152/jre/lib/ext/cldrdata.jar:/usr/local/jdk1.8.0_152/jre/lib/ext/dnsns.jar:/usr/local/jdk1.8.0_152/jre/lib/ext/jaccess.jar:/usr/local/jdk1.8.0_152/jre/lib/ext/jfxrt.jar:/usr/local/jdk1.8.0_152/jre/lib/ext/localedata.jar:/usr/local/jdk1.8.0_152/jre/lib/ext/nashorn.jar:/usr/local/jdk1.8.0_152/jre/lib/ext/sunec.jar:/usr/local/jdk1.8.0_152/jre/lib/ext/sunjce_provider.jar:/usr/local/jdk1.8.0_152/jre/lib/ext/sunpkcs11.jar:/usr/local/jdk1.8.0_152/jre/lib/ext/zipfs.jar:/usr/local/jdk1.8.0_152/jre/lib/javaws.jar:/usr/local/jdk1.8.0_152/jre/lib/jce.jar:/usr/local/jdk1.8.0_152/jre/lib/jfr.jar:/usr/local/jdk1.8.0_152/jre/lib/jfxswt.jar:/usr/local/jdk1.8.0_152/jre/lib/jsse.jar:/usr/local/jdk1.8.0_152/jre/lib/management-agent.jar:/usr/local/jdk1.8.0_152/jre/lib/plugin.jar:/usr/local/jdk1.8.0_152/jre/lib/resources.jar:/usr/local/jdk1.8.0_152/jre/lib/rt.jar:/home/diamond/Documents/Controller/out/production/Controller:/home/diamond/Documents/Controller/lib/commons-beanutils-1.8.0.jar:/home/diamond/Documents/Controller/lib/commons-logging-1.1.1.jar:/home/diamond/Documents/Controller/lib/commons-collections-3.2.1.jar:/home/diamond/Documents/Controller/lib/ezmorph-1.0.6.jar:/home/diamond/Documents/Controller/lib/jna-4.4.0.jar:/home/diamond/Documents/Controller/lib/json-lib-2.4-jdk15.jar:/home/diamond/Documents/Controller/lib/mysql-connector-java-5.1.44-bin.jar:/home/diamond/soft/idea-IU-173.3942.27/lib/idea_rt.jar
Launcher Type: SUN_STANDARD

Environment Variables:
JAVA_HOME=/usr/local/jdk1.8.0_152/
JRE_HOME=/usr/local/jdk1.8.0_152//jre
CLASSPATH=/home/diamond/soft/idea-IU-173.3942.27/lib/bootstrap.jar:/home/diamond/soft/idea-IU-173.3942.27/lib/extensions.jar:/home/diamond/soft/idea-IU-173.3942.27/lib/util.jar:/home/diamond/soft/idea-IU-173.3942.27/lib/jdom.jar:/home/diamond/soft/idea-IU-173.3942.27/lib/log4j.jar:/home/diamond/soft/idea-IU-173.3942.27/lib/trove4j.jar:/home/diamond/soft/idea-IU-173.3942.27/lib/jna.jar:/home/diamond/soft/idea-IU-173.3942.27/jre64/lib/tools.jar
PATH=/home/diamond/bin:/home/diamond/.local/bin:/usr/local/cuda-8.0/bin:/usr/local/sbin:/usr/local/bin:/usr/sbin:/usr/bin:/sbin:/bin:/usr/games:/usr/local/games:/snap/bin:/usr/local/jdk1.8.0_152//bin:/usr/local/jdk1.8.0_152//jre/bin
LD_LIBRARY_PATH=/usr/local/cuda-8.0/lib64
SHELL=/bin/bash
DISPLAY=:0

Signal Handlers:
SIGSEGV: [libjvm.so+0xacfec0], sa_mask[0]=11111111011111111101111111111110, sa_flags=SA_RESTART|SA_SIGINFO
SIGBUS: [libjvm.so+0xacfec0], sa_mask[0]=11111111011111111101111111111110, sa_flags=SA_RESTART|SA_SIGINFO
SIGFPE: [libjvm.so+0x927e60], sa_mask[0]=11111111011111111101111111111110, sa_flags=SA_RESTART|SA_SIGINFO
SIGPIPE: [libjvm.so+0x927e60], sa_mask[0]=11111111011111111101111111111110, sa_flags=SA_RESTART|SA_SIGINFO
SIGXFSZ: [libjvm.so+0x927e60], sa_mask[0]=11111111011111111101111111111110, sa_flags=SA_RESTART|SA_SIGINFO
SIGILL: [libjvm.so+0x927e60], sa_mask[0]=11111111011111111101111111111110, sa_flags=SA_RESTART|SA_SIGINFO
SIGUSR1: SIG_DFL, sa_mask[0]=00000000000000000000000000000000, sa_flags=none
SIGUSR2: [libjvm.so+0x9296a0], sa_mask[0]=00100000000000000000000000000000, sa_flags=SA_RESTART|SA_SIGINFO
SIGHUP: [libjvm.so+0x92aaa0], sa_mask[0]=11111111011111111101111111111110, sa_flags=SA_RESTART|SA_SIGINFO
SIGINT: [libarcsoft_fsdk_face_detection.so+0x3700], sa_mask[0]=00000000000000000000000000000000, sa_flags=SA_ONSTACK|SA_SIGINFO|SA_NOCLDWAIT|SA_NODEFER
SIGTERM: [libjvm.so+0x92aaa0], sa_mask[0]=11111111011111111101111111111110, sa_flags=SA_RESTART|SA_SIGINFO
SIGQUIT: [libjvm.so+0x92aaa0], sa_mask[0]=11111111011111111101111111111110, sa_flags=SA_RESTART|SA_SIGINFO


---------------  S Y S T E M  ---------------

OS:DISTRIB_ID=Ubuntu
DISTRIB_RELEASE=16.04
DISTRIB_CODENAME=xenial
DISTRIB_DESCRIPTION="Ubuntu 16.04.3 LTS"

uname:Linux 4.10.0-42-generic #46~16.04.1-Ubuntu SMP Mon Dec 4 15:57:59 UTC 2017 x86_64
libc:glibc 2.23 NPTL 2.23 
rlimit: STACK 8192k, CORE 0k, NPROC 30234, NOFILE 1048576, AS infinity
load average:0.17 0.23 0.25

/proc/meminfo:
MemTotal:        7986184 kB
MemFree:         4234184 kB
MemAvailable:    5298668 kB
Buffers:           91960 kB
Cached:          1172712 kB
SwapCached:            0 kB
Active:          2749532 kB
Inactive:         734176 kB
Active(anon):    2220120 kB
Inactive(anon):    18380 kB
Active(file):     529412 kB
Inactive(file):   715796 kB
Unevictable:           0 kB
Mlocked:               0 kB
SwapTotal:       4097020 kB
SwapFree:        4097020 kB
Dirty:              8160 kB
Writeback:             0 kB
AnonPages:       2198444 kB
Mapped:           341488 kB
Shmem:             19468 kB
Slab:             124428 kB
SReclaimable:      83180 kB
SUnreclaim:        41248 kB
KernelStack:       11200 kB
PageTables:        33892 kB
NFS_Unstable:          0 kB
Bounce:                0 kB
WritebackTmp:          0 kB
CommitLimit:     8090112 kB
Committed_AS:    6803776 kB
VmallocTotal:   34359738367 kB
VmallocUsed:           0 kB
VmallocChunk:          0 kB
HardwareCorrupted:     0 kB
AnonHugePages:   1069056 kB
ShmemHugePages:        0 kB
ShmemPmdMapped:        0 kB
CmaTotal:              0 kB
CmaFree:               0 kB
HugePages_Total:       0
HugePages_Free:        0
HugePages_Rsvd:        0
HugePages_Surp:        0
Hugepagesize:       2048 kB
DirectMap4k:      180100 kB
DirectMap2M:     8022016 kB


CPU:total 4 (initial active 4) (2 cores per cpu, 2 threads per core) family 6 model 58 stepping 9, cmov, cx8, fxsr, mmx, sse, sse2, sse3, ssse3, sse4.1, sse4.2, popcnt, avx, aes, clmul, erms, ht, tsc, tscinvbit, tscinv

/proc/cpuinfo:
processor	: 0
vendor_id	: GenuineIntel
cpu family	: 6
model		: 58
model name	: Intel(R) Core(TM) i5-3210M CPU @ 2.50GHz
stepping	: 9
microcode	: 0x15
cpu MHz		: 1291.351
cache size	: 3072 KB
physical id	: 0
siblings	: 4
core id		: 0
cpu cores	: 2
apicid		: 0
initial apicid	: 0
fpu		: yes
fpu_exception	: yes
cpuid level	: 13
wp		: yes
flags		: fpu vme de pse tsc msr pae mce cx8 apic sep mtrr pge mca cmov pat pse36 clflush dts acpi mmx fxsr sse sse2 ss ht tm pbe syscall nx rdtscp lm constant_tsc arch_perfmon pebs bts rep_good nopl xtopology nonstop_tsc aperfmperf pni pclmulqdq dtes64 monitor ds_cpl vmx est tm2 ssse3 cx16 xtpr pdcm pcid sse4_1 sse4_2 x2apic popcnt tsc_deadline_timer aes xsave avx f16c rdrand lahf_lm epb tpr_shadow vnmi flexpriority ept vpid fsgsbase smep erms xsaveopt dtherm ida arat pln pts
bugs		:
bogomips	: 4988.38
clflush size	: 64
cache_alignment	: 64
address sizes	: 36 bits physical, 48 bits virtual
power management:

processor	: 1
vendor_id	: GenuineIntel
cpu family	: 6
model		: 58
model name	: Intel(R) Core(TM) i5-3210M CPU @ 2.50GHz
stepping	: 9
microcode	: 0x15
cpu MHz		: 1352.081
cache size	: 3072 KB
physical id	: 0
siblings	: 4
core id		: 0
cpu cores	: 2
apicid		: 1
initial apicid	: 1
fpu		: yes
fpu_exception	: yes
cpuid level	: 13
wp		: yes
flags		: fpu vme de pse tsc msr pae mce cx8 apic sep mtrr pge mca cmov pat pse36 clflush dts acpi mmx fxsr sse sse2 ss ht tm pbe syscall nx rdtscp lm constant_tsc arch_perfmon pebs bts rep_good nopl xtopology nonstop_tsc aperfmperf pni pclmulqdq dtes64 monitor ds_cpl vmx est tm2 ssse3 cx16 xtpr pdcm pcid sse4_1 sse4_2 x2apic popcnt tsc_deadline_timer aes xsave avx f16c rdrand lahf_lm epb tpr_shadow vnmi flexpriority ept vpid fsgsbase smep erms xsaveopt dtherm ida arat pln pts
bugs		:
bogomips	: 4988.38
clflush size	: 64
cache_alignment	: 64
address sizes	: 36 bits physical, 48 bits virtual
power management:

processor	: 2
vendor_id	: GenuineIntel
cpu family	: 6
model		: 58
model name	: Intel(R) Core(TM) i5-3210M CPU @ 2.50GHz
stepping	: 9
microcode	: 0x15
cpu MHz		: 2212.371
cache size	: 3072 KB
physical id	: 0
siblings	: 4
core id		: 1
cpu cores	: 2
apicid		: 2
initial apicid	: 2
fpu		: yes
fpu_exception	: yes
cpuid level	: 13
wp		: yes
flags		: fpu vme de pse tsc msr pae mce cx8 apic sep mtrr pge mca cmov pat pse36 clflush dts acpi mmx fxsr sse sse2 ss ht tm pbe syscall nx rdtscp lm constant_tsc arch_perfmon pebs bts rep_good nopl xtopology nonstop_tsc aperfmperf pni pclmulqdq dtes64 monitor ds_cpl vmx est tm2 ssse3 cx16 xtpr pdcm pcid sse4_1 sse4_2 x2apic popcnt tsc_deadline_timer aes xsave avx f16c rdrand lahf_lm epb tpr_shadow vnmi flexpriority ept vpid fsgsbase smep erms xsaveopt dtherm ida arat pln pts
bugs		:
bogomips	: 4988.38
clflush size	: 64
cache_alignment	: 64
address sizes	: 36 bits physical, 48 bits virtual
power management:

processor	: 3
vendor_id	: GenuineIntel
cpu family	: 6
model		: 58
model name	: Intel(R) Core(TM) i5-3210M CPU @ 2.50GHz
stepping	: 9
microcode	: 0x15
cpu MHz		: 1685.943
cache size	: 3072 KB
physical id	: 0
siblings	: 4
core id		: 1
cpu cores	: 2
apicid		: 3
initial apicid	: 3
fpu		: yes
fpu_exception	: yes
cpuid level	: 13
wp		: yes
flags		: fpu vme de pse tsc msr pae mce cx8 apic sep mtrr pge mca cmov pat pse36 clflush dts acpi mmx fxsr sse sse2 ss ht tm pbe syscall nx rdtscp lm constant_tsc arch_perfmon pebs bts rep_good nopl xtopology nonstop_tsc aperfmperf pni pclmulqdq dtes64 monitor ds_cpl vmx est tm2 ssse3 cx16 xtpr pdcm pcid sse4_1 sse4_2 x2apic popcnt tsc_deadline_timer aes xsave avx f16c rdrand lahf_lm epb tpr_shadow vnmi flexpriority ept vpid fsgsbase smep erms xsaveopt dtherm ida arat pln pts
bugs		:
bogomips	: 4988.38
clflush size	: 64
cache_alignment	: 64
address sizes	: 36 bits physical, 48 bits virtual
power management:



Memory: 4k page, physical 7986184k(4234184k free), swap 4097020k(4097020k free)

vm_info: Java HotSpot(TM) 64-Bit Server VM (25.152-b16) for linux-amd64 JRE (1.8.0_152-b16), built on Sep 14 2017 02:16:14 by "java_re" with gcc 4.3.0 20080428 (Red Hat 4.3.0-8)

time: Thu Jan 18 20:03:39 2018
elapsed time: 23 seconds (0d 0h 0m 23s)

