#
# A fatal error has been detected by the Java Runtime Environment:
#
#  SIGSEGV (0xb) at pc=0x00007fc17e7fe880, pid=11395, tid=0x00007fc1363bf700
#
# JRE version: Java(TM) SE Runtime Environment (8.0_152-b16) (build 1.8.0_152-b16)
# Java VM: Java HotSpot(TM) 64-Bit Server VM (25.152-b16 mixed mode linux-amd64 compressed oops)
# Problematic frame:
# C  [libarcsoft_fsdk_face_recognition.so+0x2e880]
#
# Failed to write core dump. Core dumps have been disabled. To enable core dumping, try "ulimit -c unlimited" before starting Java again
#
# If you would like to submit a bug report, please visit:
#   http://bugreport.java.com/bugreport/crash.jsp
#

---------------  T H R E A D  ---------------

Current thread is native thread

siginfo: si_signo: 11 (SIGSEGV), si_code: 2 (SEGV_ACCERR), si_addr: 0x00007fc1902ed240

Registers:
RAX=0x00007fc1902ed240, RBX=0x00007fc124a992f0, RCX=0x0000000000005c52, RDX=0x0000000000001e00
RSP=0x00007fc1363bee98, RBP=0x000000000018b2f7, RSI=0x0000000000000075, RDI=0x0000000000000073
R8 =0x00000000021fbf28, R9 =0x00007fc1363c0840, R10=0x000000000010cd69, R11=0x00007fc1363d4100
R12=0x00000000000002cc, R13=0x00000000ffffcf7f, R14=0x00007fc124a8e630, R15=0x0000000000026332
RIP=0x00007fc17e7fe880, EFLAGS=0x0000000000010202, CSGSFS=0x002b000000000033, ERR=0x0000000000000004
  TRAPNO=0x000000000000000e

Top of Stack: (sp=0x00007fc1363bee98)
0x00007fc1363bee98:   0000000100000280 00007fc13644faec
0x00007fc1363beea8:   00007fc13644faf0 00007fc13644faf4
0x00007fc1363beeb8:   00007fc17ffbf6c0 00007fc1364c8d70
0x00007fc1363beec8:   0010cd690018b2f7 00007fc1364c8d70
0x00007fc1363beed8:   00007fc1364c8d20 00007fc1364c8d70
0x00007fc1363beee8:   00007fc1364c8d48 00007fc1364c8da0
0x00007fc1363beef8:   00007fc17e7f4970 00007fc124a8e670
0x00007fc1363bef08:   00007fc17e80267f 0000000000000000
0x00007fc1363bef18:   0000009a00000000 0000000000000000
0x00007fc1363bef28:   0000000000000000 0000000000000000
0x00007fc1363bef38:   0000000000000000 00007fc1e5b2a59f
0x00007fc1363bef48:   00007fc1363bf9c0 0000000000000001
0x00007fc1363bef58:   00007fc1e57236ba 0000000000000000
0x00007fc1363bef68:   00007fc1363bf700 00007fc1363bf700
0x00007fc1363bef78:   3b6f3779be32dabe 0000000000000000
0x00007fc1363bef88:   00007fc1e5b2a59f 00007fc1363bf9c0
0x00007fc1363bef98:   0000000000000001 c4ed5b0e60f2dabe
0x00007fc1363befa8:   c4ecfd9dd2c8dabe 0000000000000000
0x00007fc1363befb8:   0000000000000000 0000000000000000
0x00007fc1363befc8:   0000000000000000 0000000000000000
0x00007fc1363befd8:   0000000000000000 0000000000000000
0x00007fc1363befe8:   0000000000000000 00007fc1363bf700
0x00007fc1363beff8:   00007fc1e503f3dd 0000000000000000
0x00007fc1363bf008:   0000000000000000 0000000000000000
0x00007fc1363bf018:   0000000000000000 0000000000000000
0x00007fc1363bf028:   0000000000000000 0000000000000000
0x00007fc1363bf038:   0000000000000000 0000000000000000
0x00007fc1363bf048:   0000000000000000 0000000000000000
0x00007fc1363bf058:   0000000000000000 0000000000000000
0x00007fc1363bf068:   0000000000000000 0000000000000000
0x00007fc1363bf078:   0000000000000000 0000000000000000
0x00007fc1363bf088:   0000000000000000 0000000000000000 

Instructions: (pc=0x00007fc17e7fe880)
0x00007fc17e7fe860:   d8 c1 fa 11 0f af 54 24 b8 48 63 d2 48 01 d0 48
0x00007fc17e7fe870:   03 44 24 d0 81 3b 01 08 00 00 0f 84 e0 00 00 00
0x00007fc17e7fe880:   0f b6 10 0f b6 48 01 89 f8 d1 e9 d1 ea c1 f8 04
0x00007fc17e7fe890:   48 83 7c 24 20 00 0f 84 94 00 00 00 c1 e0 07 48 

Register to memory mapping:

RAX=0x00007fc1902ed240 is an unknown value
RBX=0x00007fc124a992f0 is pointing into the stack for thread: 0x00007fc11c013000
RCX=0x0000000000005c52 is an unknown value
RDX=0x0000000000001e00 is an unknown value
RSP=0x00007fc1363bee98 is an unknown value
RBP=0x000000000018b2f7 is an unknown value
RSI=0x0000000000000075 is an unknown value
RDI=0x0000000000000073 is an unknown value
R8 =0x00000000021fbf28 is an unknown value
R9 =0x00007fc1363c0840 is an unknown value
R10=0x000000000010cd69 is an unknown value
R11=0x00007fc1363d4100 is an unknown value
R12=0x00000000000002cc is an unknown value
R13=0x00000000ffffcf7f is an unallocated location in the heap
R14=0x00007fc124a8e630 is pointing into the stack for thread: 0x00007fc11c013000
R15=0x0000000000026332 is an unknown value


Stack: [0x00007fc135bbf000,0x00007fc1363c0000],  sp=0x00007fc1363bee98,  free space=8191k
Native frames: (J=compiled Java code, j=interpreted, Vv=VM code, C=native code)
C  [libarcsoft_fsdk_face_recognition.so+0x2e880]


---------------  P R O C E S S  ---------------

VM state:not at safepoint (normal execution)

VM Mutex/Monitor currently owned by a thread: None

Heap:
 PSYoungGen      total 67584K, used 60600K [0x00000000d7600000, 0x00000000dfc00000, 0x0000000100000000)
  eden space 62464K, 88% used [0x00000000d7600000,0x00000000dac3d6e0,0x00000000db300000)
  from space 5120K, 98% used [0x00000000db300000,0x00000000db7f0b70,0x00000000db800000)
  to   space 6144K, 0% used [0x00000000df600000,0x00000000df600000,0x00000000dfc00000)
 ParOldGen       total 83456K, used 931K [0x0000000086200000, 0x000000008b380000, 0x00000000d7600000)
  object space 83456K, 1% used [0x0000000086200000,0x00000000862e8dc8,0x000000008b380000)
 Metaspace       used 9683K, capacity 9824K, committed 10112K, reserved 1058816K
  class space    used 1026K, capacity 1094K, committed 1152K, reserved 1048576K

Card table byte_map: [0x00007fc1e21fa000,0x00007fc1e25ca000] byte_map_base: 0x00007fc1e1dc9000

Marking Bits: (ParMarkBitMap*) 0x00007fc1e4f0b1a0
 Begin Bits: [0x00007fc1c9310000, 0x00007fc1cb188000)
 End Bits:   [0x00007fc1cb188000, 0x00007fc1cd000000)

Polling page: 0x00007fc1e5b5b000

CodeCache: size=245760Kb used=3928Kb max_used=3940Kb free=241831Kb
 bounds [0x00007fc1cd000000, 0x00007fc1cd3e0000, 0x00007fc1dc000000]
 total_blobs=1391 nmethods=993 adapters=311
 compilation: enabled

Compilation events (10 events):
Event: 15.839 Thread 0x00007fc1dc260800 nmethod 988 0x00007fc1cd3d8b10 code [0x00007fc1cd3d8ca0, 0x00007fc1cd3d8fd0]
Event: 15.839 Thread 0x00007fc1dc265000  989       3       java.io.OutputStream::flush (1 bytes)
Event: 15.839 Thread 0x00007fc1dc265000 nmethod 989 0x00007fc1cd3d8810 code [0x00007fc1cd3d8960, 0x00007fc1cd3d8ab0]
Event: 15.839 Thread 0x00007fc1dc265000  990       3       java.util.concurrent.locks.AbstractOwnableSynchronizer::setExclusiveOwnerThread (6 bytes)
Event: 15.839 Thread 0x00007fc1dc265000 nmethod 990 0x00007fc1cd3d84d0 code [0x00007fc1cd3d8620, 0x00007fc1cd3d8790]
Event: 16.419 Thread 0x00007fc1dc265000  991       3       java.util.regex.Pattern$Curly::match (86 bytes)
Event: 16.419 Thread 0x00007fc1dc265000 nmethod 991 0x00007fc1cd3d7b50 code [0x00007fc1cd3d7d00, 0x00007fc1cd3d8318]
Event: 16.420 Thread 0x00007fc1dc265000  993       3       sun.reflect.ByteVectorImpl::get (26 bytes)
Event: 16.420 Thread 0x00007fc1dc265000 nmethod 993 0x00007fc1cd3d7690 code [0x00007fc1cd3d7800, 0x00007fc1cd3d7a28]
Event: 16.420 Thread 0x00007fc1dc262000  992       4       sun.reflect.ByteVectorImpl::add (38 bytes)

GC Heap History (10 events):
Event: 2.229 GC heap before
{Heap before GC invocations=1 (full 0):
 PSYoungGen      total 36352K, used 31232K [0x00000000d7600000, 0x00000000d9e80000, 0x0000000100000000)
  eden space 31232K, 100% used [0x00000000d7600000,0x00000000d9480000,0x00000000d9480000)
  from space 5120K, 0% used [0x00000000d9980000,0x00000000d9980000,0x00000000d9e80000)
  to   space 5120K, 0% used [0x00000000d9480000,0x00000000d9480000,0x00000000d9980000)
 ParOldGen       total 83456K, used 0K [0x0000000086200000, 0x000000008b380000, 0x00000000d7600000)
  object space 83456K, 0% used [0x0000000086200000,0x0000000086200000,0x000000008b380000)
 Metaspace       used 8968K, capacity 9102K, committed 9344K, reserved 1056768K
  class space    used 968K, capacity 1027K, committed 1152K, reserved 1048576K
Event: 2.241 GC heap after
Heap after GC invocations=1 (full 0):
 PSYoungGen      total 36352K, used 5091K [0x00000000d7600000, 0x00000000d9e80000, 0x0000000100000000)
  eden space 31232K, 0% used [0x00000000d7600000,0x00000000d7600000,0x00000000d9480000)
  from space 5120K, 99% used [0x00000000d9480000,0x00000000d9978d30,0x00000000d9980000)
  to   space 5120K, 0% used [0x00000000d9980000,0x00000000d9980000,0x00000000d9e80000)
 ParOldGen       total 83456K, used 899K [0x0000000086200000, 0x000000008b380000, 0x00000000d7600000)
  object space 83456K, 1% used [0x0000000086200000,0x00000000862e0dc8,0x000000008b380000)
 Metaspace       used 8968K, capacity 9102K, committed 9344K, reserved 1056768K
  class space    used 968K, capacity 1027K, committed 1152K, reserved 1048576K
}
Event: 2.566 GC heap before
{Heap before GC invocations=2 (full 0):
 PSYoungGen      total 36352K, used 36319K [0x00000000d7600000, 0x00000000d9e80000, 0x0000000100000000)
  eden space 31232K, 99% used [0x00000000d7600000,0x00000000d947f210,0x00000000d9480000)
  from space 5120K, 99% used [0x00000000d9480000,0x00000000d9978d30,0x00000000d9980000)
  to   space 5120K, 0% used [0x00000000d9980000,0x00000000d9980000,0x00000000d9e80000)
 ParOldGen       total 83456K, used 899K [0x0000000086200000, 0x000000008b380000, 0x00000000d7600000)
  object space 83456K, 1% used [0x0000000086200000,0x00000000862e0dc8,0x000000008b380000)
 Metaspace       used 9056K, capacity 9230K, committed 9600K, reserved 1058816K
  class space    used 980K, capacity 1027K, committed 1152K, reserved 1048576K
Event: 2.581 GC heap after
Heap after GC invocations=2 (full 0):
 PSYoungGen      total 36352K, used 3493K [0x00000000d7600000, 0x00000000dbd00000, 0x0000000100000000)
  eden space 31232K, 0% used [0x00000000d7600000,0x00000000d7600000,0x00000000d9480000)
  from space 5120K, 68% used [0x00000000d9980000,0x00000000d9ce9638,0x00000000d9e80000)
  to   space 5120K, 0% used [0x00000000d9480000,0x00000000d9480000,0x00000000d9980000)
 ParOldGen       total 83456K, used 907K [0x0000000086200000, 0x000000008b380000, 0x00000000d7600000)
  object space 83456K, 1% used [0x0000000086200000,0x00000000862e2dc8,0x000000008b380000)
 Metaspace       used 9056K, capacity 9230K, committed 9600K, reserved 1058816K
  class space    used 980K, capacity 1027K, committed 1152K, reserved 1048576K
}
Event: 2.809 GC heap before
{Heap before GC invocations=3 (full 0):
 PSYoungGen      total 36352K, used 34725K [0x00000000d7600000, 0x00000000dbd00000, 0x0000000100000000)
  eden space 31232K, 100% used [0x00000000d7600000,0x00000000d9480000,0x00000000d9480000)
  from space 5120K, 68% used [0x00000000d9980000,0x00000000d9ce9638,0x00000000d9e80000)
  to   space 5120K, 0% used [0x00000000d9480000,0x00000000d9480000,0x00000000d9980000)
 ParOldGen       total 83456K, used 907K [0x0000000086200000, 0x000000008b380000, 0x00000000d7600000)
  object space 83456K, 1% used [0x0000000086200000,0x00000000862e2dc8,0x000000008b380000)
 Metaspace       used 9124K, capacity 9294K, committed 9600K, reserved 1058816K
  class space    used 980K, capacity 1027K, committed 1152K, reserved 1048576K
Event: 2.815 GC heap after
Heap after GC invocations=3 (full 0):
 PSYoungGen      total 36352K, used 4882K [0x00000000d7600000, 0x00000000dbd00000, 0x0000000100000000)
  eden space 31232K, 0% used [0x00000000d7600000,0x00000000d7600000,0x00000000d9480000)
  from space 5120K, 95% used [0x00000000d9480000,0x00000000d9944b80,0x00000000d9980000)
  to   space 5120K, 0% used [0x00000000db800000,0x00000000db800000,0x00000000dbd00000)
 ParOldGen       total 83456K, used 915K [0x0000000086200000, 0x000000008b380000, 0x00000000d7600000)
  object space 83456K, 1% used [0x0000000086200000,0x00000000862e4dc8,0x000000008b380000)
 Metaspace       used 9124K, capacity 9294K, committed 9600K, reserved 1058816K
  class space    used 980K, capacity 1027K, committed 1152K, reserved 1048576K
}
Event: 2.948 GC heap before
{Heap before GC invocations=4 (full 0):
 PSYoungGen      total 36352K, used 36098K [0x00000000d7600000, 0x00000000dbd00000, 0x0000000100000000)
  eden space 31232K, 99% used [0x00000000d7600000,0x00000000d947bec0,0x00000000d9480000)
  from space 5120K, 95% used [0x00000000d9480000,0x00000000d9944b80,0x00000000d9980000)
  to   space 5120K, 0% used [0x00000000db800000,0x00000000db800000,0x00000000dbd00000)
 ParOldGen       total 83456K, used 915K [0x0000000086200000, 0x000000008b380000, 0x00000000d7600000)
  object space 83456K, 1% used [0x0000000086200000,0x00000000862e4dc8,0x000000008b380000)
 Metaspace       used 9177K, capacity 9294K, committed 9600K, reserved 1058816K
  class space    used 980K, capacity 1027K, committed 1152K, reserved 1048576K
Event: 2.955 GC heap after
Heap after GC invocations=4 (full 0):
 PSYoungGen      total 67584K, used 4316K [0x00000000d7600000, 0x00000000dbd00000, 0x0000000100000000)
  eden space 62464K, 0% used [0x00000000d7600000,0x00000000d7600000,0x00000000db300000)
  from space 5120K, 84% used [0x00000000db800000,0x00000000dbc37358,0x00000000dbd00000)
  to   space 5120K, 0% used [0x00000000db300000,0x00000000db300000,0x00000000db800000)
 ParOldGen       total 83456K, used 923K [0x0000000086200000, 0x000000008b380000, 0x00000000d7600000)
  object space 83456K, 1% used [0x0000000086200000,0x00000000862e6dc8,0x000000008b380000)
 Metaspace       used 9177K, capacity 9294K, committed 9600K, reserved 1058816K
  class space    used 980K, capacity 1027K, committed 1152K, reserved 1048576K
}
Event: 3.277 GC heap before
{Heap before GC invocations=5 (full 0):
 PSYoungGen      total 67584K, used 66780K [0x00000000d7600000, 0x00000000dbd00000, 0x0000000100000000)
  eden space 62464K, 100% used [0x00000000d7600000,0x00000000db300000,0x00000000db300000)
  from space 5120K, 84% used [0x00000000db800000,0x00000000dbc37358,0x00000000dbd00000)
  to   space 5120K, 0% used [0x00000000db300000,0x00000000db300000,0x00000000db800000)
 ParOldGen       total 83456K, used 923K [0x0000000086200000, 0x000000008b380000, 0x00000000d7600000)
  object space 83456K, 1% used [0x0000000086200000,0x00000000862e6dc8,0x000000008b380000)
 Metaspace       used 9239K, capacity 9364K, committed 9600K, reserved 1058816K
  class space    used 981K, capacity 1028K, committed 1152K, reserved 1048576K
Event: 3.286 GC heap after
Heap after GC invocations=5 (full 0):
 PSYoungGen      total 67584K, used 5058K [0x00000000d7600000, 0x00000000dfc00000, 0x0000000100000000)
  eden space 62464K, 0% used [0x00000000d7600000,0x00000000d7600000,0x00000000db300000)
  from space 5120K, 98% used [0x00000000db300000,0x00000000db7f0b70,0x00000000db800000)
  to   space 6144K, 0% used [0x00000000df600000,0x00000000df600000,0x00000000dfc00000)
 ParOldGen       total 83456K, used 931K [0x0000000086200000, 0x000000008b380000, 0x00000000d7600000)
  object space 83456K, 1% used [0x0000000086200000,0x00000000862e8dc8,0x000000008b380000)
 Metaspace       used 9239K, capacity 9364K, committed 9600K, reserved 1058816K
  class space    used 981K, capacity 1028K, committed 1152K, reserved 1048576K
}

Deoptimization events (2 events):
Event: 1.741 Thread 0x00007fc1dc00c000 Uncommon trap: reason=unstable_if action=reinterpret pc=0x00007fc1cd205f94 method=java.lang.String.lastIndexOf([CII[CIII)I @ 66
Event: 1.954 Thread 0x00007fc1dc00c000 Uncommon trap: reason=unstable_if action=reinterpret pc=0x00007fc1cd20b564 method=java.lang.String.replace(CC)Ljava/lang/String; @ 26

Classes redefined (0 events):
No events

Internal exceptions (8 events):
Event: 0.035 Thread 0x00007fc1dc00c000 Exception <a 'java/lang/NoSuchMethodError': Method sun.misc.Unsafe.defineClass(Ljava/lang/String;[BII)Ljava/lang/Class; name or signature does not match> (0x00000000d7607ca8) thrown at [/HUDSON/workspace/8-2-build-linux-amd64/jdk8u152/9742/hotspot/src/sha
Event: 0.035 Thread 0x00007fc1dc00c000 Exception <a 'java/lang/NoSuchMethodError': Method sun.misc.Unsafe.prefetchRead(Ljava/lang/Object;J)V name or signature does not match> (0x00000000d7607f90) thrown at [/HUDSON/workspace/8-2-build-linux-amd64/jdk8u152/9742/hotspot/src/share/vm/prims/jni.cp
Event: 0.640 Thread 0x00007fc1dc00c000 Exception <a 'java/security/PrivilegedActionException'> (0x00000000d7933060) thrown at [/HUDSON/workspace/8-2-build-linux-amd64/jdk8u152/9742/hotspot/src/share/vm/prims/jvm.cpp, line 1390]
Event: 0.640 Thread 0x00007fc1dc00c000 Exception <a 'java/security/PrivilegedActionException'> (0x00000000d7933270) thrown at [/HUDSON/workspace/8-2-build-linux-amd64/jdk8u152/9742/hotspot/src/share/vm/prims/jvm.cpp, line 1390]
Event: 0.640 Thread 0x00007fc1dc00c000 Exception <a 'java/security/PrivilegedActionException'> (0x00000000d7935780) thrown at [/HUDSON/workspace/8-2-build-linux-amd64/jdk8u152/9742/hotspot/src/share/vm/prims/jvm.cpp, line 1390]
Event: 0.640 Thread 0x00007fc1dc00c000 Exception <a 'java/security/PrivilegedActionException'> (0x00000000d7935990) thrown at [/HUDSON/workspace/8-2-build-linux-amd64/jdk8u152/9742/hotspot/src/share/vm/prims/jvm.cpp, line 1390]
Event: 1.874 Thread 0x00007fc1dc00c000 Exception <a 'java/lang/NoSuchFieldError': method resolution failed> (0x00000000d8b09cf8) thrown at [/HUDSON/workspace/8-2-build-linux-amd64/jdk8u152/9742/hotspot/src/share/vm/prims/methodHandles.cpp, line 1167]
Event: 1.892 Thread 0x00007fc1dc00c000 Exception <a 'java/lang/NoSuchFieldError': method resolution failed> (0x00000000d8b17c88) thrown at [/HUDSON/workspace/8-2-build-linux-amd64/jdk8u152/9742/hotspot/src/share/vm/prims/methodHandles.cpp, line 1167]

Events (10 events):
Event: 14.984 Thread 0x00007fc180072000 Thread added: 0x00007fc180072000
Event: 14.987 Executing VM operation: RevokeBias
Event: 14.987 Executing VM operation: RevokeBias done
Event: 14.987 Thread 0x00007fc180072000 Thread exited: 0x00007fc180072000
Event: 15.266 Thread 0x00007fc11c012000 Thread added: 0x00007fc11c012000
Event: 15.839 Thread 0x00007fc19402b000 Thread added: 0x00007fc19402b000
Event: 15.850 Executing VM operation: RevokeBias
Event: 15.850 Executing VM operation: RevokeBias done
Event: 15.850 Thread 0x00007fc19402b000 Thread exited: 0x00007fc19402b000
Event: 16.090 Thread 0x00007fc11c013000 Thread added: 0x00007fc11c013000


Dynamic libraries:
00400000-00401000 r-xp 00000000 08:17 3810873                            /usr/local/jdk1.8.0_152/bin/java
00600000-00601000 rw-p 00000000 08:17 3810873                            /usr/local/jdk1.8.0_152/bin/java
01fd9000-0212c000 rw-p 00000000 00:00 0                                  [heap]
86200000-8b380000 rw-p 00000000 00:00 0 
8b380000-d7600000 ---p 00000000 00:00 0 
d7600000-dfc00000 rw-p 00000000 00:00 0 
dfc00000-100000000 ---p 00000000 00:00 0 
100000000-100120000 rw-p 00000000 00:00 0 
100120000-140000000 ---p 00000000 00:00 0 
7fc0f0000000-7fc0f0021000 rw-p 00000000 00:00 0 
7fc0f0021000-7fc0f4000000 ---p 00000000 00:00 0 
7fc0f8000000-7fc0f8132000 rw-p 00000000 00:00 0 
7fc0f8132000-7fc0fc000000 ---p 00000000 00:00 0 
7fc0fc000000-7fc0fc1a9000 rw-p 00000000 00:00 0 
7fc0fc1a9000-7fc100000000 ---p 00000000 00:00 0 
7fc100000000-7fc100132000 rw-p 00000000 00:00 0 
7fc100132000-7fc104000000 ---p 00000000 00:00 0 
7fc104000000-7fc1041a9000 rw-p 00000000 00:00 0 
7fc1041a9000-7fc108000000 ---p 00000000 00:00 0 
7fc108000000-7fc108021000 rw-p 00000000 00:00 0 
7fc108021000-7fc10c000000 ---p 00000000 00:00 0 
7fc10c000000-7fc10c1a8000 rw-p 00000000 00:00 0 
7fc10c1a8000-7fc110000000 ---p 00000000 00:00 0 
7fc110000000-7fc110132000 rw-p 00000000 00:00 0 
7fc110132000-7fc114000000 ---p 00000000 00:00 0 
7fc114000000-7fc114021000 rw-p 00000000 00:00 0 
7fc114021000-7fc118000000 ---p 00000000 00:00 0 
7fc118000000-7fc118134000 rw-p 00000000 00:00 0 
7fc118134000-7fc11c000000 ---p 00000000 00:00 0 
7fc11c000000-7fc11c021000 rw-p 00000000 00:00 0 
7fc11c021000-7fc120000000 ---p 00000000 00:00 0 
7fc120000000-7fc120021000 rw-p 00000000 00:00 0 
7fc120021000-7fc124000000 ---p 00000000 00:00 0 
7fc12499b000-7fc12499e000 ---p 00000000 00:00 0 
7fc12499e000-7fc124a9c000 rw-p 00000000 00:00 0 
7fc124a9c000-7fc124a9f000 ---p 00000000 00:00 0 
7fc124a9f000-7fc124b9d000 rw-p 00000000 00:00 0 
7fc124b9d000-7fc124ba0000 ---p 00000000 00:00 0 
7fc124ba0000-7fc124c9e000 rw-p 00000000 00:00 0 
7fc124c9e000-7fc124ca1000 ---p 00000000 00:00 0 
7fc124ca1000-7fc124d9f000 rw-p 00000000 00:00 0 
7fc124d9f000-7fc124da2000 ---p 00000000 00:00 0 
7fc124da2000-7fc124ea0000 rw-p 00000000 00:00 0 
7fc124ea0000-7fc124ea3000 ---p 00000000 00:00 0 
7fc124ea3000-7fc124fa1000 rw-p 00000000 00:00 0 
7fc124fa1000-7fc124fa4000 ---p 00000000 00:00 0 
7fc124fa4000-7fc1250a2000 rw-p 00000000 00:00 0 
7fc1250a2000-7fc1250a5000 ---p 00000000 00:00 0 
7fc1250a5000-7fc1251a3000 rw-p 00000000 00:00 0 
7fc1251a3000-7fc1251a6000 ---p 00000000 00:00 0 
7fc1251a6000-7fc1252a4000 rw-p 00000000 00:00 0 
7fc1252a4000-7fc1252a7000 ---p 00000000 00:00 0 
7fc1252a7000-7fc1267a6000 rw-p 00000000 00:00 0 
7fc1267a6000-7fc1267a7000 ---p 00000000 00:00 0 
7fc1267a7000-7fc126fa7000 rw-p 00000000 00:00 0 
7fc126fa7000-7fc126fa8000 ---p 00000000 00:00 0 
7fc126fa8000-7fc1277a8000 rw-p 00000000 00:00 0 
7fc1277a8000-7fc1277a9000 ---p 00000000 00:00 0 
7fc1277a9000-7fc127fa9000 rw-p 00000000 00:00 0 
7fc127fa9000-7fc127faa000 ---p 00000000 00:00 0 
7fc127faa000-7fc1287aa000 rw-p 00000000 00:00 0 
7fc1287aa000-7fc1287ab000 ---p 00000000 00:00 0 
7fc1287ab000-7fc128fab000 rw-p 00000000 00:00 0 
7fc128fab000-7fc128fac000 ---p 00000000 00:00 0 
7fc128fac000-7fc1297ac000 rw-p 00000000 00:00 0 
7fc1297ac000-7fc1297ad000 ---p 00000000 00:00 0 
7fc1297ad000-7fc129fad000 rw-p 00000000 00:00 0 
7fc129fad000-7fc129fae000 ---p 00000000 00:00 0 
7fc129fae000-7fc12a7ae000 rw-p 00000000 00:00 0 
7fc12a7ae000-7fc12a7af000 ---p 00000000 00:00 0 
7fc12a7af000-7fc12afaf000 rw-p 00000000 00:00 0 
7fc12afaf000-7fc12afb0000 ---p 00000000 00:00 0 
7fc12afb0000-7fc12b7b0000 rw-p 00000000 00:00 0 
7fc12b7b0000-7fc12b7b1000 ---p 00000000 00:00 0 
7fc12b7b1000-7fc12bfb1000 rw-p 00000000 00:00 0 
7fc12bfb1000-7fc12bfb2000 ---p 00000000 00:00 0 
7fc12bfb2000-7fc1303b4000 rw-p 00000000 00:00 0 
7fc1303b4000-7fc1303b5000 ---p 00000000 00:00 0 
7fc1303b5000-7fc130bb5000 rw-p 00000000 00:00 0 
7fc130bb5000-7fc130bb6000 ---p 00000000 00:00 0 
7fc130bb6000-7fc1313b6000 rw-p 00000000 00:00 0 
7fc1313b6000-7fc1313b7000 ---p 00000000 00:00 0 
7fc1313b7000-7fc131bb7000 rw-p 00000000 00:00 0 
7fc131bb7000-7fc131bb8000 ---p 00000000 00:00 0 
7fc131bb8000-7fc1323b8000 rw-p 00000000 00:00 0 
7fc1323b8000-7fc1323b9000 ---p 00000000 00:00 0 
7fc1323b9000-7fc132bb9000 rw-p 00000000 00:00 0 
7fc132bb9000-7fc132bba000 ---p 00000000 00:00 0 
7fc132bba000-7fc1333ba000 rw-p 00000000 00:00 0 
7fc1333ba000-7fc1333bb000 ---p 00000000 00:00 0 
7fc1333bb000-7fc133bbb000 rw-p 00000000 00:00 0 
7fc133bbb000-7fc133bbc000 ---p 00000000 00:00 0 
7fc133bbc000-7fc1343bc000 rw-p 00000000 00:00 0 
7fc1343bc000-7fc1343bd000 ---p 00000000 00:00 0 
7fc1343bd000-7fc134bbd000 rw-p 00000000 00:00 0 
7fc134bbd000-7fc134bbe000 ---p 00000000 00:00 0 
7fc134bbe000-7fc1353be000 rw-p 00000000 00:00 0 
7fc1353be000-7fc1353bf000 ---p 00000000 00:00 0 
7fc1353bf000-7fc135bbf000 rw-p 00000000 00:00 0 
7fc135bbf000-7fc135bc0000 ---p 00000000 00:00 0 
7fc135bc0000-7fc139fc2000 rw-p 00000000 00:00 0 
7fc139fc2000-7fc139fc3000 ---p 00000000 00:00 0 
7fc139fc3000-7fc13a7c3000 rw-p 00000000 00:00 0 
7fc13a7c3000-7fc13a7c4000 ---p 00000000 00:00 0 
7fc13a7c4000-7fc13afc4000 rw-p 00000000 00:00 0 
7fc13afc4000-7fc13afc5000 ---p 00000000 00:00 0 
7fc13afc5000-7fc13b7c5000 rw-p 00000000 00:00 0 
7fc13b7c5000-7fc13b7c6000 ---p 00000000 00:00 0 
7fc13b7c6000-7fc13bfc6000 rw-p 00000000 00:00 0 
7fc13bfc6000-7fc13bfc7000 ---p 00000000 00:00 0 
7fc13bfc7000-7fc13c7c7000 rw-p 00000000 00:00 0 
7fc13c7c7000-7fc13c7c8000 ---p 00000000 00:00 0 
7fc13c7c8000-7fc13cfc8000 rw-p 00000000 00:00 0 
7fc13cfc8000-7fc13cfc9000 ---p 00000000 00:00 0 
7fc13cfc9000-7fc13d7c9000 rw-p 00000000 00:00 0 
7fc13d7c9000-7fc13d7ca000 ---p 00000000 00:00 0 
7fc13d7ca000-7fc13dfca000 rw-p 00000000 00:00 0 
7fc13dfca000-7fc13dfcb000 ---p 00000000 00:00 0 
7fc13dfcb000-7fc13e7cb000 rw-p 00000000 00:00 0 
7fc13e7cb000-7fc13e7cc000 ---p 00000000 00:00 0 
7fc13e7cc000-7fc13efcc000 rw-p 00000000 00:00 0 
7fc13efcc000-7fc13efcd000 ---p 00000000 00:00 0 
7fc13efcd000-7fc13f7cd000 rw-p 00000000 00:00 0 
7fc13f7cd000-7fc13f7ce000 ---p 00000000 00:00 0 
7fc13f7ce000-7fc143bd0000 rw-p 00000000 00:00 0 
7fc143bd0000-7fc143bd1000 ---p 00000000 00:00 0 
7fc143bd1000-7fc1443d1000 rw-p 00000000 00:00 0 
7fc1443d1000-7fc1443d2000 ---p 00000000 00:00 0 
7fc1443d2000-7fc144bd2000 rw-p 00000000 00:00 0 
7fc144bd2000-7fc144bd3000 ---p 00000000 00:00 0 
7fc144bd3000-7fc1453d3000 rw-p 00000000 00:00 0 
7fc1453d3000-7fc1453d4000 ---p 00000000 00:00 0 
7fc1453d4000-7fc145bd4000 rw-p 00000000 00:00 0 
7fc145bd4000-7fc145bd5000 ---p 00000000 00:00 0 
7fc145bd5000-7fc1463d5000 rw-p 00000000 00:00 0 
7fc1463d5000-7fc1463d6000 ---p 00000000 00:00 0 
7fc1463d6000-7fc146bd6000 rw-p 00000000 00:00 0 
7fc146bd6000-7fc146bd7000 ---p 00000000 00:00 0 
7fc146bd7000-7fc1473d7000 rw-p 00000000 00:00 0 
7fc1473d7000-7fc1473d8000 ---p 00000000 00:00 0 
7fc1473d8000-7fc147bd8000 rw-p 00000000 00:00 0 
7fc147bd8000-7fc147bd9000 ---p 00000000 00:00 0 
7fc147bd9000-7fc1483d9000 rw-p 00000000 00:00 0 
7fc1483d9000-7fc1483da000 ---p 00000000 00:00 0 
7fc1483da000-7fc148bda000 rw-p 00000000 00:00 0 
7fc148bda000-7fc148bdb000 ---p 00000000 00:00 0 
7fc148bdb000-7fc1493db000 rw-p 00000000 00:00 0 
7fc1493db000-7fc1493dc000 ---p 00000000 00:00 0 
7fc1493dc000-7fc14d7de000 rw-p 00000000 00:00 0 
7fc14d7de000-7fc14d7df000 ---p 00000000 00:00 0 
7fc14d7df000-7fc14dfdf000 rw-p 00000000 00:00 0 
7fc14dfdf000-7fc14dfe0000 ---p 00000000 00:00 0 
7fc14dfe0000-7fc14e7e0000 rw-p 00000000 00:00 0 
7fc14e7e0000-7fc14e7e1000 ---p 00000000 00:00 0 
7fc14e7e1000-7fc14efe1000 rw-p 00000000 00:00 0 
7fc14efe1000-7fc14efe2000 ---p 00000000 00:00 0 
7fc14efe2000-7fc14f7e2000 rw-p 00000000 00:00 0 
7fc14f7e2000-7fc14f7e3000 ---p 00000000 00:00 0 
7fc14f7e3000-7fc14ffe3000 rw-p 00000000 00:00 0 
7fc14ffe3000-7fc14ffe4000 ---p 00000000 00:00 0 
7fc14ffe4000-7fc1507e4000 rw-p 00000000 00:00 0 
7fc1507e4000-7fc1507e5000 ---p 00000000 00:00 0 
7fc1507e5000-7fc150fe5000 rw-p 00000000 00:00 0 
7fc150fe5000-7fc150fe6000 ---p 00000000 00:00 0 
7fc150fe6000-7fc1517e6000 rw-p 00000000 00:00 0 
7fc1517e6000-7fc1517e7000 ---p 00000000 00:00 0 
7fc1517e7000-7fc151fe7000 rw-p 00000000 00:00 0 
7fc151fe7000-7fc151fe8000 ---p 00000000 00:00 0 
7fc151fe8000-7fc1527e8000 rw-p 00000000 00:00 0 
7fc1527e8000-7fc1527e9000 ---p 00000000 00:00 0 
7fc1527e9000-7fc152fe9000 rw-p 00000000 00:00 0 
7fc152fe9000-7fc152fea000 ---p 00000000 00:00 0 
7fc152fea000-7fc1573ec000 rw-p 00000000 00:00 0 
7fc1573ec000-7fc1573ed000 ---p 00000000 00:00 0 
7fc1573ed000-7fc157bed000 rw-p 00000000 00:00 0 
7fc157bed000-7fc157bee000 ---p 00000000 00:00 0 
7fc157bee000-7fc1583ee000 rw-p 00000000 00:00 0 
7fc1583ee000-7fc1583ef000 ---p 00000000 00:00 0 
7fc1583ef000-7fc158bef000 rw-p 00000000 00:00 0 
7fc158bef000-7fc158bf0000 ---p 00000000 00:00 0 
7fc158bf0000-7fc1593f0000 rw-p 00000000 00:00 0 
7fc1593f0000-7fc1593f1000 ---p 00000000 00:00 0 
7fc1593f1000-7fc159bf1000 rw-p 00000000 00:00 0 
7fc159bf1000-7fc159bf2000 ---p 00000000 00:00 0 
7fc159bf2000-7fc15a3f2000 rw-p 00000000 00:00 0 
7fc15a3f2000-7fc15a3f3000 ---p 00000000 00:00 0 
7fc15a3f3000-7fc15abf3000 rw-p 00000000 00:00 0 
7fc15abf3000-7fc15abf4000 ---p 00000000 00:00 0 
7fc15abf4000-7fc15b3f4000 rw-p 00000000 00:00 0 
7fc15b3f4000-7fc15b3f5000 ---p 00000000 00:00 0 
7fc15b3f5000-7fc15bbf5000 rw-p 00000000 00:00 0 
7fc15bbf5000-7fc15bbf6000 ---p 00000000 00:00 0 
7fc15bbf6000-7fc15c3f6000 rw-p 00000000 00:00 0 
7fc15c3f6000-7fc15c3f7000 ---p 00000000 00:00 0 
7fc15c3f7000-7fc15cbf7000 rw-p 00000000 00:00 0 
7fc15cbf7000-7fc15cbf8000 ---p 00000000 00:00 0 
7fc15cbf8000-7fc160ffa000 rw-p 00000000 00:00 0 
7fc160ffa000-7fc160ffb000 ---p 00000000 00:00 0 
7fc160ffb000-7fc1617fb000 rw-p 00000000 00:00 0 
7fc1617fb000-7fc1617fc000 ---p 00000000 00:00 0 
7fc1617fc000-7fc161ffc000 rw-p 00000000 00:00 0 
7fc161ffc000-7fc161ffd000 ---p 00000000 00:00 0 
7fc161ffd000-7fc1627fd000 rw-p 00000000 00:00 0 
7fc1627fd000-7fc1627fe000 ---p 00000000 00:00 0 
7fc1627fe000-7fc162ffe000 rw-p 00000000 00:00 0 
7fc162ffe000-7fc162fff000 ---p 00000000 00:00 0 
7fc162fff000-7fc1637ff000 rw-p 00000000 00:00 0 
7fc1637ff000-7fc163800000 ---p 00000000 00:00 0 
7fc163800000-7fc164000000 rw-p 00000000 00:00 0 
7fc164000000-7fc164047000 rw-p 00000000 00:00 0 
7fc164047000-7fc168000000 ---p 00000000 00:00 0 
7fc1680f6000-7fc1680f9000 ---p 00000000 00:00 0 
7fc1680f9000-7fc1681f7000 rw-p 00000000 00:00 0 
7fc1681f7000-7fc1681fa000 ---p 00000000 00:00 0 
7fc1681fa000-7fc1682f8000 rw-p 00000000 00:00 0 
7fc1682f8000-7fc1682fb000 ---p 00000000 00:00 0 
7fc1682fb000-7fc1683f9000 rw-p 00000000 00:00 0 
7fc1683f9000-7fc1683fc000 ---p 00000000 00:00 0 
7fc1683fc000-7fc1684fa000 rw-p 00000000 00:00 0 
7fc1684fa000-7fc1684fd000 ---p 00000000 00:00 0 
7fc1684fd000-7fc1685fb000 rw-p 00000000 00:00 0 
7fc1685fb000-7fc1685fe000 ---p 00000000 00:00 0 
7fc1685fe000-7fc1686fc000 rw-p 00000000 00:00 0 
7fc1686fc000-7fc1686ff000 ---p 00000000 00:00 0 
7fc1686ff000-7fc1687fd000 rw-p 00000000 00:00 0 
7fc1687fd000-7fc1687fe000 ---p 00000000 00:00 0 
7fc1687fe000-7fc168ffe000 rw-p 00000000 00:00 0 
7fc168ffe000-7fc168fff000 ---p 00000000 00:00 0 
7fc168fff000-7fc16c000000 rw-p 00000000 00:00 0 
7fc16c000000-7fc16c178000 rw-p 00000000 00:00 0 
7fc16c178000-7fc170000000 ---p 00000000 00:00 0 
7fc170003000-7fc170006000 ---p 00000000 00:00 0 
7fc170006000-7fc170104000 rw-p 00000000 00:00 0 
7fc170104000-7fc170107000 ---p 00000000 00:00 0 
7fc170107000-7fc170205000 rw-p 00000000 00:00 0 
7fc170205000-7fc170208000 ---p 00000000 00:00 0 
7fc170208000-7fc170306000 rw-p 00000000 00:00 0 
7fc170306000-7fc170309000 ---p 00000000 00:00 0 
7fc170309000-7fc170407000 rw-p 00000000 00:00 0 
7fc170407000-7fc17040a000 ---p 00000000 00:00 0 
7fc17040a000-7fc170508000 rw-p 00000000 00:00 0 
7fc170508000-7fc17050b000 ---p 00000000 00:00 0 
7fc17050b000-7fc170609000 rw-p 00000000 00:00 0 
7fc170609000-7fc17060a000 ---p 00000000 00:00 0 
7fc17060a000-7fc170e0a000 rw-p 00000000 00:00 0 
7fc170e0a000-7fc170e0b000 ---p 00000000 00:00 0 
7fc170e0b000-7fc17160b000 rw-p 00000000 00:00 0 
7fc17160b000-7fc17160c000 ---p 00000000 00:00 0 
7fc17160c000-7fc171e0c000 rw-p 00000000 00:00 0 
7fc171e0c000-7fc171e0d000 ---p 00000000 00:00 0 
7fc171e0d000-7fc17260d000 rw-p 00000000 00:00 0 
7fc17260d000-7fc17260e000 ---p 00000000 00:00 0 
7fc17260e000-7fc172e0e000 rw-p 00000000 00:00 0 
7fc172e0e000-7fc172f4e000 r-xp 00000000 08:17 99849                      /home/diamond/Documents/Controller/bin/linux-x86-64/libarcsoft_fsdk_face_detection.so
7fc172f4e000-7fc17314e000 ---p 00140000 08:17 99849                      /home/diamond/Documents/Controller/bin/linux-x86-64/libarcsoft_fsdk_face_detection.so
7fc17314e000-7fc17314f000 r--p 00140000 08:17 99849                      /home/diamond/Documents/Controller/bin/linux-x86-64/libarcsoft_fsdk_face_detection.so
7fc17314f000-7fc173150000 rw-p 00141000 08:17 99849                      /home/diamond/Documents/Controller/bin/linux-x86-64/libarcsoft_fsdk_face_detection.so
7fc173150000-7fc174551000 rw-p 00000000 00:00 0 
7fc174551000-7fc174552000 ---p 00000000 00:00 0 
7fc174552000-7fc174d52000 rw-p 00000000 00:00 0 
7fc174d52000-7fc174d53000 ---p 00000000 00:00 0 
7fc174d53000-7fc175553000 rw-p 00000000 00:00 0 
7fc175553000-7fc175554000 ---p 00000000 00:00 0 
7fc175554000-7fc175d54000 rw-p 00000000 00:00 0 
7fc175d54000-7fc175d55000 ---p 00000000 00:00 0 
7fc175d55000-7fc176555000 rw-p 00000000 00:00 0 
7fc176555000-7fc176556000 ---p 00000000 00:00 0 
7fc176556000-7fc176d56000 rw-p 00000000 00:00 0 
7fc176d56000-7fc176d57000 ---p 00000000 00:00 0 
7fc176d57000-7fc177557000 rw-p 00000000 00:00 0 
7fc177557000-7fc177558000 ---p 00000000 00:00 0 
7fc177558000-7fc177d58000 rw-p 00000000 00:00 0 
7fc177d58000-7fc177d59000 ---p 00000000 00:00 0 
7fc177d59000-7fc178559000 rw-p 00000000 00:00 0 
7fc178559000-7fc17855a000 ---p 00000000 00:00 0 
7fc17855a000-7fc178d5a000 rw-p 00000000 00:00 0 
7fc178d5a000-7fc178d5b000 ---p 00000000 00:00 0 
7fc178d5b000-7fc17955b000 rw-p 00000000 00:00 0 
7fc17955b000-7fc17955c000 ---p 00000000 00:00 0 
7fc17955c000-7fc179d5c000 rw-p 00000000 00:00 0 
7fc179d5c000-7fc179d5d000 ---p 00000000 00:00 0 
7fc179d5d000-7fc17a55d000 rw-p 00000000 00:00 0 
7fc17a55d000-7fc17a55e000 ---p 00000000 00:00 0 
7fc17a55e000-7fc17ae1e000 rw-p 00000000 00:00 0 
7fc17ae1e000-7fc17af5e000 ---p 00000000 00:00 0 
7fc17af5e000-7fc17af67000 r-xp 00000000 08:17 266779                     /lib/x86_64-linux-gnu/libcrypt-2.23.so
7fc17af67000-7fc17b166000 ---p 00009000 08:17 266779                     /lib/x86_64-linux-gnu/libcrypt-2.23.so
7fc17b166000-7fc17b167000 r--p 00008000 08:17 266779                     /lib/x86_64-linux-gnu/libcrypt-2.23.so
7fc17b167000-7fc17b168000 rw-p 00009000 08:17 266779                     /lib/x86_64-linux-gnu/libcrypt-2.23.so
7fc17b168000-7fc17b196000 rw-p 00000000 00:00 0 
7fc17b196000-7fc17b1dd000 r-xp 00000000 08:17 3810210                    /usr/lib/x86_64-linux-gnu/libhx509.so.5.0.0
7fc17b1dd000-7fc17b3dc000 ---p 00047000 08:17 3810210                    /usr/lib/x86_64-linux-gnu/libhx509.so.5.0.0
7fc17b3dc000-7fc17b3de000 r--p 00046000 08:17 3810210                    /usr/lib/x86_64-linux-gnu/libhx509.so.5.0.0
7fc17b3de000-7fc17b3e0000 rw-p 00048000 08:17 3810210                    /usr/lib/x86_64-linux-gnu/libhx509.so.5.0.0
7fc17b3e0000-7fc17b3e1000 rw-p 00000000 00:00 0 
7fc17b3e1000-7fc17b3ef000 r-xp 00000000 08:17 3810192                    /usr/lib/x86_64-linux-gnu/libheimbase.so.1.0.0
7fc17b3ef000-7fc17b5ee000 ---p 0000e000 08:17 3810192                    /usr/lib/x86_64-linux-gnu/libheimbase.so.1.0.0
7fc17b5ee000-7fc17b5ef000 r--p 0000d000 08:17 3810192                    /usr/lib/x86_64-linux-gnu/libheimbase.so.1.0.0
7fc17b5ef000-7fc17b5f0000 rw-p 0000e000 08:17 3810192                    /usr/lib/x86_64-linux-gnu/libheimbase.so.1.0.0
7fc17b5f0000-7fc17b617000 r-xp 00000000 08:17 3810867                    /usr/lib/x86_64-linux-gnu/libwind.so.0.0.0
7fc17b617000-7fc17b817000 ---p 00027000 08:17 3810867                    /usr/lib/x86_64-linux-gnu/libwind.so.0.0.0
7fc17b817000-7fc17b818000 r--p 00027000 08:17 3810867                    /usr/lib/x86_64-linux-gnu/libwind.so.0.0.0
7fc17b818000-7fc17b819000 rw-p 00028000 08:17 3810867                    /usr/lib/x86_64-linux-gnu/libwind.so.0.0.0
7fc17b819000-7fc17b820000 r-xp 00000000 08:17 3809925                    /usr/lib/x86_64-linux-gnu/libffi.so.6.0.4
7fc17b820000-7fc17ba1f000 ---p 00007000 08:17 3809925                    /usr/lib/x86_64-linux-gnu/libffi.so.6.0.4
7fc17ba1f000-7fc17ba20000 r--p 00006000 08:17 3809925                    /usr/lib/x86_64-linux-gnu/libffi.so.6.0.4
7fc17ba20000-7fc17ba21000 rw-p 00007000 08:17 3809925                    /usr/lib/x86_64-linux-gnu/libffi.so.6.0.4
7fc17ba21000-7fc17ba36000 r-xp 00000000 08:17 3810608                    /usr/lib/x86_64-linux-gnu/libroken.so.18.1.0
7fc17ba36000-7fc17bc35000 ---p 00015000 08:17 3810608                    /usr/lib/x86_64-linux-gnu/libroken.so.18.1.0
7fc17bc35000-7fc17bc36000 r--p 00014000 08:17 3810608                    /usr/lib/x86_64-linux-gnu/libroken.so.18.1.0
7fc17bc36000-7fc17bc37000 rw-p 00015000 08:17 3810608                    /usr/lib/x86_64-linux-gnu/libroken.so.18.1.0
7fc17bc37000-7fc17bc67000 r-xp 00000000 08:17 3810190                    /usr/lib/x86_64-linux-gnu/libhcrypto.so.4.1.0
7fc17bc67000-7fc17be67000 ---p 00030000 08:17 3810190                    /usr/lib/x86_64-linux-gnu/libhcrypto.so.4.1.0
7fc17be67000-7fc17be68000 r--p 00030000 08:17 3810190                    /usr/lib/x86_64-linux-gnu/libhcrypto.so.4.1.0
7fc17be68000-7fc17be69000 rw-p 00031000 08:17 3810190                    /usr/lib/x86_64-linux-gnu/libhcrypto.so.4.1.0
7fc17be69000-7fc17be6a000 rw-p 00000000 00:00 0 
7fc17be6a000-7fc17bf09000 r-xp 00000000 08:17 3809627                    /usr/lib/x86_64-linux-gnu/libasn1.so.8.0.0
7fc17bf09000-7fc17c108000 ---p 0009f000 08:17 3809627                    /usr/lib/x86_64-linux-gnu/libasn1.so.8.0.0
7fc17c108000-7fc17c109000 r--p 0009e000 08:17 3809627                    /usr/lib/x86_64-linux-gnu/libasn1.so.8.0.0
7fc17c109000-7fc17c10c000 rw-p 0009f000 08:17 3809627                    /usr/lib/x86_64-linux-gnu/libasn1.so.8.0.0
7fc17c10c000-7fc17c190000 r-xp 00000000 08:17 3810297                    /usr/lib/x86_64-linux-gnu/libkrb5.so.26.0.0
7fc17c190000-7fc17c38f000 ---p 00084000 08:17 3810297                    /usr/lib/x86_64-linux-gnu/libkrb5.so.26.0.0
7fc17c38f000-7fc17c392000 r--p 00083000 08:17 3810297                    /usr/lib/x86_64-linux-gnu/libkrb5.so.26.0.0
7fc17c392000-7fc17c395000 rw-p 00086000 08:17 3810297                    /usr/lib/x86_64-linux-gnu/libkrb5.so.26.0.0
7fc17c395000-7fc17c396000 rw-p 00000000 00:00 0 
7fc17c396000-7fc17c39e000 r-xp 00000000 08:17 3810194                    /usr/lib/x86_64-linux-gnu/libheimntlm.so.0.1.0
7fc17c39e000-7fc17c59d000 ---p 00008000 08:17 3810194                    /usr/lib/x86_64-linux-gnu/libheimntlm.so.0.1.0
7fc17c59d000-7fc17c59e000 r--p 00007000 08:17 3810194                    /usr/lib/x86_64-linux-gnu/libheimntlm.so.0.1.0
7fc17c59e000-7fc17c59f000 rw-p 00008000 08:17 3810194                    /usr/lib/x86_64-linux-gnu/libheimntlm.so.0.1.0
7fc17c59f000-7fc17c5a2000 r-xp 00000000 08:17 266830                     /lib/x86_64-linux-gnu/libkeyutils.so.1.5
7fc17c5a2000-7fc17c7a1000 ---p 00003000 08:17 266830                     /lib/x86_64-linux-gnu/libkeyutils.so.1.5
7fc17c7a1000-7fc17c7a2000 r--p 00002000 08:17 266830                     /lib/x86_64-linux-gnu/libkeyutils.so.1.5
7fc17c7a2000-7fc17c7a3000 rw-p 00003000 08:17 266830                     /lib/x86_64-linux-gnu/libkeyutils.so.1.5
7fc17c7a3000-7fc17c7b4000 r-xp 00000000 08:17 3810713                    /usr/lib/x86_64-linux-gnu/libtasn1.so.6.5.1
7fc17c7b4000-7fc17c9b4000 ---p 00011000 08:17 3810713                    /usr/lib/x86_64-linux-gnu/libtasn1.so.6.5.1
7fc17c9b4000-7fc17c9b5000 r--p 00011000 08:17 3810713                    /usr/lib/x86_64-linux-gnu/libtasn1.so.6.5.1
7fc17c9b5000-7fc17c9b6000 rw-p 00012000 08:17 3810713                    /usr/lib/x86_64-linux-gnu/libtasn1.so.6.5.1
7fc17c9b6000-7fc17ca0f000 r-xp 00000000 08:17 3810484                    /usr/lib/x86_64-linux-gnu/libp11-kit.so.0.1.0
7fc17ca0f000-7fc17cc0e000 ---p 00059000 08:17 3810484                    /usr/lib/x86_64-linux-gnu/libp11-kit.so.0.1.0
7fc17cc0e000-7fc17cc18000 r--p 00058000 08:17 3810484                    /usr/lib/x86_64-linux-gnu/libp11-kit.so.0.1.0
7fc17cc18000-7fc17cc1a000 rw-p 00062000 08:17 3810484                    /usr/lib/x86_64-linux-gnu/libp11-kit.so.0.1.0
7fc17cc1a000-7fc17cc57000 r-xp 00000000 08:17 3810113                    /usr/lib/x86_64-linux-gnu/libgssapi.so.3.0.0
7fc17cc57000-7fc17ce57000 ---p 0003d000 08:17 3810113                    /usr/lib/x86_64-linux-gnu/libgssapi.so.3.0.0
7fc17ce57000-7fc17ce58000 r--p 0003d000 08:17 3810113                    /usr/lib/x86_64-linux-gnu/libgssapi.so.3.0.0
7fc17ce58000-7fc17ce5a000 rw-p 0003e000 08:17 3810113                    /usr/lib/x86_64-linux-gnu/libgssapi.so.3.0.0
7fc17ce5a000-7fc17ce5b000 rw-p 00000000 00:00 0 
7fc17ce5b000-7fc17ce74000 r-xp 00000000 08:17 3810635                    /usr/lib/x86_64-linux-gnu/libsasl2.so.2.0.25
7fc17ce74000-7fc17d074000 ---p 00019000 08:17 3810635                    /usr/lib/x86_64-linux-gnu/libsasl2.so.2.0.25
7fc17d074000-7fc17d075000 r--p 00019000 08:17 3810635                    /usr/lib/x86_64-linux-gnu/libsasl2.so.2.0.25
7fc17d075000-7fc17d076000 rw-p 0001a000 08:17 3810635                    /usr/lib/x86_64-linux-gnu/libsasl2.so.2.0.25
7fc17d076000-7fc17d08d000 r-xp 00000000 08:17 266921                     /lib/x86_64-linux-gnu/libresolv-2.23.so
7fc17d08d000-7fc17d28d000 ---p 00017000 08:17 266921                     /lib/x86_64-linux-gnu/libresolv-2.23.so
7fc17d28d000-7fc17d28e000 r--p 00017000 08:17 266921                     /lib/x86_64-linux-gnu/libresolv-2.23.so
7fc17d28e000-7fc17d28f000 rw-p 00018000 08:17 266921                     /lib/x86_64-linux-gnu/libresolv-2.23.so
7fc17d28f000-7fc17d291000 rw-p 00000000 00:00 0 
7fc17d291000-7fc17d29b000 r-xp 00000000 08:17 3810301                    /usr/lib/x86_64-linux-gnu/libkrb5support.so.0.1
7fc17d29b000-7fc17d49a000 ---p 0000a000 08:17 3810301                    /usr/lib/x86_64-linux-gnu/libkrb5support.so.0.1
7fc17d49a000-7fc17d49b000 r--p 00009000 08:17 3810301                    /usr/lib/x86_64-linux-gnu/libkrb5support.so.0.1
7fc17d49b000-7fc17d49c000 rw-p 0000a000 08:17 3810301                    /usr/lib/x86_64-linux-gnu/libkrb5support.so.0.1
7fc17d49c000-7fc17d49f000 r-xp 00000000 08:17 266778                     /lib/x86_64-linux-gnu/libcom_err.so.2.1
7fc17d49f000-7fc17d69e000 ---p 00003000 08:17 266778                     /lib/x86_64-linux-gnu/libcom_err.so.2.1
7fc17d69e000-7fc17d69f000 r--p 00002000 08:17 266778                     /lib/x86_64-linux-gnu/libcom_err.so.2.1
7fc17d69f000-7fc17d6a0000 rw-p 00003000 08:17 266778                     /lib/x86_64-linux-gnu/libcom_err.so.2.1
7fc17d6a0000-7fc17d6cc000 r-xp 00000000 08:17 3810291                    /usr/lib/x86_64-linux-gnu/libk5crypto.so.3.1
7fc17d6cc000-7fc17d8cb000 ---p 0002c000 08:17 3810291                    /usr/lib/x86_64-linux-gnu/libk5crypto.so.3.1
7fc17d8cb000-7fc17d8cd000 r--p 0002b000 08:17 3810291                    /usr/lib/x86_64-linux-gnu/libk5crypto.so.3.1
7fc17d8cd000-7fc17d8ce000 rw-p 0002d000 08:17 3810291                    /usr/lib/x86_64-linux-gnu/libk5crypto.so.3.1
7fc17d8ce000-7fc17d8cf000 rw-p 00000000 00:00 0 
7fc17d8cf000-7fc17d992000 r-xp 00000000 08:17 3810299                    /usr/lib/x86_64-linux-gnu/libkrb5.so.3.3
7fc17d992000-7fc17db92000 ---p 000c3000 08:17 3810299                    /usr/lib/x86_64-linux-gnu/libkrb5.so.3.3
7fc17db92000-7fc17db9f000 r--p 000c3000 08:17 3810299                    /usr/lib/x86_64-linux-gnu/libkrb5.so.3.3
7fc17db9f000-7fc17dba1000 rw-p 000d0000 08:17 3810299                    /usr/lib/x86_64-linux-gnu/libkrb5.so.3.3
7fc17dba1000-7fc17dc20000 r-xp 00000000 08:17 3810058                    /usr/lib/x86_64-linux-gnu/libgmp.so.10.3.0
7fc17dc20000-7fc17de1f000 ---p 0007f000 08:17 3810058                    /usr/lib/x86_64-linux-gnu/libgmp.so.10.3.0
7fc17de1f000-7fc17de20000 r--p 0007e000 08:17 3810058                    /usr/lib/x86_64-linux-gnu/libgmp.so.10.3.0
7fc17de20000-7fc17de21000 rw-p 0007f000 08:17 3810058                    /usr/lib/x86_64-linux-gnu/libgmp.so.10.3.0
7fc17de21000-7fc17de55000 r-xp 00000000 08:17 3810421                    /usr/lib/x86_64-linux-gnu/libnettle.so.6.2
7fc17de55000-7fc17e054000 ---p 00034000 08:17 3810421                    /usr/lib/x86_64-linux-gnu/libnettle.so.6.2
7fc17e054000-7fc17e056000 r--p 00033000 08:17 3810421                    /usr/lib/x86_64-linux-gnu/libnettle.so.6.2
7fc17e056000-7fc17e057000 rw-p 00035000 08:17 3810421                    /usr/lib/x86_64-linux-gnu/libnettle.so.6.2
7fc17e057000-7fc17e089000 r-xp 00000000 08:17 3810196                    /usr/lib/x86_64-linux-gnu/libhogweed.so.4.2
7fc17e089000-7fc17e288000 ---p 00032000 08:17 3810196                    /usr/lib/x86_64-linux-gnu/libhogweed.so.4.2
7fc17e288000-7fc17e289000 r--p 00031000 08:17 3810196                    /usr/lib/x86_64-linux-gnu/libhogweed.so.4.2
7fc17e289000-7fc17e28a000 rw-p 00032000 08:17 3810196                    /usr/lib/x86_64-linux-gnu/libhogweed.so.4.2
7fc17e28a000-7fc17e3ad000 r-xp 00000000 08:17 3803369                    /usr/lib/x86_64-linux-gnu/libgnutls.so.30.6.2
7fc17e3ad000-7fc17e5ac000 ---p 00123000 08:17 3803369                    /usr/lib/x86_64-linux-gnu/libgnutls.so.30.6.2
7fc17e5ac000-7fc17e5b7000 r--p 00122000 08:17 3803369                    /usr/lib/x86_64-linux-gnu/libgnutls.so.30.6.2
7fc17e5b7000-7fc17e5b9000 rw-p 0012d000 08:17 3803369                    /usr/lib/x86_64-linux-gnu/libgnutls.so.30.6.2
7fc17e5b9000-7fc17e5ba000 rw-p 00000000 00:00 0 
7fc17e5ba000-7fc17e5d0000 r-xp 00000000 08:17 266807                     /lib/x86_64-linux-gnu/libgcc_s.so.1
7fc17e5d0000-7fc17e7cf000 ---p 00016000 08:17 266807                     /lib/x86_64-linux-gnu/libgcc_s.so.1
7fc17e7cf000-7fc17e7d0000 rw-p 00015000 08:17 266807                     /lib/x86_64-linux-gnu/libgcc_s.so.1
7fc17e7d0000-7fc17f1d5000 r-xp 00000000 08:17 99859                      /home/diamond/Documents/Controller/bin/linux-x86-64/libarcsoft_fsdk_face_recognition.so
7fc17f1d5000-7fc17f3d4000 ---p 00a05000 08:17 99859                      /home/diamond/Documents/Controller/bin/linux-x86-64/libarcsoft_fsdk_face_recognition.so
7fc17f3d4000-7fc17f3d5000 r--p 00a04000 08:17 99859                      /home/diamond/Documents/Controller/bin/linux-x86-64/libarcsoft_fsdk_face_recognition.so
7fc17f3d5000-7fc180000000 rw-p 00a05000 08:17 99859                      /home/diamond/Documents/Controller/bin/linux-x86-64/libarcsoft_fsdk_face_recognition.so
7fc180000000-7fc180132000 rw-p 00000000 00:00 0 
7fc180132000-7fc184000000 ---p 00000000 00:00 0 
7fc184000000-7fc184021000 rw-p 00000000 00:00 0 
7fc184021000-7fc188000000 ---p 00000000 00:00 0 
7fc188000000-7fc188021000 rw-p 00000000 00:00 0 
7fc188021000-7fc18c000000 ---p 00000000 00:00 0 
7fc18c000000-7fc18c021000 rw-p 00000000 00:00 0 
7fc18c021000-7fc190000000 ---p 00000000 00:00 0 
7fc190000000-7fc1902ec000 rw-p 00000000 00:00 0 
7fc1902ec000-7fc194000000 ---p 00000000 00:00 0 
7fc194000000-7fc1941e7000 rw-p 00000000 00:00 0 
7fc1941e7000-7fc198000000 ---p 00000000 00:00 0 
7fc198019000-7fc198034000 r-xp 00000000 08:17 3824821                    /usr/local/lib/libz.so.1.2.9
7fc198034000-7fc198233000 ---p 0001b000 08:17 3824821                    /usr/local/lib/libz.so.1.2.9
7fc198233000-7fc198234000 r--p 0001a000 08:17 3824821                    /usr/local/lib/libz.so.1.2.9
7fc198234000-7fc198235000 rw-p 0001b000 08:17 3824821                    /usr/local/lib/libz.so.1.2.9
7fc198235000-7fc198282000 r-xp 00000000 08:17 3810312                    /usr/lib/x86_64-linux-gnu/libldap_r-2.4.so.2.10.5
7fc198282000-7fc198481000 ---p 0004d000 08:17 3810312                    /usr/lib/x86_64-linux-gnu/libldap_r-2.4.so.2.10.5
7fc198481000-7fc198483000 r--p 0004c000 08:17 3810312                    /usr/lib/x86_64-linux-gnu/libldap_r-2.4.so.2.10.5
7fc198483000-7fc198484000 rw-p 0004e000 08:17 3810312                    /usr/lib/x86_64-linux-gnu/libldap_r-2.4.so.2.10.5
7fc198484000-7fc198486000 rw-p 00000000 00:00 0 
7fc198486000-7fc198493000 r-xp 00000000 08:17 3810307                    /usr/lib/x86_64-linux-gnu/liblber-2.4.so.2.10.5
7fc198493000-7fc198693000 ---p 0000d000 08:17 3810307                    /usr/lib/x86_64-linux-gnu/liblber-2.4.so.2.10.5
7fc198693000-7fc198694000 r--p 0000d000 08:17 3810307                    /usr/lib/x86_64-linux-gnu/liblber-2.4.so.2.10.5
7fc198694000-7fc198695000 rw-p 0000e000 08:17 3810307                    /usr/lib/x86_64-linux-gnu/liblber-2.4.so.2.10.5
7fc198695000-7fc1986dc000 r-xp 00000000 08:17 3810115                    /usr/lib/x86_64-linux-gnu/libgssapi_krb5.so.2.2
7fc1986dc000-7fc1988db000 ---p 00047000 08:17 3810115                    /usr/lib/x86_64-linux-gnu/libgssapi_krb5.so.2.2
7fc1988db000-7fc1988dd000 r--p 00046000 08:17 3810115                    /usr/lib/x86_64-linux-gnu/libgssapi_krb5.so.2.2
7fc1988dd000-7fc1988df000 rw-p 00048000 08:17 3810115                    /usr/lib/x86_64-linux-gnu/libgssapi_krb5.so.2.2
7fc1988df000-7fc198af9000 r-xp 00000000 08:17 266823                     /lib/x86_64-linux-gnu/libcrypto.so.1.0.0
7fc198af9000-7fc198cf8000 ---p 0021a000 08:17 266823                     /lib/x86_64-linux-gnu/libcrypto.so.1.0.0
7fc198cf8000-7fc198d14000 r--p 00219000 08:17 266823                     /lib/x86_64-linux-gnu/libcrypto.so.1.0.0
7fc198d14000-7fc198d20000 rw-p 00235000 08:17 266823                     /lib/x86_64-linux-gnu/libcrypto.so.1.0.0
7fc198d20000-7fc198d23000 rw-p 00000000 00:00 0 
7fc198d23000-7fc198d81000 r-xp 00000000 08:17 266822                     /lib/x86_64-linux-gnu/libssl.so.1.0.0
7fc198d81000-7fc198f81000 ---p 0005e000 08:17 266822                     /lib/x86_64-linux-gnu/libssl.so.1.0.0
7fc198f81000-7fc198f85000 r--p 0005e000 08:17 266822                     /lib/x86_64-linux-gnu/libssl.so.1.0.0
7fc198f85000-7fc198f8c000 rw-p 00062000 08:17 266822                     /lib/x86_64-linux-gnu/libssl.so.1.0.0
7fc198f8c000-7fc198fa7000 r-xp 00000000 08:17 3810616                    /usr/lib/x86_64-linux-gnu/librtmp.so.1
7fc198fa7000-7fc1991a6000 ---p 0001b000 08:17 3810616                    /usr/lib/x86_64-linux-gnu/librtmp.so.1
7fc1991a6000-7fc1991a7000 r--p 0001a000 08:17 3810616                    /usr/lib/x86_64-linux-gnu/librtmp.so.1
7fc1991a7000-7fc1991a8000 rw-p 0001b000 08:17 3810616                    /usr/lib/x86_64-linux-gnu/librtmp.so.1
7fc1991a8000-7fc19931a000 r-xp 00000000 08:17 3803290                    /usr/lib/x86_64-linux-gnu/libstdc++.so.6.0.21
7fc19931a000-7fc19951a000 ---p 00172000 08:17 3803290                    /usr/lib/x86_64-linux-gnu/libstdc++.so.6.0.21
7fc19951a000-7fc199524000 r--p 00172000 08:17 3803290                    /usr/lib/x86_64-linux-gnu/libstdc++.so.6.0.21
7fc199524000-7fc199526000 rw-p 0017c000 08:17 3803290                    /usr/lib/x86_64-linux-gnu/libstdc++.so.6.0.21
7fc199526000-7fc19952a000 rw-p 00000000 00:00 0 
7fc19952a000-7fc1995f9000 r-xp 00000000 08:17 3810694                    /usr/lib/x86_64-linux-gnu/libsqlite3.so.0.8.6
7fc1995f9000-7fc1997f9000 ---p 000cf000 08:17 3810694                    /usr/lib/x86_64-linux-gnu/libsqlite3.so.0.8.6
7fc1997f9000-7fc1997fc000 r--p 000cf000 08:17 3810694                    /usr/lib/x86_64-linux-gnu/libsqlite3.so.0.8.6
7fc1997fc000-7fc1997fe000 rw-p 000d2000 08:17 3810694                    /usr/lib/x86_64-linux-gnu/libsqlite3.so.0.8.6
7fc1997fe000-7fc19c000000 rw-p 00000000 00:00 0 
7fc19c000000-7fc19c397000 rw-p 00000000 00:00 0 
7fc19c397000-7fc1a0000000 ---p 00000000 00:00 0 
7fc1a0017000-7fc1a0048000 r-xp 00000000 08:17 3803367                    /usr/lib/x86_64-linux-gnu/libidn.so.11.6.15
7fc1a0048000-7fc1a0248000 ---p 00031000 08:17 3803367                    /usr/lib/x86_64-linux-gnu/libidn.so.11.6.15
7fc1a0248000-7fc1a0249000 r--p 00031000 08:17 3803367                    /usr/lib/x86_64-linux-gnu/libidn.so.11.6.15
7fc1a0249000-7fc1a024a000 rw-p 00032000 08:17 3803367                    /usr/lib/x86_64-linux-gnu/libidn.so.11.6.15
7fc1a024a000-7fc1a02b5000 r-xp 00000000 08:17 3801208                    /usr/lib/x86_64-linux-gnu/libcurl.so.4.4.0
7fc1a02b5000-7fc1a04b5000 ---p 0006b000 08:17 3801208                    /usr/lib/x86_64-linux-gnu/libcurl.so.4.4.0
7fc1a04b5000-7fc1a04b8000 r--p 0006b000 08:17 3801208                    /usr/lib/x86_64-linux-gnu/libcurl.so.4.4.0
7fc1a04b8000-7fc1a04b9000 rw-p 0006e000 08:17 3801208                    /usr/lib/x86_64-linux-gnu/libcurl.so.4.4.0
7fc1a04b9000-7fc1a04d1000 r-xp 00000000 08:17 3594263                    /tmp/jna-1655054676/jna798369579542028225.tmp (deleted)
7fc1a04d1000-7fc1a06d0000 ---p 00018000 08:17 3594263                    /tmp/jna-1655054676/jna798369579542028225.tmp (deleted)
7fc1a06d0000-7fc1a06d2000 rw-p 00017000 08:17 3594263                    /tmp/jna-1655054676/jna798369579542028225.tmp (deleted)
7fc1a06d2000-7fc1a06e3000 r-xp 00000000 08:17 3880230                    /usr/local/jdk1.8.0_152/jre/lib/amd64/libnio.so
7fc1a06e3000-7fc1a08e2000 ---p 00011000 08:17 3880230                    /usr/local/jdk1.8.0_152/jre/lib/amd64/libnio.so
7fc1a08e2000-7fc1a08e3000 rw-p 00010000 08:17 3880230                    /usr/local/jdk1.8.0_152/jre/lib/amd64/libnio.so
7fc1a08e3000-7fc1a08e6000 ---p 00000000 00:00 0 
7fc1a08e6000-7fc1a09e4000 rw-p 00000000 00:00 0 
7fc1a09e4000-7fc1a09e5000 ---p 00000000 00:00 0 
7fc1a09e5000-7fc1a0ae5000 rw-p 00000000 00:00 0 
7fc1a0ae5000-7fc1a0ae8000 ---p 00000000 00:00 0 
7fc1a0ae8000-7fc1a0be6000 rw-p 00000000 00:00 0 
7fc1a0be6000-7fc1a0be9000 ---p 00000000 00:00 0 
7fc1a0be9000-7fc1a0ce7000 rw-p 00000000 00:00 0 
7fc1a0ce7000-7fc1a0cea000 ---p 00000000 00:00 0 
7fc1a0cea000-7fc1a3de9000 rw-p 00000000 00:00 0 
7fc1a3de9000-7fc1a3dff000 r-xp 00000000 08:17 3880227                    /usr/local/jdk1.8.0_152/jre/lib/amd64/libnet.so
7fc1a3dff000-7fc1a3fff000 ---p 00016000 08:17 3880227                    /usr/local/jdk1.8.0_152/jre/lib/amd64/libnet.so
7fc1a3fff000-7fc1a4000000 rw-p 00016000 08:17 3880227                    /usr/local/jdk1.8.0_152/jre/lib/amd64/libnet.so
7fc1a4000000-7fc1a4021000 rw-p 00000000 00:00 0 
7fc1a4021000-7fc1a8000000 ---p 00000000 00:00 0 
7fc1a8000000-7fc1a8021000 rw-p 00000000 00:00 0 
7fc1a8021000-7fc1ac000000 ---p 00000000 00:00 0 
7fc1ac000000-7fc1ac021000 rw-p 00000000 00:00 0 
7fc1ac021000-7fc1b0000000 ---p 00000000 00:00 0 
7fc1b0000000-7fc1b0021000 rw-p 00000000 00:00 0 
7fc1b0021000-7fc1b4000000 ---p 00000000 00:00 0 
7fc1b4000000-7fc1b4021000 rw-p 00000000 00:00 0 
7fc1b4021000-7fc1b8000000 ---p 00000000 00:00 0 
7fc1b8000000-7fc1b8021000 rw-p 00000000 00:00 0 
7fc1b8021000-7fc1bc000000 ---p 00000000 00:00 0 
7fc1bc000000-7fc1bc021000 rw-p 00000000 00:00 0 
7fc1bc021000-7fc1c0000000 ---p 00000000 00:00 0 
7fc1c0000000-7fc1c0021000 rw-p 00000000 00:00 0 
7fc1c0021000-7fc1c4000000 ---p 00000000 00:00 0 
7fc1c4000000-7fc1c4021000 rw-p 00000000 00:00 0 
7fc1c4021000-7fc1c8000000 ---p 00000000 00:00 0 
7fc1c800f000-7fc1c8012000 ---p 00000000 00:00 0 
7fc1c8012000-7fc1c8048000 rw-p 00000000 00:00 0 
7fc1c8048000-7fc1c804b000 ---p 00000000 00:00 0 
7fc1c804b000-7fc1c8149000 rw-p 00000000 00:00 0 
7fc1c8149000-7fc1c814c000 ---p 00000000 00:00 0 
7fc1c814c000-7fc1c824a000 rw-p 00000000 00:00 0 
7fc1c824a000-7fc1c824d000 ---p 00000000 00:00 0 
7fc1c824d000-7fc1c834b000 rw-p 00000000 00:00 0 
7fc1c834b000-7fc1c8d0a000 r--p 00000000 08:17 3808503                    /usr/lib/locale/locale-archive
7fc1c8d0a000-7fc1c8d0d000 ---p 00000000 00:00 0 
7fc1c8d0d000-7fc1c8e0b000 rw-p 00000000 00:00 0 
7fc1c8e0b000-7fc1c8e0e000 ---p 00000000 00:00 0 
7fc1c8e0e000-7fc1c8f0c000 rw-p 00000000 00:00 0 
7fc1c8f0c000-7fc1c8f0d000 ---p 00000000 00:00 0 
7fc1c8f0d000-7fc1cd000000 rw-p 00000000 00:00 0 
7fc1cd000000-7fc1cd3e0000 rwxp 00000000 00:00 0 
7fc1cd3e0000-7fc1dc000000 ---p 00000000 00:00 0 
7fc1dc000000-7fc1dcc2c000 rw-p 00000000 00:00 0 
7fc1dcc2c000-7fc1e0000000 ---p 00000000 00:00 0 
7fc1e0034000-7fc1e0039000 r--s 0009a000 08:17 3880107                    /usr/local/jdk1.8.0_152/jre/lib/jsse.jar
7fc1e0039000-7fc1e003e000 r--s 002f9000 08:17 3880056                    /usr/local/jdk1.8.0_152/jre/lib/charsets.jar
7fc1e003e000-7fc1e0048000 r--s 000eb000 08:17 69177                      /home/diamond/Documents/Controller/lib/mysql-connector-java-5.1.44-bin.jar
7fc1e0048000-7fc1e004b000 r--s 00024000 08:17 79461                      /home/diamond/Documents/Controller/lib/json-lib-2.4-jdk15.jar
7fc1e004b000-7fc1e004f000 r--s 00107000 08:17 69176                      /home/diamond/Documents/Controller/lib/jna-4.4.0.jar
7fc1e004f000-7fc1e005d000 r--s 0007f000 08:17 79458                      /home/diamond/Documents/Controller/lib/commons-collections-3.2.1.jar
7fc1e005d000-7fc1e00f2000 r--s 01113000 08:17 3880111                    /usr/local/jdk1.8.0_152/jre/lib/ext/jfxrt.jar
7fc1e00f2000-7fc1e0d4d000 rw-p 00000000 00:00 0 
7fc1e0d4d000-7fc1e0f27000 r--s 03d5f000 08:17 3880058                    /usr/local/jdk1.8.0_152/jre/lib/rt.jar
7fc1e0f27000-7fc1e1b6c000 rw-p 00000000 00:00 0 
7fc1e1b6c000-7fc1e1b6d000 ---p 00000000 00:00 0 
7fc1e1b6d000-7fc1e1c6d000 rw-p 00000000 00:00 0 
7fc1e1c6d000-7fc1e1c6e000 ---p 00000000 00:00 0 
7fc1e1c6e000-7fc1e1d6e000 rw-p 00000000 00:00 0 
7fc1e1d6e000-7fc1e1d6f000 ---p 00000000 00:00 0 
7fc1e1d6f000-7fc1e1e6f000 rw-p 00000000 00:00 0 
7fc1e1e6f000-7fc1e1e70000 ---p 00000000 00:00 0 
7fc1e1e70000-7fc1e1f99000 rw-p 00000000 00:00 0 
7fc1e1f99000-7fc1e21fa000 ---p 00000000 00:00 0 
7fc1e21fa000-7fc1e2223000 rw-p 00000000 00:00 0 
7fc1e2223000-7fc1e2484000 ---p 00000000 00:00 0 
7fc1e2484000-7fc1e24c7000 rw-p 00000000 00:00 0 
7fc1e24c7000-7fc1e25c9000 ---p 00000000 00:00 0 
7fc1e25c9000-7fc1e25da000 rw-p 00000000 00:00 0 
7fc1e25da000-7fc1e298a000 ---p 00000000 00:00 0 
7fc1e298a000-7fc1e29a5000 r-xp 00000000 08:17 3880223                    /usr/local/jdk1.8.0_152/jre/lib/amd64/libzip.so
7fc1e29a5000-7fc1e2ba5000 ---p 0001b000 08:17 3880223                    /usr/local/jdk1.8.0_152/jre/lib/amd64/libzip.so
7fc1e2ba5000-7fc1e2ba6000 rw-p 0001b000 08:17 3880223                    /usr/local/jdk1.8.0_152/jre/lib/amd64/libzip.so
7fc1e2ba6000-7fc1e2bb1000 r-xp 00000000 08:17 266868                     /lib/x86_64-linux-gnu/libnss_files-2.23.so
7fc1e2bb1000-7fc1e2db0000 ---p 0000b000 08:17 266868                     /lib/x86_64-linux-gnu/libnss_files-2.23.so
7fc1e2db0000-7fc1e2db1000 r--p 0000a000 08:17 266868                     /lib/x86_64-linux-gnu/libnss_files-2.23.so
7fc1e2db1000-7fc1e2db2000 rw-p 0000b000 08:17 266868                     /lib/x86_64-linux-gnu/libnss_files-2.23.so
7fc1e2db2000-7fc1e2db8000 rw-p 00000000 00:00 0 
7fc1e2db8000-7fc1e2dc3000 r-xp 00000000 08:17 266878                     /lib/x86_64-linux-gnu/libnss_nis-2.23.so
7fc1e2dc3000-7fc1e2fc2000 ---p 0000b000 08:17 266878                     /lib/x86_64-linux-gnu/libnss_nis-2.23.so
7fc1e2fc2000-7fc1e2fc3000 r--p 0000a000 08:17 266878                     /lib/x86_64-linux-gnu/libnss_nis-2.23.so
7fc1e2fc3000-7fc1e2fc4000 rw-p 0000b000 08:17 266878                     /lib/x86_64-linux-gnu/libnss_nis-2.23.so
7fc1e2fc4000-7fc1e2fda000 r-xp 00000000 08:17 266862                     /lib/x86_64-linux-gnu/libnsl-2.23.so
7fc1e2fda000-7fc1e31d9000 ---p 00016000 08:17 266862                     /lib/x86_64-linux-gnu/libnsl-2.23.so
7fc1e31d9000-7fc1e31da000 r--p 00015000 08:17 266862                     /lib/x86_64-linux-gnu/libnsl-2.23.so
7fc1e31da000-7fc1e31db000 rw-p 00016000 08:17 266862                     /lib/x86_64-linux-gnu/libnsl-2.23.so
7fc1e31db000-7fc1e31dd000 rw-p 00000000 00:00 0 
7fc1e31dd000-7fc1e31e5000 r-xp 00000000 08:17 266864                     /lib/x86_64-linux-gnu/libnss_compat-2.23.so
7fc1e31e5000-7fc1e33e4000 ---p 00008000 08:17 266864                     /lib/x86_64-linux-gnu/libnss_compat-2.23.so
7fc1e33e4000-7fc1e33e5000 r--p 00007000 08:17 266864                     /lib/x86_64-linux-gnu/libnss_compat-2.23.so
7fc1e33e5000-7fc1e33e6000 rw-p 00008000 08:17 266864                     /lib/x86_64-linux-gnu/libnss_compat-2.23.so
7fc1e33e6000-7fc1e33f0000 r-xp 00000000 08:17 3880232                    /usr/local/jdk1.8.0_152/jre/lib/amd64/libinstrument.so
7fc1e33f0000-7fc1e35ef000 ---p 0000a000 08:17 3880232                    /usr/local/jdk1.8.0_152/jre/lib/amd64/libinstrument.so
7fc1e35ef000-7fc1e35f0000 rw-p 00009000 08:17 3880232                    /usr/local/jdk1.8.0_152/jre/lib/amd64/libinstrument.so
7fc1e35f0000-7fc1e361b000 r-xp 00000000 08:17 3880217                    /usr/local/jdk1.8.0_152/jre/lib/amd64/libjava.so
7fc1e361b000-7fc1e381a000 ---p 0002b000 08:17 3880217                    /usr/local/jdk1.8.0_152/jre/lib/amd64/libjava.so
7fc1e381a000-7fc1e381c000 rw-p 0002a000 08:17 3880217                    /usr/local/jdk1.8.0_152/jre/lib/amd64/libjava.so
7fc1e381c000-7fc1e3829000 r-xp 00000000 08:17 3880222                    /usr/local/jdk1.8.0_152/jre/lib/amd64/libverify.so
7fc1e3829000-7fc1e3a29000 ---p 0000d000 08:17 3880222                    /usr/local/jdk1.8.0_152/jre/lib/amd64/libverify.so
7fc1e3a29000-7fc1e3a2b000 rw-p 0000d000 08:17 3880222                    /usr/local/jdk1.8.0_152/jre/lib/amd64/libverify.so
7fc1e3a2b000-7fc1e3a32000 r-xp 00000000 08:17 266923                     /lib/x86_64-linux-gnu/librt-2.23.so
7fc1e3a32000-7fc1e3c31000 ---p 00007000 08:17 266923                     /lib/x86_64-linux-gnu/librt-2.23.so
7fc1e3c31000-7fc1e3c32000 r--p 00006000 08:17 266923                     /lib/x86_64-linux-gnu/librt-2.23.so
7fc1e3c32000-7fc1e3c33000 rw-p 00007000 08:17 266923                     /lib/x86_64-linux-gnu/librt-2.23.so
7fc1e3c33000-7fc1e3d3b000 r-xp 00000000 08:17 266839                     /lib/x86_64-linux-gnu/libm-2.23.so
7fc1e3d3b000-7fc1e3f3a000 ---p 00108000 08:17 266839                     /lib/x86_64-linux-gnu/libm-2.23.so
7fc1e3f3a000-7fc1e3f3b000 r--p 00107000 08:17 266839                     /lib/x86_64-linux-gnu/libm-2.23.so
7fc1e3f3b000-7fc1e3f3c000 rw-p 00108000 08:17 266839                     /lib/x86_64-linux-gnu/libm-2.23.so
7fc1e3f3c000-7fc1e4c14000 r-xp 00000000 08:17 3880200                    /usr/local/jdk1.8.0_152/jre/lib/amd64/server/libjvm.so
7fc1e4c14000-7fc1e4e13000 ---p 00cd8000 08:17 3880200                    /usr/local/jdk1.8.0_152/jre/lib/amd64/server/libjvm.so
7fc1e4e13000-7fc1e4eed000 rw-p 00cd7000 08:17 3880200                    /usr/local/jdk1.8.0_152/jre/lib/amd64/server/libjvm.so
7fc1e4eed000-7fc1e4f38000 rw-p 00000000 00:00 0 
7fc1e4f38000-7fc1e50f8000 r-xp 00000000 08:17 266769                     /lib/x86_64-linux-gnu/libc-2.23.so
7fc1e50f8000-7fc1e52f8000 ---p 001c0000 08:17 266769                     /lib/x86_64-linux-gnu/libc-2.23.so
7fc1e52f8000-7fc1e52fc000 r--p 001c0000 08:17 266769                     /lib/x86_64-linux-gnu/libc-2.23.so
7fc1e52fc000-7fc1e52fe000 rw-p 001c4000 08:17 266769                     /lib/x86_64-linux-gnu/libc-2.23.so
7fc1e52fe000-7fc1e5302000 rw-p 00000000 00:00 0 
7fc1e5302000-7fc1e5305000 r-xp 00000000 08:17 266793                     /lib/x86_64-linux-gnu/libdl-2.23.so
7fc1e5305000-7fc1e5504000 ---p 00003000 08:17 266793                     /lib/x86_64-linux-gnu/libdl-2.23.so
7fc1e5504000-7fc1e5505000 r--p 00002000 08:17 266793                     /lib/x86_64-linux-gnu/libdl-2.23.so
7fc1e5505000-7fc1e5506000 rw-p 00003000 08:17 266793                     /lib/x86_64-linux-gnu/libdl-2.23.so
7fc1e5506000-7fc1e551c000 r-xp 00000000 08:17 3879918                    /usr/local/jdk1.8.0_152/lib/amd64/jli/libjli.so
7fc1e551c000-7fc1e571b000 ---p 00016000 08:17 3879918                    /usr/local/jdk1.8.0_152/lib/amd64/jli/libjli.so
7fc1e571b000-7fc1e571c000 rw-p 00015000 08:17 3879918                    /usr/local/jdk1.8.0_152/lib/amd64/jli/libjli.so
7fc1e571c000-7fc1e5734000 r-xp 00000000 08:17 266915                     /lib/x86_64-linux-gnu/libpthread-2.23.so
7fc1e5734000-7fc1e5933000 ---p 00018000 08:17 266915                     /lib/x86_64-linux-gnu/libpthread-2.23.so
7fc1e5933000-7fc1e5934000 r--p 00017000 08:17 266915                     /lib/x86_64-linux-gnu/libpthread-2.23.so
7fc1e5934000-7fc1e5935000 rw-p 00018000 08:17 266915                     /lib/x86_64-linux-gnu/libpthread-2.23.so
7fc1e5935000-7fc1e5939000 rw-p 00000000 00:00 0 
7fc1e5939000-7fc1e595f000 r-xp 00000000 08:17 266741                     /lib/x86_64-linux-gnu/ld-2.23.so
7fc1e595f000-7fc1e5961000 r--s 0001a000 08:17 18339                      /home/diamond/soft/idea-IU-173.3942.27/lib/idea_rt.jar
7fc1e5961000-7fc1e5964000 r--s 00013000 08:17 79443                      /home/diamond/Documents/Controller/lib/ezmorph-1.0.6.jar
7fc1e5964000-7fc1e5966000 r--s 0000d000 08:17 79460                      /home/diamond/Documents/Controller/lib/commons-logging-1.1.1.jar
7fc1e5966000-7fc1e596b000 r--s 00034000 08:17 79459                      /home/diamond/Documents/Controller/lib/commons-beanutils-1.8.0.jar
7fc1e596b000-7fc1e597e000 r--s 00345000 08:17 3880093                    /usr/local/jdk1.8.0_152/jre/lib/resources.jar
7fc1e597e000-7fc1e5991000 r--s 000d6000 08:17 3880030                    /usr/local/jdk1.8.0_152/jre/lib/plugin.jar
7fc1e5991000-7fc1e5992000 r--s 00000000 08:17 3880014                    /usr/local/jdk1.8.0_152/jre/lib/management-agent.jar
7fc1e5992000-7fc1e5997000 r--s 0009a000 08:17 3880107                    /usr/local/jdk1.8.0_152/jre/lib/jsse.jar
7fc1e5997000-7fc1e5999000 r--s 00007000 08:17 3880245                    /usr/local/jdk1.8.0_152/jre/lib/jfxswt.jar
7fc1e5999000-7fc1e599e000 r--s 00084000 08:17 3880007                    /usr/local/jdk1.8.0_152/jre/lib/jfr.jar
7fc1e599e000-7fc1e59a1000 r--s 0001a000 08:17 3880243                    /usr/local/jdk1.8.0_152/jre/lib/jce.jar
7fc1e59a1000-7fc1e59aa000 r--s 0006d000 08:17 3880017                    /usr/local/jdk1.8.0_152/jre/lib/javaws.jar
7fc1e59aa000-7fc1e5a2c000 rw-p 00000000 00:00 0 
7fc1e5a2c000-7fc1e5a2f000 ---p 00000000 00:00 0 
7fc1e5a2f000-7fc1e5b31000 rw-p 00000000 00:00 0 
7fc1e5b31000-7fc1e5b4d000 r--s 0020b000 08:17 3880008                    /usr/local/jdk1.8.0_152/jre/lib/deploy.jar
7fc1e5b4d000-7fc1e5b52000 r--s 002f9000 08:17 3880056                    /usr/local/jdk1.8.0_152/jre/lib/charsets.jar
7fc1e5b52000-7fc1e5b5a000 rw-s 00000000 08:17 3594262                    /tmp/hsperfdata_diamond/11395
7fc1e5b5a000-7fc1e5b5b000 rw-p 00000000 00:00 0 
7fc1e5b5b000-7fc1e5b5c000 r--p 00000000 00:00 0 
7fc1e5b5c000-7fc1e5b5e000 rw-p 00000000 00:00 0 
7fc1e5b5e000-7fc1e5b5f000 r--p 00025000 08:17 266741                     /lib/x86_64-linux-gnu/ld-2.23.so
7fc1e5b5f000-7fc1e5b60000 rw-p 00026000 08:17 266741                     /lib/x86_64-linux-gnu/ld-2.23.so
7fc1e5b60000-7fc1e5b61000 rw-p 00000000 00:00 0 
7ffee395a000-7ffee397c000 rw-p 00000000 00:00 0                          [stack]
7ffee39d6000-7ffee39d8000 r--p 00000000 00:00 0                          [vvar]
7ffee39d8000-7ffee39da000 r-xp 00000000 00:00 0                          [vdso]
ffffffffff600000-ffffffffff601000 r-xp 00000000 00:00 0                  [vsyscall]

VM Arguments:
jvm_args: -javaagent:/home/diamond/soft/idea-IU-173.3942.27/lib/idea_rt.jar=40843:/home/diamond/soft/idea-IU-173.3942.27/bin -Dfile.encoding=UTF-8 
java_command: com.moma.Controller
java_class_path (initial): /usr/local/jdk1.8.0_152/jre/lib/charsets.jar:/usr/local/jdk1.8.0_152/jre/lib/deploy.jar:/usr/local/jdk1.8.0_152/jre/lib/ext/cldrdata.jar:/usr/local/jdk1.8.0_152/jre/lib/ext/dnsns.jar:/usr/local/jdk1.8.0_152/jre/lib/ext/jaccess.jar:/usr/local/jdk1.8.0_152/jre/lib/ext/jfxrt.jar:/usr/local/jdk1.8.0_152/jre/lib/ext/localedata.jar:/usr/local/jdk1.8.0_152/jre/lib/ext/nashorn.jar:/usr/local/jdk1.8.0_152/jre/lib/ext/sunec.jar:/usr/local/jdk1.8.0_152/jre/lib/ext/sunjce_provider.jar:/usr/local/jdk1.8.0_152/jre/lib/ext/sunpkcs11.jar:/usr/local/jdk1.8.0_152/jre/lib/ext/zipfs.jar:/usr/local/jdk1.8.0_152/jre/lib/javaws.jar:/usr/local/jdk1.8.0_152/jre/lib/jce.jar:/usr/local/jdk1.8.0_152/jre/lib/jfr.jar:/usr/local/jdk1.8.0_152/jre/lib/jfxswt.jar:/usr/local/jdk1.8.0_152/jre/lib/jsse.jar:/usr/local/jdk1.8.0_152/jre/lib/management-agent.jar:/usr/local/jdk1.8.0_152/jre/lib/plugin.jar:/usr/local/jdk1.8.0_152/jre/lib/resources.jar:/usr/local/jdk1.8.0_152/jre/lib/rt.jar:/home/diamond/Documents/Controller/out/production/Controller:/home/diamond/Documents/Controller/lib/commons-beanutils-1.8.0.jar:/home/diamond/Documents/Controller/lib/commons-logging-1.1.1.jar:/home/diamond/Documents/Controller/lib/commons-collections-3.2.1.jar:/home/diamond/Documents/Controller/lib/ezmorph-1.0.6.jar:/home/diamond/Documents/Controller/lib/jna-4.4.0.jar:/home/diamond/Documents/Controller/lib/json-lib-2.4-jdk15.jar:/home/diamond/Documents/Controller/lib/mysql-connector-java-5.1.44-bin.jar:/home/diamond/soft/idea-IU-173.3942.27/lib/idea_rt.jar
Launcher Type: SUN_STANDARD

Environment Variables:
JAVA_HOME=/usr/local/jdk1.8.0_152/
JRE_HOME=/usr/local/jdk1.8.0_152//jre
CLASSPATH=/home/diamond/soft/idea-IU-173.3942.27/lib/bootstrap.jar:/home/diamond/soft/idea-IU-173.3942.27/lib/extensions.jar:/home/diamond/soft/idea-IU-173.3942.27/lib/util.jar:/home/diamond/soft/idea-IU-173.3942.27/lib/jdom.jar:/home/diamond/soft/idea-IU-173.3942.27/lib/log4j.jar:/home/diamond/soft/idea-IU-173.3942.27/lib/trove4j.jar:/home/diamond/soft/idea-IU-173.3942.27/lib/jna.jar:/home/diamond/soft/idea-IU-173.3942.27/jre64/lib/tools.jar
PATH=/home/diamond/bin:/home/diamond/.local/bin:/usr/local/cuda-8.0/bin:/usr/local/sbin:/usr/local/bin:/usr/sbin:/usr/bin:/sbin:/bin:/usr/games:/usr/local/games:/snap/bin:/usr/local/jdk1.8.0_152//bin:/usr/local/jdk1.8.0_152//jre/bin
LD_LIBRARY_PATH=/usr/local/cuda-8.0/lib64
SHELL=/bin/bash
DISPLAY=:0

Signal Handlers:
SIGSEGV: [libjvm.so+0xacfec0], sa_mask[0]=11111111011111111101111111111110, sa_flags=SA_RESTART|SA_SIGINFO
SIGBUS: [libjvm.so+0xacfec0], sa_mask[0]=11111111011111111101111111111110, sa_flags=SA_RESTART|SA_SIGINFO
SIGFPE: [libjvm.so+0x927e60], sa_mask[0]=11111111011111111101111111111110, sa_flags=SA_RESTART|SA_SIGINFO
SIGPIPE: [libjvm.so+0x927e60], sa_mask[0]=11111111011111111101111111111110, sa_flags=SA_RESTART|SA_SIGINFO
SIGXFSZ: [libjvm.so+0x927e60], sa_mask[0]=11111111011111111101111111111110, sa_flags=SA_RESTART|SA_SIGINFO
SIGILL: [libjvm.so+0x927e60], sa_mask[0]=11111111011111111101111111111110, sa_flags=SA_RESTART|SA_SIGINFO
SIGUSR1: SIG_DFL, sa_mask[0]=00000000000000000000000000000000, sa_flags=none
SIGUSR2: [libjvm.so+0x9296a0], sa_mask[0]=00100000000000000000000000000000, sa_flags=SA_RESTART|SA_SIGINFO
SIGHUP: [libjvm.so+0x92aaa0], sa_mask[0]=11111111011111111101111111111110, sa_flags=SA_RESTART|SA_SIGINFO
SIGINT: [libarcsoft_fsdk_face_detection.so+0x3700], sa_mask[0]=00000000000000000000000000000000, sa_flags=SA_RESETHAND|SA_SIGINFO|SA_NOCLDWAIT|SA_NODEFER
SIGTERM: [libjvm.so+0x92aaa0], sa_mask[0]=11111111011111111101111111111110, sa_flags=SA_RESTART|SA_SIGINFO
SIGQUIT: [libjvm.so+0x92aaa0], sa_mask[0]=11111111011111111101111111111110, sa_flags=SA_RESTART|SA_SIGINFO


---------------  S Y S T E M  ---------------

OS:DISTRIB_ID=Ubuntu
DISTRIB_RELEASE=16.04
DISTRIB_CODENAME=xenial
DISTRIB_DESCRIPTION="Ubuntu 16.04.3 LTS"

uname:Linux 4.10.0-42-generic #46~16.04.1-Ubuntu SMP Mon Dec 4 15:57:59 UTC 2017 x86_64
libc:glibc 2.23 NPTL 2.23 
rlimit: STACK 8192k, CORE 0k, NPROC 30234, NOFILE 1048576, AS infinity
load average:1.92 1.72 1.12

/proc/meminfo:
MemTotal:        7986184 kB
MemFree:          343072 kB
MemAvailable:    2003116 kB
Buffers:          122136 kB
Cached:          1753612 kB
SwapCached:        10904 kB
Active:          6110940 kB
Inactive:        1109076 kB
Active(anon):    4717668 kB
Inactive(anon):   702836 kB
Active(file):    1393272 kB
Inactive(file):   406240 kB
Unevictable:         232 kB
Mlocked:             232 kB
SwapTotal:       4097020 kB
SwapFree:        4049020 kB
Dirty:             15708 kB
Writeback:             0 kB
AnonPages:       5246800 kB
Mapped:           551544 kB
Shmem:             76212 kB
Slab:             225776 kB
SReclaimable:     165856 kB
SUnreclaim:        59920 kB
KernelStack:       15728 kB
PageTables:        59624 kB
NFS_Unstable:          0 kB
Bounce:                0 kB
WritebackTmp:          0 kB
CommitLimit:     8090112 kB
Committed_AS:   12143536 kB
VmallocTotal:   34359738367 kB
VmallocUsed:           0 kB
VmallocChunk:          0 kB
HardwareCorrupted:     0 kB
AnonHugePages:   2918400 kB
ShmemHugePages:        0 kB
ShmemPmdMapped:        0 kB
CmaTotal:              0 kB
CmaFree:               0 kB
HugePages_Total:       0
HugePages_Free:        0
HugePages_Rsvd:        0
HugePages_Surp:        0
Hugepagesize:       2048 kB
DirectMap4k:      296836 kB
DirectMap2M:     7905280 kB


CPU:total 4 (initial active 4) (2 cores per cpu, 2 threads per core) family 6 model 58 stepping 9, cmov, cx8, fxsr, mmx, sse, sse2, sse3, ssse3, sse4.1, sse4.2, popcnt, avx, aes, clmul, erms, ht, tsc, tscinvbit, tscinv

/proc/cpuinfo:
processor	: 0
vendor_id	: GenuineIntel
cpu family	: 6
model		: 58
model name	: Intel(R) Core(TM) i5-3210M CPU @ 2.50GHz
stepping	: 9
microcode	: 0x15
cpu MHz		: 2899.932
cache size	: 3072 KB
physical id	: 0
siblings	: 4
core id		: 0
cpu cores	: 2
apicid		: 0
initial apicid	: 0
fpu		: yes
fpu_exception	: yes
cpuid level	: 13
wp		: yes
flags		: fpu vme de pse tsc msr pae mce cx8 apic sep mtrr pge mca cmov pat pse36 clflush dts acpi mmx fxsr sse sse2 ss ht tm pbe syscall nx rdtscp lm constant_tsc arch_perfmon pebs bts rep_good nopl xtopology nonstop_tsc aperfmperf pni pclmulqdq dtes64 monitor ds_cpl vmx est tm2 ssse3 cx16 xtpr pdcm pcid sse4_1 sse4_2 x2apic popcnt tsc_deadline_timer aes xsave avx f16c rdrand lahf_lm epb tpr_shadow vnmi flexpriority ept vpid fsgsbase smep erms xsaveopt dtherm ida arat pln pts
bugs		:
bogomips	: 4988.88
clflush size	: 64
cache_alignment	: 64
address sizes	: 36 bits physical, 48 bits virtual
power management:

processor	: 1
vendor_id	: GenuineIntel
cpu family	: 6
model		: 58
model name	: Intel(R) Core(TM) i5-3210M CPU @ 2.50GHz
stepping	: 9
microcode	: 0x15
cpu MHz		: 2899.932
cache size	: 3072 KB
physical id	: 0
siblings	: 4
core id		: 0
cpu cores	: 2
apicid		: 1
initial apicid	: 1
fpu		: yes
fpu_exception	: yes
cpuid level	: 13
wp		: yes
flags		: fpu vme de pse tsc msr pae mce cx8 apic sep mtrr pge mca cmov pat pse36 clflush dts acpi mmx fxsr sse sse2 ss ht tm pbe syscall nx rdtscp lm constant_tsc arch_perfmon pebs bts rep_good nopl xtopology nonstop_tsc aperfmperf pni pclmulqdq dtes64 monitor ds_cpl vmx est tm2 ssse3 cx16 xtpr pdcm pcid sse4_1 sse4_2 x2apic popcnt tsc_deadline_timer aes xsave avx f16c rdrand lahf_lm epb tpr_shadow vnmi flexpriority ept vpid fsgsbase smep erms xsaveopt dtherm ida arat pln pts
bugs		:
bogomips	: 4988.88
clflush size	: 64
cache_alignment	: 64
address sizes	: 36 bits physical, 48 bits virtual
power management:

processor	: 2
vendor_id	: GenuineIntel
cpu family	: 6
model		: 58
model name	: Intel(R) Core(TM) i5-3210M CPU @ 2.50GHz
stepping	: 9
microcode	: 0x15
cpu MHz		: 2866.363
cache size	: 3072 KB
physical id	: 0
siblings	: 4
core id		: 1
cpu cores	: 2
apicid		: 2
initial apicid	: 2
fpu		: yes
fpu_exception	: yes
cpuid level	: 13
wp		: yes
flags		: fpu vme de pse tsc msr pae mce cx8 apic sep mtrr pge mca cmov pat pse36 clflush dts acpi mmx fxsr sse sse2 ss ht tm pbe syscall nx rdtscp lm constant_tsc arch_perfmon pebs bts rep_good nopl xtopology nonstop_tsc aperfmperf pni pclmulqdq dtes64 monitor ds_cpl vmx est tm2 ssse3 cx16 xtpr pdcm pcid sse4_1 sse4_2 x2apic popcnt tsc_deadline_timer aes xsave avx f16c rdrand lahf_lm epb tpr_shadow vnmi flexpriority ept vpid fsgsbase smep erms xsaveopt dtherm ida arat pln pts
bugs		:
bogomips	: 4988.88
clflush size	: 64
cache_alignment	: 64
address sizes	: 36 bits physical, 48 bits virtual
power management:

processor	: 3
vendor_id	: GenuineIntel
cpu family	: 6
model		: 58
model name	: Intel(R) Core(TM) i5-3210M CPU @ 2.50GHz
stepping	: 9
microcode	: 0x15
cpu MHz		: 2867.279
cache size	: 3072 KB
physical id	: 0
siblings	: 4
core id		: 1
cpu cores	: 2
apicid		: 3
initial apicid	: 3
fpu		: yes
fpu_exception	: yes
cpuid level	: 13
wp		: yes
flags		: fpu vme de pse tsc msr pae mce cx8 apic sep mtrr pge mca cmov pat pse36 clflush dts acpi mmx fxsr sse sse2 ss ht tm pbe syscall nx rdtscp lm constant_tsc arch_perfmon pebs bts rep_good nopl xtopology nonstop_tsc aperfmperf pni pclmulqdq dtes64 monitor ds_cpl vmx est tm2 ssse3 cx16 xtpr pdcm pcid sse4_1 sse4_2 x2apic popcnt tsc_deadline_timer aes xsave avx f16c rdrand lahf_lm epb tpr_shadow vnmi flexpriority ept vpid fsgsbase smep erms xsaveopt dtherm ida arat pln pts
bugs		:
bogomips	: 4988.88
clflush size	: 64
cache_alignment	: 64
address sizes	: 36 bits physical, 48 bits virtual
power management:



Memory: 4k page, physical 7986184k(343072k free), swap 4097020k(4049020k free)

vm_info: Java HotSpot(TM) 64-Bit Server VM (25.152-b16) for linux-amd64 JRE (1.8.0_152-b16), built on Sep 14 2017 02:16:14 by "java_re" with gcc 4.3.0 20080428 (Red Hat 4.3.0-8)

time: Thu Jan 18 15:44:51 2018
elapsed time: 16 seconds (0d 0h 0m 16s)

