#
# A fatal error has been detected by the Java Runtime Environment:
#
#  SIGSEGV (0xb) at pc=0x00007f9acbffd880, pid=14717, tid=0x00007f9ab7fff700
#
# JRE version: Java(TM) SE Runtime Environment (8.0_152-b16) (build 1.8.0_152-b16)
# Java VM: Java HotSpot(TM) 64-Bit Server VM (25.152-b16 mixed mode linux-amd64 compressed oops)
# Problematic frame:
# C  [libarcsoft_fsdk_face_recognition.so+0x2e880]
#
# Failed to write core dump. Core dumps have been disabled. To enable core dumping, try "ulimit -c unlimited" before starting Java again
#
# If you would like to submit a bug report, please visit:
#   http://bugreport.java.com/bugreport/crash.jsp
#

---------------  T H R E A D  ---------------

Current thread is native thread

siginfo: si_signo: 11 (SIGSEGV), si_code: 2 (SEGV_ACCERR), si_addr: 0x00007f9afc0b5340

Registers:
RAX=0x00007f9afc0b5340, RBX=0x00007f9a420de490, RCX=0x000000000000bc00, RDX=0x0000000000009600
RSP=0x00007f9ab7ffee98, RBP=0x000000000078ffff, RSI=0x000000000000002f, RDI=0x000000000000002c
R8 =0x0000000000000000, R9 =0x00007f9abc481660, R10=0x0000000000410000, R11=0x00007f9abc494f20
R12=0x0000000000000400, R13=0x0000000000000000, R14=0x00007f9a420d37e0, R15=0x0000000000022666
RIP=0x00007f9acbffd880, EFLAGS=0x0000000000010202, CSGSFS=0x002b000000000033, ERR=0x0000000000000004
  TRAPNO=0x000000000000000e

Top of Stack: (sp=0x00007f9ab7ffee98)
0x00007f9ab7ffee98:   0000000100000280 0000000000000000
0x00007f9ab7ffeea8:   0000000000000000 0000000000000000
0x00007f9ab7ffeeb8:   00007f9acd7be6c0 0000000000000000
0x00007f9ab7ffeec8:   004100000078ffff 0000000000000000
0x00007f9ab7ffeed8:   00007f9abc584d20 00007f9abc584d70
0x00007f9ab7ffeee8:   00007f9abc584d48 00007f9abc584da0
0x00007f9ab7ffeef8:   00007f9acbff3970 00007f9a420d3848
0x00007f9ab7ffef08:   00007f9acc00167f 0000000000000000
0x00007f9ab7ffef18:   0000000100000000 0000000000000000
0x00007f9ab7ffef28:   0000000000000000 0000000000000000
0x00007f9ab7ffef38:   0000000000000000 00007f9b321f459f
0x00007f9ab7ffef48:   00007f9ab7fff9c0 0000000000000001
0x00007f9ab7ffef58:   00007f9b31dee6ba 0000000000000000
0x00007f9ab7ffef68:   00007f9ab7fff700 00007f9ab7fff700
0x00007f9ab7ffef78:   2967571723349261 0000000000000000
0x00007f9ab7ffef88:   00007f9b321f459f 00007f9ab7fff9c0
0x00007f9ab7ffef98:   0000000000000001 d65238e8fdf49261
0x00007f9ab7ffefa8:   d65134aaefce9261 0000000000000000
0x00007f9ab7ffefb8:   0000000000000000 0000000000000000
0x00007f9ab7ffefc8:   0000000000000000 0000000000000000
0x00007f9ab7ffefd8:   0000000000000000 0000000000000000
0x00007f9ab7ffefe8:   0000000000000000 00007f9ab7fff700
0x00007f9ab7ffeff8:   00007f9b3170a3dd 0000000000000000
0x00007f9ab7fff008:   0000000000000000 0000000000000000
0x00007f9ab7fff018:   0000000000000000 0000000000000000
0x00007f9ab7fff028:   0000000000000000 0000000000000000
0x00007f9ab7fff038:   0000000000000000 0000000000000000
0x00007f9ab7fff048:   0000000000000000 0000000000000000
0x00007f9ab7fff058:   0000000000000000 0000000000000000
0x00007f9ab7fff068:   0000000000000000 0000000000000000
0x00007f9ab7fff078:   0000000000000000 0000000000000000
0x00007f9ab7fff088:   0000000000000000 0000000000000000 

Instructions: (pc=0x00007f9acbffd880)
0x00007f9acbffd860:   d8 c1 fa 11 0f af 54 24 b8 48 63 d2 48 01 d0 48
0x00007f9acbffd870:   03 44 24 d0 81 3b 01 08 00 00 0f 84 e0 00 00 00
0x00007f9acbffd880:   0f b6 10 0f b6 48 01 89 f8 d1 e9 d1 ea c1 f8 04
0x00007f9acbffd890:   48 83 7c 24 20 00 0f 84 94 00 00 00 c1 e0 07 48 

Register to memory mapping:

RAX=0x00007f9afc0b5340 is an unknown value
RBX=0x00007f9a420de490 is pointing into the stack for thread: 0x00007f9a68046000
RCX=0x000000000000bc00 is an unknown value
RDX=0x0000000000009600 is an unknown value
RSP=0x00007f9ab7ffee98 is an unknown value
RBP=0x000000000078ffff is an unknown value
RSI=0x000000000000002f is an unknown value
RDI=0x000000000000002c is an unknown value
R8 =0x0000000000000000 is an unknown value
R9 =0x00007f9abc481660 is an unknown value
R10=0x0000000000410000 is an unknown value
R11=0x00007f9abc494f20 is an unknown value
R12=0x0000000000000400 is an unknown value
R13=0x0000000000000000 is an unknown value
R14=0x00007f9a420d37e0 is pointing into the stack for thread: 0x00007f9a68046000
R15=0x0000000000022666 is an unknown value


Stack: [0x00007f9ab77ff000,0x00007f9ab8000000],  sp=0x00007f9ab7ffee98,  free space=8191k
Native frames: (J=compiled Java code, j=interpreted, Vv=VM code, C=native code)
C  [libarcsoft_fsdk_face_recognition.so+0x2e880]


---------------  P R O C E S S  ---------------

VM state:not at safepoint (normal execution)

VM Mutex/Monitor currently owned by a thread: None

Heap:
 PSYoungGen      total 127488K, used 29336K [0x00000000d7600000, 0x00000000e0300000, 0x0000000100000000)
  eden space 121344K, 19% used [0x00000000d7600000,0x00000000d8ca7570,0x00000000dec80000)
  from space 6144K, 99% used [0x00000000df600000,0x00000000dfbfed28,0x00000000dfc00000)
  to   space 9728K, 0% used [0x00000000dec80000,0x00000000dec80000,0x00000000df600000)
 ParOldGen       total 83456K, used 6090K [0x0000000086200000, 0x000000008b380000, 0x00000000d7600000)
  object space 83456K, 7% used [0x0000000086200000,0x00000000867f29d8,0x000000008b380000)
 Metaspace       used 9606K, capacity 9748K, committed 9856K, reserved 1058816K
  class space    used 1025K, capacity 1092K, committed 1152K, reserved 1048576K

Card table byte_map: [0x00007f9b1b7cf000,0x00007f9b1bb9f000] byte_map_base: 0x00007f9b1b39e000

Marking Bits: (ParMarkBitMap*) 0x00007f9b315d61a0
 Begin Bits: [0x00007f9b08310000, 0x00007f9b0a188000)
 End Bits:   [0x00007f9b0a188000, 0x00007f9b0c000000)

Polling page: 0x00007f9b32226000

CodeCache: size=245760Kb used=3511Kb max_used=3511Kb free=242248Kb
 bounds [0x00007f9b1bf5f000, 0x00007f9b1c2cf000, 0x00007f9b2af5f000]
 total_blobs=1283 nmethods=886 adapters=311
 compilation: enabled

Compilation events (10 events):
Event: 99.237 Thread 0x00007f9b2c265000  883   !   3       java.nio.CharBuffer::wrap (20 bytes)
Event: 99.238 Thread 0x00007f9b2c265000 nmethod 883 0x00007f9b1c2cd050 code [0x00007f9b1c2cd1e0, 0x00007f9b1c2cd5b8]
Event: 99.238 Thread 0x00007f9b2c265000  884       3       java.nio.HeapCharBuffer::<init> (14 bytes)
Event: 99.238 Thread 0x00007f9b2c265000 nmethod 884 0x00007f9b1c2cd850 code [0x00007f9b1c2cd9c0, 0x00007f9b1c2cdc08]
Event: 99.246 Thread 0x00007f9b2c265000  885       1       java.util.Formatter$Flags::valueOf (5 bytes)
Event: 99.246 Thread 0x00007f9b2c265000 nmethod 885 0x00007f9b1c2c4d10 code [0x00007f9b1c2c4e60, 0x00007f9b1c2c4f70]
Event: 99.247 Thread 0x00007f9b2c265000  887       3       java.io.PrintStream::ensureOpen (18 bytes)
Event: 99.247 Thread 0x00007f9b2c265000 nmethod 887 0x00007f9b1c2cdd50 code [0x00007f9b1c2cdec0, 0x00007f9b1c2ce108]
Event: 99.247 Thread 0x00007f9b2c265000  886       3       java.lang.String::toString (2 bytes)
Event: 99.247 Thread 0x00007f9b2c265000 nmethod 886 0x00007f9b1c2ce1d0 code [0x00007f9b1c2ce320, 0x00007f9b1c2ce470]

GC Heap History (10 events):
Event: 2.229 GC heap before
{Heap before GC invocations=2 (full 0):
 PSYoungGen      total 36352K, used 36335K [0x00000000d7600000, 0x00000000d9e80000, 0x0000000100000000)
  eden space 31232K, 99% used [0x00000000d7600000,0x00000000d947f1b8,0x00000000d9480000)
  from space 5120K, 99% used [0x00000000d9480000,0x00000000d997cb40,0x00000000d9980000)
  to   space 5120K, 0% used [0x00000000d9980000,0x00000000d9980000,0x00000000d9e80000)
 ParOldGen       total 83456K, used 944K [0x0000000086200000, 0x000000008b380000, 0x00000000d7600000)
  object space 83456K, 1% used [0x0000000086200000,0x00000000862ec190,0x000000008b380000)
 Metaspace       used 9054K, capacity 9230K, committed 9600K, reserved 1058816K
  class space    used 980K, capacity 1027K, committed 1152K, reserved 1048576K
Event: 2.243 GC heap after
Heap after GC invocations=2 (full 0):
 PSYoungGen      total 36352K, used 3520K [0x00000000d7600000, 0x00000000dbd00000, 0x0000000100000000)
  eden space 31232K, 0% used [0x00000000d7600000,0x00000000d7600000,0x00000000d9480000)
  from space 5120K, 68% used [0x00000000d9980000,0x00000000d9cf0290,0x00000000d9e80000)
  to   space 5120K, 0% used [0x00000000d9480000,0x00000000d9480000,0x00000000d9980000)
 ParOldGen       total 83456K, used 952K [0x0000000086200000, 0x000000008b380000, 0x00000000d7600000)
  object space 83456K, 1% used [0x0000000086200000,0x00000000862ee190,0x000000008b380000)
 Metaspace       used 9054K, capacity 9230K, committed 9600K, reserved 1058816K
  class space    used 980K, capacity 1027K, committed 1152K, reserved 1048576K
}
Event: 2.400 GC heap before
{Heap before GC invocations=3 (full 0):
 PSYoungGen      total 36352K, used 34752K [0x00000000d7600000, 0x00000000dbd00000, 0x0000000100000000)
  eden space 31232K, 100% used [0x00000000d7600000,0x00000000d9480000,0x00000000d9480000)
  from space 5120K, 68% used [0x00000000d9980000,0x00000000d9cf0290,0x00000000d9e80000)
  to   space 5120K, 0% used [0x00000000d9480000,0x00000000d9480000,0x00000000d9980000)
 ParOldGen       total 83456K, used 952K [0x0000000086200000, 0x000000008b380000, 0x00000000d7600000)
  object space 83456K, 1% used [0x0000000086200000,0x00000000862ee190,0x000000008b380000)
 Metaspace       used 9118K, capacity 9294K, committed 9600K, reserved 1058816K
  class space    used 980K, capacity 1027K, committed 1152K, reserved 1048576K
Event: 2.419 GC heap after
Heap after GC invocations=3 (full 0):
 PSYoungGen      total 36352K, used 5032K [0x00000000d7600000, 0x00000000dbd00000, 0x0000000100000000)
  eden space 31232K, 0% used [0x00000000d7600000,0x00000000d7600000,0x00000000d9480000)
  from space 5120K, 98% used [0x00000000d9480000,0x00000000d996a3a0,0x00000000d9980000)
  to   space 5120K, 0% used [0x00000000db800000,0x00000000db800000,0x00000000dbd00000)
 ParOldGen       total 83456K, used 960K [0x0000000086200000, 0x000000008b380000, 0x00000000d7600000)
  object space 83456K, 1% used [0x0000000086200000,0x00000000862f0190,0x000000008b380000)
 Metaspace       used 9118K, capacity 9294K, committed 9600K, reserved 1058816K
  class space    used 980K, capacity 1027K, committed 1152K, reserved 1048576K
}
Event: 2.630 GC heap before
{Heap before GC invocations=4 (full 0):
 PSYoungGen      total 36352K, used 36251K [0x00000000d7600000, 0x00000000dbd00000, 0x0000000100000000)
  eden space 31232K, 99% used [0x00000000d7600000,0x00000000d947cc50,0x00000000d9480000)
  from space 5120K, 98% used [0x00000000d9480000,0x00000000d996a3a0,0x00000000d9980000)
  to   space 5120K, 0% used [0x00000000db800000,0x00000000db800000,0x00000000dbd00000)
 ParOldGen       total 83456K, used 960K [0x0000000086200000, 0x000000008b380000, 0x00000000d7600000)
  object space 83456K, 1% used [0x0000000086200000,0x00000000862f0190,0x000000008b380000)
 Metaspace       used 9174K, capacity 9294K, committed 9600K, reserved 1058816K
  class space    used 980K, capacity 1027K, committed 1152K, reserved 1048576K
Event: 2.656 GC heap after
Heap after GC invocations=4 (full 0):
 PSYoungGen      total 67584K, used 4391K [0x00000000d7600000, 0x00000000dbd00000, 0x0000000100000000)
  eden space 62464K, 0% used [0x00000000d7600000,0x00000000d7600000,0x00000000db300000)
  from space 5120K, 85% used [0x00000000db800000,0x00000000dbc49fa0,0x00000000dbd00000)
  to   space 5120K, 0% used [0x00000000db300000,0x00000000db300000,0x00000000db800000)
 ParOldGen       total 83456K, used 968K [0x0000000086200000, 0x000000008b380000, 0x00000000d7600000)
  object space 83456K, 1% used [0x0000000086200000,0x00000000862f2190,0x000000008b380000)
 Metaspace       used 9174K, capacity 9294K, committed 9600K, reserved 1058816K
  class space    used 980K, capacity 1027K, committed 1152K, reserved 1048576K
}
Event: 3.083 GC heap before
{Heap before GC invocations=5 (full 0):
 PSYoungGen      total 67584K, used 66855K [0x00000000d7600000, 0x00000000dbd00000, 0x0000000100000000)
  eden space 62464K, 100% used [0x00000000d7600000,0x00000000db300000,0x00000000db300000)
  from space 5120K, 85% used [0x00000000db800000,0x00000000dbc49fa0,0x00000000dbd00000)
  to   space 5120K, 0% used [0x00000000db300000,0x00000000db300000,0x00000000db800000)
 ParOldGen       total 83456K, used 968K [0x0000000086200000, 0x000000008b380000, 0x00000000d7600000)
  object space 83456K, 1% used [0x0000000086200000,0x00000000862f2190,0x000000008b380000)
 Metaspace       used 9232K, capacity 9364K, committed 9600K, reserved 1058816K
  class space    used 981K, capacity 1028K, committed 1152K, reserved 1048576K
Event: 3.098 GC heap after
Heap after GC invocations=5 (full 0):
 PSYoungGen      total 67584K, used 5096K [0x00000000d7600000, 0x00000000dfc00000, 0x0000000100000000)
  eden space 62464K, 0% used [0x00000000d7600000,0x00000000d7600000,0x00000000db300000)
  from space 5120K, 99% used [0x00000000db300000,0x00000000db7fa3c0,0x00000000db800000)
  to   space 6144K, 0% used [0x00000000df600000,0x00000000df600000,0x00000000dfc00000)
 ParOldGen       total 83456K, used 992K [0x0000000086200000, 0x000000008b380000, 0x00000000d7600000)
  object space 83456K, 1% used [0x0000000086200000,0x00000000862f8190,0x000000008b380000)
 Metaspace       used 9232K, capacity 9364K, committed 9600K, reserved 1058816K
  class space    used 981K, capacity 1028K, committed 1152K, reserved 1048576K
}
Event: 75.952 GC heap before
{Heap before GC invocations=6 (full 0):
 PSYoungGen      total 67584K, used 67032K [0x00000000d7600000, 0x00000000dfc00000, 0x0000000100000000)
  eden space 62464K, 99% used [0x00000000d7600000,0x00000000db27be88,0x00000000db300000)
  from space 5120K, 99% used [0x00000000db300000,0x00000000db7fa3c0,0x00000000db800000)
  to   space 6144K, 0% used [0x00000000df600000,0x00000000df600000,0x00000000dfc00000)
 ParOldGen       total 83456K, used 992K [0x0000000086200000, 0x000000008b380000, 0x00000000d7600000)
  object space 83456K, 1% used [0x0000000086200000,0x00000000862f8190,0x000000008b380000)
 Metaspace       used 9602K, capacity 9748K, committed 9856K, reserved 1058816K
  class space    used 1025K, capacity 1092K, committed 1152K, reserved 1048576K
Event: 75.964 GC heap after
Heap after GC invocations=6 (full 0):
 PSYoungGen      total 127488K, used 6139K [0x00000000d7600000, 0x00000000e0300000, 0x0000000100000000)
  eden space 121344K, 0% used [0x00000000d7600000,0x00000000d7600000,0x00000000dec80000)
  from space 6144K, 99% used [0x00000000df600000,0x00000000dfbfed28,0x00000000dfc00000)
  to   space 9728K, 0% used [0x00000000dec80000,0x00000000dec80000,0x00000000df600000)
 ParOldGen       total 83456K, used 6090K [0x0000000086200000, 0x000000008b380000, 0x00000000d7600000)
  object space 83456K, 7% used [0x0000000086200000,0x00000000867f29d8,0x000000008b380000)
 Metaspace       used 9602K, capacity 9748K, committed 9856K, reserved 1058816K
  class space    used 1025K, capacity 1092K, committed 1152K, reserved 1048576K
}

Deoptimization events (2 events):
Event: 1.787 Thread 0x00007f9b2c00c000 Uncommon trap: reason=unstable_if action=reinterpret pc=0x00007f9b1c16b3a4 method=java.lang.String.replace(CC)Ljava/lang/String; @ 26
Event: 5.334 Thread 0x00007f9b2c2b0800 Uncommon trap: reason=unstable_if action=reinterpret pc=0x00007f9b1c178088 method=java.util.zip.ZipCoder.getBytes(Ljava/lang/String;)[B @ 32

Classes redefined (0 events):
No events

Internal exceptions (8 events):
Event: 0.049 Thread 0x00007f9b2c00c000 Exception <a 'java/lang/NoSuchMethodError': Method sun.misc.Unsafe.defineClass(Ljava/lang/String;[BII)Ljava/lang/Class; name or signature does not match> (0x00000000d7607ca8) thrown at [/HUDSON/workspace/8-2-build-linux-amd64/jdk8u152/9742/hotspot/src/sha
Event: 0.050 Thread 0x00007f9b2c00c000 Exception <a 'java/lang/NoSuchMethodError': Method sun.misc.Unsafe.prefetchRead(Ljava/lang/Object;J)V name or signature does not match> (0x00000000d7607f90) thrown at [/HUDSON/workspace/8-2-build-linux-amd64/jdk8u152/9742/hotspot/src/share/vm/prims/jni.cp
Event: 0.328 Thread 0x00007f9b2c2b0800 Exception <a 'java/security/PrivilegedActionException'> (0x00000000d79bd5f8) thrown at [/HUDSON/workspace/8-2-build-linux-amd64/jdk8u152/9742/hotspot/src/share/vm/prims/jvm.cpp, line 1390]
Event: 0.328 Thread 0x00007f9b2c2b0800 Exception <a 'java/security/PrivilegedActionException'> (0x00000000d79bd808) thrown at [/HUDSON/workspace/8-2-build-linux-amd64/jdk8u152/9742/hotspot/src/share/vm/prims/jvm.cpp, line 1390]
Event: 0.328 Thread 0x00007f9b2c2b0800 Exception <a 'java/security/PrivilegedActionException'> (0x00000000d79bfb30) thrown at [/HUDSON/workspace/8-2-build-linux-amd64/jdk8u152/9742/hotspot/src/share/vm/prims/jvm.cpp, line 1390]
Event: 0.328 Thread 0x00007f9b2c2b0800 Exception <a 'java/security/PrivilegedActionException'> (0x00000000d79bfd40) thrown at [/HUDSON/workspace/8-2-build-linux-amd64/jdk8u152/9742/hotspot/src/share/vm/prims/jvm.cpp, line 1390]
Event: 1.719 Thread 0x00007f9b2c00c000 Exception <a 'java/lang/NoSuchFieldError': method resolution failed> (0x00000000d8aebd58) thrown at [/HUDSON/workspace/8-2-build-linux-amd64/jdk8u152/9742/hotspot/src/share/vm/prims/methodHandles.cpp, line 1167]
Event: 1.735 Thread 0x00007f9b2c00c000 Exception <a 'java/lang/NoSuchFieldError': method resolution failed> (0x00000000d8af9ce8) thrown at [/HUDSON/workspace/8-2-build-linux-amd64/jdk8u152/9742/hotspot/src/share/vm/prims/methodHandles.cpp, line 1167]

Events (10 events):
Event: 99.246 Executing VM operation: RevokeBias
Event: 99.246 Executing VM operation: RevokeBias done
Event: 99.246 Executing VM operation: RevokeBias
Event: 99.246 Executing VM operation: RevokeBias done
Event: 99.247 Executing VM operation: RevokeBias
Event: 99.247 Executing VM operation: RevokeBias done
Event: 99.247 Executing VM operation: RevokeBias
Event: 99.247 Executing VM operation: RevokeBias done
Event: 99.247 Executing VM operation: RevokeBias
Event: 99.247 Executing VM operation: RevokeBias done


Dynamic libraries:
00400000-00401000 r-xp 00000000 08:17 3810873                            /usr/local/jdk1.8.0_152/bin/java
00600000-00601000 rw-p 00000000 08:17 3810873                            /usr/local/jdk1.8.0_152/bin/java
01e8c000-020cd000 rw-p 00000000 00:00 0                                  [heap]
86200000-8b380000 rw-p 00000000 00:00 0 
8b380000-d7600000 ---p 00000000 00:00 0 
d7600000-e0300000 rw-p 00000000 00:00 0 
e0300000-100000000 ---p 00000000 00:00 0 
100000000-100120000 rw-p 00000000 00:00 0 
100120000-140000000 ---p 00000000 00:00 0 
7f9a3c000000-7f9a3c021000 rw-p 00000000 00:00 0 
7f9a3c021000-7f9a40000000 ---p 00000000 00:00 0 
7f9a41adb000-7f9a41ade000 ---p 00000000 00:00 0 
7f9a41ade000-7f9a41bdc000 rw-p 00000000 00:00 0 
7f9a41bdc000-7f9a41bdf000 ---p 00000000 00:00 0 
7f9a41bdf000-7f9a41cdd000 rw-p 00000000 00:00 0 
7f9a41cdd000-7f9a41ce0000 ---p 00000000 00:00 0 
7f9a41ce0000-7f9a41dde000 rw-p 00000000 00:00 0 
7f9a41dde000-7f9a41de1000 ---p 00000000 00:00 0 
7f9a41de1000-7f9a41edf000 rw-p 00000000 00:00 0 
7f9a41edf000-7f9a41ee2000 ---p 00000000 00:00 0 
7f9a41ee2000-7f9a41fe0000 rw-p 00000000 00:00 0 
7f9a41fe0000-7f9a41fe3000 ---p 00000000 00:00 0 
7f9a41fe3000-7f9a420e1000 rw-p 00000000 00:00 0 
7f9a420e1000-7f9a420e4000 ---p 00000000 00:00 0 
7f9a420e4000-7f9a421e2000 rw-p 00000000 00:00 0 
7f9a421e2000-7f9a421e5000 ---p 00000000 00:00 0 
7f9a421e5000-7f9a422e3000 rw-p 00000000 00:00 0 
7f9a422e3000-7f9a422e6000 ---p 00000000 00:00 0 
7f9a422e6000-7f9a423e4000 rw-p 00000000 00:00 0 
7f9a423e4000-7f9a423e7000 ---p 00000000 00:00 0 
7f9a423e7000-7f9a424e5000 rw-p 00000000 00:00 0 
7f9a424e5000-7f9a424e8000 ---p 00000000 00:00 0 
7f9a424e8000-7f9a425e6000 rw-p 00000000 00:00 0 
7f9a425e6000-7f9a425e9000 ---p 00000000 00:00 0 
7f9a425e9000-7f9a426e7000 rw-p 00000000 00:00 0 
7f9a426e7000-7f9a426ea000 ---p 00000000 00:00 0 
7f9a426ea000-7f9a427e8000 rw-p 00000000 00:00 0 
7f9a427e8000-7f9a427eb000 ---p 00000000 00:00 0 
7f9a427eb000-7f9a428e9000 rw-p 00000000 00:00 0 
7f9a428e9000-7f9a428ec000 ---p 00000000 00:00 0 
7f9a428ec000-7f9a429ea000 rw-p 00000000 00:00 0 
7f9a429ea000-7f9a429ed000 ---p 00000000 00:00 0 
7f9a429ed000-7f9a42aeb000 rw-p 00000000 00:00 0 
7f9a42aeb000-7f9a42aee000 ---p 00000000 00:00 0 
7f9a42aee000-7f9a42bec000 rw-p 00000000 00:00 0 
7f9a42bec000-7f9a42bef000 ---p 00000000 00:00 0 
7f9a42bef000-7f9a42ced000 rw-p 00000000 00:00 0 
7f9a42ced000-7f9a42cf0000 ---p 00000000 00:00 0 
7f9a42cf0000-7f9a42dee000 rw-p 00000000 00:00 0 
7f9a42dee000-7f9a42df1000 ---p 00000000 00:00 0 
7f9a42df1000-7f9a42eef000 rw-p 00000000 00:00 0 
7f9a42eef000-7f9a42ef2000 ---p 00000000 00:00 0 
7f9a42ef2000-7f9a42ff0000 rw-p 00000000 00:00 0 
7f9a42ff0000-7f9a42ff3000 ---p 00000000 00:00 0 
7f9a42ff3000-7f9a430f1000 rw-p 00000000 00:00 0 
7f9a430f1000-7f9a430f4000 ---p 00000000 00:00 0 
7f9a430f4000-7f9a431f2000 rw-p 00000000 00:00 0 
7f9a431f2000-7f9a431f5000 ---p 00000000 00:00 0 
7f9a431f5000-7f9a432f3000 rw-p 00000000 00:00 0 
7f9a432f3000-7f9a432f6000 ---p 00000000 00:00 0 
7f9a432f6000-7f9a433f4000 rw-p 00000000 00:00 0 
7f9a433f4000-7f9a433f7000 ---p 00000000 00:00 0 
7f9a433f7000-7f9a434f5000 rw-p 00000000 00:00 0 
7f9a434f5000-7f9a434f8000 ---p 00000000 00:00 0 
7f9a434f8000-7f9a435f6000 rw-p 00000000 00:00 0 
7f9a435f6000-7f9a435f9000 ---p 00000000 00:00 0 
7f9a435f9000-7f9a436f7000 rw-p 00000000 00:00 0 
7f9a436f7000-7f9a436fa000 ---p 00000000 00:00 0 
7f9a436fa000-7f9a437f8000 rw-p 00000000 00:00 0 
7f9a437f8000-7f9a437fb000 ---p 00000000 00:00 0 
7f9a437fb000-7f9a438f9000 rw-p 00000000 00:00 0 
7f9a438f9000-7f9a438fc000 ---p 00000000 00:00 0 
7f9a438fc000-7f9a439fa000 rw-p 00000000 00:00 0 
7f9a439fa000-7f9a439fd000 ---p 00000000 00:00 0 
7f9a439fd000-7f9a43afb000 rw-p 00000000 00:00 0 
7f9a43afb000-7f9a43afe000 ---p 00000000 00:00 0 
7f9a43afe000-7f9a43bfc000 rw-p 00000000 00:00 0 
7f9a43bfc000-7f9a43bff000 ---p 00000000 00:00 0 
7f9a43bff000-7f9a43cfd000 rw-p 00000000 00:00 0 
7f9a43cfd000-7f9a43d00000 ---p 00000000 00:00 0 
7f9a43d00000-7f9a43dfe000 rw-p 00000000 00:00 0 
7f9a43dfe000-7f9a43e01000 ---p 00000000 00:00 0 
7f9a43e01000-7f9a43eff000 rw-p 00000000 00:00 0 
7f9a43eff000-7f9a43f02000 ---p 00000000 00:00 0 
7f9a43f02000-7f9a44000000 rw-p 00000000 00:00 0 
7f9a44000000-7f9a44021000 rw-p 00000000 00:00 0 
7f9a44021000-7f9a48000000 ---p 00000000 00:00 0 
7f9a48000000-7f9a48021000 rw-p 00000000 00:00 0 
7f9a48021000-7f9a4c000000 ---p 00000000 00:00 0 
7f9a4c000000-7f9a4c021000 rw-p 00000000 00:00 0 
7f9a4c021000-7f9a50000000 ---p 00000000 00:00 0 
7f9a50000000-7f9a50021000 rw-p 00000000 00:00 0 
7f9a50021000-7f9a54000000 ---p 00000000 00:00 0 
7f9a54000000-7f9a54021000 rw-p 00000000 00:00 0 
7f9a54021000-7f9a58000000 ---p 00000000 00:00 0 
7f9a58000000-7f9a58021000 rw-p 00000000 00:00 0 
7f9a58021000-7f9a5c000000 ---p 00000000 00:00 0 
7f9a5c000000-7f9a5c021000 rw-p 00000000 00:00 0 
7f9a5c021000-7f9a60000000 ---p 00000000 00:00 0 
7f9a60000000-7f9a60021000 rw-p 00000000 00:00 0 
7f9a60021000-7f9a64000000 ---p 00000000 00:00 0 
7f9a64000000-7f9a64021000 rw-p 00000000 00:00 0 
7f9a64021000-7f9a68000000 ---p 00000000 00:00 0 
7f9a68000000-7f9a6804e000 rw-p 00000000 00:00 0 
7f9a6804e000-7f9a6c000000 ---p 00000000 00:00 0 
7f9a6c000000-7f9a6c030000 rw-p 00000000 00:00 0 
7f9a6c030000-7f9a70000000 ---p 00000000 00:00 0 
7f9a7008b000-7f9a7008e000 ---p 00000000 00:00 0 
7f9a7008e000-7f9a7018c000 rw-p 00000000 00:00 0 
7f9a7018c000-7f9a7018f000 ---p 00000000 00:00 0 
7f9a7018f000-7f9a7028d000 rw-p 00000000 00:00 0 
7f9a7028d000-7f9a70290000 ---p 00000000 00:00 0 
7f9a70290000-7f9a7038e000 rw-p 00000000 00:00 0 
7f9a7038e000-7f9a70391000 ---p 00000000 00:00 0 
7f9a70391000-7f9a7048f000 rw-p 00000000 00:00 0 
7f9a7048f000-7f9a70492000 ---p 00000000 00:00 0 
7f9a70492000-7f9a70590000 rw-p 00000000 00:00 0 
7f9a70590000-7f9a70593000 ---p 00000000 00:00 0 
7f9a70593000-7f9a70691000 rw-p 00000000 00:00 0 
7f9a70691000-7f9a70694000 ---p 00000000 00:00 0 
7f9a70694000-7f9a70792000 rw-p 00000000 00:00 0 
7f9a70792000-7f9a70795000 ---p 00000000 00:00 0 
7f9a70795000-7f9a70893000 rw-p 00000000 00:00 0 
7f9a70893000-7f9a70896000 ---p 00000000 00:00 0 
7f9a70896000-7f9a70994000 rw-p 00000000 00:00 0 
7f9a70994000-7f9a70997000 ---p 00000000 00:00 0 
7f9a70997000-7f9a70a95000 rw-p 00000000 00:00 0 
7f9a70a95000-7f9a70a98000 ---p 00000000 00:00 0 
7f9a70a98000-7f9a70b96000 rw-p 00000000 00:00 0 
7f9a70b96000-7f9a70b99000 ---p 00000000 00:00 0 
7f9a70b99000-7f9a70c97000 rw-p 00000000 00:00 0 
7f9a70c97000-7f9a70c9a000 ---p 00000000 00:00 0 
7f9a70c9a000-7f9a70d98000 rw-p 00000000 00:00 0 
7f9a70d98000-7f9a70d9b000 ---p 00000000 00:00 0 
7f9a70d9b000-7f9a70e99000 rw-p 00000000 00:00 0 
7f9a70e99000-7f9a70e9c000 ---p 00000000 00:00 0 
7f9a70e9c000-7f9a70f9a000 rw-p 00000000 00:00 0 
7f9a70f9a000-7f9a70f9d000 ---p 00000000 00:00 0 
7f9a70f9d000-7f9a7109b000 rw-p 00000000 00:00 0 
7f9a7109b000-7f9a7109e000 ---p 00000000 00:00 0 
7f9a7109e000-7f9a7119c000 rw-p 00000000 00:00 0 
7f9a7119c000-7f9a7119f000 ---p 00000000 00:00 0 
7f9a7119f000-7f9a7129d000 rw-p 00000000 00:00 0 
7f9a7129d000-7f9a712a0000 ---p 00000000 00:00 0 
7f9a712a0000-7f9a7139e000 rw-p 00000000 00:00 0 
7f9a7139e000-7f9a713a1000 ---p 00000000 00:00 0 
7f9a713a1000-7f9a7149f000 rw-p 00000000 00:00 0 
7f9a7149f000-7f9a714a2000 ---p 00000000 00:00 0 
7f9a714a2000-7f9a715a0000 rw-p 00000000 00:00 0 
7f9a715a0000-7f9a715a3000 ---p 00000000 00:00 0 
7f9a715a3000-7f9a716a1000 rw-p 00000000 00:00 0 
7f9a716a1000-7f9a716a4000 ---p 00000000 00:00 0 
7f9a716a4000-7f9a717a2000 rw-p 00000000 00:00 0 
7f9a717a2000-7f9a717a5000 ---p 00000000 00:00 0 
7f9a717a5000-7f9a718a3000 rw-p 00000000 00:00 0 
7f9a718a3000-7f9a718a6000 ---p 00000000 00:00 0 
7f9a718a6000-7f9a719a4000 rw-p 00000000 00:00 0 
7f9a719a4000-7f9a719a7000 ---p 00000000 00:00 0 
7f9a719a7000-7f9a71aa5000 rw-p 00000000 00:00 0 
7f9a71aa5000-7f9a71aa8000 ---p 00000000 00:00 0 
7f9a71aa8000-7f9a72fa7000 rw-p 00000000 00:00 0 
7f9a72fa7000-7f9a72fa8000 ---p 00000000 00:00 0 
7f9a72fa8000-7f9a737a8000 rw-p 00000000 00:00 0 
7f9a737a8000-7f9a737a9000 ---p 00000000 00:00 0 
7f9a737a9000-7f9a73fa9000 rw-p 00000000 00:00 0 
7f9a73fa9000-7f9a73faa000 ---p 00000000 00:00 0 
7f9a73faa000-7f9a747aa000 rw-p 00000000 00:00 0 
7f9a747aa000-7f9a747ab000 ---p 00000000 00:00 0 
7f9a747ab000-7f9a74fab000 rw-p 00000000 00:00 0 
7f9a74fab000-7f9a74fac000 ---p 00000000 00:00 0 
7f9a74fac000-7f9a757ac000 rw-p 00000000 00:00 0 
7f9a757ac000-7f9a757ad000 ---p 00000000 00:00 0 
7f9a757ad000-7f9a75fad000 rw-p 00000000 00:00 0 
7f9a75fad000-7f9a75fae000 ---p 00000000 00:00 0 
7f9a75fae000-7f9a767ae000 rw-p 00000000 00:00 0 
7f9a767ae000-7f9a767af000 ---p 00000000 00:00 0 
7f9a767af000-7f9a76faf000 rw-p 00000000 00:00 0 
7f9a76faf000-7f9a76fb0000 ---p 00000000 00:00 0 
7f9a76fb0000-7f9a777b0000 rw-p 00000000 00:00 0 
7f9a777b0000-7f9a777b1000 ---p 00000000 00:00 0 
7f9a777b1000-7f9a77fb1000 rw-p 00000000 00:00 0 
7f9a77fb1000-7f9a77fb2000 ---p 00000000 00:00 0 
7f9a77fb2000-7f9a787b2000 rw-p 00000000 00:00 0 
7f9a787b2000-7f9a787b3000 ---p 00000000 00:00 0 
7f9a787b3000-7f9a7cbb5000 rw-p 00000000 00:00 0 
7f9a7cbb5000-7f9a7cbb6000 ---p 00000000 00:00 0 
7f9a7cbb6000-7f9a7d3b6000 rw-p 00000000 00:00 0 
7f9a7d3b6000-7f9a7d3b7000 ---p 00000000 00:00 0 
7f9a7d3b7000-7f9a7dbb7000 rw-p 00000000 00:00 0 
7f9a7dbb7000-7f9a7dbb8000 ---p 00000000 00:00 0 
7f9a7dbb8000-7f9a7e3b8000 rw-p 00000000 00:00 0 
7f9a7e3b8000-7f9a7e3b9000 ---p 00000000 00:00 0 
7f9a7e3b9000-7f9a7ebb9000 rw-p 00000000 00:00 0 
7f9a7ebb9000-7f9a7ebba000 ---p 00000000 00:00 0 
7f9a7ebba000-7f9a7f3ba000 rw-p 00000000 00:00 0 
7f9a7f3ba000-7f9a7f3bb000 ---p 00000000 00:00 0 
7f9a7f3bb000-7f9a7fbbb000 rw-p 00000000 00:00 0 
7f9a7fbbb000-7f9a7fbbc000 ---p 00000000 00:00 0 
7f9a7fbbc000-7f9a803bc000 rw-p 00000000 00:00 0 
7f9a803bc000-7f9a803bd000 ---p 00000000 00:00 0 
7f9a803bd000-7f9a80bbd000 rw-p 00000000 00:00 0 
7f9a80bbd000-7f9a80bbe000 ---p 00000000 00:00 0 
7f9a80bbe000-7f9a813be000 rw-p 00000000 00:00 0 
7f9a813be000-7f9a813bf000 ---p 00000000 00:00 0 
7f9a813bf000-7f9a81bbf000 rw-p 00000000 00:00 0 
7f9a81bbf000-7f9a81bc0000 ---p 00000000 00:00 0 
7f9a81bc0000-7f9a823c0000 rw-p 00000000 00:00 0 
7f9a823c0000-7f9a823c1000 ---p 00000000 00:00 0 
7f9a823c1000-7f9a867c3000 rw-p 00000000 00:00 0 
7f9a867c3000-7f9a867c4000 ---p 00000000 00:00 0 
7f9a867c4000-7f9a86fc4000 rw-p 00000000 00:00 0 
7f9a86fc4000-7f9a86fc5000 ---p 00000000 00:00 0 
7f9a86fc5000-7f9a877c5000 rw-p 00000000 00:00 0 
7f9a877c5000-7f9a877c6000 ---p 00000000 00:00 0 
7f9a877c6000-7f9a87fc6000 rw-p 00000000 00:00 0 
7f9a87fc6000-7f9a87fc7000 ---p 00000000 00:00 0 
7f9a87fc7000-7f9a887c7000 rw-p 00000000 00:00 0 
7f9a887c7000-7f9a887c8000 ---p 00000000 00:00 0 
7f9a887c8000-7f9a88fc8000 rw-p 00000000 00:00 0 
7f9a88fc8000-7f9a88fc9000 ---p 00000000 00:00 0 
7f9a88fc9000-7f9a897c9000 rw-p 00000000 00:00 0 
7f9a897c9000-7f9a897ca000 ---p 00000000 00:00 0 
7f9a897ca000-7f9a89fca000 rw-p 00000000 00:00 0 
7f9a89fca000-7f9a89fcb000 ---p 00000000 00:00 0 
7f9a89fcb000-7f9a8a7cb000 rw-p 00000000 00:00 0 
7f9a8a7cb000-7f9a8a7cc000 ---p 00000000 00:00 0 
7f9a8a7cc000-7f9a8afcc000 rw-p 00000000 00:00 0 
7f9a8afcc000-7f9a8afcd000 ---p 00000000 00:00 0 
7f9a8afcd000-7f9a8b7cd000 rw-p 00000000 00:00 0 
7f9a8b7cd000-7f9a8b7ce000 ---p 00000000 00:00 0 
7f9a8b7ce000-7f9a8bfce000 rw-p 00000000 00:00 0 
7f9a8bfce000-7f9a8bfcf000 ---p 00000000 00:00 0 
7f9a8bfcf000-7f9a903d1000 rw-p 00000000 00:00 0 
7f9a903d1000-7f9a903d2000 ---p 00000000 00:00 0 
7f9a903d2000-7f9a90bd2000 rw-p 00000000 00:00 0 
7f9a90bd2000-7f9a90bd3000 ---p 00000000 00:00 0 
7f9a90bd3000-7f9a913d3000 rw-p 00000000 00:00 0 
7f9a913d3000-7f9a913d4000 ---p 00000000 00:00 0 
7f9a913d4000-7f9a91bd4000 rw-p 00000000 00:00 0 
7f9a91bd4000-7f9a91bd5000 ---p 00000000 00:00 0 
7f9a91bd5000-7f9a923d5000 rw-p 00000000 00:00 0 
7f9a923d5000-7f9a923d6000 ---p 00000000 00:00 0 
7f9a923d6000-7f9a92bd6000 rw-p 00000000 00:00 0 
7f9a92bd6000-7f9a92bd7000 ---p 00000000 00:00 0 
7f9a92bd7000-7f9a933d7000 rw-p 00000000 00:00 0 
7f9a933d7000-7f9a933d8000 ---p 00000000 00:00 0 
7f9a933d8000-7f9a93bd8000 rw-p 00000000 00:00 0 
7f9a93bd8000-7f9a93bd9000 ---p 00000000 00:00 0 
7f9a93bd9000-7f9a943d9000 rw-p 00000000 00:00 0 
7f9a943d9000-7f9a943da000 ---p 00000000 00:00 0 
7f9a943da000-7f9a94bda000 rw-p 00000000 00:00 0 
7f9a94bda000-7f9a94bdb000 ---p 00000000 00:00 0 
7f9a94bdb000-7f9a953db000 rw-p 00000000 00:00 0 
7f9a953db000-7f9a953dc000 ---p 00000000 00:00 0 
7f9a953dc000-7f9a95bdc000 rw-p 00000000 00:00 0 
7f9a95bdc000-7f9a95bdd000 ---p 00000000 00:00 0 
7f9a95bdd000-7f9a99fdf000 rw-p 00000000 00:00 0 
7f9a99fdf000-7f9a99fe0000 ---p 00000000 00:00 0 
7f9a99fe0000-7f9a9a7e0000 rw-p 00000000 00:00 0 
7f9a9a7e0000-7f9a9a7e1000 ---p 00000000 00:00 0 
7f9a9a7e1000-7f9a9afe1000 rw-p 00000000 00:00 0 
7f9a9afe1000-7f9a9afe2000 ---p 00000000 00:00 0 
7f9a9afe2000-7f9a9b7e2000 rw-p 00000000 00:00 0 
7f9a9b7e2000-7f9a9b7e3000 ---p 00000000 00:00 0 
7f9a9b7e3000-7f9a9bfe3000 rw-p 00000000 00:00 0 
7f9a9bfe3000-7f9a9bfe4000 ---p 00000000 00:00 0 
7f9a9bfe4000-7f9a9c7e4000 rw-p 00000000 00:00 0 
7f9a9c7e4000-7f9a9c7e5000 ---p 00000000 00:00 0 
7f9a9c7e5000-7f9a9cfe5000 rw-p 00000000 00:00 0 
7f9a9cfe5000-7f9a9cfe6000 ---p 00000000 00:00 0 
7f9a9cfe6000-7f9a9d7e6000 rw-p 00000000 00:00 0 
7f9a9d7e6000-7f9a9d7e7000 ---p 00000000 00:00 0 
7f9a9d7e7000-7f9a9dfe7000 rw-p 00000000 00:00 0 
7f9a9dfe7000-7f9a9dfe8000 ---p 00000000 00:00 0 
7f9a9dfe8000-7f9a9e7e8000 rw-p 00000000 00:00 0 
7f9a9e7e8000-7f9a9e7e9000 ---p 00000000 00:00 0 
7f9a9e7e9000-7f9a9efe9000 rw-p 00000000 00:00 0 
7f9a9efe9000-7f9a9efea000 ---p 00000000 00:00 0 
7f9a9efea000-7f9a9f7ea000 rw-p 00000000 00:00 0 
7f9a9f7ea000-7f9a9f7eb000 ---p 00000000 00:00 0 
7f9a9f7eb000-7f9aa3bed000 rw-p 00000000 00:00 0 
7f9aa3bed000-7f9aa3bee000 ---p 00000000 00:00 0 
7f9aa3bee000-7f9aa43ee000 rw-p 00000000 00:00 0 
7f9aa43ee000-7f9aa43ef000 ---p 00000000 00:00 0 
7f9aa43ef000-7f9aa4bef000 rw-p 00000000 00:00 0 
7f9aa4bef000-7f9aa4bf0000 ---p 00000000 00:00 0 
7f9aa4bf0000-7f9aa53f0000 rw-p 00000000 00:00 0 
7f9aa53f0000-7f9aa53f1000 ---p 00000000 00:00 0 
7f9aa53f1000-7f9aa5bf1000 rw-p 00000000 00:00 0 
7f9aa5bf1000-7f9aa5bf2000 ---p 00000000 00:00 0 
7f9aa5bf2000-7f9aa63f2000 rw-p 00000000 00:00 0 
7f9aa63f2000-7f9aa63f3000 ---p 00000000 00:00 0 
7f9aa63f3000-7f9aa6bf3000 rw-p 00000000 00:00 0 
7f9aa6bf3000-7f9aa6bf4000 ---p 00000000 00:00 0 
7f9aa6bf4000-7f9aa73f4000 rw-p 00000000 00:00 0 
7f9aa73f4000-7f9aa73f5000 ---p 00000000 00:00 0 
7f9aa73f5000-7f9aa7bf5000 rw-p 00000000 00:00 0 
7f9aa7bf5000-7f9aa7bf6000 ---p 00000000 00:00 0 
7f9aa7bf6000-7f9aa83f6000 rw-p 00000000 00:00 0 
7f9aa83f6000-7f9aa83f7000 ---p 00000000 00:00 0 
7f9aa83f7000-7f9aa8bf7000 rw-p 00000000 00:00 0 
7f9aa8bf7000-7f9aa8bf8000 ---p 00000000 00:00 0 
7f9aa8bf8000-7f9aa93f8000 rw-p 00000000 00:00 0 
7f9aa93f8000-7f9aa93f9000 ---p 00000000 00:00 0 
7f9aa93f9000-7f9aad7fb000 rw-p 00000000 00:00 0 
7f9aad7fb000-7f9aad7fc000 ---p 00000000 00:00 0 
7f9aad7fc000-7f9aadffc000 rw-p 00000000 00:00 0 
7f9aadffc000-7f9aadffd000 ---p 00000000 00:00 0 
7f9aadffd000-7f9aae7fd000 rw-p 00000000 00:00 0 
7f9aae7fd000-7f9aae7fe000 ---p 00000000 00:00 0 
7f9aae7fe000-7f9aaeffe000 rw-p 00000000 00:00 0 
7f9aaeffe000-7f9aaefff000 ---p 00000000 00:00 0 
7f9aaefff000-7f9aaf7ff000 rw-p 00000000 00:00 0 
7f9aaf7ff000-7f9aaf800000 ---p 00000000 00:00 0 
7f9aaf800000-7f9ab0000000 rw-p 00000000 00:00 0 
7f9ab0000000-7f9ab0047000 rw-p 00000000 00:00 0 
7f9ab0047000-7f9ab4000000 ---p 00000000 00:00 0 
7f9ab40f2000-7f9ab40f5000 ---p 00000000 00:00 0 
7f9ab40f5000-7f9ab41f3000 rw-p 00000000 00:00 0 
7f9ab41f3000-7f9ab41f6000 ---p 00000000 00:00 0 
7f9ab41f6000-7f9ab42f4000 rw-p 00000000 00:00 0 
7f9ab42f4000-7f9ab42f7000 ---p 00000000 00:00 0 
7f9ab42f7000-7f9ab43f5000 rw-p 00000000 00:00 0 
7f9ab43f5000-7f9ab43f8000 ---p 00000000 00:00 0 
7f9ab43f8000-7f9ab44f6000 rw-p 00000000 00:00 0 
7f9ab44f6000-7f9ab44f9000 ---p 00000000 00:00 0 
7f9ab44f9000-7f9ab45f7000 rw-p 00000000 00:00 0 
7f9ab45f7000-7f9ab45fa000 ---p 00000000 00:00 0 
7f9ab45fa000-7f9ab46f8000 rw-p 00000000 00:00 0 
7f9ab46f8000-7f9ab46fb000 ---p 00000000 00:00 0 
7f9ab46fb000-7f9ab47f9000 rw-p 00000000 00:00 0 
7f9ab47f9000-7f9ab47fa000 ---p 00000000 00:00 0 
7f9ab47fa000-7f9ab4ffa000 rw-p 00000000 00:00 0 
7f9ab4ffa000-7f9ab4ffb000 ---p 00000000 00:00 0 
7f9ab4ffb000-7f9ab57fb000 rw-p 00000000 00:00 0 
7f9ab57fb000-7f9ab57fc000 ---p 00000000 00:00 0 
7f9ab57fc000-7f9ab5ffc000 rw-p 00000000 00:00 0 
7f9ab5ffc000-7f9ab5ffd000 ---p 00000000 00:00 0 
7f9ab5ffd000-7f9ab67fd000 rw-p 00000000 00:00 0 
7f9ab67fd000-7f9ab67fe000 ---p 00000000 00:00 0 
7f9ab67fe000-7f9ab6ffe000 rw-p 00000000 00:00 0 
7f9ab6ffe000-7f9ab6fff000 ---p 00000000 00:00 0 
7f9ab6fff000-7f9ab77ff000 rw-p 00000000 00:00 0 
7f9ab77ff000-7f9ab7800000 ---p 00000000 00:00 0 
7f9ab7800000-7f9ab8000000 rw-p 00000000 00:00 0 
7f9ab8000000-7f9ab8047000 rw-p 00000000 00:00 0 
7f9ab8047000-7f9abc000000 ---p 00000000 00:00 0 
7f9abc078000-7f9abc07b000 ---p 00000000 00:00 0 
7f9abc07b000-7f9abc179000 rw-p 00000000 00:00 0 
7f9abc179000-7f9abc17c000 ---p 00000000 00:00 0 
7f9abc17c000-7f9abc27a000 rw-p 00000000 00:00 0 
7f9abc27a000-7f9abc27d000 ---p 00000000 00:00 0 
7f9abc27d000-7f9abc37b000 rw-p 00000000 00:00 0 
7f9abc37b000-7f9abc37e000 ---p 00000000 00:00 0 
7f9abc37e000-7f9abec7d000 rw-p 00000000 00:00 0 
7f9abec7d000-7f9abec7e000 ---p 00000000 00:00 0 
7f9abec7e000-7f9abf47e000 rw-p 00000000 00:00 0 
7f9abf47e000-7f9abf5be000 r-xp 00000000 08:17 99849                      /home/diamond/Documents/Controller/bin/linux-x86-64/libarcsoft_fsdk_face_detection.so
7f9abf5be000-7f9abf7be000 ---p 00140000 08:17 99849                      /home/diamond/Documents/Controller/bin/linux-x86-64/libarcsoft_fsdk_face_detection.so
7f9abf7be000-7f9abf7bf000 r--p 00140000 08:17 99849                      /home/diamond/Documents/Controller/bin/linux-x86-64/libarcsoft_fsdk_face_detection.so
7f9abf7bf000-7f9abf7c0000 rw-p 00141000 08:17 99849                      /home/diamond/Documents/Controller/bin/linux-x86-64/libarcsoft_fsdk_face_detection.so
7f9abf7c0000-7f9ac0bc1000 rw-p 00000000 00:00 0 
7f9ac0bc1000-7f9ac0bc2000 ---p 00000000 00:00 0 
7f9ac0bc2000-7f9ac13c2000 rw-p 00000000 00:00 0 
7f9ac13c2000-7f9ac13c3000 ---p 00000000 00:00 0 
7f9ac13c3000-7f9ac1bc3000 rw-p 00000000 00:00 0 
7f9ac1bc3000-7f9ac1bc4000 ---p 00000000 00:00 0 
7f9ac1bc4000-7f9ac23c4000 rw-p 00000000 00:00 0 
7f9ac23c4000-7f9ac23c5000 ---p 00000000 00:00 0 
7f9ac23c5000-7f9ac2bc5000 rw-p 00000000 00:00 0 
7f9ac2bc5000-7f9ac2bc6000 ---p 00000000 00:00 0 
7f9ac2bc6000-7f9ac33c6000 rw-p 00000000 00:00 0 
7f9ac33c6000-7f9ac33c7000 ---p 00000000 00:00 0 
7f9ac33c7000-7f9ac3bc7000 rw-p 00000000 00:00 0 
7f9ac3bc7000-7f9ac3bc8000 ---p 00000000 00:00 0 
7f9ac3bc8000-7f9ac43c8000 rw-p 00000000 00:00 0 
7f9ac43c8000-7f9ac43c9000 ---p 00000000 00:00 0 
7f9ac43c9000-7f9ac4bc9000 rw-p 00000000 00:00 0 
7f9ac4bc9000-7f9ac4bca000 ---p 00000000 00:00 0 
7f9ac4bca000-7f9ac53ca000 rw-p 00000000 00:00 0 
7f9ac53ca000-7f9ac53cb000 ---p 00000000 00:00 0 
7f9ac53cb000-7f9ac5bcb000 rw-p 00000000 00:00 0 
7f9ac5bcb000-7f9ac5bcc000 ---p 00000000 00:00 0 
7f9ac5bcc000-7f9ac63cc000 rw-p 00000000 00:00 0 
7f9ac63cc000-7f9ac63cd000 ---p 00000000 00:00 0 
7f9ac63cd000-7f9ac6bcd000 rw-p 00000000 00:00 0 
7f9ac6bcd000-7f9ac6bce000 ---p 00000000 00:00 0 
7f9ac6bce000-7f9ac744e000 rw-p 00000000 00:00 0 
7f9ac744e000-7f9ac75ce000 ---p 00000000 00:00 0 
7f9ac75ce000-7f9ac75d7000 r-xp 00000000 08:17 266779                     /lib/x86_64-linux-gnu/libcrypt-2.23.so
7f9ac75d7000-7f9ac77d6000 ---p 00009000 08:17 266779                     /lib/x86_64-linux-gnu/libcrypt-2.23.so
7f9ac77d6000-7f9ac77d7000 r--p 00008000 08:17 266779                     /lib/x86_64-linux-gnu/libcrypt-2.23.so
7f9ac77d7000-7f9ac77d8000 rw-p 00009000 08:17 266779                     /lib/x86_64-linux-gnu/libcrypt-2.23.so
7f9ac77d8000-7f9ac7806000 rw-p 00000000 00:00 0 
7f9ac7806000-7f9ac784d000 r-xp 00000000 08:17 3810210                    /usr/lib/x86_64-linux-gnu/libhx509.so.5.0.0
7f9ac784d000-7f9ac7a4c000 ---p 00047000 08:17 3810210                    /usr/lib/x86_64-linux-gnu/libhx509.so.5.0.0
7f9ac7a4c000-7f9ac7a4e000 r--p 00046000 08:17 3810210                    /usr/lib/x86_64-linux-gnu/libhx509.so.5.0.0
7f9ac7a4e000-7f9ac7a50000 rw-p 00048000 08:17 3810210                    /usr/lib/x86_64-linux-gnu/libhx509.so.5.0.0
7f9ac7a50000-7f9ac7a51000 rw-p 00000000 00:00 0 
7f9ac7a51000-7f9ac7a5f000 r-xp 00000000 08:17 3810192                    /usr/lib/x86_64-linux-gnu/libheimbase.so.1.0.0
7f9ac7a5f000-7f9ac7c5e000 ---p 0000e000 08:17 3810192                    /usr/lib/x86_64-linux-gnu/libheimbase.so.1.0.0
7f9ac7c5e000-7f9ac7c5f000 r--p 0000d000 08:17 3810192                    /usr/lib/x86_64-linux-gnu/libheimbase.so.1.0.0
7f9ac7c5f000-7f9ac7c60000 rw-p 0000e000 08:17 3810192                    /usr/lib/x86_64-linux-gnu/libheimbase.so.1.0.0
7f9ac7c60000-7f9ac7c87000 r-xp 00000000 08:17 3810867                    /usr/lib/x86_64-linux-gnu/libwind.so.0.0.0
7f9ac7c87000-7f9ac7e87000 ---p 00027000 08:17 3810867                    /usr/lib/x86_64-linux-gnu/libwind.so.0.0.0
7f9ac7e87000-7f9ac7e88000 r--p 00027000 08:17 3810867                    /usr/lib/x86_64-linux-gnu/libwind.so.0.0.0
7f9ac7e88000-7f9ac7e89000 rw-p 00028000 08:17 3810867                    /usr/lib/x86_64-linux-gnu/libwind.so.0.0.0
7f9ac7e89000-7f9ac7e90000 r-xp 00000000 08:17 3809925                    /usr/lib/x86_64-linux-gnu/libffi.so.6.0.4
7f9ac7e90000-7f9ac808f000 ---p 00007000 08:17 3809925                    /usr/lib/x86_64-linux-gnu/libffi.so.6.0.4
7f9ac808f000-7f9ac8090000 r--p 00006000 08:17 3809925                    /usr/lib/x86_64-linux-gnu/libffi.so.6.0.4
7f9ac8090000-7f9ac8091000 rw-p 00007000 08:17 3809925                    /usr/lib/x86_64-linux-gnu/libffi.so.6.0.4
7f9ac8091000-7f9ac80a6000 r-xp 00000000 08:17 3810608                    /usr/lib/x86_64-linux-gnu/libroken.so.18.1.0
7f9ac80a6000-7f9ac82a5000 ---p 00015000 08:17 3810608                    /usr/lib/x86_64-linux-gnu/libroken.so.18.1.0
7f9ac82a5000-7f9ac82a6000 r--p 00014000 08:17 3810608                    /usr/lib/x86_64-linux-gnu/libroken.so.18.1.0
7f9ac82a6000-7f9ac82a7000 rw-p 00015000 08:17 3810608                    /usr/lib/x86_64-linux-gnu/libroken.so.18.1.0
7f9ac82a7000-7f9ac82d7000 r-xp 00000000 08:17 3810190                    /usr/lib/x86_64-linux-gnu/libhcrypto.so.4.1.0
7f9ac82d7000-7f9ac84d7000 ---p 00030000 08:17 3810190                    /usr/lib/x86_64-linux-gnu/libhcrypto.so.4.1.0
7f9ac84d7000-7f9ac84d8000 r--p 00030000 08:17 3810190                    /usr/lib/x86_64-linux-gnu/libhcrypto.so.4.1.0
7f9ac84d8000-7f9ac84d9000 rw-p 00031000 08:17 3810190                    /usr/lib/x86_64-linux-gnu/libhcrypto.so.4.1.0
7f9ac84d9000-7f9ac84da000 rw-p 00000000 00:00 0 
7f9ac84da000-7f9ac8579000 r-xp 00000000 08:17 3809627                    /usr/lib/x86_64-linux-gnu/libasn1.so.8.0.0
7f9ac8579000-7f9ac8778000 ---p 0009f000 08:17 3809627                    /usr/lib/x86_64-linux-gnu/libasn1.so.8.0.0
7f9ac8778000-7f9ac8779000 r--p 0009e000 08:17 3809627                    /usr/lib/x86_64-linux-gnu/libasn1.so.8.0.0
7f9ac8779000-7f9ac877c000 rw-p 0009f000 08:17 3809627                    /usr/lib/x86_64-linux-gnu/libasn1.so.8.0.0
7f9ac877c000-7f9ac8800000 r-xp 00000000 08:17 3810297                    /usr/lib/x86_64-linux-gnu/libkrb5.so.26.0.0
7f9ac8800000-7f9ac89ff000 ---p 00084000 08:17 3810297                    /usr/lib/x86_64-linux-gnu/libkrb5.so.26.0.0
7f9ac89ff000-7f9ac8a02000 r--p 00083000 08:17 3810297                    /usr/lib/x86_64-linux-gnu/libkrb5.so.26.0.0
7f9ac8a02000-7f9ac8a05000 rw-p 00086000 08:17 3810297                    /usr/lib/x86_64-linux-gnu/libkrb5.so.26.0.0
7f9ac8a05000-7f9ac8a06000 rw-p 00000000 00:00 0 
7f9ac8a06000-7f9ac8a0e000 r-xp 00000000 08:17 3810194                    /usr/lib/x86_64-linux-gnu/libheimntlm.so.0.1.0
7f9ac8a0e000-7f9ac8c0d000 ---p 00008000 08:17 3810194                    /usr/lib/x86_64-linux-gnu/libheimntlm.so.0.1.0
7f9ac8c0d000-7f9ac8c0e000 r--p 00007000 08:17 3810194                    /usr/lib/x86_64-linux-gnu/libheimntlm.so.0.1.0
7f9ac8c0e000-7f9ac8c0f000 rw-p 00008000 08:17 3810194                    /usr/lib/x86_64-linux-gnu/libheimntlm.so.0.1.0
7f9ac8c0f000-7f9ac8c12000 r-xp 00000000 08:17 266830                     /lib/x86_64-linux-gnu/libkeyutils.so.1.5
7f9ac8c12000-7f9ac8e11000 ---p 00003000 08:17 266830                     /lib/x86_64-linux-gnu/libkeyutils.so.1.5
7f9ac8e11000-7f9ac8e12000 r--p 00002000 08:17 266830                     /lib/x86_64-linux-gnu/libkeyutils.so.1.5
7f9ac8e12000-7f9ac8e13000 rw-p 00003000 08:17 266830                     /lib/x86_64-linux-gnu/libkeyutils.so.1.5
7f9ac8e13000-7f9ac8e24000 r-xp 00000000 08:17 3810713                    /usr/lib/x86_64-linux-gnu/libtasn1.so.6.5.1
7f9ac8e24000-7f9ac9024000 ---p 00011000 08:17 3810713                    /usr/lib/x86_64-linux-gnu/libtasn1.so.6.5.1
7f9ac9024000-7f9ac9025000 r--p 00011000 08:17 3810713                    /usr/lib/x86_64-linux-gnu/libtasn1.so.6.5.1
7f9ac9025000-7f9ac9026000 rw-p 00012000 08:17 3810713                    /usr/lib/x86_64-linux-gnu/libtasn1.so.6.5.1
7f9ac9026000-7f9ac907f000 r-xp 00000000 08:17 3810484                    /usr/lib/x86_64-linux-gnu/libp11-kit.so.0.1.0
7f9ac907f000-7f9ac927e000 ---p 00059000 08:17 3810484                    /usr/lib/x86_64-linux-gnu/libp11-kit.so.0.1.0
7f9ac927e000-7f9ac9288000 r--p 00058000 08:17 3810484                    /usr/lib/x86_64-linux-gnu/libp11-kit.so.0.1.0
7f9ac9288000-7f9ac928a000 rw-p 00062000 08:17 3810484                    /usr/lib/x86_64-linux-gnu/libp11-kit.so.0.1.0
7f9ac928a000-7f9ac92c7000 r-xp 00000000 08:17 3810113                    /usr/lib/x86_64-linux-gnu/libgssapi.so.3.0.0
7f9ac92c7000-7f9ac94c7000 ---p 0003d000 08:17 3810113                    /usr/lib/x86_64-linux-gnu/libgssapi.so.3.0.0
7f9ac94c7000-7f9ac94c8000 r--p 0003d000 08:17 3810113                    /usr/lib/x86_64-linux-gnu/libgssapi.so.3.0.0
7f9ac94c8000-7f9ac94ca000 rw-p 0003e000 08:17 3810113                    /usr/lib/x86_64-linux-gnu/libgssapi.so.3.0.0
7f9ac94ca000-7f9ac94cb000 rw-p 00000000 00:00 0 
7f9ac94cb000-7f9ac94e4000 r-xp 00000000 08:17 3810635                    /usr/lib/x86_64-linux-gnu/libsasl2.so.2.0.25
7f9ac94e4000-7f9ac96e4000 ---p 00019000 08:17 3810635                    /usr/lib/x86_64-linux-gnu/libsasl2.so.2.0.25
7f9ac96e4000-7f9ac96e5000 r--p 00019000 08:17 3810635                    /usr/lib/x86_64-linux-gnu/libsasl2.so.2.0.25
7f9ac96e5000-7f9ac96e6000 rw-p 0001a000 08:17 3810635                    /usr/lib/x86_64-linux-gnu/libsasl2.so.2.0.25
7f9ac96e6000-7f9ac96fd000 r-xp 00000000 08:17 266921                     /lib/x86_64-linux-gnu/libresolv-2.23.so
7f9ac96fd000-7f9ac98fd000 ---p 00017000 08:17 266921                     /lib/x86_64-linux-gnu/libresolv-2.23.so
7f9ac98fd000-7f9ac98fe000 r--p 00017000 08:17 266921                     /lib/x86_64-linux-gnu/libresolv-2.23.so
7f9ac98fe000-7f9ac98ff000 rw-p 00018000 08:17 266921                     /lib/x86_64-linux-gnu/libresolv-2.23.so
7f9ac98ff000-7f9ac9901000 rw-p 00000000 00:00 0 
7f9ac9901000-7f9ac990b000 r-xp 00000000 08:17 3810301                    /usr/lib/x86_64-linux-gnu/libkrb5support.so.0.1
7f9ac990b000-7f9ac9b0a000 ---p 0000a000 08:17 3810301                    /usr/lib/x86_64-linux-gnu/libkrb5support.so.0.1
7f9ac9b0a000-7f9ac9b0b000 r--p 00009000 08:17 3810301                    /usr/lib/x86_64-linux-gnu/libkrb5support.so.0.1
7f9ac9b0b000-7f9ac9b0c000 rw-p 0000a000 08:17 3810301                    /usr/lib/x86_64-linux-gnu/libkrb5support.so.0.1
7f9ac9b0c000-7f9ac9b0f000 r-xp 00000000 08:17 266778                     /lib/x86_64-linux-gnu/libcom_err.so.2.1
7f9ac9b0f000-7f9ac9d0e000 ---p 00003000 08:17 266778                     /lib/x86_64-linux-gnu/libcom_err.so.2.1
7f9ac9d0e000-7f9ac9d0f000 r--p 00002000 08:17 266778                     /lib/x86_64-linux-gnu/libcom_err.so.2.1
7f9ac9d0f000-7f9ac9d10000 rw-p 00003000 08:17 266778                     /lib/x86_64-linux-gnu/libcom_err.so.2.1
7f9ac9d10000-7f9ac9d3c000 r-xp 00000000 08:17 3810291                    /usr/lib/x86_64-linux-gnu/libk5crypto.so.3.1
7f9ac9d3c000-7f9ac9f3b000 ---p 0002c000 08:17 3810291                    /usr/lib/x86_64-linux-gnu/libk5crypto.so.3.1
7f9ac9f3b000-7f9ac9f3d000 r--p 0002b000 08:17 3810291                    /usr/lib/x86_64-linux-gnu/libk5crypto.so.3.1
7f9ac9f3d000-7f9ac9f3e000 rw-p 0002d000 08:17 3810291                    /usr/lib/x86_64-linux-gnu/libk5crypto.so.3.1
7f9ac9f3e000-7f9ac9f3f000 rw-p 00000000 00:00 0 
7f9ac9f3f000-7f9aca002000 r-xp 00000000 08:17 3810299                    /usr/lib/x86_64-linux-gnu/libkrb5.so.3.3
7f9aca002000-7f9aca202000 ---p 000c3000 08:17 3810299                    /usr/lib/x86_64-linux-gnu/libkrb5.so.3.3
7f9aca202000-7f9aca20f000 r--p 000c3000 08:17 3810299                    /usr/lib/x86_64-linux-gnu/libkrb5.so.3.3
7f9aca20f000-7f9aca211000 rw-p 000d0000 08:17 3810299                    /usr/lib/x86_64-linux-gnu/libkrb5.so.3.3
7f9aca211000-7f9aca290000 r-xp 00000000 08:17 3810058                    /usr/lib/x86_64-linux-gnu/libgmp.so.10.3.0
7f9aca290000-7f9aca48f000 ---p 0007f000 08:17 3810058                    /usr/lib/x86_64-linux-gnu/libgmp.so.10.3.0
7f9aca48f000-7f9aca490000 r--p 0007e000 08:17 3810058                    /usr/lib/x86_64-linux-gnu/libgmp.so.10.3.0
7f9aca490000-7f9aca491000 rw-p 0007f000 08:17 3810058                    /usr/lib/x86_64-linux-gnu/libgmp.so.10.3.0
7f9aca491000-7f9aca4c5000 r-xp 00000000 08:17 3810421                    /usr/lib/x86_64-linux-gnu/libnettle.so.6.2
7f9aca4c5000-7f9aca6c4000 ---p 00034000 08:17 3810421                    /usr/lib/x86_64-linux-gnu/libnettle.so.6.2
7f9aca6c4000-7f9aca6c6000 r--p 00033000 08:17 3810421                    /usr/lib/x86_64-linux-gnu/libnettle.so.6.2
7f9aca6c6000-7f9aca6c7000 rw-p 00035000 08:17 3810421                    /usr/lib/x86_64-linux-gnu/libnettle.so.6.2
7f9aca6c7000-7f9aca6f9000 r-xp 00000000 08:17 3810196                    /usr/lib/x86_64-linux-gnu/libhogweed.so.4.2
7f9aca6f9000-7f9aca8f8000 ---p 00032000 08:17 3810196                    /usr/lib/x86_64-linux-gnu/libhogweed.so.4.2
7f9aca8f8000-7f9aca8f9000 r--p 00031000 08:17 3810196                    /usr/lib/x86_64-linux-gnu/libhogweed.so.4.2
7f9aca8f9000-7f9aca8fa000 rw-p 00032000 08:17 3810196                    /usr/lib/x86_64-linux-gnu/libhogweed.so.4.2
7f9aca8fa000-7f9acaa1d000 r-xp 00000000 08:17 3803369                    /usr/lib/x86_64-linux-gnu/libgnutls.so.30.6.2
7f9acaa1d000-7f9acac1c000 ---p 00123000 08:17 3803369                    /usr/lib/x86_64-linux-gnu/libgnutls.so.30.6.2
7f9acac1c000-7f9acac27000 r--p 00122000 08:17 3803369                    /usr/lib/x86_64-linux-gnu/libgnutls.so.30.6.2
7f9acac27000-7f9acac29000 rw-p 0012d000 08:17 3803369                    /usr/lib/x86_64-linux-gnu/libgnutls.so.30.6.2
7f9acac29000-7f9acac2a000 rw-p 00000000 00:00 0 
7f9acac2a000-7f9acac40000 r-xp 00000000 08:17 266807                     /lib/x86_64-linux-gnu/libgcc_s.so.1
7f9acac40000-7f9acae3f000 ---p 00016000 08:17 266807                     /lib/x86_64-linux-gnu/libgcc_s.so.1
7f9acae3f000-7f9acae40000 rw-p 00015000 08:17 266807                     /lib/x86_64-linux-gnu/libgcc_s.so.1
7f9acae40000-7f9acae5b000 r-xp 00000000 08:17 3824821                    /usr/local/lib/libz.so.1.2.9
7f9acae5b000-7f9acb05a000 ---p 0001b000 08:17 3824821                    /usr/local/lib/libz.so.1.2.9
7f9acb05a000-7f9acb05b000 r--p 0001a000 08:17 3824821                    /usr/local/lib/libz.so.1.2.9
7f9acb05b000-7f9acb05c000 rw-p 0001b000 08:17 3824821                    /usr/local/lib/libz.so.1.2.9
7f9acb05c000-7f9acb0a9000 r-xp 00000000 08:17 3810312                    /usr/lib/x86_64-linux-gnu/libldap_r-2.4.so.2.10.5
7f9acb0a9000-7f9acb2a8000 ---p 0004d000 08:17 3810312                    /usr/lib/x86_64-linux-gnu/libldap_r-2.4.so.2.10.5
7f9acb2a8000-7f9acb2aa000 r--p 0004c000 08:17 3810312                    /usr/lib/x86_64-linux-gnu/libldap_r-2.4.so.2.10.5
7f9acb2aa000-7f9acb2ab000 rw-p 0004e000 08:17 3810312                    /usr/lib/x86_64-linux-gnu/libldap_r-2.4.so.2.10.5
7f9acb2ab000-7f9acb2ad000 rw-p 00000000 00:00 0 
7f9acb2ad000-7f9acb2ba000 r-xp 00000000 08:17 3810307                    /usr/lib/x86_64-linux-gnu/liblber-2.4.so.2.10.5
7f9acb2ba000-7f9acb4ba000 ---p 0000d000 08:17 3810307                    /usr/lib/x86_64-linux-gnu/liblber-2.4.so.2.10.5
7f9acb4ba000-7f9acb4bb000 r--p 0000d000 08:17 3810307                    /usr/lib/x86_64-linux-gnu/liblber-2.4.so.2.10.5
7f9acb4bb000-7f9acb4bc000 rw-p 0000e000 08:17 3810307                    /usr/lib/x86_64-linux-gnu/liblber-2.4.so.2.10.5
7f9acb4bc000-7f9acb503000 r-xp 00000000 08:17 3810115                    /usr/lib/x86_64-linux-gnu/libgssapi_krb5.so.2.2
7f9acb503000-7f9acb702000 ---p 00047000 08:17 3810115                    /usr/lib/x86_64-linux-gnu/libgssapi_krb5.so.2.2
7f9acb702000-7f9acb704000 r--p 00046000 08:17 3810115                    /usr/lib/x86_64-linux-gnu/libgssapi_krb5.so.2.2
7f9acb704000-7f9acb706000 rw-p 00048000 08:17 3810115                    /usr/lib/x86_64-linux-gnu/libgssapi_krb5.so.2.2
7f9acb706000-7f9acb920000 r-xp 00000000 08:17 266823                     /lib/x86_64-linux-gnu/libcrypto.so.1.0.0
7f9acb920000-7f9acbb1f000 ---p 0021a000 08:17 266823                     /lib/x86_64-linux-gnu/libcrypto.so.1.0.0
7f9acbb1f000-7f9acbb3b000 r--p 00219000 08:17 266823                     /lib/x86_64-linux-gnu/libcrypto.so.1.0.0
7f9acbb3b000-7f9acbb47000 rw-p 00235000 08:17 266823                     /lib/x86_64-linux-gnu/libcrypto.so.1.0.0
7f9acbb47000-7f9acbb4a000 rw-p 00000000 00:00 0 
7f9acbb4a000-7f9acbba8000 r-xp 00000000 08:17 266822                     /lib/x86_64-linux-gnu/libssl.so.1.0.0
7f9acbba8000-7f9acbda8000 ---p 0005e000 08:17 266822                     /lib/x86_64-linux-gnu/libssl.so.1.0.0
7f9acbda8000-7f9acbdac000 r--p 0005e000 08:17 266822                     /lib/x86_64-linux-gnu/libssl.so.1.0.0
7f9acbdac000-7f9acbdb3000 rw-p 00062000 08:17 266822                     /lib/x86_64-linux-gnu/libssl.so.1.0.0
7f9acbdb3000-7f9acbdce000 r-xp 00000000 08:17 3810616                    /usr/lib/x86_64-linux-gnu/librtmp.so.1
7f9acbdce000-7f9acbfcd000 ---p 0001b000 08:17 3810616                    /usr/lib/x86_64-linux-gnu/librtmp.so.1
7f9acbfcd000-7f9acbfce000 r--p 0001a000 08:17 3810616                    /usr/lib/x86_64-linux-gnu/librtmp.so.1
7f9acbfce000-7f9acbfcf000 rw-p 0001b000 08:17 3810616                    /usr/lib/x86_64-linux-gnu/librtmp.so.1
7f9acbfcf000-7f9acc9d4000 r-xp 00000000 08:17 99859                      /home/diamond/Documents/Controller/bin/linux-x86-64/libarcsoft_fsdk_face_recognition.so
7f9acc9d4000-7f9accbd3000 ---p 00a05000 08:17 99859                      /home/diamond/Documents/Controller/bin/linux-x86-64/libarcsoft_fsdk_face_recognition.so
7f9accbd3000-7f9accbd4000 r--p 00a04000 08:17 99859                      /home/diamond/Documents/Controller/bin/linux-x86-64/libarcsoft_fsdk_face_recognition.so
7f9accbd4000-7f9acd7ff000 rw-p 00a05000 08:17 99859                      /home/diamond/Documents/Controller/bin/linux-x86-64/libarcsoft_fsdk_face_recognition.so
7f9acd7ff000-7f9ad0000000 rw-p 00000000 00:00 0 
7f9ad0000000-7f9ad0021000 rw-p 00000000 00:00 0 
7f9ad0021000-7f9ad4000000 ---p 00000000 00:00 0 
7f9ad4000000-7f9ad4021000 rw-p 00000000 00:00 0 
7f9ad4021000-7f9ad8000000 ---p 00000000 00:00 0 
7f9ad8000000-7f9ad8021000 rw-p 00000000 00:00 0 
7f9ad8021000-7f9adc000000 ---p 00000000 00:00 0 
7f9adc000000-7f9adc021000 rw-p 00000000 00:00 0 
7f9adc021000-7f9ae0000000 ---p 00000000 00:00 0 
7f9ae0000000-7f9ae027a000 rw-p 00000000 00:00 0 
7f9ae027a000-7f9ae4000000 ---p 00000000 00:00 0 
7f9ae4000000-7f9ae43a0000 rw-p 00000000 00:00 0 
7f9ae43a0000-7f9ae8000000 ---p 00000000 00:00 0 
7f9ae8000000-7f9ae83c3000 rw-p 00000000 00:00 0 
7f9ae83c3000-7f9aec000000 ---p 00000000 00:00 0 
7f9aec000000-7f9aec022000 rw-p 00000000 00:00 0 
7f9aec022000-7f9af0000000 ---p 00000000 00:00 0 
7f9af0077000-7f9af00a8000 r-xp 00000000 08:17 3803367                    /usr/lib/x86_64-linux-gnu/libidn.so.11.6.15
7f9af00a8000-7f9af02a8000 ---p 00031000 08:17 3803367                    /usr/lib/x86_64-linux-gnu/libidn.so.11.6.15
7f9af02a8000-7f9af02a9000 r--p 00031000 08:17 3803367                    /usr/lib/x86_64-linux-gnu/libidn.so.11.6.15
7f9af02a9000-7f9af02aa000 rw-p 00032000 08:17 3803367                    /usr/lib/x86_64-linux-gnu/libidn.so.11.6.15
7f9af02aa000-7f9af041c000 r-xp 00000000 08:17 3803290                    /usr/lib/x86_64-linux-gnu/libstdc++.so.6.0.21
7f9af041c000-7f9af061c000 ---p 00172000 08:17 3803290                    /usr/lib/x86_64-linux-gnu/libstdc++.so.6.0.21
7f9af061c000-7f9af0626000 r--p 00172000 08:17 3803290                    /usr/lib/x86_64-linux-gnu/libstdc++.so.6.0.21
7f9af0626000-7f9af0628000 rw-p 0017c000 08:17 3803290                    /usr/lib/x86_64-linux-gnu/libstdc++.so.6.0.21
7f9af0628000-7f9af062c000 rw-p 00000000 00:00 0 
7f9af062c000-7f9af06fb000 r-xp 00000000 08:17 3810694                    /usr/lib/x86_64-linux-gnu/libsqlite3.so.0.8.6
7f9af06fb000-7f9af08fb000 ---p 000cf000 08:17 3810694                    /usr/lib/x86_64-linux-gnu/libsqlite3.so.0.8.6
7f9af08fb000-7f9af08fe000 r--p 000cf000 08:17 3810694                    /usr/lib/x86_64-linux-gnu/libsqlite3.so.0.8.6
7f9af08fe000-7f9af0900000 rw-p 000d2000 08:17 3810694                    /usr/lib/x86_64-linux-gnu/libsqlite3.so.0.8.6
7f9af0900000-7f9af0901000 rw-p 00000000 00:00 0 
7f9af0901000-7f9af096c000 r-xp 00000000 08:17 3801208                    /usr/lib/x86_64-linux-gnu/libcurl.so.4.4.0
7f9af096c000-7f9af0b6c000 ---p 0006b000 08:17 3801208                    /usr/lib/x86_64-linux-gnu/libcurl.so.4.4.0
7f9af0b6c000-7f9af0b6f000 r--p 0006b000 08:17 3801208                    /usr/lib/x86_64-linux-gnu/libcurl.so.4.4.0
7f9af0b6f000-7f9af0b70000 rw-p 0006e000 08:17 3801208                    /usr/lib/x86_64-linux-gnu/libcurl.so.4.4.0
7f9af0b9c000-7f9af0b9f000 ---p 00000000 00:00 0 
7f9af0b9f000-7f9af0bd5000 rw-p 00000000 00:00 0 
7f9af0bd5000-7f9af0bed000 r-xp 00000000 08:17 3594274                    /tmp/jna-1655054676/jna7106865360195411992.tmp (deleted)
7f9af0bed000-7f9af0dec000 ---p 00018000 08:17 3594274                    /tmp/jna-1655054676/jna7106865360195411992.tmp (deleted)
7f9af0dec000-7f9af0dee000 rw-p 00017000 08:17 3594274                    /tmp/jna-1655054676/jna7106865360195411992.tmp (deleted)
7f9af0dee000-7f9af0dff000 r-xp 00000000 08:17 3880230                    /usr/local/jdk1.8.0_152/jre/lib/amd64/libnio.so
7f9af0dff000-7f9af0ffe000 ---p 00011000 08:17 3880230                    /usr/local/jdk1.8.0_152/jre/lib/amd64/libnio.so
7f9af0ffe000-7f9af0fff000 rw-p 00010000 08:17 3880230                    /usr/local/jdk1.8.0_152/jre/lib/amd64/libnio.so
7f9af0fff000-7f9af4000000 rw-p 00000000 00:00 0 
7f9af4000000-7f9af4021000 rw-p 00000000 00:00 0 
7f9af4021000-7f9af8000000 ---p 00000000 00:00 0 
7f9af8000000-7f9af8021000 rw-p 00000000 00:00 0 
7f9af8021000-7f9afc000000 ---p 00000000 00:00 0 
7f9afc000000-7f9afc0ac000 rw-p 00000000 00:00 0 
7f9afc0ac000-7f9b00000000 ---p 00000000 00:00 0 
7f9b00000000-7f9b00021000 rw-p 00000000 00:00 0 
7f9b00021000-7f9b04000000 ---p 00000000 00:00 0 
7f9b04000000-7f9b04021000 rw-p 00000000 00:00 0 
7f9b04021000-7f9b08000000 ---p 00000000 00:00 0 
7f9b0800d000-7f9b08010000 ---p 00000000 00:00 0 
7f9b08010000-7f9b0810e000 rw-p 00000000 00:00 0 
7f9b0810e000-7f9b0810f000 ---p 00000000 00:00 0 
7f9b0810f000-7f9b0820f000 rw-p 00000000 00:00 0 
7f9b0820f000-7f9b08212000 ---p 00000000 00:00 0 
7f9b08212000-7f9b0c000000 rw-p 00000000 00:00 0 
7f9b0c000000-7f9b0c021000 rw-p 00000000 00:00 0 
7f9b0c021000-7f9b10000000 ---p 00000000 00:00 0 
7f9b10000000-7f9b10021000 rw-p 00000000 00:00 0 
7f9b10021000-7f9b14000000 ---p 00000000 00:00 0 
7f9b14000000-7f9b14021000 rw-p 00000000 00:00 0 
7f9b14021000-7f9b18000000 ---p 00000000 00:00 0 
7f9b18016000-7f9b18019000 ---p 00000000 00:00 0 
7f9b18019000-7f9b18117000 rw-p 00000000 00:00 0 
7f9b18117000-7f9b1811a000 ---p 00000000 00:00 0 
7f9b1811a000-7f9b18218000 rw-p 00000000 00:00 0 
7f9b18218000-7f9b1822e000 r-xp 00000000 08:17 3880227                    /usr/local/jdk1.8.0_152/jre/lib/amd64/libnet.so
7f9b1822e000-7f9b1842e000 ---p 00016000 08:17 3880227                    /usr/local/jdk1.8.0_152/jre/lib/amd64/libnet.so
7f9b1842e000-7f9b1842f000 rw-p 00016000 08:17 3880227                    /usr/local/jdk1.8.0_152/jre/lib/amd64/libnet.so
7f9b1842f000-7f9b18432000 ---p 00000000 00:00 0 
7f9b18432000-7f9b18530000 rw-p 00000000 00:00 0 
7f9b18530000-7f9b18533000 ---p 00000000 00:00 0 
7f9b18533000-7f9b18631000 rw-p 00000000 00:00 0 
7f9b18631000-7f9b186c6000 r--s 01113000 08:17 3880111                    /usr/local/jdk1.8.0_152/jre/lib/ext/jfxrt.jar
7f9b186c6000-7f9b186c9000 ---p 00000000 00:00 0 
7f9b186c9000-7f9b187c7000 rw-p 00000000 00:00 0 
7f9b187c7000-7f9b19186000 r--p 00000000 08:17 3808503                    /usr/lib/locale/locale-archive
7f9b19186000-7f9b19189000 ---p 00000000 00:00 0 
7f9b19189000-7f9b19287000 rw-p 00000000 00:00 0 
7f9b19287000-7f9b1928a000 ---p 00000000 00:00 0 
7f9b1928a000-7f9b19388000 rw-p 00000000 00:00 0 
7f9b19388000-7f9b19389000 ---p 00000000 00:00 0 
7f9b19389000-7f9b1a398000 rw-p 00000000 00:00 0 
7f9b1a398000-7f9b1a572000 r--s 03d5f000 08:17 3880058                    /usr/local/jdk1.8.0_152/jre/lib/rt.jar
7f9b1a572000-7f9b1b141000 rw-p 00000000 00:00 0 
7f9b1b141000-7f9b1b142000 ---p 00000000 00:00 0 
7f9b1b142000-7f9b1b242000 rw-p 00000000 00:00 0 
7f9b1b242000-7f9b1b243000 ---p 00000000 00:00 0 
7f9b1b243000-7f9b1b343000 rw-p 00000000 00:00 0 
7f9b1b343000-7f9b1b344000 ---p 00000000 00:00 0 
7f9b1b344000-7f9b1b444000 rw-p 00000000 00:00 0 
7f9b1b444000-7f9b1b445000 ---p 00000000 00:00 0 
7f9b1b445000-7f9b1b56e000 rw-p 00000000 00:00 0 
7f9b1b56e000-7f9b1b7cf000 ---p 00000000 00:00 0 
7f9b1b7cf000-7f9b1b7f8000 rw-p 00000000 00:00 0 
7f9b1b7f8000-7f9b1ba59000 ---p 00000000 00:00 0 
7f9b1ba59000-7f9b1baa0000 rw-p 00000000 00:00 0 
7f9b1baa0000-7f9b1bb9e000 ---p 00000000 00:00 0 
7f9b1bb9e000-7f9b1bbad000 rw-p 00000000 00:00 0 
7f9b1bbad000-7f9b1bf5f000 ---p 00000000 00:00 0 
7f9b1bf5f000-7f9b1c2cf000 rwxp 00000000 00:00 0 
7f9b1c2cf000-7f9b2af5f000 ---p 00000000 00:00 0 
7f9b2af5f000-7f9b2af7a000 r-xp 00000000 08:17 3880223                    /usr/local/jdk1.8.0_152/jre/lib/amd64/libzip.so
7f9b2af7a000-7f9b2b17a000 ---p 0001b000 08:17 3880223                    /usr/local/jdk1.8.0_152/jre/lib/amd64/libzip.so
7f9b2b17a000-7f9b2b17b000 rw-p 0001b000 08:17 3880223                    /usr/local/jdk1.8.0_152/jre/lib/amd64/libzip.so
7f9b2b17b000-7f9b2b186000 r-xp 00000000 08:17 266868                     /lib/x86_64-linux-gnu/libnss_files-2.23.so
7f9b2b186000-7f9b2b385000 ---p 0000b000 08:17 266868                     /lib/x86_64-linux-gnu/libnss_files-2.23.so
7f9b2b385000-7f9b2b386000 r--p 0000a000 08:17 266868                     /lib/x86_64-linux-gnu/libnss_files-2.23.so
7f9b2b386000-7f9b2b387000 rw-p 0000b000 08:17 266868                     /lib/x86_64-linux-gnu/libnss_files-2.23.so
7f9b2b387000-7f9b2b38d000 rw-p 00000000 00:00 0 
7f9b2b38d000-7f9b2b398000 r-xp 00000000 08:17 266878                     /lib/x86_64-linux-gnu/libnss_nis-2.23.so
7f9b2b398000-7f9b2b597000 ---p 0000b000 08:17 266878                     /lib/x86_64-linux-gnu/libnss_nis-2.23.so
7f9b2b597000-7f9b2b598000 r--p 0000a000 08:17 266878                     /lib/x86_64-linux-gnu/libnss_nis-2.23.so
7f9b2b598000-7f9b2b599000 rw-p 0000b000 08:17 266878                     /lib/x86_64-linux-gnu/libnss_nis-2.23.so
7f9b2b599000-7f9b2b5af000 r-xp 00000000 08:17 266862                     /lib/x86_64-linux-gnu/libnsl-2.23.so
7f9b2b5af000-7f9b2b7ae000 ---p 00016000 08:17 266862                     /lib/x86_64-linux-gnu/libnsl-2.23.so
7f9b2b7ae000-7f9b2b7af000 r--p 00015000 08:17 266862                     /lib/x86_64-linux-gnu/libnsl-2.23.so
7f9b2b7af000-7f9b2b7b0000 rw-p 00016000 08:17 266862                     /lib/x86_64-linux-gnu/libnsl-2.23.so
7f9b2b7b0000-7f9b2b7b2000 rw-p 00000000 00:00 0 
7f9b2b7b2000-7f9b2b7ba000 r-xp 00000000 08:17 266864                     /lib/x86_64-linux-gnu/libnss_compat-2.23.so
7f9b2b7ba000-7f9b2b9b9000 ---p 00008000 08:17 266864                     /lib/x86_64-linux-gnu/libnss_compat-2.23.so
7f9b2b9b9000-7f9b2b9ba000 r--p 00007000 08:17 266864                     /lib/x86_64-linux-gnu/libnss_compat-2.23.so
7f9b2b9ba000-7f9b2b9bb000 rw-p 00008000 08:17 266864                     /lib/x86_64-linux-gnu/libnss_compat-2.23.so
7f9b2b9bb000-7f9b2b9c5000 r-xp 00000000 08:17 3880232                    /usr/local/jdk1.8.0_152/jre/lib/amd64/libinstrument.so
7f9b2b9c5000-7f9b2bbc4000 ---p 0000a000 08:17 3880232                    /usr/local/jdk1.8.0_152/jre/lib/amd64/libinstrument.so
7f9b2bbc4000-7f9b2bbc5000 rw-p 00009000 08:17 3880232                    /usr/local/jdk1.8.0_152/jre/lib/amd64/libinstrument.so
7f9b2bbc5000-7f9b2bbf0000 r-xp 00000000 08:17 3880217                    /usr/local/jdk1.8.0_152/jre/lib/amd64/libjava.so
7f9b2bbf0000-7f9b2bdef000 ---p 0002b000 08:17 3880217                    /usr/local/jdk1.8.0_152/jre/lib/amd64/libjava.so
7f9b2bdef000-7f9b2bdf1000 rw-p 0002a000 08:17 3880217                    /usr/local/jdk1.8.0_152/jre/lib/amd64/libjava.so
7f9b2bdf1000-7f9b2bdfe000 r-xp 00000000 08:17 3880222                    /usr/local/jdk1.8.0_152/jre/lib/amd64/libverify.so
7f9b2bdfe000-7f9b2bffe000 ---p 0000d000 08:17 3880222                    /usr/local/jdk1.8.0_152/jre/lib/amd64/libverify.so
7f9b2bffe000-7f9b2c000000 rw-p 0000d000 08:17 3880222                    /usr/local/jdk1.8.0_152/jre/lib/amd64/libverify.so
7f9b2c000000-7f9b2cc52000 rw-p 00000000 00:00 0 
7f9b2cc52000-7f9b30000000 ---p 00000000 00:00 0 
7f9b30008000-7f9b3000d000 r--s 0009a000 08:17 3880107                    /usr/local/jdk1.8.0_152/jre/lib/jsse.jar
7f9b3000d000-7f9b30012000 r--s 002f9000 08:17 3880056                    /usr/local/jdk1.8.0_152/jre/lib/charsets.jar
7f9b30012000-7f9b3001c000 r--s 000eb000 08:17 69177                      /home/diamond/Documents/Controller/lib/mysql-connector-java-5.1.44-bin.jar
7f9b3001c000-7f9b3001f000 r--s 00024000 08:17 79461                      /home/diamond/Documents/Controller/lib/json-lib-2.4-jdk15.jar
7f9b3001f000-7f9b30023000 r--s 00107000 08:17 69176                      /home/diamond/Documents/Controller/lib/jna-4.4.0.jar
7f9b30023000-7f9b30031000 r--s 0007f000 08:17 79458                      /home/diamond/Documents/Controller/lib/commons-collections-3.2.1.jar
7f9b30031000-7f9b300f6000 rw-p 00000000 00:00 0 
7f9b300f6000-7f9b300fd000 r-xp 00000000 08:17 266923                     /lib/x86_64-linux-gnu/librt-2.23.so
7f9b300fd000-7f9b302fc000 ---p 00007000 08:17 266923                     /lib/x86_64-linux-gnu/librt-2.23.so
7f9b302fc000-7f9b302fd000 r--p 00006000 08:17 266923                     /lib/x86_64-linux-gnu/librt-2.23.so
7f9b302fd000-7f9b302fe000 rw-p 00007000 08:17 266923                     /lib/x86_64-linux-gnu/librt-2.23.so
7f9b302fe000-7f9b30406000 r-xp 00000000 08:17 266839                     /lib/x86_64-linux-gnu/libm-2.23.so
7f9b30406000-7f9b30605000 ---p 00108000 08:17 266839                     /lib/x86_64-linux-gnu/libm-2.23.so
7f9b30605000-7f9b30606000 r--p 00107000 08:17 266839                     /lib/x86_64-linux-gnu/libm-2.23.so
7f9b30606000-7f9b30607000 rw-p 00108000 08:17 266839                     /lib/x86_64-linux-gnu/libm-2.23.so
7f9b30607000-7f9b312df000 r-xp 00000000 08:17 3880200                    /usr/local/jdk1.8.0_152/jre/lib/amd64/server/libjvm.so
7f9b312df000-7f9b314de000 ---p 00cd8000 08:17 3880200                    /usr/local/jdk1.8.0_152/jre/lib/amd64/server/libjvm.so
7f9b314de000-7f9b315b8000 rw-p 00cd7000 08:17 3880200                    /usr/local/jdk1.8.0_152/jre/lib/amd64/server/libjvm.so
7f9b315b8000-7f9b31603000 rw-p 00000000 00:00 0 
7f9b31603000-7f9b317c3000 r-xp 00000000 08:17 266769                     /lib/x86_64-linux-gnu/libc-2.23.so
7f9b317c3000-7f9b319c3000 ---p 001c0000 08:17 266769                     /lib/x86_64-linux-gnu/libc-2.23.so
7f9b319c3000-7f9b319c7000 r--p 001c0000 08:17 266769                     /lib/x86_64-linux-gnu/libc-2.23.so
7f9b319c7000-7f9b319c9000 rw-p 001c4000 08:17 266769                     /lib/x86_64-linux-gnu/libc-2.23.so
7f9b319c9000-7f9b319cd000 rw-p 00000000 00:00 0 
7f9b319cd000-7f9b319d0000 r-xp 00000000 08:17 266793                     /lib/x86_64-linux-gnu/libdl-2.23.so
7f9b319d0000-7f9b31bcf000 ---p 00003000 08:17 266793                     /lib/x86_64-linux-gnu/libdl-2.23.so
7f9b31bcf000-7f9b31bd0000 r--p 00002000 08:17 266793                     /lib/x86_64-linux-gnu/libdl-2.23.so
7f9b31bd0000-7f9b31bd1000 rw-p 00003000 08:17 266793                     /lib/x86_64-linux-gnu/libdl-2.23.so
7f9b31bd1000-7f9b31be7000 r-xp 00000000 08:17 3879918                    /usr/local/jdk1.8.0_152/lib/amd64/jli/libjli.so
7f9b31be7000-7f9b31de6000 ---p 00016000 08:17 3879918                    /usr/local/jdk1.8.0_152/lib/amd64/jli/libjli.so
7f9b31de6000-7f9b31de7000 rw-p 00015000 08:17 3879918                    /usr/local/jdk1.8.0_152/lib/amd64/jli/libjli.so
7f9b31de7000-7f9b31dff000 r-xp 00000000 08:17 266915                     /lib/x86_64-linux-gnu/libpthread-2.23.so
7f9b31dff000-7f9b31ffe000 ---p 00018000 08:17 266915                     /lib/x86_64-linux-gnu/libpthread-2.23.so
7f9b31ffe000-7f9b31fff000 r--p 00017000 08:17 266915                     /lib/x86_64-linux-gnu/libpthread-2.23.so
7f9b31fff000-7f9b32000000 rw-p 00018000 08:17 266915                     /lib/x86_64-linux-gnu/libpthread-2.23.so
7f9b32000000-7f9b32004000 rw-p 00000000 00:00 0 
7f9b32004000-7f9b3202a000 r-xp 00000000 08:17 266741                     /lib/x86_64-linux-gnu/ld-2.23.so
7f9b3202a000-7f9b3202c000 r--s 0001a000 08:17 18339                      /home/diamond/soft/idea-IU-173.3942.27/lib/idea_rt.jar
7f9b3202c000-7f9b3202f000 r--s 00013000 08:17 79443                      /home/diamond/Documents/Controller/lib/ezmorph-1.0.6.jar
7f9b3202f000-7f9b32031000 r--s 0000d000 08:17 79460                      /home/diamond/Documents/Controller/lib/commons-logging-1.1.1.jar
7f9b32031000-7f9b32036000 r--s 00034000 08:17 79459                      /home/diamond/Documents/Controller/lib/commons-beanutils-1.8.0.jar
7f9b32036000-7f9b32049000 r--s 00345000 08:17 3880093                    /usr/local/jdk1.8.0_152/jre/lib/resources.jar
7f9b32049000-7f9b3205c000 r--s 000d6000 08:17 3880030                    /usr/local/jdk1.8.0_152/jre/lib/plugin.jar
7f9b3205c000-7f9b32061000 r--s 0009a000 08:17 3880107                    /usr/local/jdk1.8.0_152/jre/lib/jsse.jar
7f9b32061000-7f9b32063000 r--s 00007000 08:17 3880245                    /usr/local/jdk1.8.0_152/jre/lib/jfxswt.jar
7f9b32063000-7f9b32068000 r--s 00084000 08:17 3880007                    /usr/local/jdk1.8.0_152/jre/lib/jfr.jar
7f9b32068000-7f9b3206b000 r--s 0001a000 08:17 3880243                    /usr/local/jdk1.8.0_152/jre/lib/jce.jar
7f9b3206b000-7f9b32074000 r--s 0006d000 08:17 3880017                    /usr/local/jdk1.8.0_152/jre/lib/javaws.jar
7f9b32074000-7f9b320f6000 rw-p 00000000 00:00 0 
7f9b320f6000-7f9b320f9000 ---p 00000000 00:00 0 
7f9b320f9000-7f9b321fb000 rw-p 00000000 00:00 0 
7f9b321fb000-7f9b321fc000 r--s 00000000 08:17 3880014                    /usr/local/jdk1.8.0_152/jre/lib/management-agent.jar
7f9b321fc000-7f9b32218000 r--s 0020b000 08:17 3880008                    /usr/local/jdk1.8.0_152/jre/lib/deploy.jar
7f9b32218000-7f9b3221d000 r--s 002f9000 08:17 3880056                    /usr/local/jdk1.8.0_152/jre/lib/charsets.jar
7f9b3221d000-7f9b32225000 rw-s 00000000 08:17 3594263                    /tmp/hsperfdata_diamond/14717
7f9b32225000-7f9b32226000 rw-p 00000000 00:00 0 
7f9b32226000-7f9b32227000 r--p 00000000 00:00 0 
7f9b32227000-7f9b32229000 rw-p 00000000 00:00 0 
7f9b32229000-7f9b3222a000 r--p 00025000 08:17 266741                     /lib/x86_64-linux-gnu/ld-2.23.so
7f9b3222a000-7f9b3222b000 rw-p 00026000 08:17 266741                     /lib/x86_64-linux-gnu/ld-2.23.so
7f9b3222b000-7f9b3222c000 rw-p 00000000 00:00 0 
7ffe527da000-7ffe527fc000 rw-p 00000000 00:00 0                          [stack]
7ffe527fc000-7ffe527fe000 r--p 00000000 00:00 0                          [vvar]
7ffe527fe000-7ffe52800000 r-xp 00000000 00:00 0                          [vdso]
ffffffffff600000-ffffffffff601000 r-xp 00000000 00:00 0                  [vsyscall]

VM Arguments:
jvm_args: -javaagent:/home/diamond/soft/idea-IU-173.3942.27/lib/idea_rt.jar=42435:/home/diamond/soft/idea-IU-173.3942.27/bin -Dfile.encoding=UTF-8 
java_command: com.moma.Controller
java_class_path (initial): /usr/local/jdk1.8.0_152/jre/lib/charsets.jar:/usr/local/jdk1.8.0_152/jre/lib/deploy.jar:/usr/local/jdk1.8.0_152/jre/lib/ext/cldrdata.jar:/usr/local/jdk1.8.0_152/jre/lib/ext/dnsns.jar:/usr/local/jdk1.8.0_152/jre/lib/ext/jaccess.jar:/usr/local/jdk1.8.0_152/jre/lib/ext/jfxrt.jar:/usr/local/jdk1.8.0_152/jre/lib/ext/localedata.jar:/usr/local/jdk1.8.0_152/jre/lib/ext/nashorn.jar:/usr/local/jdk1.8.0_152/jre/lib/ext/sunec.jar:/usr/local/jdk1.8.0_152/jre/lib/ext/sunjce_provider.jar:/usr/local/jdk1.8.0_152/jre/lib/ext/sunpkcs11.jar:/usr/local/jdk1.8.0_152/jre/lib/ext/zipfs.jar:/usr/local/jdk1.8.0_152/jre/lib/javaws.jar:/usr/local/jdk1.8.0_152/jre/lib/jce.jar:/usr/local/jdk1.8.0_152/jre/lib/jfr.jar:/usr/local/jdk1.8.0_152/jre/lib/jfxswt.jar:/usr/local/jdk1.8.0_152/jre/lib/jsse.jar:/usr/local/jdk1.8.0_152/jre/lib/management-agent.jar:/usr/local/jdk1.8.0_152/jre/lib/plugin.jar:/usr/local/jdk1.8.0_152/jre/lib/resources.jar:/usr/local/jdk1.8.0_152/jre/lib/rt.jar:/home/diamond/Documents/Controller/out/production/Controller:/home/diamond/Documents/Controller/lib/commons-beanutils-1.8.0.jar:/home/diamond/Documents/Controller/lib/commons-logging-1.1.1.jar:/home/diamond/Documents/Controller/lib/commons-collections-3.2.1.jar:/home/diamond/Documents/Controller/lib/ezmorph-1.0.6.jar:/home/diamond/Documents/Controller/lib/jna-4.4.0.jar:/home/diamond/Documents/Controller/lib/json-lib-2.4-jdk15.jar:/home/diamond/Documents/Controller/lib/mysql-connector-java-5.1.44-bin.jar:/home/diamond/soft/idea-IU-173.3942.27/lib/idea_rt.jar
Launcher Type: SUN_STANDARD

Environment Variables:
JAVA_HOME=/usr/local/jdk1.8.0_152/
JRE_HOME=/usr/local/jdk1.8.0_152//jre
CLASSPATH=/home/diamond/soft/idea-IU-173.3942.27/lib/bootstrap.jar:/home/diamond/soft/idea-IU-173.3942.27/lib/extensions.jar:/home/diamond/soft/idea-IU-173.3942.27/lib/util.jar:/home/diamond/soft/idea-IU-173.3942.27/lib/jdom.jar:/home/diamond/soft/idea-IU-173.3942.27/lib/log4j.jar:/home/diamond/soft/idea-IU-173.3942.27/lib/trove4j.jar:/home/diamond/soft/idea-IU-173.3942.27/lib/jna.jar:/home/diamond/soft/idea-IU-173.3942.27/jre64/lib/tools.jar
PATH=/home/diamond/bin:/home/diamond/.local/bin:/usr/local/cuda-8.0/bin:/usr/local/sbin:/usr/local/bin:/usr/sbin:/usr/bin:/sbin:/bin:/usr/games:/usr/local/games:/snap/bin:/usr/local/jdk1.8.0_152//bin:/usr/local/jdk1.8.0_152//jre/bin
LD_LIBRARY_PATH=/usr/local/cuda-8.0/lib64
SHELL=/bin/bash
DISPLAY=:0

Signal Handlers:
SIGSEGV: [libjvm.so+0xacfec0], sa_mask[0]=11111111011111111101111111111110, sa_flags=SA_RESTART|SA_SIGINFO
SIGBUS: [libjvm.so+0xacfec0], sa_mask[0]=11111111011111111101111111111110, sa_flags=SA_RESTART|SA_SIGINFO
SIGFPE: [libjvm.so+0x927e60], sa_mask[0]=11111111011111111101111111111110, sa_flags=SA_RESTART|SA_SIGINFO
SIGPIPE: [libjvm.so+0x927e60], sa_mask[0]=11111111011111111101111111111110, sa_flags=SA_RESTART|SA_SIGINFO
SIGXFSZ: [libjvm.so+0x927e60], sa_mask[0]=11111111011111111101111111111110, sa_flags=SA_RESTART|SA_SIGINFO
SIGILL: [libjvm.so+0x927e60], sa_mask[0]=11111111011111111101111111111110, sa_flags=SA_RESTART|SA_SIGINFO
SIGUSR1: SIG_DFL, sa_mask[0]=00000000000000000000000000000000, sa_flags=none
SIGUSR2: [libjvm.so+0x9296a0], sa_mask[0]=00100000000000000000000000000000, sa_flags=SA_RESTART|SA_SIGINFO
SIGHUP: [libjvm.so+0x92aaa0], sa_mask[0]=11111111011111111101111111111110, sa_flags=SA_RESTART|SA_SIGINFO
SIGINT: [libarcsoft_fsdk_face_detection.so+0x3700], sa_mask[0]=00000000000000000000000000000000, sa_flags=SA_RESTART|SA_SIGINFO|SA_NOCLDWAIT
SIGTERM: [libjvm.so+0x92aaa0], sa_mask[0]=11111111011111111101111111111110, sa_flags=SA_RESTART|SA_SIGINFO
SIGQUIT: [libjvm.so+0x92aaa0], sa_mask[0]=11111111011111111101111111111110, sa_flags=SA_RESTART|SA_SIGINFO


---------------  S Y S T E M  ---------------

OS:DISTRIB_ID=Ubuntu
DISTRIB_RELEASE=16.04
DISTRIB_CODENAME=xenial
DISTRIB_DESCRIPTION="Ubuntu 16.04.3 LTS"

uname:Linux 4.10.0-42-generic #46~16.04.1-Ubuntu SMP Mon Dec 4 15:57:59 UTC 2017 x86_64
libc:glibc 2.23 NPTL 2.23 
rlimit: STACK 8192k, CORE 0k, NPROC 30234, NOFILE 1048576, AS infinity
load average:1.58 1.80 1.52

/proc/meminfo:
MemTotal:        7986184 kB
MemFree:          221992 kB
MemAvailable:    2060776 kB
Buffers:          139172 kB
Cached:          1868912 kB
SwapCached:         6860 kB
Active:          6105160 kB
Inactive:        1197348 kB
Active(anon):    4602788 kB
Inactive(anon):   736964 kB
Active(file):    1502372 kB
Inactive(file):   460384 kB
Unevictable:         232 kB
Mlocked:             232 kB
SwapTotal:       4097020 kB
SwapFree:        4046264 kB
Dirty:                92 kB
Writeback:             0 kB
AnonPages:       5176508 kB
Mapped:           528676 kB
Shmem:             45320 kB
Slab:             246516 kB
SReclaimable:     182892 kB
SUnreclaim:        63624 kB
KernelStack:       18128 kB
PageTables:        64376 kB
NFS_Unstable:          0 kB
Bounce:                0 kB
WritebackTmp:          0 kB
CommitLimit:     8090112 kB
Committed_AS:   13246972 kB
VmallocTotal:   34359738367 kB
VmallocUsed:           0 kB
VmallocChunk:          0 kB
HardwareCorrupted:     0 kB
AnonHugePages:   3115008 kB
ShmemHugePages:        0 kB
ShmemPmdMapped:        0 kB
CmaTotal:              0 kB
CmaFree:               0 kB
HugePages_Total:       0
HugePages_Free:        0
HugePages_Rsvd:        0
HugePages_Surp:        0
Hugepagesize:       2048 kB
DirectMap4k:      302980 kB
DirectMap2M:     7899136 kB


CPU:total 4 (initial active 4) (2 cores per cpu, 2 threads per core) family 6 model 58 stepping 9, cmov, cx8, fxsr, mmx, sse, sse2, sse3, ssse3, sse4.1, sse4.2, popcnt, avx, aes, clmul, erms, ht, tsc, tscinvbit, tscinv

/proc/cpuinfo:
processor	: 0
vendor_id	: GenuineIntel
cpu family	: 6
model		: 58
model name	: Intel(R) Core(TM) i5-3210M CPU @ 2.50GHz
stepping	: 9
microcode	: 0x15
cpu MHz		: 2899.932
cache size	: 3072 KB
physical id	: 0
siblings	: 4
core id		: 0
cpu cores	: 2
apicid		: 0
initial apicid	: 0
fpu		: yes
fpu_exception	: yes
cpuid level	: 13
wp		: yes
flags		: fpu vme de pse tsc msr pae mce cx8 apic sep mtrr pge mca cmov pat pse36 clflush dts acpi mmx fxsr sse sse2 ss ht tm pbe syscall nx rdtscp lm constant_tsc arch_perfmon pebs bts rep_good nopl xtopology nonstop_tsc aperfmperf pni pclmulqdq dtes64 monitor ds_cpl vmx est tm2 ssse3 cx16 xtpr pdcm pcid sse4_1 sse4_2 x2apic popcnt tsc_deadline_timer aes xsave avx f16c rdrand lahf_lm epb tpr_shadow vnmi flexpriority ept vpid fsgsbase smep erms xsaveopt dtherm ida arat pln pts
bugs		:
bogomips	: 4988.88
clflush size	: 64
cache_alignment	: 64
address sizes	: 36 bits physical, 48 bits virtual
power management:

processor	: 1
vendor_id	: GenuineIntel
cpu family	: 6
model		: 58
model name	: Intel(R) Core(TM) i5-3210M CPU @ 2.50GHz
stepping	: 9
microcode	: 0x15
cpu MHz		: 2899.932
cache size	: 3072 KB
physical id	: 0
siblings	: 4
core id		: 0
cpu cores	: 2
apicid		: 1
initial apicid	: 1
fpu		: yes
fpu_exception	: yes
cpuid level	: 13
wp		: yes
flags		: fpu vme de pse tsc msr pae mce cx8 apic sep mtrr pge mca cmov pat pse36 clflush dts acpi mmx fxsr sse sse2 ss ht tm pbe syscall nx rdtscp lm constant_tsc arch_perfmon pebs bts rep_good nopl xtopology nonstop_tsc aperfmperf pni pclmulqdq dtes64 monitor ds_cpl vmx est tm2 ssse3 cx16 xtpr pdcm pcid sse4_1 sse4_2 x2apic popcnt tsc_deadline_timer aes xsave avx f16c rdrand lahf_lm epb tpr_shadow vnmi flexpriority ept vpid fsgsbase smep erms xsaveopt dtherm ida arat pln pts
bugs		:
bogomips	: 4988.88
clflush size	: 64
cache_alignment	: 64
address sizes	: 36 bits physical, 48 bits virtual
power management:

processor	: 2
vendor_id	: GenuineIntel
cpu family	: 6
model		: 58
model name	: Intel(R) Core(TM) i5-3210M CPU @ 2.50GHz
stepping	: 9
microcode	: 0x15
cpu MHz		: 2907.867
cache size	: 3072 KB
physical id	: 0
siblings	: 4
core id		: 1
cpu cores	: 2
apicid		: 2
initial apicid	: 2
fpu		: yes
fpu_exception	: yes
cpuid level	: 13
wp		: yes
flags		: fpu vme de pse tsc msr pae mce cx8 apic sep mtrr pge mca cmov pat pse36 clflush dts acpi mmx fxsr sse sse2 ss ht tm pbe syscall nx rdtscp lm constant_tsc arch_perfmon pebs bts rep_good nopl xtopology nonstop_tsc aperfmperf pni pclmulqdq dtes64 monitor ds_cpl vmx est tm2 ssse3 cx16 xtpr pdcm pcid sse4_1 sse4_2 x2apic popcnt tsc_deadline_timer aes xsave avx f16c rdrand lahf_lm epb tpr_shadow vnmi flexpriority ept vpid fsgsbase smep erms xsaveopt dtherm ida arat pln pts
bugs		:
bogomips	: 4988.88
clflush size	: 64
cache_alignment	: 64
address sizes	: 36 bits physical, 48 bits virtual
power management:

processor	: 3
vendor_id	: GenuineIntel
cpu family	: 6
model		: 58
model name	: Intel(R) Core(TM) i5-3210M CPU @ 2.50GHz
stepping	: 9
microcode	: 0x15
cpu MHz		: 2899.932
cache size	: 3072 KB
physical id	: 0
siblings	: 4
core id		: 1
cpu cores	: 2
apicid		: 3
initial apicid	: 3
fpu		: yes
fpu_exception	: yes
cpuid level	: 13
wp		: yes
flags		: fpu vme de pse tsc msr pae mce cx8 apic sep mtrr pge mca cmov pat pse36 clflush dts acpi mmx fxsr sse sse2 ss ht tm pbe syscall nx rdtscp lm constant_tsc arch_perfmon pebs bts rep_good nopl xtopology nonstop_tsc aperfmperf pni pclmulqdq dtes64 monitor ds_cpl vmx est tm2 ssse3 cx16 xtpr pdcm pcid sse4_1 sse4_2 x2apic popcnt tsc_deadline_timer aes xsave avx f16c rdrand lahf_lm epb tpr_shadow vnmi flexpriority ept vpid fsgsbase smep erms xsaveopt dtherm ida arat pln pts
bugs		:
bogomips	: 4988.88
clflush size	: 64
cache_alignment	: 64
address sizes	: 36 bits physical, 48 bits virtual
power management:



Memory: 4k page, physical 7986184k(221992k free), swap 4097020k(4046264k free)

vm_info: Java HotSpot(TM) 64-Bit Server VM (25.152-b16) for linux-amd64 JRE (1.8.0_152-b16), built on Sep 14 2017 02:16:14 by "java_re" with gcc 4.3.0 20080428 (Red Hat 4.3.0-8)

time: Thu Jan 18 15:58:07 2018
elapsed time: 99 seconds (0d 0h 1m 39s)

