#
# A fatal error has been detected by the Java Runtime Environment:
#
#  SIGSEGV (0xb) at pc=0x00007f61de7fe880, pid=21093, tid=0x00007f61cbfff700
#
# JRE version: Java(TM) SE Runtime Environment (8.0_152-b16) (build 1.8.0_152-b16)
# Java VM: Java HotSpot(TM) 64-Bit Server VM (25.152-b16 mixed mode linux-amd64 compressed oops)
# Problematic frame:
# C  [libarcsoft_fsdk_face_recognition.so+0x2e880]
#
# Failed to write core dump. Core dumps have been disabled. To enable core dumping, try "ulimit -c unlimited" before starting Java again
#
# If you would like to submit a bug report, please visit:
#   http://bugreport.java.com/bugreport/crash.jsp
#

---------------  T H R E A D  ---------------

Current thread is native thread

siginfo: si_signo: 11 (SIGSEGV), si_code: 2 (SEGV_ACCERR), si_addr: 0x00007f6240d00fb0

Registers:
RAX=0x00007f6240d00fb0, RBX=0x00007f61568e6400, RCX=0x0000000000031f28, RDX=0x000000000000ed80
RSP=0x00007f61cbffee98, RBP=0x0000000000beac50, RSI=0x00000000000000ef, RDI=0x00000000000000ef
R8 =0x0000000004df4800, R9 =0x00007f61d078a660, R10=0x0000000000b029e2, R11=0x00007f61d079df20
R12=0x00000000000002b2, R13=0x00000000ffffe9cd, R14=0x00007f61568db750, R15=0x0000000000024c61
RIP=0x00007f61de7fe880, EFLAGS=0x0000000000010202, CSGSFS=0x002b000000000033, ERR=0x0000000000000004
  TRAPNO=0x000000000000000e

Top of Stack: (sp=0x00007f61cbffee98)
0x00007f61cbffee98:   0000000100000280 00007f61d0814aec
0x00007f61cbffeea8:   00007f61d0814af0 00007f61d0814af4
0x00007f61cbffeeb8:   00007f61dffbf6c0 00007f61d088dd70
0x00007f61cbffeec8:   00b029e200beac50 00007f61d088dd70
0x00007f61cbffeed8:   00007f61d088dd20 00007f61d088dd70
0x00007f61cbffeee8:   00007f61d088dd48 00007f61d088dda0
0x00007f61cbffeef8:   00007f61de7f4970 00007f61568db7b8
0x00007f61cbffef08:   00007f61de80267f 0000000000000000
0x00007f61cbffef18:   000003c100000000 0000000000000000
0x00007f61cbffef28:   0000000000000000 0000000000000000
0x00007f61cbffef38:   0000000000000000 00007f624649b59f
0x00007f61cbffef48:   00007f61cbfff9c0 0000000000000001
0x00007f61cbffef58:   00007f62460956ba 0000000000000000
0x00007f61cbffef68:   00007f61cbfff700 00007f61cbfff700
0x00007f61cbffef78:   d7ec32ac53966347 0000000000000000
0x00007f61cbffef88:   00007f624649b59f 00007f61cbfff9c0
0x00007f61cbffef98:   0000000000000001 292fa5538d566347
0x00007f61cbffefa8:   2928bebeff6c6347 0000000000000000
0x00007f61cbffefb8:   0000000000000000 0000000000000000
0x00007f61cbffefc8:   0000000000000000 0000000000000000
0x00007f61cbffefd8:   0000000000000000 0000000000000000
0x00007f61cbffefe8:   0000000000000000 00007f61cbfff700
0x00007f61cbffeff8:   00007f62459b13dd 0000000000000000
0x00007f61cbfff008:   0000000000000000 0000000000000000
0x00007f61cbfff018:   0000000000000000 0000000000000000
0x00007f61cbfff028:   0000000000000000 0000000000000000
0x00007f61cbfff038:   0000000000000000 0000000000000000
0x00007f61cbfff048:   0000000000000000 0000000000000000
0x00007f61cbfff058:   0000000000000000 0000000000000000
0x00007f61cbfff068:   0000000000000000 0000000000000000
0x00007f61cbfff078:   0000000000000000 0000000000000000
0x00007f61cbfff088:   0000000000000000 0000000000000000 

Instructions: (pc=0x00007f61de7fe880)
0x00007f61de7fe860:   d8 c1 fa 11 0f af 54 24 b8 48 63 d2 48 01 d0 48
0x00007f61de7fe870:   03 44 24 d0 81 3b 01 08 00 00 0f 84 e0 00 00 00
0x00007f61de7fe880:   0f b6 10 0f b6 48 01 89 f8 d1 e9 d1 ea c1 f8 04
0x00007f61de7fe890:   48 83 7c 24 20 00 0f 84 94 00 00 00 c1 e0 07 48 

Register to memory mapping:

RAX=0x00007f6240d00fb0 is an unknown value
RBX=0x00007f61568e6400 is pointing into the stack for thread: 0x00007f617c01d000
RCX=0x0000000000031f28 is an unknown value
RDX=0x000000000000ed80 is an unknown value
RSP=0x00007f61cbffee98 is an unknown value
RBP=0x0000000000beac50 is an unknown value
RSI=0x00000000000000ef is an unknown value
RDI=0x00000000000000ef is an unknown value
R8 =0x0000000004df4800 is an unknown value
R9 =0x00007f61d078a660 is an unknown value
R10=0x0000000000b029e2 is an unknown value
R11=0x00007f61d079df20 is an unknown value
R12=0x00000000000002b2 is an unknown value
R13=0x00000000ffffe9cd is an unallocated location in the heap
R14=0x00007f61568db750 is pointing into the stack for thread: 0x00007f617c01d000
R15=0x0000000000024c61 is an unknown value


Stack: [0x00007f61cb7ff000,0x00007f61cc000000],  sp=0x00007f61cbffee98,  free space=8191k
Native frames: (J=compiled Java code, j=interpreted, Vv=VM code, C=native code)
C  [libarcsoft_fsdk_face_recognition.so+0x2e880]

[error occurred during error reporting (printing native stack), id 0xb]


---------------  P R O C E S S  ---------------

VM state:not at safepoint (normal execution)

VM Mutex/Monitor currently owned by a thread: None

Heap:
 PSYoungGen      total 130048K, used 31557K [0x00000000d7600000, 0x00000000e7600000, 0x0000000100000000)
  eden space 124928K, 22% used [0x00000000d7600000,0x00000000d90db270,0x00000000df000000)
  from space 5120K, 79% used [0x00000000df000000,0x00000000df3f6528,0x00000000df500000)
  to   space 6144K, 0% used [0x00000000e7000000,0x00000000e7000000,0x00000000e7600000)
 ParOldGen       total 83456K, used 1038K [0x0000000086200000, 0x000000008b380000, 0x00000000d7600000)
  object space 83456K, 1% used [0x0000000086200000,0x00000000863038c0,0x000000008b380000)
 Metaspace       used 9726K, capacity 9882K, committed 10112K, reserved 1058816K
  class space    used 1027K, capacity 1095K, committed 1152K, reserved 1048576K

Card table byte_map: [0x00007f622f9de000,0x00007f622fdae000] byte_map_base: 0x00007f622f5ad000

Marking Bits: (ParMarkBitMap*) 0x00007f624587d1a0
 Begin Bits: [0x00007f6224310000, 0x00007f6226188000)
 End Bits:   [0x00007f6226188000, 0x00007f6228000000)

Polling page: 0x00007f62464cd000

CodeCache: size=245760Kb used=4197Kb max_used=4239Kb free=241562Kb
 bounds [0x00007f623016e000, 0x00007f623059e000, 0x00007f623f16e000]
 total_blobs=1503 nmethods=1106 adapters=311
 compilation: enabled

Compilation events (10 events):
Event: 43.981 Thread 0x00007f6240260800 nmethod 1129 0x00007f62305916d0 code [0x00007f6230591820, 0x00007f6230591998]
Event: 43.981 Thread 0x00007f6240265000 1130   !   3       java.io.PrintStream::write (83 bytes)
Event: 43.982 Thread 0x00007f6240265000 nmethod 1130 0x00007f6230593350 code [0x00007f6230593580, 0x00007f6230594108]
Event: 43.982 Thread 0x00007f6240265000 1131       1       java.net.SocketImpl::getInetAddress (5 bytes)
Event: 43.982 Thread 0x00007f6240265000 nmethod 1131 0x00007f623027e0d0 code [0x00007f623027e220, 0x00007f623027e330]
Event: 44.133 Thread 0x00007f6240265000 1132       3       java.lang.Integer::formatUnsignedInt (48 bytes)
Event: 44.134 Thread 0x00007f6240265000 nmethod 1132 0x00007f6230591110 code [0x00007f6230591280, 0x00007f62305914f0]
Event: 44.701 Thread 0x00007f6240262800 1133   !   4       java.util.Collections$SynchronizedMap::put (28 bytes)
Event: 44.702 Thread 0x00007f6240265000 1134       3       java.util.concurrent.locks.ReentrantLock$Sync::tryRelease (45 bytes)
Event: 44.703 Thread 0x00007f6240265000 nmethod 1134 0x00007f62302858d0 code [0x00007f6230285a60, 0x00007f6230286008]

GC Heap History (10 events):
Event: 1.182 GC heap before
{Heap before GC invocations=1 (full 0):
 PSYoungGen      total 36352K, used 31181K [0x00000000d7600000, 0x00000000d9e80000, 0x0000000100000000)
  eden space 31232K, 99% used [0x00000000d7600000,0x00000000d9473628,0x00000000d9480000)
  from space 5120K, 0% used [0x00000000d9980000,0x00000000d9980000,0x00000000d9e80000)
  to   space 5120K, 0% used [0x00000000d9480000,0x00000000d9480000,0x00000000d9980000)
 ParOldGen       total 83456K, used 0K [0x0000000086200000, 0x000000008b380000, 0x00000000d7600000)
  object space 83456K, 0% used [0x0000000086200000,0x0000000086200000,0x000000008b380000)
 Metaspace       used 8958K, capacity 9090K, committed 9344K, reserved 1056768K
  class space    used 968K, capacity 1027K, committed 1152K, reserved 1048576K
Event: 1.195 GC heap after
Heap after GC invocations=1 (full 0):
 PSYoungGen      total 36352K, used 5095K [0x00000000d7600000, 0x00000000dbd00000, 0x0000000100000000)
  eden space 31232K, 0% used [0x00000000d7600000,0x00000000d7600000,0x00000000d9480000)
  from space 5120K, 99% used [0x00000000d9480000,0x00000000d9979e18,0x00000000d9980000)
  to   space 5120K, 0% used [0x00000000db800000,0x00000000db800000,0x00000000dbd00000)
 ParOldGen       total 83456K, used 1006K [0x0000000086200000, 0x000000008b380000, 0x00000000d7600000)
  object space 83456K, 1% used [0x0000000086200000,0x00000000862fb8c0,0x000000008b380000)
 Metaspace       used 8958K, capacity 9090K, committed 9344K, reserved 1056768K
  class space    used 968K, capacity 1027K, committed 1152K, reserved 1048576K
}
Event: 1.645 GC heap before
{Heap before GC invocations=2 (full 0):
 PSYoungGen      total 36352K, used 36327K [0x00000000d7600000, 0x00000000dbd00000, 0x0000000100000000)
  eden space 31232K, 100% used [0x00000000d7600000,0x00000000d9480000,0x00000000d9480000)
  from space 5120K, 99% used [0x00000000d9480000,0x00000000d9979e18,0x00000000d9980000)
  to   space 5120K, 0% used [0x00000000db800000,0x00000000db800000,0x00000000dbd00000)
 ParOldGen       total 83456K, used 1006K [0x0000000086200000, 0x000000008b380000, 0x00000000d7600000)
  object space 83456K, 1% used [0x0000000086200000,0x00000000862fb8c0,0x000000008b380000)
 Metaspace       used 9049K, capacity 9218K, committed 9344K, reserved 1056768K
  class space    used 980K, capacity 1027K, committed 1152K, reserved 1048576K
Event: 1.651 GC heap after
Heap after GC invocations=2 (full 0):
 PSYoungGen      total 67584K, used 3391K [0x00000000d7600000, 0x00000000dbd00000, 0x0000000100000000)
  eden space 62464K, 0% used [0x00000000d7600000,0x00000000d7600000,0x00000000db300000)
  from space 5120K, 66% used [0x00000000db800000,0x00000000dbb4fdb8,0x00000000dbd00000)
  to   space 5120K, 0% used [0x00000000db300000,0x00000000db300000,0x00000000db800000)
 ParOldGen       total 83456K, used 1014K [0x0000000086200000, 0x000000008b380000, 0x00000000d7600000)
  object space 83456K, 1% used [0x0000000086200000,0x00000000862fd8c0,0x000000008b380000)
 Metaspace       used 9049K, capacity 9218K, committed 9344K, reserved 1056768K
  class space    used 980K, capacity 1027K, committed 1152K, reserved 1048576K
}
Event: 1.837 GC heap before
{Heap before GC invocations=3 (full 0):
 PSYoungGen      total 67584K, used 65828K [0x00000000d7600000, 0x00000000dbd00000, 0x0000000100000000)
  eden space 62464K, 99% used [0x00000000d7600000,0x00000000db2f9270,0x00000000db300000)
  from space 5120K, 66% used [0x00000000db800000,0x00000000dbb4fdb8,0x00000000dbd00000)
  to   space 5120K, 0% used [0x00000000db300000,0x00000000db300000,0x00000000db800000)
 ParOldGen       total 83456K, used 1014K [0x0000000086200000, 0x000000008b380000, 0x00000000d7600000)
  object space 83456K, 1% used [0x0000000086200000,0x00000000862fd8c0,0x000000008b380000)
 Metaspace       used 9172K, capacity 9282K, committed 9600K, reserved 1058816K
  class space    used 980K, capacity 1027K, committed 1152K, reserved 1048576K
Event: 1.841 GC heap after
Heap after GC invocations=3 (full 0):
 PSYoungGen      total 67584K, used 3972K [0x00000000d7600000, 0x00000000dfa00000, 0x0000000100000000)
  eden space 62464K, 0% used [0x00000000d7600000,0x00000000d7600000,0x00000000db300000)
  from space 5120K, 77% used [0x00000000db300000,0x00000000db6e1118,0x00000000db800000)
  to   space 5120K, 0% used [0x00000000df500000,0x00000000df500000,0x00000000dfa00000)
 ParOldGen       total 83456K, used 1022K [0x0000000086200000, 0x000000008b380000, 0x00000000d7600000)
  object space 83456K, 1% used [0x0000000086200000,0x00000000862ff8c0,0x000000008b380000)
 Metaspace       used 9172K, capacity 9282K, committed 9600K, reserved 1058816K
  class space    used 980K, capacity 1027K, committed 1152K, reserved 1048576K
}
Event: 1.993 GC heap before
{Heap before GC invocations=4 (full 0):
 PSYoungGen      total 67584K, used 66425K [0x00000000d7600000, 0x00000000dfa00000, 0x0000000100000000)
  eden space 62464K, 99% used [0x00000000d7600000,0x00000000db2fd4a8,0x00000000db300000)
  from space 5120K, 77% used [0x00000000db300000,0x00000000db6e1118,0x00000000db800000)
  to   space 5120K, 0% used [0x00000000df500000,0x00000000df500000,0x00000000dfa00000)
 ParOldGen       total 83456K, used 1022K [0x0000000086200000, 0x000000008b380000, 0x00000000d7600000)
  object space 83456K, 1% used [0x0000000086200000,0x00000000862ff8c0,0x000000008b380000)
 Metaspace       used 9233K, capacity 9416K, committed 9600K, reserved 1058816K
  class space    used 980K, capacity 1028K, committed 1152K, reserved 1048576K
Event: 1.997 GC heap after
Heap after GC invocations=4 (full 0):
 PSYoungGen      total 130048K, used 4988K [0x00000000d7600000, 0x00000000dfa00000, 0x0000000100000000)
  eden space 124928K, 0% used [0x00000000d7600000,0x00000000d7600000,0x00000000df000000)
  from space 5120K, 97% used [0x00000000df500000,0x00000000df9df2f0,0x00000000dfa00000)
  to   space 5120K, 0% used [0x00000000df000000,0x00000000df000000,0x00000000df500000)
 ParOldGen       total 83456K, used 1030K [0x0000000086200000, 0x000000008b380000, 0x00000000d7600000)
  object space 83456K, 1% used [0x0000000086200000,0x00000000863018c0,0x000000008b380000)
 Metaspace       used 9233K, capacity 9416K, committed 9600K, reserved 1058816K
  class space    used 980K, capacity 1028K, committed 1152K, reserved 1048576K
}
Event: 33.899 GC heap before
{Heap before GC invocations=5 (full 0):
 PSYoungGen      total 130048K, used 129916K [0x00000000d7600000, 0x00000000dfa00000, 0x0000000100000000)
  eden space 124928K, 100% used [0x00000000d7600000,0x00000000df000000,0x00000000df000000)
  from space 5120K, 97% used [0x00000000df500000,0x00000000df9df2f0,0x00000000dfa00000)
  to   space 5120K, 0% used [0x00000000df000000,0x00000000df000000,0x00000000df500000)
 ParOldGen       total 83456K, used 1030K [0x0000000086200000, 0x000000008b380000, 0x00000000d7600000)
  object space 83456K, 1% used [0x0000000086200000,0x00000000863018c0,0x000000008b380000)
 Metaspace       used 9709K, capacity 9882K, committed 10112K, reserved 1058816K
  class space    used 1027K, capacity 1095K, committed 1152K, reserved 1048576K
Event: 33.910 GC heap after
Heap after GC invocations=5 (full 0):
 PSYoungGen      total 130048K, used 4057K [0x00000000d7600000, 0x00000000e7600000, 0x0000000100000000)
  eden space 124928K, 0% used [0x00000000d7600000,0x00000000d7600000,0x00000000df000000)
  from space 5120K, 79% used [0x00000000df000000,0x00000000df3f6528,0x00000000df500000)
  to   space 6144K, 0% used [0x00000000e7000000,0x00000000e7000000,0x00000000e7600000)
 ParOldGen       total 83456K, used 1038K [0x0000000086200000, 0x000000008b380000, 0x00000000d7600000)
  object space 83456K, 1% used [0x0000000086200000,0x00000000863038c0,0x000000008b380000)
 Metaspace       used 9709K, capacity 9882K, committed 10112K, reserved 1058816K
  class space    used 1027K, capacity 1095K, committed 1152K, reserved 1048576K
}

Deoptimization events (10 events):
Event: 0.954 Thread 0x00007f624000c000 Uncommon trap: reason=unstable_if action=reinterpret pc=0x00007f6230365694 method=java.lang.String.lastIndexOf([CII[CIII)I @ 66
Event: 1.061 Thread 0x00007f624000c000 Uncommon trap: reason=unstable_if action=reinterpret pc=0x00007f6230387564 method=java.lang.String.replace(CC)Ljava/lang/String; @ 26
Event: 5.339 Thread 0x00007f62402c9800 Uncommon trap: reason=unstable_if action=reinterpret pc=0x00007f623039bf08 method=java.util.zip.ZipCoder.getBytes(Ljava/lang/String;)[B @ 32
Event: 33.218 Thread 0x00007f617c09a800 Uncommon trap: reason=null_check action=make_not_entrant pc=0x00007f623055c780 method=com.sun.jna.Structure.readField(Lcom/sun/jna/Structure$StructField;)Ljava/lang/Object; @ 32
Event: 33.949 Thread 0x00007f617c09b800 Uncommon trap: reason=null_check action=make_not_entrant pc=0x00007f623055fda4 method=com.sun.jna.Structure.readField(Lcom/sun/jna/Structure$StructField;)Ljava/lang/Object; @ 41
Event: 34.776 Thread 0x00007f617c00f000 Uncommon trap: reason=null_check action=make_not_entrant pc=0x00007f6230567478 method=com.sun.jna.Structure.readField(Lcom/sun/jna/Structure$StructField;)Ljava/lang/Object; @ 56
Event: 35.611 Thread 0x00007f617c010800 Uncommon trap: reason=null_check action=make_not_entrant pc=0x00007f62305643bc method=com.sun.jna.Structure.readField(Lcom/sun/jna/Structure$StructField;)Ljava/lang/Object; @ 65
Event: 36.440 Thread 0x00007f617c011800 Uncommon trap: reason=null_check action=make_not_entrant pc=0x00007f623057c6ac method=com.sun.jna.Structure.readField(Lcom/sun/jna/Structure$StructField;)Ljava/lang/Object; @ 74
Event: 38.107 Thread 0x00007f617c014000 Uncommon trap: reason=null_check action=make_not_entrant pc=0x00007f623057a3fc method=com.sun.jna.Pointer.getValue(JLjava/lang/Class;Ljava/lang/Object;)Ljava/lang/Object; @ 6
Event: 39.020 Thread 0x00007f617c015000 Uncommon trap: reason=null_check action=make_not_entrant pc=0x00007f6230587bf4 method=com.sun.jna.Native.getNativeSize(Ljava/lang/Class;)I @ 4

Classes redefined (0 events):
No events

Internal exceptions (8 events):
Event: 0.034 Thread 0x00007f624000c000 Exception <a 'java/lang/NoSuchMethodError': Method sun.misc.Unsafe.defineClass(Ljava/lang/String;[BII)Ljava/lang/Class; name or signature does not match> (0x00000000d7607ca8) thrown at [/HUDSON/workspace/8-2-build-linux-amd64/jdk8u152/9742/hotspot/src/sha
Event: 0.034 Thread 0x00007f624000c000 Exception <a 'java/lang/NoSuchMethodError': Method sun.misc.Unsafe.prefetchRead(Ljava/lang/Object;J)V name or signature does not match> (0x00000000d7607f90) thrown at [/HUDSON/workspace/8-2-build-linux-amd64/jdk8u152/9742/hotspot/src/share/vm/prims/jni.cp
Event: 0.334 Thread 0x00007f624000c000 Exception <a 'java/security/PrivilegedActionException'> (0x00000000d7933060) thrown at [/HUDSON/workspace/8-2-build-linux-amd64/jdk8u152/9742/hotspot/src/share/vm/prims/jvm.cpp, line 1390]
Event: 0.334 Thread 0x00007f624000c000 Exception <a 'java/security/PrivilegedActionException'> (0x00000000d7933270) thrown at [/HUDSON/workspace/8-2-build-linux-amd64/jdk8u152/9742/hotspot/src/share/vm/prims/jvm.cpp, line 1390]
Event: 0.335 Thread 0x00007f624000c000 Exception <a 'java/security/PrivilegedActionException'> (0x00000000d7935780) thrown at [/HUDSON/workspace/8-2-build-linux-amd64/jdk8u152/9742/hotspot/src/share/vm/prims/jvm.cpp, line 1390]
Event: 0.335 Thread 0x00007f624000c000 Exception <a 'java/security/PrivilegedActionException'> (0x00000000d7935990) thrown at [/HUDSON/workspace/8-2-build-linux-amd64/jdk8u152/9742/hotspot/src/share/vm/prims/jvm.cpp, line 1390]
Event: 1.011 Thread 0x00007f624000c000 Exception <a 'java/lang/NoSuchFieldError': method resolution failed> (0x00000000d8b097a8) thrown at [/HUDSON/workspace/8-2-build-linux-amd64/jdk8u152/9742/hotspot/src/share/vm/prims/methodHandles.cpp, line 1167]
Event: 1.024 Thread 0x00007f624000c000 Exception <a 'java/lang/NoSuchFieldError': method resolution failed> (0x00000000d8b17738) thrown at [/HUDSON/workspace/8-2-build-linux-amd64/jdk8u152/9742/hotspot/src/share/vm/prims/methodHandles.cpp, line 1167]

Events (10 events):
Event: 44.133 Executing VM operation: RevokeBias
Event: 44.133 Executing VM operation: RevokeBias done
Event: 44.134 Thread 0x00007f6240265000 flushing nmethod 0x00007f6230277750
Event: 44.134 Thread 0x00007f6240265000 flushing nmethod 0x00007f623027f9d0
Event: 44.134 Thread 0x00007f6240265000 flushing nmethod 0x00007f6230285590
Event: 44.134 Thread 0x00007f6240265000 flushing nmethod 0x00007f623028dd90
Event: 44.661 Thread 0x00007f617c01d000 Thread added: 0x00007f617c01d000
Event: 44.703 Thread 0x00007f6240265000 flushing nmethod 0x00007f623029bbd0
Event: 44.703 Thread 0x00007f6240265000 flushing nmethod 0x00007f623029cad0
Event: 44.703 Thread 0x00007f6240265000 flushing nmethod 0x00007f62302af5d0


Dynamic libraries:
00400000-00401000 r-xp 00000000 08:17 3810873                            /usr/local/jdk1.8.0_152/bin/java
00600000-00601000 rw-p 00000000 08:17 3810873                            /usr/local/jdk1.8.0_152/bin/java
0242a000-025f3000 rw-p 00000000 00:00 0                                  [heap]
86200000-8b380000 rw-p 00000000 00:00 0 
8b380000-d7600000 ---p 00000000 00:00 0 
d7600000-e7600000 rw-p 00000000 00:00 0 
e7600000-100000000 ---p 00000000 00:00 0 
100000000-100120000 rw-p 00000000 00:00 0 
100120000-140000000 ---p 00000000 00:00 0 
7f6150000000-7f6150132000 rw-p 00000000 00:00 0 
7f6150132000-7f6154000000 ---p 00000000 00:00 0 
7f61567e8000-7f61567eb000 ---p 00000000 00:00 0 
7f61567eb000-7f61568e9000 rw-p 00000000 00:00 0 
7f61568e9000-7f61568ec000 ---p 00000000 00:00 0 
7f61568ec000-7f61569ea000 rw-p 00000000 00:00 0 
7f61569ea000-7f61569ed000 ---p 00000000 00:00 0 
7f61569ed000-7f6156aeb000 rw-p 00000000 00:00 0 
7f6156aeb000-7f6156aee000 ---p 00000000 00:00 0 
7f6156aee000-7f6156bec000 rw-p 00000000 00:00 0 
7f6156bec000-7f6156bef000 ---p 00000000 00:00 0 
7f6156bef000-7f6156ced000 rw-p 00000000 00:00 0 
7f6156ced000-7f6156cf0000 ---p 00000000 00:00 0 
7f6156cf0000-7f6156dee000 rw-p 00000000 00:00 0 
7f6156dee000-7f6156df1000 ---p 00000000 00:00 0 
7f6156df1000-7f6156eef000 rw-p 00000000 00:00 0 
7f6156eef000-7f6156ef2000 ---p 00000000 00:00 0 
7f6156ef2000-7f6156ff0000 rw-p 00000000 00:00 0 
7f6156ff0000-7f6156ff3000 ---p 00000000 00:00 0 
7f6156ff3000-7f61570f1000 rw-p 00000000 00:00 0 
7f61570f1000-7f61570f4000 ---p 00000000 00:00 0 
7f61570f4000-7f61571f2000 rw-p 00000000 00:00 0 
7f61571f2000-7f61571f5000 ---p 00000000 00:00 0 
7f61571f5000-7f61572f3000 rw-p 00000000 00:00 0 
7f61572f3000-7f61572f6000 ---p 00000000 00:00 0 
7f61572f6000-7f61573f4000 rw-p 00000000 00:00 0 
7f61573f4000-7f61573f7000 ---p 00000000 00:00 0 
7f61573f7000-7f61574f5000 rw-p 00000000 00:00 0 
7f61574f5000-7f61574f8000 ---p 00000000 00:00 0 
7f61574f8000-7f61575f6000 rw-p 00000000 00:00 0 
7f61575f6000-7f61575f9000 ---p 00000000 00:00 0 
7f61575f9000-7f61576f7000 rw-p 00000000 00:00 0 
7f61576f7000-7f61576fa000 ---p 00000000 00:00 0 
7f61576fa000-7f61577f8000 rw-p 00000000 00:00 0 
7f61577f8000-7f61577fb000 ---p 00000000 00:00 0 
7f61577fb000-7f61578f9000 rw-p 00000000 00:00 0 
7f61578f9000-7f61578fc000 ---p 00000000 00:00 0 
7f61578fc000-7f61579fa000 rw-p 00000000 00:00 0 
7f61579fa000-7f61579fd000 ---p 00000000 00:00 0 
7f61579fd000-7f6157afb000 rw-p 00000000 00:00 0 
7f6157afb000-7f6157afe000 ---p 00000000 00:00 0 
7f6157afe000-7f6157bfc000 rw-p 00000000 00:00 0 
7f6157bfc000-7f6157bff000 ---p 00000000 00:00 0 
7f6157bff000-7f6157cfd000 rw-p 00000000 00:00 0 
7f6157cfd000-7f6157d00000 ---p 00000000 00:00 0 
7f6157d00000-7f6157dfe000 rw-p 00000000 00:00 0 
7f6157dfe000-7f6157e01000 ---p 00000000 00:00 0 
7f6157e01000-7f6157eff000 rw-p 00000000 00:00 0 
7f6157eff000-7f6157f02000 ---p 00000000 00:00 0 
7f6157f02000-7f6158000000 rw-p 00000000 00:00 0 
7f6158000000-7f6158132000 rw-p 00000000 00:00 0 
7f6158132000-7f615c000000 ---p 00000000 00:00 0 
7f615c000000-7f615c219000 rw-p 00000000 00:00 0 
7f615c219000-7f6160000000 ---p 00000000 00:00 0 
7f6160000000-7f6160135000 rw-p 00000000 00:00 0 
7f6160135000-7f6164000000 ---p 00000000 00:00 0 
7f6164000000-7f6164219000 rw-p 00000000 00:00 0 
7f6164219000-7f6168000000 ---p 00000000 00:00 0 
7f6168000000-7f6168133000 rw-p 00000000 00:00 0 
7f6168133000-7f616c000000 ---p 00000000 00:00 0 
7f616c000000-7f616c21e000 rw-p 00000000 00:00 0 
7f616c21e000-7f6170000000 ---p 00000000 00:00 0 
7f6170000000-7f6170139000 rw-p 00000000 00:00 0 
7f6170139000-7f6174000000 ---p 00000000 00:00 0 
7f6174000000-7f61741a8000 rw-p 00000000 00:00 0 
7f61741a8000-7f6178000000 ---p 00000000 00:00 0 
7f6178000000-7f6178136000 rw-p 00000000 00:00 0 
7f6178136000-7f617c000000 ---p 00000000 00:00 0 
7f617c000000-7f617c09d000 rw-p 00000000 00:00 0 
7f617c09d000-7f6180000000 ---p 00000000 00:00 0 
7f6180000000-7f618007b000 rw-p 00000000 00:00 0 
7f618007b000-7f6184000000 ---p 00000000 00:00 0 
7f618408b000-7f618408e000 ---p 00000000 00:00 0 
7f618408e000-7f618418c000 rw-p 00000000 00:00 0 
7f618418c000-7f618418f000 ---p 00000000 00:00 0 
7f618418f000-7f618428d000 rw-p 00000000 00:00 0 
7f618428d000-7f6184290000 ---p 00000000 00:00 0 
7f6184290000-7f618438e000 rw-p 00000000 00:00 0 
7f618438e000-7f6184391000 ---p 00000000 00:00 0 
7f6184391000-7f618448f000 rw-p 00000000 00:00 0 
7f618448f000-7f6184492000 ---p 00000000 00:00 0 
7f6184492000-7f6184590000 rw-p 00000000 00:00 0 
7f6184590000-7f6184593000 ---p 00000000 00:00 0 
7f6184593000-7f6184691000 rw-p 00000000 00:00 0 
7f6184691000-7f6184694000 ---p 00000000 00:00 0 
7f6184694000-7f6184792000 rw-p 00000000 00:00 0 
7f6184792000-7f6184795000 ---p 00000000 00:00 0 
7f6184795000-7f6184893000 rw-p 00000000 00:00 0 
7f6184893000-7f6184896000 ---p 00000000 00:00 0 
7f6184896000-7f6184994000 rw-p 00000000 00:00 0 
7f6184994000-7f6184997000 ---p 00000000 00:00 0 
7f6184997000-7f6184a95000 rw-p 00000000 00:00 0 
7f6184a95000-7f6184a98000 ---p 00000000 00:00 0 
7f6184a98000-7f6184b96000 rw-p 00000000 00:00 0 
7f6184b96000-7f6184b99000 ---p 00000000 00:00 0 
7f6184b99000-7f6184c97000 rw-p 00000000 00:00 0 
7f6184c97000-7f6184c9a000 ---p 00000000 00:00 0 
7f6184c9a000-7f6184d98000 rw-p 00000000 00:00 0 
7f6184d98000-7f6184d9b000 ---p 00000000 00:00 0 
7f6184d9b000-7f6184e99000 rw-p 00000000 00:00 0 
7f6184e99000-7f6184e9c000 ---p 00000000 00:00 0 
7f6184e9c000-7f6184f9a000 rw-p 00000000 00:00 0 
7f6184f9a000-7f6184f9d000 ---p 00000000 00:00 0 
7f6184f9d000-7f618509b000 rw-p 00000000 00:00 0 
7f618509b000-7f618509e000 ---p 00000000 00:00 0 
7f618509e000-7f618519c000 rw-p 00000000 00:00 0 
7f618519c000-7f618519f000 ---p 00000000 00:00 0 
7f618519f000-7f618529d000 rw-p 00000000 00:00 0 
7f618529d000-7f61852a0000 ---p 00000000 00:00 0 
7f61852a0000-7f618539e000 rw-p 00000000 00:00 0 
7f618539e000-7f61853a1000 ---p 00000000 00:00 0 
7f61853a1000-7f618549f000 rw-p 00000000 00:00 0 
7f618549f000-7f61854a2000 ---p 00000000 00:00 0 
7f61854a2000-7f61855a0000 rw-p 00000000 00:00 0 
7f61855a0000-7f61855a3000 ---p 00000000 00:00 0 
7f61855a3000-7f61856a1000 rw-p 00000000 00:00 0 
7f61856a1000-7f61856a4000 ---p 00000000 00:00 0 
7f61856a4000-7f61857a2000 rw-p 00000000 00:00 0 
7f61857a2000-7f61857a5000 ---p 00000000 00:00 0 
7f61857a5000-7f61858a3000 rw-p 00000000 00:00 0 
7f61858a3000-7f61858a6000 ---p 00000000 00:00 0 
7f61858a6000-7f61859a4000 rw-p 00000000 00:00 0 
7f61859a4000-7f61859a7000 ---p 00000000 00:00 0 
7f61859a7000-7f6185aa5000 rw-p 00000000 00:00 0 
7f6185aa5000-7f6185aa8000 ---p 00000000 00:00 0 
7f6185aa8000-7f6186fa7000 rw-p 00000000 00:00 0 
7f6186fa7000-7f6186fa8000 ---p 00000000 00:00 0 
7f6186fa8000-7f61877a8000 rw-p 00000000 00:00 0 
7f61877a8000-7f61877a9000 ---p 00000000 00:00 0 
7f61877a9000-7f6187fa9000 rw-p 00000000 00:00 0 
7f6187fa9000-7f6187faa000 ---p 00000000 00:00 0 
7f6187faa000-7f61887aa000 rw-p 00000000 00:00 0 
7f61887aa000-7f61887ab000 ---p 00000000 00:00 0 
7f61887ab000-7f6188fab000 rw-p 00000000 00:00 0 
7f6188fab000-7f6188fac000 ---p 00000000 00:00 0 
7f6188fac000-7f61897ac000 rw-p 00000000 00:00 0 
7f61897ac000-7f61897ad000 ---p 00000000 00:00 0 
7f61897ad000-7f6189fad000 rw-p 00000000 00:00 0 
7f6189fad000-7f6189fae000 ---p 00000000 00:00 0 
7f6189fae000-7f618a7ae000 rw-p 00000000 00:00 0 
7f618a7ae000-7f618a7af000 ---p 00000000 00:00 0 
7f618a7af000-7f618afaf000 rw-p 00000000 00:00 0 
7f618afaf000-7f618afb0000 ---p 00000000 00:00 0 
7f618afb0000-7f618b7b0000 rw-p 00000000 00:00 0 
7f618b7b0000-7f618b7b1000 ---p 00000000 00:00 0 
7f618b7b1000-7f618bfb1000 rw-p 00000000 00:00 0 
7f618bfb1000-7f618bfb2000 ---p 00000000 00:00 0 
7f618bfb2000-7f618c7b2000 rw-p 00000000 00:00 0 
7f618c7b2000-7f618c7b3000 ---p 00000000 00:00 0 
7f618c7b3000-7f6190bb5000 rw-p 00000000 00:00 0 
7f6190bb5000-7f6190bb6000 ---p 00000000 00:00 0 
7f6190bb6000-7f61913b6000 rw-p 00000000 00:00 0 
7f61913b6000-7f61913b7000 ---p 00000000 00:00 0 
7f61913b7000-7f6191bb7000 rw-p 00000000 00:00 0 
7f6191bb7000-7f6191bb8000 ---p 00000000 00:00 0 
7f6191bb8000-7f61923b8000 rw-p 00000000 00:00 0 
7f61923b8000-7f61923b9000 ---p 00000000 00:00 0 
7f61923b9000-7f6192bb9000 rw-p 00000000 00:00 0 
7f6192bb9000-7f6192bba000 ---p 00000000 00:00 0 
7f6192bba000-7f61933ba000 rw-p 00000000 00:00 0 
7f61933ba000-7f61933bb000 ---p 00000000 00:00 0 
7f61933bb000-7f6193bbb000 rw-p 00000000 00:00 0 
7f6193bbb000-7f6193bbc000 ---p 00000000 00:00 0 
7f6193bbc000-7f61943bc000 rw-p 00000000 00:00 0 
7f61943bc000-7f61943bd000 ---p 00000000 00:00 0 
7f61943bd000-7f6194bbd000 rw-p 00000000 00:00 0 
7f6194bbd000-7f6194bbe000 ---p 00000000 00:00 0 
7f6194bbe000-7f61953be000 rw-p 00000000 00:00 0 
7f61953be000-7f61953bf000 ---p 00000000 00:00 0 
7f61953bf000-7f6195bbf000 rw-p 00000000 00:00 0 
7f6195bbf000-7f6195bc0000 ---p 00000000 00:00 0 
7f6195bc0000-7f61963c0000 rw-p 00000000 00:00 0 
7f61963c0000-7f61963c1000 ---p 00000000 00:00 0 
7f61963c1000-7f619a7c3000 rw-p 00000000 00:00 0 
7f619a7c3000-7f619a7c4000 ---p 00000000 00:00 0 
7f619a7c4000-7f619afc4000 rw-p 00000000 00:00 0 
7f619afc4000-7f619afc5000 ---p 00000000 00:00 0 
7f619afc5000-7f619b7c5000 rw-p 00000000 00:00 0 
7f619b7c5000-7f619b7c6000 ---p 00000000 00:00 0 
7f619b7c6000-7f619bfc6000 rw-p 00000000 00:00 0 
7f619bfc6000-7f619bfc7000 ---p 00000000 00:00 0 
7f619bfc7000-7f619c7c7000 rw-p 00000000 00:00 0 
7f619c7c7000-7f619c7c8000 ---p 00000000 00:00 0 
7f619c7c8000-7f619cfc8000 rw-p 00000000 00:00 0 
7f619cfc8000-7f619cfc9000 ---p 00000000 00:00 0 
7f619cfc9000-7f619d7c9000 rw-p 00000000 00:00 0 
7f619d7c9000-7f619d7ca000 ---p 00000000 00:00 0 
7f619d7ca000-7f619dfca000 rw-p 00000000 00:00 0 
7f619dfca000-7f619dfcb000 ---p 00000000 00:00 0 
7f619dfcb000-7f619e7cb000 rw-p 00000000 00:00 0 
7f619e7cb000-7f619e7cc000 ---p 00000000 00:00 0 
7f619e7cc000-7f619efcc000 rw-p 00000000 00:00 0 
7f619efcc000-7f619efcd000 ---p 00000000 00:00 0 
7f619efcd000-7f619f7cd000 rw-p 00000000 00:00 0 
7f619f7cd000-7f619f7ce000 ---p 00000000 00:00 0 
7f619f7ce000-7f619ffce000 rw-p 00000000 00:00 0 
7f619ffce000-7f619ffcf000 ---p 00000000 00:00 0 
7f619ffcf000-7f61a43d1000 rw-p 00000000 00:00 0 
7f61a43d1000-7f61a43d2000 ---p 00000000 00:00 0 
7f61a43d2000-7f61a4bd2000 rw-p 00000000 00:00 0 
7f61a4bd2000-7f61a4bd3000 ---p 00000000 00:00 0 
7f61a4bd3000-7f61a53d3000 rw-p 00000000 00:00 0 
7f61a53d3000-7f61a53d4000 ---p 00000000 00:00 0 
7f61a53d4000-7f61a5bd4000 rw-p 00000000 00:00 0 
7f61a5bd4000-7f61a5bd5000 ---p 00000000 00:00 0 
7f61a5bd5000-7f61a63d5000 rw-p 00000000 00:00 0 
7f61a63d5000-7f61a63d6000 ---p 00000000 00:00 0 
7f61a63d6000-7f61a6bd6000 rw-p 00000000 00:00 0 
7f61a6bd6000-7f61a6bd7000 ---p 00000000 00:00 0 
7f61a6bd7000-7f61a73d7000 rw-p 00000000 00:00 0 
7f61a73d7000-7f61a73d8000 ---p 00000000 00:00 0 
7f61a73d8000-7f61a7bd8000 rw-p 00000000 00:00 0 
7f61a7bd8000-7f61a7bd9000 ---p 00000000 00:00 0 
7f61a7bd9000-7f61a83d9000 rw-p 00000000 00:00 0 
7f61a83d9000-7f61a83da000 ---p 00000000 00:00 0 
7f61a83da000-7f61a8bda000 rw-p 00000000 00:00 0 
7f61a8bda000-7f61a8bdb000 ---p 00000000 00:00 0 
7f61a8bdb000-7f61a93db000 rw-p 00000000 00:00 0 
7f61a93db000-7f61a93dc000 ---p 00000000 00:00 0 
7f61a93dc000-7f61a9bdc000 rw-p 00000000 00:00 0 
7f61a9bdc000-7f61a9bdd000 ---p 00000000 00:00 0 
7f61a9bdd000-7f61adfdf000 rw-p 00000000 00:00 0 
7f61adfdf000-7f61adfe0000 ---p 00000000 00:00 0 
7f61adfe0000-7f61ae7e0000 rw-p 00000000 00:00 0 
7f61ae7e0000-7f61ae7e1000 ---p 00000000 00:00 0 
7f61ae7e1000-7f61aefe1000 rw-p 00000000 00:00 0 
7f61aefe1000-7f61aefe2000 ---p 00000000 00:00 0 
7f61aefe2000-7f61af7e2000 rw-p 00000000 00:00 0 
7f61af7e2000-7f61af7e3000 ---p 00000000 00:00 0 
7f61af7e3000-7f61affe3000 rw-p 00000000 00:00 0 
7f61affe3000-7f61affe4000 ---p 00000000 00:00 0 
7f61affe4000-7f61b07e4000 rw-p 00000000 00:00 0 
7f61b07e4000-7f61b07e5000 ---p 00000000 00:00 0 
7f61b07e5000-7f61b0fe5000 rw-p 00000000 00:00 0 
7f61b0fe5000-7f61b0fe6000 ---p 00000000 00:00 0 
7f61b0fe6000-7f61b17e6000 rw-p 00000000 00:00 0 
7f61b17e6000-7f61b17e7000 ---p 00000000 00:00 0 
7f61b17e7000-7f61b1fe7000 rw-p 00000000 00:00 0 
7f61b1fe7000-7f61b1fe8000 ---p 00000000 00:00 0 
7f61b1fe8000-7f61b27e8000 rw-p 00000000 00:00 0 
7f61b27e8000-7f61b27e9000 ---p 00000000 00:00 0 
7f61b27e9000-7f61b2fe9000 rw-p 00000000 00:00 0 
7f61b2fe9000-7f61b2fea000 ---p 00000000 00:00 0 
7f61b2fea000-7f61b37ea000 rw-p 00000000 00:00 0 
7f61b37ea000-7f61b37eb000 ---p 00000000 00:00 0 
7f61b37eb000-7f61b7bed000 rw-p 00000000 00:00 0 
7f61b7bed000-7f61b7bee000 ---p 00000000 00:00 0 
7f61b7bee000-7f61b83ee000 rw-p 00000000 00:00 0 
7f61b83ee000-7f61b83ef000 ---p 00000000 00:00 0 
7f61b83ef000-7f61b8bef000 rw-p 00000000 00:00 0 
7f61b8bef000-7f61b8bf0000 ---p 00000000 00:00 0 
7f61b8bf0000-7f61b93f0000 rw-p 00000000 00:00 0 
7f61b93f0000-7f61b93f1000 ---p 00000000 00:00 0 
7f61b93f1000-7f61b9bf1000 rw-p 00000000 00:00 0 
7f61b9bf1000-7f61b9bf2000 ---p 00000000 00:00 0 
7f61b9bf2000-7f61ba3f2000 rw-p 00000000 00:00 0 
7f61ba3f2000-7f61ba3f3000 ---p 00000000 00:00 0 
7f61ba3f3000-7f61babf3000 rw-p 00000000 00:00 0 
7f61babf3000-7f61babf4000 ---p 00000000 00:00 0 
7f61babf4000-7f61bb3f4000 rw-p 00000000 00:00 0 
7f61bb3f4000-7f61bb3f5000 ---p 00000000 00:00 0 
7f61bb3f5000-7f61bbbf5000 rw-p 00000000 00:00 0 
7f61bbbf5000-7f61bbbf6000 ---p 00000000 00:00 0 
7f61bbbf6000-7f61bc3f6000 rw-p 00000000 00:00 0 
7f61bc3f6000-7f61bc3f7000 ---p 00000000 00:00 0 
7f61bc3f7000-7f61bcbf7000 rw-p 00000000 00:00 0 
7f61bcbf7000-7f61bcbf8000 ---p 00000000 00:00 0 
7f61bcbf8000-7f61bd3f8000 rw-p 00000000 00:00 0 
7f61bd3f8000-7f61bd3f9000 ---p 00000000 00:00 0 
7f61bd3f9000-7f61c17fb000 rw-p 00000000 00:00 0 
7f61c17fb000-7f61c17fc000 ---p 00000000 00:00 0 
7f61c17fc000-7f61c1ffc000 rw-p 00000000 00:00 0 
7f61c1ffc000-7f61c1ffd000 ---p 00000000 00:00 0 
7f61c1ffd000-7f61c27fd000 rw-p 00000000 00:00 0 
7f61c27fd000-7f61c27fe000 ---p 00000000 00:00 0 
7f61c27fe000-7f61c2ffe000 rw-p 00000000 00:00 0 
7f61c2ffe000-7f61c2fff000 ---p 00000000 00:00 0 
7f61c2fff000-7f61c37ff000 rw-p 00000000 00:00 0 
7f61c37ff000-7f61c3800000 ---p 00000000 00:00 0 
7f61c3800000-7f61c4000000 rw-p 00000000 00:00 0 
7f61c4000000-7f61c4178000 rw-p 00000000 00:00 0 
7f61c4178000-7f61c8000000 ---p 00000000 00:00 0 
7f61c80f2000-7f61c80f5000 ---p 00000000 00:00 0 
7f61c80f5000-7f61c81f3000 rw-p 00000000 00:00 0 
7f61c81f3000-7f61c81f6000 ---p 00000000 00:00 0 
7f61c81f6000-7f61c82f4000 rw-p 00000000 00:00 0 
7f61c82f4000-7f61c82f7000 ---p 00000000 00:00 0 
7f61c82f7000-7f61c83f5000 rw-p 00000000 00:00 0 
7f61c83f5000-7f61c83f8000 ---p 00000000 00:00 0 
7f61c83f8000-7f61c84f6000 rw-p 00000000 00:00 0 
7f61c84f6000-7f61c84f9000 ---p 00000000 00:00 0 
7f61c84f9000-7f61c85f7000 rw-p 00000000 00:00 0 
7f61c85f7000-7f61c85fa000 ---p 00000000 00:00 0 
7f61c85fa000-7f61c86f8000 rw-p 00000000 00:00 0 
7f61c86f8000-7f61c86fb000 ---p 00000000 00:00 0 
7f61c86fb000-7f61c87f9000 rw-p 00000000 00:00 0 
7f61c87f9000-7f61c87fa000 ---p 00000000 00:00 0 
7f61c87fa000-7f61c8ffa000 rw-p 00000000 00:00 0 
7f61c8ffa000-7f61c8ffb000 ---p 00000000 00:00 0 
7f61c8ffb000-7f61c97fb000 rw-p 00000000 00:00 0 
7f61c97fb000-7f61c97fc000 ---p 00000000 00:00 0 
7f61c97fc000-7f61c9ffc000 rw-p 00000000 00:00 0 
7f61c9ffc000-7f61c9ffd000 ---p 00000000 00:00 0 
7f61c9ffd000-7f61ca7fd000 rw-p 00000000 00:00 0 
7f61ca7fd000-7f61ca7fe000 ---p 00000000 00:00 0 
7f61ca7fe000-7f61caffe000 rw-p 00000000 00:00 0 
7f61caffe000-7f61cafff000 ---p 00000000 00:00 0 
7f61cafff000-7f61cb7ff000 rw-p 00000000 00:00 0 
7f61cb7ff000-7f61cb800000 ---p 00000000 00:00 0 
7f61cb800000-7f61cc000000 rw-p 00000000 00:00 0 
7f61cc000000-7f61cc0b8000 rw-p 00000000 00:00 0 
7f61cc0b8000-7f61d0000000 ---p 00000000 00:00 0 
7f61d0080000-7f61d0083000 ---p 00000000 00:00 0 
7f61d0083000-7f61d0181000 rw-p 00000000 00:00 0 
7f61d0181000-7f61d0184000 ---p 00000000 00:00 0 
7f61d0184000-7f61d0282000 rw-p 00000000 00:00 0 
7f61d0282000-7f61d0285000 ---p 00000000 00:00 0 
7f61d0285000-7f61d0383000 rw-p 00000000 00:00 0 
7f61d0383000-7f61d0386000 ---p 00000000 00:00 0 
7f61d0386000-7f61d0484000 rw-p 00000000 00:00 0 
7f61d0484000-7f61d0487000 ---p 00000000 00:00 0 
7f61d0487000-7f61d0645000 rw-p 00000000 00:00 0 
7f61d0645000-7f61d0785000 ---p 00000000 00:00 0 
7f61d0785000-7f61d2f86000 rw-p 00000000 00:00 0 
7f61d2f86000-7f61d2f87000 ---p 00000000 00:00 0 
7f61d2f87000-7f61d3787000 rw-p 00000000 00:00 0 
7f61d3787000-7f61d38c7000 r-xp 00000000 08:17 99849                      /home/diamond/Documents/Controller/bin/linux-x86-64/libarcsoft_fsdk_face_detection.so
7f61d38c7000-7f61d3ac7000 ---p 00140000 08:17 99849                      /home/diamond/Documents/Controller/bin/linux-x86-64/libarcsoft_fsdk_face_detection.so
7f61d3ac7000-7f61d3ac8000 r--p 00140000 08:17 99849                      /home/diamond/Documents/Controller/bin/linux-x86-64/libarcsoft_fsdk_face_detection.so
7f61d3ac8000-7f61d3ac9000 rw-p 00141000 08:17 99849                      /home/diamond/Documents/Controller/bin/linux-x86-64/libarcsoft_fsdk_face_detection.so
7f61d3ac9000-7f61d4eca000 rw-p 00000000 00:00 0 
7f61d4eca000-7f61d4ecb000 ---p 00000000 00:00 0 
7f61d4ecb000-7f61d56cb000 rw-p 00000000 00:00 0 
7f61d56cb000-7f61d56cc000 ---p 00000000 00:00 0 
7f61d56cc000-7f61d5ecc000 rw-p 00000000 00:00 0 
7f61d5ecc000-7f61d5ecd000 ---p 00000000 00:00 0 
7f61d5ecd000-7f61d66cd000 rw-p 00000000 00:00 0 
7f61d66cd000-7f61d66ce000 ---p 00000000 00:00 0 
7f61d66ce000-7f61d6ece000 rw-p 00000000 00:00 0 
7f61d6ece000-7f61d6ecf000 ---p 00000000 00:00 0 
7f61d6ecf000-7f61d76cf000 rw-p 00000000 00:00 0 
7f61d76cf000-7f61d76d0000 ---p 00000000 00:00 0 
7f61d76d0000-7f61d7ed0000 rw-p 00000000 00:00 0 
7f61d7ed0000-7f61d7ed1000 ---p 00000000 00:00 0 
7f61d7ed1000-7f61d86d1000 rw-p 00000000 00:00 0 
7f61d86d1000-7f61d86d2000 ---p 00000000 00:00 0 
7f61d86d2000-7f61d8ed2000 rw-p 00000000 00:00 0 
7f61d8ed2000-7f61d8ed3000 ---p 00000000 00:00 0 
7f61d8ed3000-7f61d96d3000 rw-p 00000000 00:00 0 
7f61d96d3000-7f61d96d4000 ---p 00000000 00:00 0 
7f61d96d4000-7f61d9ed4000 rw-p 00000000 00:00 0 
7f61d9ed4000-7f61d9ed5000 ---p 00000000 00:00 0 
7f61d9ed5000-7f61da6d5000 rw-p 00000000 00:00 0 
7f61da6d5000-7f61da6d6000 ---p 00000000 00:00 0 
7f61da6d6000-7f61daed6000 rw-p 00000000 00:00 0 
7f61daed6000-7f61daed7000 ---p 00000000 00:00 0 
7f61daed7000-7f61db6d7000 rw-p 00000000 00:00 0 
7f61db6d7000-7f61db6e0000 r-xp 00000000 08:17 266779                     /lib/x86_64-linux-gnu/libcrypt-2.23.so
7f61db6e0000-7f61db8df000 ---p 00009000 08:17 266779                     /lib/x86_64-linux-gnu/libcrypt-2.23.so
7f61db8df000-7f61db8e0000 r--p 00008000 08:17 266779                     /lib/x86_64-linux-gnu/libcrypt-2.23.so
7f61db8e0000-7f61db8e1000 rw-p 00009000 08:17 266779                     /lib/x86_64-linux-gnu/libcrypt-2.23.so
7f61db8e1000-7f61db90f000 rw-p 00000000 00:00 0 
7f61db90f000-7f61db956000 r-xp 00000000 08:17 3810210                    /usr/lib/x86_64-linux-gnu/libhx509.so.5.0.0
7f61db956000-7f61dbb55000 ---p 00047000 08:17 3810210                    /usr/lib/x86_64-linux-gnu/libhx509.so.5.0.0
7f61dbb55000-7f61dbb57000 r--p 00046000 08:17 3810210                    /usr/lib/x86_64-linux-gnu/libhx509.so.5.0.0
7f61dbb57000-7f61dbb59000 rw-p 00048000 08:17 3810210                    /usr/lib/x86_64-linux-gnu/libhx509.so.5.0.0
7f61dbb59000-7f61dbb5a000 rw-p 00000000 00:00 0 
7f61dbb5a000-7f61dbb68000 r-xp 00000000 08:17 3810192                    /usr/lib/x86_64-linux-gnu/libheimbase.so.1.0.0
7f61dbb68000-7f61dbd67000 ---p 0000e000 08:17 3810192                    /usr/lib/x86_64-linux-gnu/libheimbase.so.1.0.0
7f61dbd67000-7f61dbd68000 r--p 0000d000 08:17 3810192                    /usr/lib/x86_64-linux-gnu/libheimbase.so.1.0.0
7f61dbd68000-7f61dbd69000 rw-p 0000e000 08:17 3810192                    /usr/lib/x86_64-linux-gnu/libheimbase.so.1.0.0
7f61dbd69000-7f61dbd90000 r-xp 00000000 08:17 3810867                    /usr/lib/x86_64-linux-gnu/libwind.so.0.0.0
7f61dbd90000-7f61dbf90000 ---p 00027000 08:17 3810867                    /usr/lib/x86_64-linux-gnu/libwind.so.0.0.0
7f61dbf90000-7f61dbf91000 r--p 00027000 08:17 3810867                    /usr/lib/x86_64-linux-gnu/libwind.so.0.0.0
7f61dbf91000-7f61dbf92000 rw-p 00028000 08:17 3810867                    /usr/lib/x86_64-linux-gnu/libwind.so.0.0.0
7f61dbf92000-7f61dbf99000 r-xp 00000000 08:17 3809925                    /usr/lib/x86_64-linux-gnu/libffi.so.6.0.4
7f61dbf99000-7f61dc198000 ---p 00007000 08:17 3809925                    /usr/lib/x86_64-linux-gnu/libffi.so.6.0.4
7f61dc198000-7f61dc199000 r--p 00006000 08:17 3809925                    /usr/lib/x86_64-linux-gnu/libffi.so.6.0.4
7f61dc199000-7f61dc19a000 rw-p 00007000 08:17 3809925                    /usr/lib/x86_64-linux-gnu/libffi.so.6.0.4
7f61dc19a000-7f61dc1af000 r-xp 00000000 08:17 3810608                    /usr/lib/x86_64-linux-gnu/libroken.so.18.1.0
7f61dc1af000-7f61dc3ae000 ---p 00015000 08:17 3810608                    /usr/lib/x86_64-linux-gnu/libroken.so.18.1.0
7f61dc3ae000-7f61dc3af000 r--p 00014000 08:17 3810608                    /usr/lib/x86_64-linux-gnu/libroken.so.18.1.0
7f61dc3af000-7f61dc3b0000 rw-p 00015000 08:17 3810608                    /usr/lib/x86_64-linux-gnu/libroken.so.18.1.0
7f61dc3b0000-7f61dc3e0000 r-xp 00000000 08:17 3810190                    /usr/lib/x86_64-linux-gnu/libhcrypto.so.4.1.0
7f61dc3e0000-7f61dc5e0000 ---p 00030000 08:17 3810190                    /usr/lib/x86_64-linux-gnu/libhcrypto.so.4.1.0
7f61dc5e0000-7f61dc5e1000 r--p 00030000 08:17 3810190                    /usr/lib/x86_64-linux-gnu/libhcrypto.so.4.1.0
7f61dc5e1000-7f61dc5e2000 rw-p 00031000 08:17 3810190                    /usr/lib/x86_64-linux-gnu/libhcrypto.so.4.1.0
7f61dc5e2000-7f61dc5e3000 rw-p 00000000 00:00 0 
7f61dc5e3000-7f61dc682000 r-xp 00000000 08:17 3809627                    /usr/lib/x86_64-linux-gnu/libasn1.so.8.0.0
7f61dc682000-7f61dc881000 ---p 0009f000 08:17 3809627                    /usr/lib/x86_64-linux-gnu/libasn1.so.8.0.0
7f61dc881000-7f61dc882000 r--p 0009e000 08:17 3809627                    /usr/lib/x86_64-linux-gnu/libasn1.so.8.0.0
7f61dc882000-7f61dc885000 rw-p 0009f000 08:17 3809627                    /usr/lib/x86_64-linux-gnu/libasn1.so.8.0.0
7f61dc885000-7f61dc909000 r-xp 00000000 08:17 3810297                    /usr/lib/x86_64-linux-gnu/libkrb5.so.26.0.0
7f61dc909000-7f61dcb08000 ---p 00084000 08:17 3810297                    /usr/lib/x86_64-linux-gnu/libkrb5.so.26.0.0
7f61dcb08000-7f61dcb0b000 r--p 00083000 08:17 3810297                    /usr/lib/x86_64-linux-gnu/libkrb5.so.26.0.0
7f61dcb0b000-7f61dcb0e000 rw-p 00086000 08:17 3810297                    /usr/lib/x86_64-linux-gnu/libkrb5.so.26.0.0
7f61dcb0e000-7f61dcb0f000 rw-p 00000000 00:00 0 
7f61dcb0f000-7f61dcb17000 r-xp 00000000 08:17 3810194                    /usr/lib/x86_64-linux-gnu/libheimntlm.so.0.1.0
7f61dcb17000-7f61dcd16000 ---p 00008000 08:17 3810194                    /usr/lib/x86_64-linux-gnu/libheimntlm.so.0.1.0
7f61dcd16000-7f61dcd17000 r--p 00007000 08:17 3810194                    /usr/lib/x86_64-linux-gnu/libheimntlm.so.0.1.0
7f61dcd17000-7f61dcd18000 rw-p 00008000 08:17 3810194                    /usr/lib/x86_64-linux-gnu/libheimntlm.so.0.1.0
7f61dcd18000-7f61dcd1b000 r-xp 00000000 08:17 266830                     /lib/x86_64-linux-gnu/libkeyutils.so.1.5
7f61dcd1b000-7f61dcf1a000 ---p 00003000 08:17 266830                     /lib/x86_64-linux-gnu/libkeyutils.so.1.5
7f61dcf1a000-7f61dcf1b000 r--p 00002000 08:17 266830                     /lib/x86_64-linux-gnu/libkeyutils.so.1.5
7f61dcf1b000-7f61dcf1c000 rw-p 00003000 08:17 266830                     /lib/x86_64-linux-gnu/libkeyutils.so.1.5
7f61dcf1c000-7f61dcf2d000 r-xp 00000000 08:17 3810713                    /usr/lib/x86_64-linux-gnu/libtasn1.so.6.5.1
7f61dcf2d000-7f61dd12d000 ---p 00011000 08:17 3810713                    /usr/lib/x86_64-linux-gnu/libtasn1.so.6.5.1
7f61dd12d000-7f61dd12e000 r--p 00011000 08:17 3810713                    /usr/lib/x86_64-linux-gnu/libtasn1.so.6.5.1
7f61dd12e000-7f61dd12f000 rw-p 00012000 08:17 3810713                    /usr/lib/x86_64-linux-gnu/libtasn1.so.6.5.1
7f61dd12f000-7f61dd188000 r-xp 00000000 08:17 3810484                    /usr/lib/x86_64-linux-gnu/libp11-kit.so.0.1.0
7f61dd188000-7f61dd387000 ---p 00059000 08:17 3810484                    /usr/lib/x86_64-linux-gnu/libp11-kit.so.0.1.0
7f61dd387000-7f61dd391000 r--p 00058000 08:17 3810484                    /usr/lib/x86_64-linux-gnu/libp11-kit.so.0.1.0
7f61dd391000-7f61dd393000 rw-p 00062000 08:17 3810484                    /usr/lib/x86_64-linux-gnu/libp11-kit.so.0.1.0
7f61dd393000-7f61dd3d0000 r-xp 00000000 08:17 3810113                    /usr/lib/x86_64-linux-gnu/libgssapi.so.3.0.0
7f61dd3d0000-7f61dd5d0000 ---p 0003d000 08:17 3810113                    /usr/lib/x86_64-linux-gnu/libgssapi.so.3.0.0
7f61dd5d0000-7f61dd5d1000 r--p 0003d000 08:17 3810113                    /usr/lib/x86_64-linux-gnu/libgssapi.so.3.0.0
7f61dd5d1000-7f61dd5d3000 rw-p 0003e000 08:17 3810113                    /usr/lib/x86_64-linux-gnu/libgssapi.so.3.0.0
7f61dd5d3000-7f61dd5d4000 rw-p 00000000 00:00 0 
7f61dd5d4000-7f61dd5ed000 r-xp 00000000 08:17 3810635                    /usr/lib/x86_64-linux-gnu/libsasl2.so.2.0.25
7f61dd5ed000-7f61dd7ed000 ---p 00019000 08:17 3810635                    /usr/lib/x86_64-linux-gnu/libsasl2.so.2.0.25
7f61dd7ed000-7f61dd7ee000 r--p 00019000 08:17 3810635                    /usr/lib/x86_64-linux-gnu/libsasl2.so.2.0.25
7f61dd7ee000-7f61dd7ef000 rw-p 0001a000 08:17 3810635                    /usr/lib/x86_64-linux-gnu/libsasl2.so.2.0.25
7f61dd7ef000-7f61dd806000 r-xp 00000000 08:17 266921                     /lib/x86_64-linux-gnu/libresolv-2.23.so
7f61dd806000-7f61dda06000 ---p 00017000 08:17 266921                     /lib/x86_64-linux-gnu/libresolv-2.23.so
7f61dda06000-7f61dda07000 r--p 00017000 08:17 266921                     /lib/x86_64-linux-gnu/libresolv-2.23.so
7f61dda07000-7f61dda08000 rw-p 00018000 08:17 266921                     /lib/x86_64-linux-gnu/libresolv-2.23.so
7f61dda08000-7f61dda0a000 rw-p 00000000 00:00 0 
7f61dda0a000-7f61dda14000 r-xp 00000000 08:17 3810301                    /usr/lib/x86_64-linux-gnu/libkrb5support.so.0.1
7f61dda14000-7f61ddc13000 ---p 0000a000 08:17 3810301                    /usr/lib/x86_64-linux-gnu/libkrb5support.so.0.1
7f61ddc13000-7f61ddc14000 r--p 00009000 08:17 3810301                    /usr/lib/x86_64-linux-gnu/libkrb5support.so.0.1
7f61ddc14000-7f61ddc15000 rw-p 0000a000 08:17 3810301                    /usr/lib/x86_64-linux-gnu/libkrb5support.so.0.1
7f61ddc15000-7f61ddc18000 r-xp 00000000 08:17 266778                     /lib/x86_64-linux-gnu/libcom_err.so.2.1
7f61ddc18000-7f61dde17000 ---p 00003000 08:17 266778                     /lib/x86_64-linux-gnu/libcom_err.so.2.1
7f61dde17000-7f61dde18000 r--p 00002000 08:17 266778                     /lib/x86_64-linux-gnu/libcom_err.so.2.1
7f61dde18000-7f61dde19000 rw-p 00003000 08:17 266778                     /lib/x86_64-linux-gnu/libcom_err.so.2.1
7f61dde19000-7f61dde45000 r-xp 00000000 08:17 3810291                    /usr/lib/x86_64-linux-gnu/libk5crypto.so.3.1
7f61dde45000-7f61de044000 ---p 0002c000 08:17 3810291                    /usr/lib/x86_64-linux-gnu/libk5crypto.so.3.1
7f61de044000-7f61de046000 r--p 0002b000 08:17 3810291                    /usr/lib/x86_64-linux-gnu/libk5crypto.so.3.1
7f61de046000-7f61de047000 rw-p 0002d000 08:17 3810291                    /usr/lib/x86_64-linux-gnu/libk5crypto.so.3.1
7f61de047000-7f61de048000 rw-p 00000000 00:00 0 
7f61de048000-7f61de10b000 r-xp 00000000 08:17 3810299                    /usr/lib/x86_64-linux-gnu/libkrb5.so.3.3
7f61de10b000-7f61de30b000 ---p 000c3000 08:17 3810299                    /usr/lib/x86_64-linux-gnu/libkrb5.so.3.3
7f61de30b000-7f61de318000 r--p 000c3000 08:17 3810299                    /usr/lib/x86_64-linux-gnu/libkrb5.so.3.3
7f61de318000-7f61de31a000 rw-p 000d0000 08:17 3810299                    /usr/lib/x86_64-linux-gnu/libkrb5.so.3.3
7f61de31a000-7f61de399000 r-xp 00000000 08:17 3810058                    /usr/lib/x86_64-linux-gnu/libgmp.so.10.3.0
7f61de399000-7f61de598000 ---p 0007f000 08:17 3810058                    /usr/lib/x86_64-linux-gnu/libgmp.so.10.3.0
7f61de598000-7f61de599000 r--p 0007e000 08:17 3810058                    /usr/lib/x86_64-linux-gnu/libgmp.so.10.3.0
7f61de599000-7f61de59a000 rw-p 0007f000 08:17 3810058                    /usr/lib/x86_64-linux-gnu/libgmp.so.10.3.0
7f61de59a000-7f61de5ce000 r-xp 00000000 08:17 3810421                    /usr/lib/x86_64-linux-gnu/libnettle.so.6.2
7f61de5ce000-7f61de7cd000 ---p 00034000 08:17 3810421                    /usr/lib/x86_64-linux-gnu/libnettle.so.6.2
7f61de7cd000-7f61de7cf000 r--p 00033000 08:17 3810421                    /usr/lib/x86_64-linux-gnu/libnettle.so.6.2
7f61de7cf000-7f61de7d0000 rw-p 00035000 08:17 3810421                    /usr/lib/x86_64-linux-gnu/libnettle.so.6.2
7f61de7d0000-7f61df1d5000 r-xp 00000000 08:17 99859                      /home/diamond/Documents/Controller/bin/linux-x86-64/libarcsoft_fsdk_face_recognition.so
7f61df1d5000-7f61df3d4000 ---p 00a05000 08:17 99859                      /home/diamond/Documents/Controller/bin/linux-x86-64/libarcsoft_fsdk_face_recognition.so
7f61df3d4000-7f61df3d5000 r--p 00a04000 08:17 99859                      /home/diamond/Documents/Controller/bin/linux-x86-64/libarcsoft_fsdk_face_recognition.so
7f61df3d5000-7f61e0000000 rw-p 00a05000 08:17 99859                      /home/diamond/Documents/Controller/bin/linux-x86-64/libarcsoft_fsdk_face_recognition.so
7f61e0000000-7f61e0136000 rw-p 00000000 00:00 0 
7f61e0136000-7f61e4000000 ---p 00000000 00:00 0 
7f61e4005000-7f61e4008000 ---p 00000000 00:00 0 
7f61e4008000-7f61e4106000 rw-p 00000000 00:00 0 
7f61e4106000-7f61e4138000 r-xp 00000000 08:17 3810196                    /usr/lib/x86_64-linux-gnu/libhogweed.so.4.2
7f61e4138000-7f61e4337000 ---p 00032000 08:17 3810196                    /usr/lib/x86_64-linux-gnu/libhogweed.so.4.2
7f61e4337000-7f61e4338000 r--p 00031000 08:17 3810196                    /usr/lib/x86_64-linux-gnu/libhogweed.so.4.2
7f61e4338000-7f61e4339000 rw-p 00032000 08:17 3810196                    /usr/lib/x86_64-linux-gnu/libhogweed.so.4.2
7f61e4339000-7f61e445c000 r-xp 00000000 08:17 3803369                    /usr/lib/x86_64-linux-gnu/libgnutls.so.30.6.2
7f61e445c000-7f61e465b000 ---p 00123000 08:17 3803369                    /usr/lib/x86_64-linux-gnu/libgnutls.so.30.6.2
7f61e465b000-7f61e4666000 r--p 00122000 08:17 3803369                    /usr/lib/x86_64-linux-gnu/libgnutls.so.30.6.2
7f61e4666000-7f61e4668000 rw-p 0012d000 08:17 3803369                    /usr/lib/x86_64-linux-gnu/libgnutls.so.30.6.2
7f61e4668000-7f61e4669000 rw-p 00000000 00:00 0 
7f61e4669000-7f61e467f000 r-xp 00000000 08:17 266807                     /lib/x86_64-linux-gnu/libgcc_s.so.1
7f61e467f000-7f61e487e000 ---p 00016000 08:17 266807                     /lib/x86_64-linux-gnu/libgcc_s.so.1
7f61e487e000-7f61e487f000 rw-p 00015000 08:17 266807                     /lib/x86_64-linux-gnu/libgcc_s.so.1
7f61e487f000-7f61e489a000 r-xp 00000000 08:17 3824821                    /usr/local/lib/libz.so.1.2.9
7f61e489a000-7f61e4a99000 ---p 0001b000 08:17 3824821                    /usr/local/lib/libz.so.1.2.9
7f61e4a99000-7f61e4a9a000 r--p 0001a000 08:17 3824821                    /usr/local/lib/libz.so.1.2.9
7f61e4a9a000-7f61e4a9b000 rw-p 0001b000 08:17 3824821                    /usr/local/lib/libz.so.1.2.9
7f61e4a9b000-7f61e4ae8000 r-xp 00000000 08:17 3810312                    /usr/lib/x86_64-linux-gnu/libldap_r-2.4.so.2.10.5
7f61e4ae8000-7f61e4ce7000 ---p 0004d000 08:17 3810312                    /usr/lib/x86_64-linux-gnu/libldap_r-2.4.so.2.10.5
7f61e4ce7000-7f61e4ce9000 r--p 0004c000 08:17 3810312                    /usr/lib/x86_64-linux-gnu/libldap_r-2.4.so.2.10.5
7f61e4ce9000-7f61e4cea000 rw-p 0004e000 08:17 3810312                    /usr/lib/x86_64-linux-gnu/libldap_r-2.4.so.2.10.5
7f61e4cea000-7f61e4cec000 rw-p 00000000 00:00 0 
7f61e4cec000-7f61e4d33000 r-xp 00000000 08:17 3810115                    /usr/lib/x86_64-linux-gnu/libgssapi_krb5.so.2.2
7f61e4d33000-7f61e4f32000 ---p 00047000 08:17 3810115                    /usr/lib/x86_64-linux-gnu/libgssapi_krb5.so.2.2
7f61e4f32000-7f61e4f34000 r--p 00046000 08:17 3810115                    /usr/lib/x86_64-linux-gnu/libgssapi_krb5.so.2.2
7f61e4f34000-7f61e4f36000 rw-p 00048000 08:17 3810115                    /usr/lib/x86_64-linux-gnu/libgssapi_krb5.so.2.2
7f61e4f36000-7f61e5150000 r-xp 00000000 08:17 266823                     /lib/x86_64-linux-gnu/libcrypto.so.1.0.0
7f61e5150000-7f61e534f000 ---p 0021a000 08:17 266823                     /lib/x86_64-linux-gnu/libcrypto.so.1.0.0
7f61e534f000-7f61e536b000 r--p 00219000 08:17 266823                     /lib/x86_64-linux-gnu/libcrypto.so.1.0.0
7f61e536b000-7f61e5377000 rw-p 00235000 08:17 266823                     /lib/x86_64-linux-gnu/libcrypto.so.1.0.0
7f61e5377000-7f61e537a000 rw-p 00000000 00:00 0 
7f61e537a000-7f61e53d8000 r-xp 00000000 08:17 266822                     /lib/x86_64-linux-gnu/libssl.so.1.0.0
7f61e53d8000-7f61e55d8000 ---p 0005e000 08:17 266822                     /lib/x86_64-linux-gnu/libssl.so.1.0.0
7f61e55d8000-7f61e55dc000 r--p 0005e000 08:17 266822                     /lib/x86_64-linux-gnu/libssl.so.1.0.0
7f61e55dc000-7f61e55e3000 rw-p 00062000 08:17 266822                     /lib/x86_64-linux-gnu/libssl.so.1.0.0
7f61e55e3000-7f61e55fe000 r-xp 00000000 08:17 3810616                    /usr/lib/x86_64-linux-gnu/librtmp.so.1
7f61e55fe000-7f61e57fd000 ---p 0001b000 08:17 3810616                    /usr/lib/x86_64-linux-gnu/librtmp.so.1
7f61e57fd000-7f61e57fe000 r--p 0001a000 08:17 3810616                    /usr/lib/x86_64-linux-gnu/librtmp.so.1
7f61e57fe000-7f61e57ff000 rw-p 0001b000 08:17 3810616                    /usr/lib/x86_64-linux-gnu/librtmp.so.1
7f61e57ff000-7f61e8000000 rw-p 00000000 00:00 0 
7f61e8000000-7f61e81a8000 rw-p 00000000 00:00 0 
7f61e81a8000-7f61ec000000 ---p 00000000 00:00 0 
7f61ec000000-7f61ec021000 rw-p 00000000 00:00 0 
7f61ec021000-7f61f0000000 ---p 00000000 00:00 0 
7f61f0000000-7f61f0132000 rw-p 00000000 00:00 0 
7f61f0132000-7f61f4000000 ---p 00000000 00:00 0 
7f61f4000000-7f61f43bc000 rw-p 00000000 00:00 0 
7f61f43bc000-7f61f8000000 ---p 00000000 00:00 0 
7f61f80dc000-7f61f810d000 r-xp 00000000 08:17 3803367                    /usr/lib/x86_64-linux-gnu/libidn.so.11.6.15
7f61f810d000-7f61f830d000 ---p 00031000 08:17 3803367                    /usr/lib/x86_64-linux-gnu/libidn.so.11.6.15
7f61f830d000-7f61f830e000 r--p 00031000 08:17 3803367                    /usr/lib/x86_64-linux-gnu/libidn.so.11.6.15
7f61f830e000-7f61f830f000 rw-p 00032000 08:17 3803367                    /usr/lib/x86_64-linux-gnu/libidn.so.11.6.15
7f61f830f000-7f61f8481000 r-xp 00000000 08:17 3803290                    /usr/lib/x86_64-linux-gnu/libstdc++.so.6.0.21
7f61f8481000-7f61f8681000 ---p 00172000 08:17 3803290                    /usr/lib/x86_64-linux-gnu/libstdc++.so.6.0.21
7f61f8681000-7f61f868b000 r--p 00172000 08:17 3803290                    /usr/lib/x86_64-linux-gnu/libstdc++.so.6.0.21
7f61f868b000-7f61f868d000 rw-p 0017c000 08:17 3803290                    /usr/lib/x86_64-linux-gnu/libstdc++.so.6.0.21
7f61f868d000-7f61f8691000 rw-p 00000000 00:00 0 
7f61f8691000-7f61f8760000 r-xp 00000000 08:17 3810694                    /usr/lib/x86_64-linux-gnu/libsqlite3.so.0.8.6
7f61f8760000-7f61f8960000 ---p 000cf000 08:17 3810694                    /usr/lib/x86_64-linux-gnu/libsqlite3.so.0.8.6
7f61f8960000-7f61f8963000 r--p 000cf000 08:17 3810694                    /usr/lib/x86_64-linux-gnu/libsqlite3.so.0.8.6
7f61f8963000-7f61f8965000 rw-p 000d2000 08:17 3810694                    /usr/lib/x86_64-linux-gnu/libsqlite3.so.0.8.6
7f61f8965000-7f61f8966000 rw-p 00000000 00:00 0 
7f61f8966000-7f61f89d1000 r-xp 00000000 08:17 3801208                    /usr/lib/x86_64-linux-gnu/libcurl.so.4.4.0
7f61f89d1000-7f61f8bd1000 ---p 0006b000 08:17 3801208                    /usr/lib/x86_64-linux-gnu/libcurl.so.4.4.0
7f61f8bd1000-7f61f8bd4000 r--p 0006b000 08:17 3801208                    /usr/lib/x86_64-linux-gnu/libcurl.so.4.4.0
7f61f8bd4000-7f61f8bd5000 rw-p 0006e000 08:17 3801208                    /usr/lib/x86_64-linux-gnu/libcurl.so.4.4.0
7f61f8bd5000-7f61f8bed000 r-xp 00000000 08:17 3594274                    /tmp/jna-1655054676/jna4257321532144156116.tmp (deleted)
7f61f8bed000-7f61f8dec000 ---p 00018000 08:17 3594274                    /tmp/jna-1655054676/jna4257321532144156116.tmp (deleted)
7f61f8dec000-7f61f8dee000 rw-p 00017000 08:17 3594274                    /tmp/jna-1655054676/jna4257321532144156116.tmp (deleted)
7f61f8dee000-7f61f8dff000 r-xp 00000000 08:17 3880230                    /usr/local/jdk1.8.0_152/jre/lib/amd64/libnio.so
7f61f8dff000-7f61f8ffe000 ---p 00011000 08:17 3880230                    /usr/local/jdk1.8.0_152/jre/lib/amd64/libnio.so
7f61f8ffe000-7f61f8fff000 rw-p 00010000 08:17 3880230                    /usr/local/jdk1.8.0_152/jre/lib/amd64/libnio.so
7f61f8fff000-7f61fc000000 rw-p 00000000 00:00 0 
7f61fc000000-7f61fc8d7000 rw-p 00000000 00:00 0 
7f61fc8d7000-7f6200000000 ---p 00000000 00:00 0 
7f6200000000-7f6200675000 rw-p 00000000 00:00 0 
7f6200675000-7f6204000000 ---p 00000000 00:00 0 
7f6204000000-7f6204132000 rw-p 00000000 00:00 0 
7f6204132000-7f6208000000 ---p 00000000 00:00 0 
7f6208000000-7f620814a000 rw-p 00000000 00:00 0 
7f620814a000-7f620c000000 ---p 00000000 00:00 0 
7f620c000000-7f620c138000 rw-p 00000000 00:00 0 
7f620c138000-7f6210000000 ---p 00000000 00:00 0 
7f6210000000-7f6210134000 rw-p 00000000 00:00 0 
7f6210134000-7f6214000000 ---p 00000000 00:00 0 
7f6214000000-7f6214135000 rw-p 00000000 00:00 0 
7f6214135000-7f6218000000 ---p 00000000 00:00 0 
7f6218000000-7f6218134000 rw-p 00000000 00:00 0 
7f6218134000-7f621c000000 ---p 00000000 00:00 0 
7f621c000000-7f621c137000 rw-p 00000000 00:00 0 
7f621c137000-7f6220000000 ---p 00000000 00:00 0 
7f6220000000-7f6220021000 rw-p 00000000 00:00 0 
7f6220021000-7f6224000000 ---p 00000000 00:00 0 
7f6224000000-7f622400d000 r-xp 00000000 08:17 3810307                    /usr/lib/x86_64-linux-gnu/liblber-2.4.so.2.10.5
7f622400d000-7f622420d000 ---p 0000d000 08:17 3810307                    /usr/lib/x86_64-linux-gnu/liblber-2.4.so.2.10.5
7f622420d000-7f622420e000 r--p 0000d000 08:17 3810307                    /usr/lib/x86_64-linux-gnu/liblber-2.4.so.2.10.5
7f622420e000-7f622420f000 rw-p 0000e000 08:17 3810307                    /usr/lib/x86_64-linux-gnu/liblber-2.4.so.2.10.5
7f622420f000-7f6224212000 ---p 00000000 00:00 0 
7f6224212000-7f6228000000 rw-p 00000000 00:00 0 
7f6228000000-7f62281af000 rw-p 00000000 00:00 0 
7f62281af000-7f622c000000 ---p 00000000 00:00 0 
7f622c088000-7f622c08b000 ---p 00000000 00:00 0 
7f622c08b000-7f622c0c1000 rw-p 00000000 00:00 0 
7f622c0c1000-7f622c0c6000 r--s 0009a000 08:17 3880107                    /usr/local/jdk1.8.0_152/jre/lib/jsse.jar
7f622c0c6000-7f622c0cb000 r--s 002f9000 08:17 3880056                    /usr/local/jdk1.8.0_152/jre/lib/charsets.jar
7f622c0cb000-7f622c0cc000 ---p 00000000 00:00 0 
7f622c0cc000-7f622c1cc000 rw-p 00000000 00:00 0 
7f622c1cc000-7f622c1cf000 ---p 00000000 00:00 0 
7f622c1cf000-7f622c2cd000 rw-p 00000000 00:00 0 
7f622c2cd000-7f622c2e3000 r-xp 00000000 08:17 3880227                    /usr/local/jdk1.8.0_152/jre/lib/amd64/libnet.so
7f622c2e3000-7f622c4e3000 ---p 00016000 08:17 3880227                    /usr/local/jdk1.8.0_152/jre/lib/amd64/libnet.so
7f622c4e3000-7f622c4e4000 rw-p 00016000 08:17 3880227                    /usr/local/jdk1.8.0_152/jre/lib/amd64/libnet.so
7f622c4e4000-7f622c4e7000 ---p 00000000 00:00 0 
7f622c4e7000-7f622c5e5000 rw-p 00000000 00:00 0 
7f622c5e5000-7f622c5e8000 ---p 00000000 00:00 0 
7f622c5e8000-7f622c6e6000 rw-p 00000000 00:00 0 
7f622c6e6000-7f622c6e9000 ---p 00000000 00:00 0 
7f622c6e9000-7f622c7e7000 rw-p 00000000 00:00 0 
7f622c7e7000-7f622c7ea000 ---p 00000000 00:00 0 
7f622c7ea000-7f622c8e8000 rw-p 00000000 00:00 0 
7f622c8e8000-7f622c8f2000 r--s 000eb000 08:17 69177                      /home/diamond/Documents/Controller/lib/mysql-connector-java-5.1.44-bin.jar
7f622c8f2000-7f622c987000 r--s 01113000 08:17 3880111                    /usr/local/jdk1.8.0_152/jre/lib/ext/jfxrt.jar
7f622c987000-7f622c98a000 ---p 00000000 00:00 0 
7f622c98a000-7f622ca88000 rw-p 00000000 00:00 0 
7f622ca88000-7f622d447000 r--p 00000000 08:17 3808503                    /usr/lib/locale/locale-archive
7f622d447000-7f622d44a000 ---p 00000000 00:00 0 
7f622d44a000-7f622d548000 rw-p 00000000 00:00 0 
7f622d548000-7f622d54b000 ---p 00000000 00:00 0 
7f622d54b000-7f622d649000 rw-p 00000000 00:00 0 
7f622d649000-7f622d64a000 ---p 00000000 00:00 0 
7f622d64a000-7f622e6a8000 rw-p 00000000 00:00 0 
7f622e6a8000-7f622e882000 r--s 03d5f000 08:17 3880058                    /usr/local/jdk1.8.0_152/jre/lib/rt.jar
7f622e882000-7f622f451000 rw-p 00000000 00:00 0 
7f622f451000-7f622f452000 ---p 00000000 00:00 0 
7f622f452000-7f622f552000 rw-p 00000000 00:00 0 
7f622f552000-7f622f553000 ---p 00000000 00:00 0 
7f622f553000-7f622f653000 rw-p 00000000 00:00 0 
7f622f653000-7f622f654000 ---p 00000000 00:00 0 
7f622f654000-7f622f77d000 rw-p 00000000 00:00 0 
7f622f77d000-7f622f9de000 ---p 00000000 00:00 0 
7f622f9de000-7f622fa07000 rw-p 00000000 00:00 0 
7f622fa07000-7f622fc68000 ---p 00000000 00:00 0 
7f622fc68000-7f622fce8000 rw-p 00000000 00:00 0 
7f622fce8000-7f622fdad000 ---p 00000000 00:00 0 
7f622fdad000-7f622fdbf000 rw-p 00000000 00:00 0 
7f622fdbf000-7f623016e000 ---p 00000000 00:00 0 
7f623016e000-7f623059e000 rwxp 00000000 00:00 0 
7f623059e000-7f623f16e000 ---p 00000000 00:00 0 
7f623f16e000-7f623f189000 r-xp 00000000 08:17 3880223                    /usr/local/jdk1.8.0_152/jre/lib/amd64/libzip.so
7f623f189000-7f623f389000 ---p 0001b000 08:17 3880223                    /usr/local/jdk1.8.0_152/jre/lib/amd64/libzip.so
7f623f389000-7f623f38a000 rw-p 0001b000 08:17 3880223                    /usr/local/jdk1.8.0_152/jre/lib/amd64/libzip.so
7f623f38a000-7f623f395000 r-xp 00000000 08:17 266868                     /lib/x86_64-linux-gnu/libnss_files-2.23.so
7f623f395000-7f623f594000 ---p 0000b000 08:17 266868                     /lib/x86_64-linux-gnu/libnss_files-2.23.so
7f623f594000-7f623f595000 r--p 0000a000 08:17 266868                     /lib/x86_64-linux-gnu/libnss_files-2.23.so
7f623f595000-7f623f596000 rw-p 0000b000 08:17 266868                     /lib/x86_64-linux-gnu/libnss_files-2.23.so
7f623f596000-7f623f59c000 rw-p 00000000 00:00 0 
7f623f59c000-7f623f5a7000 r-xp 00000000 08:17 266878                     /lib/x86_64-linux-gnu/libnss_nis-2.23.so
7f623f5a7000-7f623f7a6000 ---p 0000b000 08:17 266878                     /lib/x86_64-linux-gnu/libnss_nis-2.23.so
7f623f7a6000-7f623f7a7000 r--p 0000a000 08:17 266878                     /lib/x86_64-linux-gnu/libnss_nis-2.23.so
7f623f7a7000-7f623f7a8000 rw-p 0000b000 08:17 266878                     /lib/x86_64-linux-gnu/libnss_nis-2.23.so
7f623f7a8000-7f623f7be000 r-xp 00000000 08:17 266862                     /lib/x86_64-linux-gnu/libnsl-2.23.so
7f623f7be000-7f623f9bd000 ---p 00016000 08:17 266862                     /lib/x86_64-linux-gnu/libnsl-2.23.so
7f623f9bd000-7f623f9be000 r--p 00015000 08:17 266862                     /lib/x86_64-linux-gnu/libnsl-2.23.so
7f623f9be000-7f623f9bf000 rw-p 00016000 08:17 266862                     /lib/x86_64-linux-gnu/libnsl-2.23.so
7f623f9bf000-7f623f9c1000 rw-p 00000000 00:00 0 
7f623f9c1000-7f623f9c9000 r-xp 00000000 08:17 266864                     /lib/x86_64-linux-gnu/libnss_compat-2.23.so
7f623f9c9000-7f623fbc8000 ---p 00008000 08:17 266864                     /lib/x86_64-linux-gnu/libnss_compat-2.23.so
7f623fbc8000-7f623fbc9000 r--p 00007000 08:17 266864                     /lib/x86_64-linux-gnu/libnss_compat-2.23.so
7f623fbc9000-7f623fbca000 rw-p 00008000 08:17 266864                     /lib/x86_64-linux-gnu/libnss_compat-2.23.so
7f623fbca000-7f623fbd4000 r-xp 00000000 08:17 3880232                    /usr/local/jdk1.8.0_152/jre/lib/amd64/libinstrument.so
7f623fbd4000-7f623fdd3000 ---p 0000a000 08:17 3880232                    /usr/local/jdk1.8.0_152/jre/lib/amd64/libinstrument.so
7f623fdd3000-7f623fdd4000 rw-p 00009000 08:17 3880232                    /usr/local/jdk1.8.0_152/jre/lib/amd64/libinstrument.so
7f623fdd4000-7f623fdff000 r-xp 00000000 08:17 3880217                    /usr/local/jdk1.8.0_152/jre/lib/amd64/libjava.so
7f623fdff000-7f623fffe000 ---p 0002b000 08:17 3880217                    /usr/local/jdk1.8.0_152/jre/lib/amd64/libjava.so
7f623fffe000-7f6240000000 rw-p 0002a000 08:17 3880217                    /usr/local/jdk1.8.0_152/jre/lib/amd64/libjava.so
7f6240000000-7f6240cf3000 rw-p 00000000 00:00 0 
7f6240cf3000-7f6244000000 ---p 00000000 00:00 0 
7f6244002000-7f6244005000 r--s 00024000 08:17 79461                      /home/diamond/Documents/Controller/lib/json-lib-2.4-jdk15.jar
7f6244005000-7f6244009000 r--s 00107000 08:17 69176                      /home/diamond/Documents/Controller/lib/jna-4.4.0.jar
7f6244009000-7f6244017000 r--s 0007f000 08:17 79458                      /home/diamond/Documents/Controller/lib/commons-collections-3.2.1.jar
7f6244017000-7f624408d000 rw-p 00000000 00:00 0 
7f624408d000-7f624408e000 ---p 00000000 00:00 0 
7f624408e000-7f624418e000 rw-p 00000000 00:00 0 
7f624418e000-7f624419b000 r-xp 00000000 08:17 3880222                    /usr/local/jdk1.8.0_152/jre/lib/amd64/libverify.so
7f624419b000-7f624439b000 ---p 0000d000 08:17 3880222                    /usr/local/jdk1.8.0_152/jre/lib/amd64/libverify.so
7f624439b000-7f624439d000 rw-p 0000d000 08:17 3880222                    /usr/local/jdk1.8.0_152/jre/lib/amd64/libverify.so
7f624439d000-7f62443a4000 r-xp 00000000 08:17 266923                     /lib/x86_64-linux-gnu/librt-2.23.so
7f62443a4000-7f62445a3000 ---p 00007000 08:17 266923                     /lib/x86_64-linux-gnu/librt-2.23.so
7f62445a3000-7f62445a4000 r--p 00006000 08:17 266923                     /lib/x86_64-linux-gnu/librt-2.23.so
7f62445a4000-7f62445a5000 rw-p 00007000 08:17 266923                     /lib/x86_64-linux-gnu/librt-2.23.so
7f62445a5000-7f62446ad000 r-xp 00000000 08:17 266839                     /lib/x86_64-linux-gnu/libm-2.23.so
7f62446ad000-7f62448ac000 ---p 00108000 08:17 266839                     /lib/x86_64-linux-gnu/libm-2.23.so
7f62448ac000-7f62448ad000 r--p 00107000 08:17 266839                     /lib/x86_64-linux-gnu/libm-2.23.so
7f62448ad000-7f62448ae000 rw-p 00108000 08:17 266839                     /lib/x86_64-linux-gnu/libm-2.23.so
7f62448ae000-7f6245586000 r-xp 00000000 08:17 3880200                    /usr/local/jdk1.8.0_152/jre/lib/amd64/server/libjvm.so
7f6245586000-7f6245785000 ---p 00cd8000 08:17 3880200                    /usr/local/jdk1.8.0_152/jre/lib/amd64/server/libjvm.so
7f6245785000-7f624585f000 rw-p 00cd7000 08:17 3880200                    /usr/local/jdk1.8.0_152/jre/lib/amd64/server/libjvm.so
7f624585f000-7f62458aa000 rw-p 00000000 00:00 0 
7f62458aa000-7f6245a6a000 r-xp 00000000 08:17 266769                     /lib/x86_64-linux-gnu/libc-2.23.so
7f6245a6a000-7f6245c6a000 ---p 001c0000 08:17 266769                     /lib/x86_64-linux-gnu/libc-2.23.so
7f6245c6a000-7f6245c6e000 r--p 001c0000 08:17 266769                     /lib/x86_64-linux-gnu/libc-2.23.so
7f6245c6e000-7f6245c70000 rw-p 001c4000 08:17 266769                     /lib/x86_64-linux-gnu/libc-2.23.so
7f6245c70000-7f6245c74000 rw-p 00000000 00:00 0 
7f6245c74000-7f6245c77000 r-xp 00000000 08:17 266793                     /lib/x86_64-linux-gnu/libdl-2.23.so
7f6245c77000-7f6245e76000 ---p 00003000 08:17 266793                     /lib/x86_64-linux-gnu/libdl-2.23.so
7f6245e76000-7f6245e77000 r--p 00002000 08:17 266793                     /lib/x86_64-linux-gnu/libdl-2.23.so
7f6245e77000-7f6245e78000 rw-p 00003000 08:17 266793                     /lib/x86_64-linux-gnu/libdl-2.23.so
7f6245e78000-7f6245e8e000 r-xp 00000000 08:17 3879918                    /usr/local/jdk1.8.0_152/lib/amd64/jli/libjli.so
7f6245e8e000-7f624608d000 ---p 00016000 08:17 3879918                    /usr/local/jdk1.8.0_152/lib/amd64/jli/libjli.so
7f624608d000-7f624608e000 rw-p 00015000 08:17 3879918                    /usr/local/jdk1.8.0_152/lib/amd64/jli/libjli.so
7f624608e000-7f62460a6000 r-xp 00000000 08:17 266915                     /lib/x86_64-linux-gnu/libpthread-2.23.so
7f62460a6000-7f62462a5000 ---p 00018000 08:17 266915                     /lib/x86_64-linux-gnu/libpthread-2.23.so
7f62462a5000-7f62462a6000 r--p 00017000 08:17 266915                     /lib/x86_64-linux-gnu/libpthread-2.23.so
7f62462a6000-7f62462a7000 rw-p 00018000 08:17 266915                     /lib/x86_64-linux-gnu/libpthread-2.23.so
7f62462a7000-7f62462ab000 rw-p 00000000 00:00 0 
7f62462ab000-7f62462d1000 r-xp 00000000 08:17 266741                     /lib/x86_64-linux-gnu/ld-2.23.so
7f62462d1000-7f62462d3000 r--s 0001a000 08:17 18339                      /home/diamond/soft/idea-IU-173.3942.27/lib/idea_rt.jar
7f62462d3000-7f62462d6000 r--s 00013000 08:17 79443                      /home/diamond/Documents/Controller/lib/ezmorph-1.0.6.jar
7f62462d6000-7f62462d8000 r--s 0000d000 08:17 79460                      /home/diamond/Documents/Controller/lib/commons-logging-1.1.1.jar
7f62462d8000-7f62462dd000 r--s 00034000 08:17 79459                      /home/diamond/Documents/Controller/lib/commons-beanutils-1.8.0.jar
7f62462dd000-7f62462f0000 r--s 00345000 08:17 3880093                    /usr/local/jdk1.8.0_152/jre/lib/resources.jar
7f62462f0000-7f6246303000 r--s 000d6000 08:17 3880030                    /usr/local/jdk1.8.0_152/jre/lib/plugin.jar
7f6246303000-7f6246308000 r--s 0009a000 08:17 3880107                    /usr/local/jdk1.8.0_152/jre/lib/jsse.jar
7f6246308000-7f624630a000 r--s 00007000 08:17 3880245                    /usr/local/jdk1.8.0_152/jre/lib/jfxswt.jar
7f624630a000-7f624630f000 r--s 00084000 08:17 3880007                    /usr/local/jdk1.8.0_152/jre/lib/jfr.jar
7f624630f000-7f6246312000 r--s 0001a000 08:17 3880243                    /usr/local/jdk1.8.0_152/jre/lib/jce.jar
7f6246312000-7f624631b000 r--s 0006d000 08:17 3880017                    /usr/local/jdk1.8.0_152/jre/lib/javaws.jar
7f624631b000-7f624639d000 rw-p 00000000 00:00 0 
7f624639d000-7f62463a0000 ---p 00000000 00:00 0 
7f62463a0000-7f62464a2000 rw-p 00000000 00:00 0 
7f62464a2000-7f62464a3000 r--s 00000000 08:17 3880014                    /usr/local/jdk1.8.0_152/jre/lib/management-agent.jar
7f62464a3000-7f62464bf000 r--s 0020b000 08:17 3880008                    /usr/local/jdk1.8.0_152/jre/lib/deploy.jar
7f62464bf000-7f62464c4000 r--s 002f9000 08:17 3880056                    /usr/local/jdk1.8.0_152/jre/lib/charsets.jar
7f62464c4000-7f62464cc000 rw-s 00000000 08:17 3594263                    /tmp/hsperfdata_diamond/21093
7f62464cc000-7f62464cd000 rw-p 00000000 00:00 0 
7f62464cd000-7f62464ce000 r--p 00000000 00:00 0 
7f62464ce000-7f62464d0000 rw-p 00000000 00:00 0 
7f62464d0000-7f62464d1000 r--p 00025000 08:17 266741                     /lib/x86_64-linux-gnu/ld-2.23.so
7f62464d1000-7f62464d2000 rw-p 00026000 08:17 266741                     /lib/x86_64-linux-gnu/ld-2.23.so
7f62464d2000-7f62464d3000 rw-p 00000000 00:00 0 
7ffcdb9d3000-7ffcdb9f5000 rw-p 00000000 00:00 0                          [stack]
7ffcdb9f6000-7ffcdb9f8000 r--p 00000000 00:00 0                          [vvar]
7ffcdb9f8000-7ffcdb9fa000 r-xp 00000000 00:00 0                          [vdso]
ffffffffff600000-ffffffffff601000 r-xp 00000000 00:00 0                  [vsyscall]

VM Arguments:
jvm_args: -javaagent:/home/diamond/soft/idea-IU-173.3942.27/lib/idea_rt.jar=40889:/home/diamond/soft/idea-IU-173.3942.27/bin -Dfile.encoding=UTF-8 
java_command: com.moma.Controller
java_class_path (initial): /usr/local/jdk1.8.0_152/jre/lib/charsets.jar:/usr/local/jdk1.8.0_152/jre/lib/deploy.jar:/usr/local/jdk1.8.0_152/jre/lib/ext/cldrdata.jar:/usr/local/jdk1.8.0_152/jre/lib/ext/dnsns.jar:/usr/local/jdk1.8.0_152/jre/lib/ext/jaccess.jar:/usr/local/jdk1.8.0_152/jre/lib/ext/jfxrt.jar:/usr/local/jdk1.8.0_152/jre/lib/ext/localedata.jar:/usr/local/jdk1.8.0_152/jre/lib/ext/nashorn.jar:/usr/local/jdk1.8.0_152/jre/lib/ext/sunec.jar:/usr/local/jdk1.8.0_152/jre/lib/ext/sunjce_provider.jar:/usr/local/jdk1.8.0_152/jre/lib/ext/sunpkcs11.jar:/usr/local/jdk1.8.0_152/jre/lib/ext/zipfs.jar:/usr/local/jdk1.8.0_152/jre/lib/javaws.jar:/usr/local/jdk1.8.0_152/jre/lib/jce.jar:/usr/local/jdk1.8.0_152/jre/lib/jfr.jar:/usr/local/jdk1.8.0_152/jre/lib/jfxswt.jar:/usr/local/jdk1.8.0_152/jre/lib/jsse.jar:/usr/local/jdk1.8.0_152/jre/lib/management-agent.jar:/usr/local/jdk1.8.0_152/jre/lib/plugin.jar:/usr/local/jdk1.8.0_152/jre/lib/resources.jar:/usr/local/jdk1.8.0_152/jre/lib/rt.jar:/home/diamond/Documents/Controller/out/production/Controller:/home/diamond/Documents/Controller/lib/commons-beanutils-1.8.0.jar:/home/diamond/Documents/Controller/lib/commons-logging-1.1.1.jar:/home/diamond/Documents/Controller/lib/commons-collections-3.2.1.jar:/home/diamond/Documents/Controller/lib/ezmorph-1.0.6.jar:/home/diamond/Documents/Controller/lib/jna-4.4.0.jar:/home/diamond/Documents/Controller/lib/json-lib-2.4-jdk15.jar:/home/diamond/Documents/Controller/lib/mysql-connector-java-5.1.44-bin.jar:/home/diamond/soft/idea-IU-173.3942.27/lib/idea_rt.jar
Launcher Type: SUN_STANDARD

Environment Variables:
JAVA_HOME=/usr/local/jdk1.8.0_152/
JRE_HOME=/usr/local/jdk1.8.0_152//jre
CLASSPATH=/home/diamond/soft/idea-IU-173.3942.27/lib/bootstrap.jar:/home/diamond/soft/idea-IU-173.3942.27/lib/extensions.jar:/home/diamond/soft/idea-IU-173.3942.27/lib/util.jar:/home/diamond/soft/idea-IU-173.3942.27/lib/jdom.jar:/home/diamond/soft/idea-IU-173.3942.27/lib/log4j.jar:/home/diamond/soft/idea-IU-173.3942.27/lib/trove4j.jar:/home/diamond/soft/idea-IU-173.3942.27/lib/jna.jar:/home/diamond/soft/idea-IU-173.3942.27/jre64/lib/tools.jar
PATH=/home/diamond/bin:/home/diamond/.local/bin:/usr/local/cuda-8.0/bin:/usr/local/sbin:/usr/local/bin:/usr/sbin:/usr/bin:/sbin:/bin:/usr/games:/usr/local/games:/snap/bin:/usr/local/jdk1.8.0_152//bin:/usr/local/jdk1.8.0_152//jre/bin
LD_LIBRARY_PATH=/usr/local/cuda-8.0/lib64
SHELL=/bin/bash
DISPLAY=:0

Signal Handlers:
SIGSEGV: [libjvm.so+0xacfec0], sa_mask[0]=11111111011111111101111111111110, sa_flags=SA_RESTART|SA_SIGINFO
SIGBUS: [libjvm.so+0xacfec0], sa_mask[0]=11111111011111111101111111111110, sa_flags=SA_RESTART|SA_SIGINFO
SIGFPE: [libjvm.so+0x927e60], sa_mask[0]=11111111011111111101111111111110, sa_flags=SA_RESTART|SA_SIGINFO
SIGPIPE: [libjvm.so+0x927e60], sa_mask[0]=11111111011111111101111111111110, sa_flags=SA_RESTART|SA_SIGINFO
SIGXFSZ: [libjvm.so+0x927e60], sa_mask[0]=11111111011111111101111111111110, sa_flags=SA_RESTART|SA_SIGINFO
SIGILL: [libjvm.so+0x927e60], sa_mask[0]=11111111011111111101111111111110, sa_flags=SA_RESTART|SA_SIGINFO
SIGUSR1: SIG_DFL, sa_mask[0]=00000000000000000000000000000000, sa_flags=none
SIGUSR2: [libjvm.so+0x9296a0], sa_mask[0]=00100000000000000000000000000000, sa_flags=SA_RESTART|SA_SIGINFO
SIGHUP: [libjvm.so+0x92aaa0], sa_mask[0]=11111111011111111101111111111110, sa_flags=SA_RESTART|SA_SIGINFO
SIGINT: [libarcsoft_fsdk_face_detection.so+0x3700], sa_mask[0]=00000000000000000000000000000000, sa_flags=SA_SIGINFO|SA_NOCLDWAIT|SA_NODEFER
SIGTERM: [libjvm.so+0x92aaa0], sa_mask[0]=11111111011111111101111111111110, sa_flags=SA_RESTART|SA_SIGINFO
SIGQUIT: [libjvm.so+0x92aaa0], sa_mask[0]=11111111011111111101111111111110, sa_flags=SA_RESTART|SA_SIGINFO


---------------  S Y S T E M  ---------------

OS:DISTRIB_ID=Ubuntu
DISTRIB_RELEASE=16.04
DISTRIB_CODENAME=xenial
DISTRIB_DESCRIPTION="Ubuntu 16.04.3 LTS"

uname:Linux 4.10.0-42-generic #46~16.04.1-Ubuntu SMP Mon Dec 4 15:57:59 UTC 2017 x86_64
libc:glibc 2.23 NPTL 2.23 
rlimit: STACK 8192k, CORE 0k, NPROC 30234, NOFILE 1048576, AS infinity
load average:0.64 0.72 0.70

/proc/meminfo:
MemTotal:        7986184 kB
MemFree:          240200 kB
MemAvailable:    1754088 kB
Buffers:           99196 kB
Cached:          1611616 kB
SwapCached:         5012 kB
Active:          6124104 kB
Inactive:        1170332 kB
Active(anon):    4909552 kB
Inactive(anon):   744504 kB
Active(file):    1214552 kB
Inactive(file):   425828 kB
Unevictable:         232 kB
Mlocked:             232 kB
SwapTotal:       4097020 kB
SwapFree:        4038200 kB
Dirty:               276 kB
Writeback:             0 kB
AnonPages:       5456016 kB
Mapped:           543712 kB
Shmem:             70432 kB
Slab:             244076 kB
SReclaimable:     180372 kB
SUnreclaim:        63704 kB
KernelStack:       18316 kB
PageTables:        65576 kB
NFS_Unstable:          0 kB
Bounce:                0 kB
WritebackTmp:          0 kB
CommitLimit:     8090112 kB
Committed_AS:   13646280 kB
VmallocTotal:   34359738367 kB
VmallocUsed:           0 kB
VmallocChunk:          0 kB
HardwareCorrupted:     0 kB
AnonHugePages:   3393536 kB
ShmemHugePages:        0 kB
ShmemPmdMapped:        0 kB
CmaTotal:              0 kB
CmaFree:               0 kB
HugePages_Total:       0
HugePages_Free:        0
HugePages_Rsvd:        0
HugePages_Surp:        0
Hugepagesize:       2048 kB
DirectMap4k:      341892 kB
DirectMap2M:     7860224 kB


CPU:total 4 (initial active 4) (2 cores per cpu, 2 threads per core) family 6 model 58 stepping 9, cmov, cx8, fxsr, mmx, sse, sse2, sse3, ssse3, sse4.1, sse4.2, popcnt, avx, aes, clmul, erms, ht, tsc, tscinvbit, tscinv

/proc/cpuinfo:
processor	: 0
vendor_id	: GenuineIntel
cpu family	: 6
model		: 58
model name	: Intel(R) Core(TM) i5-3210M CPU @ 2.50GHz
stepping	: 9
microcode	: 0x15
cpu MHz		: 1559.448
cache size	: 3072 KB
physical id	: 0
siblings	: 4
core id		: 0
cpu cores	: 2
apicid		: 0
initial apicid	: 0
fpu		: yes
fpu_exception	: yes
cpuid level	: 13
wp		: yes
flags		: fpu vme de pse tsc msr pae mce cx8 apic sep mtrr pge mca cmov pat pse36 clflush dts acpi mmx fxsr sse sse2 ss ht tm pbe syscall nx rdtscp lm constant_tsc arch_perfmon pebs bts rep_good nopl xtopology nonstop_tsc aperfmperf pni pclmulqdq dtes64 monitor ds_cpl vmx est tm2 ssse3 cx16 xtpr pdcm pcid sse4_1 sse4_2 x2apic popcnt tsc_deadline_timer aes xsave avx f16c rdrand lahf_lm epb tpr_shadow vnmi flexpriority ept vpid fsgsbase smep erms xsaveopt dtherm ida arat pln pts
bugs		:
bogomips	: 4988.88
clflush size	: 64
cache_alignment	: 64
address sizes	: 36 bits physical, 48 bits virtual
power management:

processor	: 1
vendor_id	: GenuineIntel
cpu family	: 6
model		: 58
model name	: Intel(R) Core(TM) i5-3210M CPU @ 2.50GHz
stepping	: 9
microcode	: 0x15
cpu MHz		: 1201.782
cache size	: 3072 KB
physical id	: 0
siblings	: 4
core id		: 0
cpu cores	: 2
apicid		: 1
initial apicid	: 1
fpu		: yes
fpu_exception	: yes
cpuid level	: 13
wp		: yes
flags		: fpu vme de pse tsc msr pae mce cx8 apic sep mtrr pge mca cmov pat pse36 clflush dts acpi mmx fxsr sse sse2 ss ht tm pbe syscall nx rdtscp lm constant_tsc arch_perfmon pebs bts rep_good nopl xtopology nonstop_tsc aperfmperf pni pclmulqdq dtes64 monitor ds_cpl vmx est tm2 ssse3 cx16 xtpr pdcm pcid sse4_1 sse4_2 x2apic popcnt tsc_deadline_timer aes xsave avx f16c rdrand lahf_lm epb tpr_shadow vnmi flexpriority ept vpid fsgsbase smep erms xsaveopt dtherm ida arat pln pts
bugs		:
bogomips	: 4988.88
clflush size	: 64
cache_alignment	: 64
address sizes	: 36 bits physical, 48 bits virtual
power management:

processor	: 2
vendor_id	: GenuineIntel
cpu family	: 6
model		: 58
model name	: Intel(R) Core(TM) i5-3210M CPU @ 2.50GHz
stepping	: 9
microcode	: 0x15
cpu MHz		: 1200.714
cache size	: 3072 KB
physical id	: 0
siblings	: 4
core id		: 1
cpu cores	: 2
apicid		: 2
initial apicid	: 2
fpu		: yes
fpu_exception	: yes
cpuid level	: 13
wp		: yes
flags		: fpu vme de pse tsc msr pae mce cx8 apic sep mtrr pge mca cmov pat pse36 clflush dts acpi mmx fxsr sse sse2 ss ht tm pbe syscall nx rdtscp lm constant_tsc arch_perfmon pebs bts rep_good nopl xtopology nonstop_tsc aperfmperf pni pclmulqdq dtes64 monitor ds_cpl vmx est tm2 ssse3 cx16 xtpr pdcm pcid sse4_1 sse4_2 x2apic popcnt tsc_deadline_timer aes xsave avx f16c rdrand lahf_lm epb tpr_shadow vnmi flexpriority ept vpid fsgsbase smep erms xsaveopt dtherm ida arat pln pts
bugs		:
bogomips	: 4988.88
clflush size	: 64
cache_alignment	: 64
address sizes	: 36 bits physical, 48 bits virtual
power management:

processor	: 3
vendor_id	: GenuineIntel
cpu family	: 6
model		: 58
model name	: Intel(R) Core(TM) i5-3210M CPU @ 2.50GHz
stepping	: 9
microcode	: 0x15
cpu MHz		: 1366.882
cache size	: 3072 KB
physical id	: 0
siblings	: 4
core id		: 1
cpu cores	: 2
apicid		: 3
initial apicid	: 3
fpu		: yes
fpu_exception	: yes
cpuid level	: 13
wp		: yes
flags		: fpu vme de pse tsc msr pae mce cx8 apic sep mtrr pge mca cmov pat pse36 clflush dts acpi mmx fxsr sse sse2 ss ht tm pbe syscall nx rdtscp lm constant_tsc arch_perfmon pebs bts rep_good nopl xtopology nonstop_tsc aperfmperf pni pclmulqdq dtes64 monitor ds_cpl vmx est tm2 ssse3 cx16 xtpr pdcm pcid sse4_1 sse4_2 x2apic popcnt tsc_deadline_timer aes xsave avx f16c rdrand lahf_lm epb tpr_shadow vnmi flexpriority ept vpid fsgsbase smep erms xsaveopt dtherm ida arat pln pts
bugs		:
bogomips	: 4988.88
clflush size	: 64
cache_alignment	: 64
address sizes	: 36 bits physical, 48 bits virtual
power management:



Memory: 4k page, physical 7986184k(240200k free), swap 4097020k(4038200k free)

vm_info: Java HotSpot(TM) 64-Bit Server VM (25.152-b16) for linux-amd64 JRE (1.8.0_152-b16), built on Sep 14 2017 02:16:14 by "java_re" with gcc 4.3.0 20080428 (Red Hat 4.3.0-8)

time: Thu Jan 18 17:26:54 2018
elapsed time: 44 seconds (0d 0h 0m 44s)

