#
# A fatal error has been detected by the Java Runtime Environment:
#
#  SIGSEGV (0xb) at pc=0x00007efc4bffd880, pid=19933, tid=0x00007efc043bb700
#
# JRE version: Java(TM) SE Runtime Environment (8.0_152-b16) (build 1.8.0_152-b16)
# Java VM: Java HotSpot(TM) 64-Bit Server VM (25.152-b16 mixed mode linux-amd64 compressed oops)
# Problematic frame:
# C  [libarcsoft_fsdk_face_recognition.so+0x2e880]
#
# Failed to write core dump. Core dumps have been disabled. To enable core dumping, try "ulimit -c unlimited" before starting Java again
#
# If you would like to submit a bug report, please visit:
#   http://bugreport.java.com/bugreport/crash.jsp
#

---------------  T H R E A D  ---------------

Current thread is native thread

siginfo: si_signo: 11 (SIGSEGV), si_code: 2 (SEGV_ACCERR), si_addr: 0x00007efc841591b0

Registers:
RAX=0x00007efc841591b0, RBX=0x00007efbc2ae8380, RCX=0x000000000002c0be, RDX=0x0000000000016580
RSP=0x00007efc043bae98, RBP=0x00000000011e35d8, RSI=0x00000000000000ea, RDI=0x00000000000000ea
R8 =0x000000000b8d5e88, R9 =0x00007efc043c1660, R10=0x0000000000413f2c, R11=0x00007efc043d4f20
R12=0x00000000000000d8, R13=0x0000000000001b9f, R14=0x00007efbc2add6d0, R15=0x0000000000025b87
RIP=0x00007efc4bffd880, EFLAGS=0x0000000000010202, CSGSFS=0x002b000000000033, ERR=0x0000000000000004
  TRAPNO=0x000000000000000e

Top of Stack: (sp=0x00007efc043bae98)
0x00007efc043bae98:   0000000100000280 00007efbc32e4ec0
0x00007efc043baea8:   0000000000000000 00007efbc32e63cc
0x00007efc043baeb8:   00007efc4d7be6c0 00007efc044c4d70
0x00007efc043baec8:   00413f2c011e35d8 00007efc044c4da0
0x00007efc043baed8:   00007efc044c4d20 00007efc044c4d70
0x00007efc043baee8:   00007efc044c4d48 00007efc044c4da0
0x00007efc043baef8:   00007efc4bff3970 00007efbc2add738
0x00007efc043baf08:   00007efc4c00167f 0000000000000000
0x00007efc043baf18:   0000018f00000000 0000000000000000
0x00007efc043baf28:   0000000000000000 0000000000000000
0x00007efc043baf38:   0000000000000000 00007efcb346144f
0x00007efc043baf48:   00007efc043bb9c0 0000000000000001
0x00007efc043baf58:   00007efcb305b6ba 0000000000000000
0x00007efc043baf68:   00007efc043bb700 00007efc043bb700
0x00007efc043baf78:   1b5e6a65759a755d 0000000000000000
0x00007efc043baf88:   00007efcb346144f 00007efc043bb9c0
0x00007efc043baf98:   0000000000000001 e6a662122b5a755d
0x00007efc043bafa8:   e6a70c6e1960755d 0000000000000000
0x00007efc043bafb8:   0000000000000000 0000000000000000
0x00007efc043bafc8:   0000000000000000 0000000000000000
0x00007efc043bafd8:   0000000000000000 0000000000000000
0x00007efc043bafe8:   0000000000000000 00007efc043bb700
0x00007efc043baff8:   00007efcb29773dd 0000000000000000
0x00007efc043bb008:   0000000000000000 0000000000000000
0x00007efc043bb018:   0000000000000000 0000000000000000
0x00007efc043bb028:   0000000000000000 0000000000000000
0x00007efc043bb038:   0000000000000000 0000000000000000
0x00007efc043bb048:   0000000000000000 0000000000000000
0x00007efc043bb058:   0000000000000000 0000000000000000
0x00007efc043bb068:   0000000000000000 0000000000000000
0x00007efc043bb078:   0000000000000000 0000000000000000
0x00007efc043bb088:   0000000000000000 0000000000000000 

Instructions: (pc=0x00007efc4bffd880)
0x00007efc4bffd860:   d8 c1 fa 11 0f af 54 24 b8 48 63 d2 48 01 d0 48
0x00007efc4bffd870:   03 44 24 d0 81 3b 01 08 00 00 0f 84 e0 00 00 00
0x00007efc4bffd880:   0f b6 10 0f b6 48 01 89 f8 d1 e9 d1 ea c1 f8 04
0x00007efc4bffd890:   48 83 7c 24 20 00 0f 84 94 00 00 00 c1 e0 07 48 

Register to memory mapping:

RAX=0x00007efc841591b0 is an unknown value
RBX=0x00007efbc2ae8380 is pointing into the stack for thread: 0x00007efbe8096000
RCX=0x000000000002c0be is an unknown value
RDX=0x0000000000016580 is an unknown value
RSP=0x00007efc043bae98 is an unknown value
RBP=0x00000000011e35d8 is an unknown value
RSI=0x00000000000000ea is an unknown value
RDI=0x00000000000000ea is an unknown value
R8 =0x000000000b8d5e88 is an unknown value
R9 =0x00007efc043c1660 is an unknown value
R10=0x0000000000413f2c is an unknown value
R11=0x00007efc043d4f20 is an unknown value
R12=0x00000000000000d8 is an unknown value
R13=0x0000000000001b9f is an unknown value
R14=0x00007efbc2add6d0 is pointing into the stack for thread: 0x00007efbe8096000
R15=0x0000000000025b87 is an unknown value


Stack: [0x00007efc03bbb000,0x00007efc043bc000],  sp=0x00007efc043bae98,  free space=8191k
Native frames: (J=compiled Java code, j=interpreted, Vv=VM code, C=native code)
C  [libarcsoft_fsdk_face_recognition.so+0x2e880]

[error occurred during error reporting (printing native stack), id 0xb]


---------------  P R O C E S S  ---------------

VM state:not at safepoint (normal execution)

VM Mutex/Monitor currently owned by a thread: None

Heap:
 PSYoungGen      total 131072K, used 52957K [0x00000000d7600000, 0x00000000dfc00000, 0x0000000100000000)
  eden space 124928K, 39% used [0x00000000d7600000,0x00000000da61d1f8,0x00000000df000000)
  from space 6144K, 60% used [0x00000000df600000,0x00000000df99a528,0x00000000dfc00000)
  to   space 6144K, 0% used [0x00000000df000000,0x00000000df000000,0x00000000df600000)
 ParOldGen       total 83456K, used 945K [0x0000000086200000, 0x000000008b380000, 0x00000000d7600000)
  object space 83456K, 1% used [0x0000000086200000,0x00000000862ec5e8,0x000000008b380000)
 Metaspace       used 9731K, capacity 9894K, committed 10112K, reserved 1058816K
  class space    used 1026K, capacity 1095K, committed 1152K, reserved 1048576K

Card table byte_map: [0x00007efc9c870000,0x00007efc9cc40000] byte_map_base: 0x00007efc9c43f000

Marking Bits: (ParMarkBitMap*) 0x00007efcb28431a0
 Begin Bits: [0x00007efc9877c000, 0x00007efc9a5f4000)
 End Bits:   [0x00007efc9a5f4000, 0x00007efc9c46c000)

Polling page: 0x00007efcb3493000

CodeCache: size=245760Kb used=3836Kb max_used=4000Kb free=241924Kb
 bounds [0x00007efc9d000000, 0x00007efc9d3f0000, 0x00007efcac000000]
 total_blobs=1418 nmethods=1020 adapters=311
 compilation: enabled

Compilation events (10 events):
Event: 1847.304 Thread 0x00007efcac265000 1081       3       java.net.Inet4Address::getHostAddress (8 bytes)
Event: 1847.304 Thread 0x00007efcac265000 nmethod 1081 0x00007efc9d143c50 code [0x00007efc9d143dc0, 0x00007efc9d143ff8]
Event: 1847.304 Thread 0x00007efcac265000 1082       3       java.net.Inet4Address::getAddress (59 bytes)
Event: 1847.305 Thread 0x00007efcac265000 nmethod 1082 0x00007efc9d12c510 code [0x00007efc9d12c680, 0x00007efc9d12c950]
Event: 1847.305 Thread 0x00007efcac265000 1083   !   3       java.net.Socket::isClosed (19 bytes)
Event: 1847.305 Thread 0x00007efcac265000 nmethod 1083 0x00007efc9d12bfd0 code [0x00007efc9d12c140, 0x00007efc9d12c430]
Event: 1848.021 Thread 0x00007efcac265000 1084       1       java.util.Arrays$ArrayList::size (6 bytes)
Event: 1848.022 Thread 0x00007efcac265000 nmethod 1084 0x00007efc9d19e250 code [0x00007efc9d19e3a0, 0x00007efc9d19e4b0]
Event: 1848.022 Thread 0x00007efcac265000 1085       3       com.sun.jna.Structure::allocateMemory (82 bytes)
Event: 1848.023 Thread 0x00007efcac265000 nmethod 1085 0x00007efc9d3e98d0 code [0x00007efc9d3e9b20, 0x00007efc9d3eab68]

GC Heap History (10 events):
Event: 1.512 GC heap before
{Heap before GC invocations=2 (full 0):
 PSYoungGen      total 36352K, used 36335K [0x00000000d7600000, 0x00000000d9e80000, 0x0000000100000000)
  eden space 31232K, 100% used [0x00000000d7600000,0x00000000d9480000,0x00000000d9480000)
  from space 5120K, 99% used [0x00000000d9480000,0x00000000d997bd10,0x00000000d9980000)
  to   space 5120K, 0% used [0x00000000d9980000,0x00000000d9980000,0x00000000d9e80000)
 ParOldGen       total 83456K, used 865K [0x0000000086200000, 0x000000008b380000, 0x00000000d7600000)
  object space 83456K, 1% used [0x0000000086200000,0x00000000862d85e8,0x000000008b380000)
 Metaspace       used 9034K, capacity 9166K, committed 9344K, reserved 1056768K
  class space    used 980K, capacity 1027K, committed 1152K, reserved 1048576K
Event: 1.517 GC heap after
Heap after GC invocations=2 (full 0):
 PSYoungGen      total 36352K, used 3461K [0x00000000d7600000, 0x00000000d9e80000, 0x0000000100000000)
  eden space 31232K, 0% used [0x00000000d7600000,0x00000000d7600000,0x00000000d9480000)
  from space 5120K, 67% used [0x00000000d9980000,0x00000000d9ce1658,0x00000000d9e80000)
  to   space 5120K, 0% used [0x00000000d9480000,0x00000000d9480000,0x00000000d9980000)
 ParOldGen       total 83456K, used 873K [0x0000000086200000, 0x000000008b380000, 0x00000000d7600000)
  object space 83456K, 1% used [0x0000000086200000,0x00000000862da5e8,0x000000008b380000)
 Metaspace       used 9034K, capacity 9166K, committed 9344K, reserved 1056768K
  class space    used 980K, capacity 1027K, committed 1152K, reserved 1048576K
}
Event: 1.615 GC heap before
{Heap before GC invocations=3 (full 0):
 PSYoungGen      total 36352K, used 34693K [0x00000000d7600000, 0x00000000d9e80000, 0x0000000100000000)
  eden space 31232K, 100% used [0x00000000d7600000,0x00000000d9480000,0x00000000d9480000)
  from space 5120K, 67% used [0x00000000d9980000,0x00000000d9ce1658,0x00000000d9e80000)
  to   space 5120K, 0% used [0x00000000d9480000,0x00000000d9480000,0x00000000d9980000)
 ParOldGen       total 83456K, used 873K [0x0000000086200000, 0x000000008b380000, 0x00000000d7600000)
  object space 83456K, 1% used [0x0000000086200000,0x00000000862da5e8,0x000000008b380000)
 Metaspace       used 9088K, capacity 9294K, committed 9600K, reserved 1058816K
  class space    used 980K, capacity 1027K, committed 1152K, reserved 1048576K
Event: 1.620 GC heap after
Heap after GC invocations=3 (full 0):
 PSYoungGen      total 36352K, used 4946K [0x00000000d7600000, 0x00000000dbd00000, 0x0000000100000000)
  eden space 31232K, 0% used [0x00000000d7600000,0x00000000d7600000,0x00000000d9480000)
  from space 5120K, 96% used [0x00000000d9480000,0x00000000d9954ba0,0x00000000d9980000)
  to   space 5120K, 0% used [0x00000000db800000,0x00000000db800000,0x00000000dbd00000)
 ParOldGen       total 83456K, used 881K [0x0000000086200000, 0x000000008b380000, 0x00000000d7600000)
  object space 83456K, 1% used [0x0000000086200000,0x00000000862dc5e8,0x000000008b380000)
 Metaspace       used 9088K, capacity 9294K, committed 9600K, reserved 1058816K
  class space    used 980K, capacity 1027K, committed 1152K, reserved 1048576K
}
Event: 1.732 GC heap before
{Heap before GC invocations=4 (full 0):
 PSYoungGen      total 36352K, used 36136K [0x00000000d7600000, 0x00000000dbd00000, 0x0000000100000000)
  eden space 31232K, 99% used [0x00000000d7600000,0x00000000d94757b0,0x00000000d9480000)
  from space 5120K, 96% used [0x00000000d9480000,0x00000000d9954ba0,0x00000000d9980000)
  to   space 5120K, 0% used [0x00000000db800000,0x00000000db800000,0x00000000dbd00000)
 ParOldGen       total 83456K, used 881K [0x0000000086200000, 0x000000008b380000, 0x00000000d7600000)
  object space 83456K, 1% used [0x0000000086200000,0x00000000862dc5e8,0x000000008b380000)
 Metaspace       used 9154K, capacity 9294K, committed 9600K, reserved 1058816K
  class space    used 980K, capacity 1027K, committed 1152K, reserved 1048576K
Event: 1.739 GC heap after
Heap after GC invocations=4 (full 0):
 PSYoungGen      total 67584K, used 4273K [0x00000000d7600000, 0x00000000dbd00000, 0x0000000100000000)
  eden space 62464K, 0% used [0x00000000d7600000,0x00000000d7600000,0x00000000db300000)
  from space 5120K, 83% used [0x00000000db800000,0x00000000dbc2c710,0x00000000dbd00000)
  to   space 5120K, 0% used [0x00000000db300000,0x00000000db300000,0x00000000db800000)
 ParOldGen       total 83456K, used 889K [0x0000000086200000, 0x000000008b380000, 0x00000000d7600000)
  object space 83456K, 1% used [0x0000000086200000,0x00000000862de5e8,0x000000008b380000)
 Metaspace       used 9154K, capacity 9294K, committed 9600K, reserved 1058816K
  class space    used 980K, capacity 1027K, committed 1152K, reserved 1048576K
}
Event: 1.900 GC heap before
{Heap before GC invocations=5 (full 0):
 PSYoungGen      total 67584K, used 66737K [0x00000000d7600000, 0x00000000dbd00000, 0x0000000100000000)
  eden space 62464K, 100% used [0x00000000d7600000,0x00000000db300000,0x00000000db300000)
  from space 5120K, 83% used [0x00000000db800000,0x00000000dbc2c710,0x00000000dbd00000)
  to   space 5120K, 0% used [0x00000000db300000,0x00000000db300000,0x00000000db800000)
 ParOldGen       total 83456K, used 889K [0x0000000086200000, 0x000000008b380000, 0x00000000d7600000)
  object space 83456K, 1% used [0x0000000086200000,0x00000000862de5e8,0x000000008b380000)
 Metaspace       used 9221K, capacity 9364K, committed 9600K, reserved 1058816K
  class space    used 981K, capacity 1028K, committed 1152K, reserved 1048576K
Event: 1.904 GC heap after
Heap after GC invocations=5 (full 0):
 PSYoungGen      total 67584K, used 5102K [0x00000000d7600000, 0x00000000dfc00000, 0x0000000100000000)
  eden space 62464K, 0% used [0x00000000d7600000,0x00000000d7600000,0x00000000db300000)
  from space 5120K, 99% used [0x00000000db300000,0x00000000db7fbbd0,0x00000000db800000)
  to   space 6144K, 0% used [0x00000000df600000,0x00000000df600000,0x00000000dfc00000)
 ParOldGen       total 83456K, used 937K [0x0000000086200000, 0x000000008b380000, 0x00000000d7600000)
  object space 83456K, 1% used [0x0000000086200000,0x00000000862ea5e8,0x000000008b380000)
 Metaspace       used 9221K, capacity 9364K, committed 9600K, reserved 1058816K
  class space    used 981K, capacity 1028K, committed 1152K, reserved 1048576K
}
Event: 85.938 GC heap before
{Heap before GC invocations=6 (full 0):
 PSYoungGen      total 67584K, used 67566K [0x00000000d7600000, 0x00000000dfc00000, 0x0000000100000000)
  eden space 62464K, 100% used [0x00000000d7600000,0x00000000db300000,0x00000000db300000)
  from space 5120K, 99% used [0x00000000db300000,0x00000000db7fbbd0,0x00000000db800000)
  to   space 6144K, 0% used [0x00000000df600000,0x00000000df600000,0x00000000dfc00000)
 ParOldGen       total 83456K, used 937K [0x0000000086200000, 0x000000008b380000, 0x00000000d7600000)
  object space 83456K, 1% used [0x0000000086200000,0x00000000862ea5e8,0x000000008b380000)
 Metaspace       used 9655K, capacity 9818K, committed 10112K, reserved 1058816K
  class space    used 1025K, capacity 1093K, committed 1152K, reserved 1048576K
Event: 85.946 GC heap after
Heap after GC invocations=6 (full 0):
 PSYoungGen      total 131072K, used 3689K [0x00000000d7600000, 0x00000000dfc00000, 0x0000000100000000)
  eden space 124928K, 0% used [0x00000000d7600000,0x00000000d7600000,0x00000000df000000)
  from space 6144K, 60% used [0x00000000df600000,0x00000000df99a528,0x00000000dfc00000)
  to   space 6144K, 0% used [0x00000000df000000,0x00000000df000000,0x00000000df600000)
 ParOldGen       total 83456K, used 945K [0x0000000086200000, 0x000000008b380000, 0x00000000d7600000)
  object space 83456K, 1% used [0x0000000086200000,0x00000000862ec5e8,0x000000008b380000)
 Metaspace       used 9655K, capacity 9818K, committed 10112K, reserved 1058816K
  class space    used 1025K, capacity 1093K, committed 1152K, reserved 1048576K
}

Deoptimization events (3 events):
Event: 0.217 Thread 0x00007efcac00c000 Uncommon trap: reason=unstable_if action=reinterpret pc=0x00007efc9d152470 method=java.util.Properties.loadConvert([CII[C)Ljava/lang/String; @ 4
Event: 0.875 Thread 0x00007efcac00c000 Uncommon trap: reason=unstable_if action=reinterpret pc=0x00007efc9d23ae5c method=java.lang.String.replace(CC)Ljava/lang/String; @ 26
Event: 5.166 Thread 0x00007efcac2bb800 Uncommon trap: reason=unstable_if action=reinterpret pc=0x00007efc9d290948 method=java.util.zip.ZipCoder.getBytes(Ljava/lang/String;)[B @ 32

Classes redefined (0 events):
No events

Internal exceptions (8 events):
Event: 0.052 Thread 0x00007efcac00c000 Exception <a 'java/lang/NoSuchMethodError': Method sun.misc.Unsafe.defineClass(Ljava/lang/String;[BII)Ljava/lang/Class; name or signature does not match> (0x00000000d7607ca8) thrown at [/HUDSON/workspace/8-2-build-linux-amd64/jdk8u152/9742/hotspot/src/sha
Event: 0.052 Thread 0x00007efcac00c000 Exception <a 'java/lang/NoSuchMethodError': Method sun.misc.Unsafe.prefetchRead(Ljava/lang/Object;J)V name or signature does not match> (0x00000000d7607f90) thrown at [/HUDSON/workspace/8-2-build-linux-amd64/jdk8u152/9742/hotspot/src/share/vm/prims/jni.cp
Event: 0.165 Thread 0x00007efcac2bb800 Exception <a 'java/security/PrivilegedActionException'> (0x00000000d79bd5f8) thrown at [/HUDSON/workspace/8-2-build-linux-amd64/jdk8u152/9742/hotspot/src/share/vm/prims/jvm.cpp, line 1390]
Event: 0.165 Thread 0x00007efcac2bb800 Exception <a 'java/security/PrivilegedActionException'> (0x00000000d79bd808) thrown at [/HUDSON/workspace/8-2-build-linux-amd64/jdk8u152/9742/hotspot/src/share/vm/prims/jvm.cpp, line 1390]
Event: 0.165 Thread 0x00007efcac2bb800 Exception <a 'java/security/PrivilegedActionException'> (0x00000000d79bfb30) thrown at [/HUDSON/workspace/8-2-build-linux-amd64/jdk8u152/9742/hotspot/src/share/vm/prims/jvm.cpp, line 1390]
Event: 0.165 Thread 0x00007efcac2bb800 Exception <a 'java/security/PrivilegedActionException'> (0x00000000d79bfd40) thrown at [/HUDSON/workspace/8-2-build-linux-amd64/jdk8u152/9742/hotspot/src/share/vm/prims/jvm.cpp, line 1390]
Event: 0.832 Thread 0x00007efcac00c000 Exception <a 'java/lang/NoSuchFieldError': method resolution failed> (0x00000000d8af05a0) thrown at [/HUDSON/workspace/8-2-build-linux-amd64/jdk8u152/9742/hotspot/src/share/vm/prims/methodHandles.cpp, line 1167]
Event: 0.836 Thread 0x00007efcac00c000 Exception <a 'java/lang/NoSuchFieldError': method resolution failed> (0x00000000d8afe530) thrown at [/HUDSON/workspace/8-2-build-linux-amd64/jdk8u152/9742/hotspot/src/share/vm/prims/methodHandles.cpp, line 1167]

Events (10 events):
Event: 1846.482 Thread 0x00007efc74011800 Thread added: 0x00007efc74011800
Event: 1846.483 Executing VM operation: RevokeBias
Event: 1846.483 Executing VM operation: RevokeBias done
Event: 1846.483 Thread 0x00007efc74011800 Thread exited: 0x00007efc74011800
Event: 1847.150 Thread 0x00007efbe8095000 Thread added: 0x00007efbe8095000
Event: 1847.304 Thread 0x00007efc7c072800 Thread added: 0x00007efc7c072800
Event: 1847.305 Executing VM operation: RevokeBias
Event: 1847.305 Executing VM operation: RevokeBias done
Event: 1847.305 Thread 0x00007efc7c072800 Thread exited: 0x00007efc7c072800
Event: 1847.979 Thread 0x00007efbe8096000 Thread added: 0x00007efbe8096000


Dynamic libraries:
00400000-00401000 r-xp 00000000 08:17 3810873                            /usr/local/jdk1.8.0_152/bin/java
00600000-00601000 rw-p 00000000 08:17 3810873                            /usr/local/jdk1.8.0_152/bin/java
01fd9000-0212c000 rw-p 00000000 00:00 0                                  [heap]
86200000-8b380000 rw-p 00000000 00:00 0 
8b380000-d7600000 ---p 00000000 00:00 0 
d7600000-dfc00000 rw-p 00000000 00:00 0 
dfc00000-100000000 ---p 00000000 00:00 0 
100000000-100120000 rw-p 00000000 00:00 0 
100120000-140000000 ---p 00000000 00:00 0 
7efbbc000000-7efbbc1a9000 rw-p 00000000 00:00 0 
7efbbc1a9000-7efbc0000000 ---p 00000000 00:00 0 
7efbc29ea000-7efbc29ed000 ---p 00000000 00:00 0 
7efbc29ed000-7efbc2aeb000 rw-p 00000000 00:00 0 
7efbc2aeb000-7efbc2aee000 ---p 00000000 00:00 0 
7efbc2aee000-7efbc2bec000 rw-p 00000000 00:00 0 
7efbc2bec000-7efbc2bef000 ---p 00000000 00:00 0 
7efbc2bef000-7efbc2ced000 rw-p 00000000 00:00 0 
7efbc2ced000-7efbc2cf0000 ---p 00000000 00:00 0 
7efbc2cf0000-7efbc2dee000 rw-p 00000000 00:00 0 
7efbc2dee000-7efbc2df1000 ---p 00000000 00:00 0 
7efbc2df1000-7efbc2eef000 rw-p 00000000 00:00 0 
7efbc2eef000-7efbc2ef2000 ---p 00000000 00:00 0 
7efbc2ef2000-7efbc2ff0000 rw-p 00000000 00:00 0 
7efbc2ff0000-7efbc2ff3000 ---p 00000000 00:00 0 
7efbc2ff3000-7efbc30f1000 rw-p 00000000 00:00 0 
7efbc30f1000-7efbc30f4000 ---p 00000000 00:00 0 
7efbc30f4000-7efbc31f2000 rw-p 00000000 00:00 0 
7efbc31f2000-7efbc31f5000 ---p 00000000 00:00 0 
7efbc31f5000-7efbc32f3000 rw-p 00000000 00:00 0 
7efbc32f3000-7efbc32f6000 ---p 00000000 00:00 0 
7efbc32f6000-7efbc33f4000 rw-p 00000000 00:00 0 
7efbc33f4000-7efbc33f7000 ---p 00000000 00:00 0 
7efbc33f7000-7efbc34f5000 rw-p 00000000 00:00 0 
7efbc34f5000-7efbc34f8000 ---p 00000000 00:00 0 
7efbc34f8000-7efbc35f6000 rw-p 00000000 00:00 0 
7efbc35f6000-7efbc35f9000 ---p 00000000 00:00 0 
7efbc35f9000-7efbc36f7000 rw-p 00000000 00:00 0 
7efbc36f7000-7efbc36fa000 ---p 00000000 00:00 0 
7efbc36fa000-7efbc37f8000 rw-p 00000000 00:00 0 
7efbc37f8000-7efbc37fb000 ---p 00000000 00:00 0 
7efbc37fb000-7efbc38f9000 rw-p 00000000 00:00 0 
7efbc38f9000-7efbc38fc000 ---p 00000000 00:00 0 
7efbc38fc000-7efbc39fa000 rw-p 00000000 00:00 0 
7efbc39fa000-7efbc39fd000 ---p 00000000 00:00 0 
7efbc39fd000-7efbc3afb000 rw-p 00000000 00:00 0 
7efbc3afb000-7efbc3afe000 ---p 00000000 00:00 0 
7efbc3afe000-7efbc3bfc000 rw-p 00000000 00:00 0 
7efbc3bfc000-7efbc3bff000 ---p 00000000 00:00 0 
7efbc3bff000-7efbc3cfd000 rw-p 00000000 00:00 0 
7efbc3cfd000-7efbc3d00000 ---p 00000000 00:00 0 
7efbc3d00000-7efbc3dfe000 rw-p 00000000 00:00 0 
7efbc3dfe000-7efbc3e01000 ---p 00000000 00:00 0 
7efbc3e01000-7efbc3eff000 rw-p 00000000 00:00 0 
7efbc3eff000-7efbc3f02000 ---p 00000000 00:00 0 
7efbc3f02000-7efbc4000000 rw-p 00000000 00:00 0 
7efbc4000000-7efbc41a4000 rw-p 00000000 00:00 0 
7efbc41a4000-7efbc8000000 ---p 00000000 00:00 0 
7efbc8000000-7efbc8133000 rw-p 00000000 00:00 0 
7efbc8133000-7efbcc000000 ---p 00000000 00:00 0 
7efbcc000000-7efbcc1a4000 rw-p 00000000 00:00 0 
7efbcc1a4000-7efbd0000000 ---p 00000000 00:00 0 
7efbd0000000-7efbd0134000 rw-p 00000000 00:00 0 
7efbd0134000-7efbd4000000 ---p 00000000 00:00 0 
7efbd4000000-7efbd4132000 rw-p 00000000 00:00 0 
7efbd4132000-7efbd8000000 ---p 00000000 00:00 0 
7efbd8000000-7efbd8137000 rw-p 00000000 00:00 0 
7efbd8137000-7efbdc000000 ---p 00000000 00:00 0 
7efbdc000000-7efbdc137000 rw-p 00000000 00:00 0 
7efbdc137000-7efbe0000000 ---p 00000000 00:00 0 
7efbe0000000-7efbe0132000 rw-p 00000000 00:00 0 
7efbe0132000-7efbe4000000 ---p 00000000 00:00 0 
7efbe4000000-7efbe4021000 rw-p 00000000 00:00 0 
7efbe4021000-7efbe8000000 ---p 00000000 00:00 0 
7efbe8000000-7efbe8097000 rw-p 00000000 00:00 0 
7efbe8097000-7efbec000000 ---p 00000000 00:00 0 
7efbec000000-7efbec19b000 rw-p 00000000 00:00 0 
7efbec19b000-7efbf0000000 ---p 00000000 00:00 0 
7efbf006e000-7efbf0071000 ---p 00000000 00:00 0 
7efbf0071000-7efbf016f000 rw-p 00000000 00:00 0 
7efbf016f000-7efbf0172000 ---p 00000000 00:00 0 
7efbf0172000-7efbf0270000 rw-p 00000000 00:00 0 
7efbf0270000-7efbf0273000 ---p 00000000 00:00 0 
7efbf0273000-7efbf0371000 rw-p 00000000 00:00 0 
7efbf0371000-7efbf0374000 ---p 00000000 00:00 0 
7efbf0374000-7efbf0472000 rw-p 00000000 00:00 0 
7efbf0472000-7efbf0475000 ---p 00000000 00:00 0 
7efbf0475000-7efbf0573000 rw-p 00000000 00:00 0 
7efbf0573000-7efbf0576000 ---p 00000000 00:00 0 
7efbf0576000-7efbf0674000 rw-p 00000000 00:00 0 
7efbf0674000-7efbf0677000 ---p 00000000 00:00 0 
7efbf0677000-7efbf0775000 rw-p 00000000 00:00 0 
7efbf0775000-7efbf0778000 ---p 00000000 00:00 0 
7efbf0778000-7efbf0876000 rw-p 00000000 00:00 0 
7efbf0876000-7efbf0879000 ---p 00000000 00:00 0 
7efbf0879000-7efbf0977000 rw-p 00000000 00:00 0 
7efbf0977000-7efbf097a000 ---p 00000000 00:00 0 
7efbf097a000-7efbf0a78000 rw-p 00000000 00:00 0 
7efbf0a78000-7efbf0a7b000 ---p 00000000 00:00 0 
7efbf0a7b000-7efbf0b79000 rw-p 00000000 00:00 0 
7efbf0b79000-7efbf0b7c000 ---p 00000000 00:00 0 
7efbf0b7c000-7efbf0c7a000 rw-p 00000000 00:00 0 
7efbf0c7a000-7efbf0c7d000 ---p 00000000 00:00 0 
7efbf0c7d000-7efbf0d7b000 rw-p 00000000 00:00 0 
7efbf0d7b000-7efbf0d7e000 ---p 00000000 00:00 0 
7efbf0d7e000-7efbf0e7c000 rw-p 00000000 00:00 0 
7efbf0e7c000-7efbf0e7f000 ---p 00000000 00:00 0 
7efbf0e7f000-7efbf0f7d000 rw-p 00000000 00:00 0 
7efbf0f7d000-7efbf0f80000 ---p 00000000 00:00 0 
7efbf0f80000-7efbf107e000 rw-p 00000000 00:00 0 
7efbf107e000-7efbf1081000 ---p 00000000 00:00 0 
7efbf1081000-7efbf117f000 rw-p 00000000 00:00 0 
7efbf117f000-7efbf1182000 ---p 00000000 00:00 0 
7efbf1182000-7efbf1280000 rw-p 00000000 00:00 0 
7efbf1280000-7efbf1283000 ---p 00000000 00:00 0 
7efbf1283000-7efbf1381000 rw-p 00000000 00:00 0 
7efbf1381000-7efbf1384000 ---p 00000000 00:00 0 
7efbf1384000-7efbf1482000 rw-p 00000000 00:00 0 
7efbf1482000-7efbf1485000 ---p 00000000 00:00 0 
7efbf1485000-7efbf1583000 rw-p 00000000 00:00 0 
7efbf1583000-7efbf1586000 ---p 00000000 00:00 0 
7efbf1586000-7efbf1684000 rw-p 00000000 00:00 0 
7efbf1684000-7efbf1687000 ---p 00000000 00:00 0 
7efbf1687000-7efbf1785000 rw-p 00000000 00:00 0 
7efbf1785000-7efbf1788000 ---p 00000000 00:00 0 
7efbf1788000-7efbf1886000 rw-p 00000000 00:00 0 
7efbf1886000-7efbf1889000 ---p 00000000 00:00 0 
7efbf1889000-7efbf1987000 rw-p 00000000 00:00 0 
7efbf1987000-7efbf198a000 ---p 00000000 00:00 0 
7efbf198a000-7efbf1a88000 rw-p 00000000 00:00 0 
7efbf1a88000-7efbf1a8b000 ---p 00000000 00:00 0 
7efbf1a8b000-7efbf1b89000 rw-p 00000000 00:00 0 
7efbf1b89000-7efbf1b8c000 ---p 00000000 00:00 0 
7efbf1b8c000-7efbf1c8a000 rw-p 00000000 00:00 0 
7efbf1c8a000-7efbf1c8d000 ---p 00000000 00:00 0 
7efbf1c8d000-7efbf1d8b000 rw-p 00000000 00:00 0 
7efbf1d8b000-7efbf1d8e000 ---p 00000000 00:00 0 
7efbf1d8e000-7efbf1e8c000 rw-p 00000000 00:00 0 
7efbf1e8c000-7efbf1e8f000 ---p 00000000 00:00 0 
7efbf1e8f000-7efbf1f8d000 rw-p 00000000 00:00 0 
7efbf1f8d000-7efbf1f90000 ---p 00000000 00:00 0 
7efbf1f90000-7efbf208e000 rw-p 00000000 00:00 0 
7efbf208e000-7efbf2091000 ---p 00000000 00:00 0 
7efbf2091000-7efbf218f000 rw-p 00000000 00:00 0 
7efbf218f000-7efbf2192000 ---p 00000000 00:00 0 
7efbf2192000-7efbf2290000 rw-p 00000000 00:00 0 
7efbf2290000-7efbf2293000 ---p 00000000 00:00 0 
7efbf2293000-7efbf2391000 rw-p 00000000 00:00 0 
7efbf2391000-7efbf2394000 ---p 00000000 00:00 0 
7efbf2394000-7efbf2492000 rw-p 00000000 00:00 0 
7efbf2492000-7efbf2495000 ---p 00000000 00:00 0 
7efbf2495000-7efbf2593000 rw-p 00000000 00:00 0 
7efbf2593000-7efbf2596000 ---p 00000000 00:00 0 
7efbf2596000-7efbf2694000 rw-p 00000000 00:00 0 
7efbf2694000-7efbf2697000 ---p 00000000 00:00 0 
7efbf2697000-7efbf2795000 rw-p 00000000 00:00 0 
7efbf2795000-7efbf2798000 ---p 00000000 00:00 0 
7efbf2798000-7efbf2896000 rw-p 00000000 00:00 0 
7efbf2896000-7efbf2899000 ---p 00000000 00:00 0 
7efbf2899000-7efbf2997000 rw-p 00000000 00:00 0 
7efbf2997000-7efbf299a000 ---p 00000000 00:00 0 
7efbf299a000-7efbf2a98000 rw-p 00000000 00:00 0 
7efbf2a98000-7efbf2a9b000 ---p 00000000 00:00 0 
7efbf2a9b000-7efbf2b99000 rw-p 00000000 00:00 0 
7efbf2b99000-7efbf2b9c000 ---p 00000000 00:00 0 
7efbf2b9c000-7efbf2c9a000 rw-p 00000000 00:00 0 
7efbf2c9a000-7efbf2c9d000 ---p 00000000 00:00 0 
7efbf2c9d000-7efbf2d9b000 rw-p 00000000 00:00 0 
7efbf2d9b000-7efbf2d9e000 ---p 00000000 00:00 0 
7efbf2d9e000-7efbf2e9c000 rw-p 00000000 00:00 0 
7efbf2e9c000-7efbf2e9f000 ---p 00000000 00:00 0 
7efbf2e9f000-7efbf2f9d000 rw-p 00000000 00:00 0 
7efbf2f9d000-7efbf2fa0000 ---p 00000000 00:00 0 
7efbf2fa0000-7efbf309e000 rw-p 00000000 00:00 0 
7efbf309e000-7efbf30a1000 ---p 00000000 00:00 0 
7efbf30a1000-7efbf319f000 rw-p 00000000 00:00 0 
7efbf319f000-7efbf31a2000 ---p 00000000 00:00 0 
7efbf31a2000-7efbf32a0000 rw-p 00000000 00:00 0 
7efbf32a0000-7efbf32a3000 ---p 00000000 00:00 0 
7efbf32a3000-7efbf47a2000 rw-p 00000000 00:00 0 
7efbf47a2000-7efbf47a3000 ---p 00000000 00:00 0 
7efbf47a3000-7efbf4fa3000 rw-p 00000000 00:00 0 
7efbf4fa3000-7efbf4fa4000 ---p 00000000 00:00 0 
7efbf4fa4000-7efbf57a4000 rw-p 00000000 00:00 0 
7efbf57a4000-7efbf57a5000 ---p 00000000 00:00 0 
7efbf57a5000-7efbf5fa5000 rw-p 00000000 00:00 0 
7efbf5fa5000-7efbf5fa6000 ---p 00000000 00:00 0 
7efbf5fa6000-7efbf67a6000 rw-p 00000000 00:00 0 
7efbf67a6000-7efbf67a7000 ---p 00000000 00:00 0 
7efbf67a7000-7efbf6fa7000 rw-p 00000000 00:00 0 
7efbf6fa7000-7efbf6fa8000 ---p 00000000 00:00 0 
7efbf6fa8000-7efbf77a8000 rw-p 00000000 00:00 0 
7efbf77a8000-7efbf77a9000 ---p 00000000 00:00 0 
7efbf77a9000-7efbf7fa9000 rw-p 00000000 00:00 0 
7efbf7fa9000-7efbf7faa000 ---p 00000000 00:00 0 
7efbf7faa000-7efbf87aa000 rw-p 00000000 00:00 0 
7efbf87aa000-7efbf87ab000 ---p 00000000 00:00 0 
7efbf87ab000-7efbf8fab000 rw-p 00000000 00:00 0 
7efbf8fab000-7efbf8fac000 ---p 00000000 00:00 0 
7efbf8fac000-7efbf97ac000 rw-p 00000000 00:00 0 
7efbf97ac000-7efbf97ad000 ---p 00000000 00:00 0 
7efbf97ad000-7efbf9fad000 rw-p 00000000 00:00 0 
7efbf9fad000-7efbf9fae000 ---p 00000000 00:00 0 
7efbf9fae000-7efbfe3b0000 rw-p 00000000 00:00 0 
7efbfe3b0000-7efbfe3b1000 ---p 00000000 00:00 0 
7efbfe3b1000-7efbfebb1000 rw-p 00000000 00:00 0 
7efbfebb1000-7efbfebb2000 ---p 00000000 00:00 0 
7efbfebb2000-7efbff3b2000 rw-p 00000000 00:00 0 
7efbff3b2000-7efbff3b3000 ---p 00000000 00:00 0 
7efbff3b3000-7efbffbb3000 rw-p 00000000 00:00 0 
7efbffbb3000-7efbffbb4000 ---p 00000000 00:00 0 
7efbffbb4000-7efc003b4000 rw-p 00000000 00:00 0 
7efc003b4000-7efc003b5000 ---p 00000000 00:00 0 
7efc003b5000-7efc00bb5000 rw-p 00000000 00:00 0 
7efc00bb5000-7efc00bb6000 ---p 00000000 00:00 0 
7efc00bb6000-7efc013b6000 rw-p 00000000 00:00 0 
7efc013b6000-7efc013b7000 ---p 00000000 00:00 0 
7efc013b7000-7efc01bb7000 rw-p 00000000 00:00 0 
7efc01bb7000-7efc01bb8000 ---p 00000000 00:00 0 
7efc01bb8000-7efc023b8000 rw-p 00000000 00:00 0 
7efc023b8000-7efc023b9000 ---p 00000000 00:00 0 
7efc023b9000-7efc02bb9000 rw-p 00000000 00:00 0 
7efc02bb9000-7efc02bba000 ---p 00000000 00:00 0 
7efc02bba000-7efc033ba000 rw-p 00000000 00:00 0 
7efc033ba000-7efc033bb000 ---p 00000000 00:00 0 
7efc033bb000-7efc03bbb000 rw-p 00000000 00:00 0 
7efc03bbb000-7efc03bbc000 ---p 00000000 00:00 0 
7efc03bbc000-7efc07fbe000 rw-p 00000000 00:00 0 
7efc07fbe000-7efc07fbf000 ---p 00000000 00:00 0 
7efc07fbf000-7efc087bf000 rw-p 00000000 00:00 0 
7efc087bf000-7efc087c0000 ---p 00000000 00:00 0 
7efc087c0000-7efc08fc0000 rw-p 00000000 00:00 0 
7efc08fc0000-7efc08fc1000 ---p 00000000 00:00 0 
7efc08fc1000-7efc097c1000 rw-p 00000000 00:00 0 
7efc097c1000-7efc097c2000 ---p 00000000 00:00 0 
7efc097c2000-7efc09fc2000 rw-p 00000000 00:00 0 
7efc09fc2000-7efc09fc3000 ---p 00000000 00:00 0 
7efc09fc3000-7efc0a7c3000 rw-p 00000000 00:00 0 
7efc0a7c3000-7efc0a7c4000 ---p 00000000 00:00 0 
7efc0a7c4000-7efc0afc4000 rw-p 00000000 00:00 0 
7efc0afc4000-7efc0afc5000 ---p 00000000 00:00 0 
7efc0afc5000-7efc0b7c5000 rw-p 00000000 00:00 0 
7efc0b7c5000-7efc0b7c6000 ---p 00000000 00:00 0 
7efc0b7c6000-7efc0bfc6000 rw-p 00000000 00:00 0 
7efc0bfc6000-7efc0bfc7000 ---p 00000000 00:00 0 
7efc0bfc7000-7efc0c7c7000 rw-p 00000000 00:00 0 
7efc0c7c7000-7efc0c7c8000 ---p 00000000 00:00 0 
7efc0c7c8000-7efc0cfc8000 rw-p 00000000 00:00 0 
7efc0cfc8000-7efc0cfc9000 ---p 00000000 00:00 0 
7efc0cfc9000-7efc0d7c9000 rw-p 00000000 00:00 0 
7efc0d7c9000-7efc0d7ca000 ---p 00000000 00:00 0 
7efc0d7ca000-7efc11bcc000 rw-p 00000000 00:00 0 
7efc11bcc000-7efc11bcd000 ---p 00000000 00:00 0 
7efc11bcd000-7efc123cd000 rw-p 00000000 00:00 0 
7efc123cd000-7efc123ce000 ---p 00000000 00:00 0 
7efc123ce000-7efc12bce000 rw-p 00000000 00:00 0 
7efc12bce000-7efc12bcf000 ---p 00000000 00:00 0 
7efc12bcf000-7efc133cf000 rw-p 00000000 00:00 0 
7efc133cf000-7efc133d0000 ---p 00000000 00:00 0 
7efc133d0000-7efc13bd0000 rw-p 00000000 00:00 0 
7efc13bd0000-7efc13bd1000 ---p 00000000 00:00 0 
7efc13bd1000-7efc143d1000 rw-p 00000000 00:00 0 
7efc143d1000-7efc143d2000 ---p 00000000 00:00 0 
7efc143d2000-7efc14bd2000 rw-p 00000000 00:00 0 
7efc14bd2000-7efc14bd3000 ---p 00000000 00:00 0 
7efc14bd3000-7efc153d3000 rw-p 00000000 00:00 0 
7efc153d3000-7efc153d4000 ---p 00000000 00:00 0 
7efc153d4000-7efc15bd4000 rw-p 00000000 00:00 0 
7efc15bd4000-7efc15bd5000 ---p 00000000 00:00 0 
7efc15bd5000-7efc163d5000 rw-p 00000000 00:00 0 
7efc163d5000-7efc163d6000 ---p 00000000 00:00 0 
7efc163d6000-7efc16bd6000 rw-p 00000000 00:00 0 
7efc16bd6000-7efc16bd7000 ---p 00000000 00:00 0 
7efc16bd7000-7efc173d7000 rw-p 00000000 00:00 0 
7efc173d7000-7efc173d8000 ---p 00000000 00:00 0 
7efc173d8000-7efc1b7da000 rw-p 00000000 00:00 0 
7efc1b7da000-7efc1b7db000 ---p 00000000 00:00 0 
7efc1b7db000-7efc1bfdb000 rw-p 00000000 00:00 0 
7efc1bfdb000-7efc1bfdc000 ---p 00000000 00:00 0 
7efc1bfdc000-7efc1c7dc000 rw-p 00000000 00:00 0 
7efc1c7dc000-7efc1c7dd000 ---p 00000000 00:00 0 
7efc1c7dd000-7efc1cfdd000 rw-p 00000000 00:00 0 
7efc1cfdd000-7efc1cfde000 ---p 00000000 00:00 0 
7efc1cfde000-7efc1d7de000 rw-p 00000000 00:00 0 
7efc1d7de000-7efc1d7df000 ---p 00000000 00:00 0 
7efc1d7df000-7efc1dfdf000 rw-p 00000000 00:00 0 
7efc1dfdf000-7efc1dfe0000 ---p 00000000 00:00 0 
7efc1dfe0000-7efc1e7e0000 rw-p 00000000 00:00 0 
7efc1e7e0000-7efc1e7e1000 ---p 00000000 00:00 0 
7efc1e7e1000-7efc1efe1000 rw-p 00000000 00:00 0 
7efc1efe1000-7efc1efe2000 ---p 00000000 00:00 0 
7efc1efe2000-7efc1f7e2000 rw-p 00000000 00:00 0 
7efc1f7e2000-7efc1f7e3000 ---p 00000000 00:00 0 
7efc1f7e3000-7efc1ffe3000 rw-p 00000000 00:00 0 
7efc1ffe3000-7efc1ffe4000 ---p 00000000 00:00 0 
7efc1ffe4000-7efc207e4000 rw-p 00000000 00:00 0 
7efc207e4000-7efc207e5000 ---p 00000000 00:00 0 
7efc207e5000-7efc20fe5000 rw-p 00000000 00:00 0 
7efc20fe5000-7efc20fe6000 ---p 00000000 00:00 0 
7efc20fe6000-7efc253e8000 rw-p 00000000 00:00 0 
7efc253e8000-7efc253e9000 ---p 00000000 00:00 0 
7efc253e9000-7efc25be9000 rw-p 00000000 00:00 0 
7efc25be9000-7efc25bea000 ---p 00000000 00:00 0 
7efc25bea000-7efc263ea000 rw-p 00000000 00:00 0 
7efc263ea000-7efc263eb000 ---p 00000000 00:00 0 
7efc263eb000-7efc26beb000 rw-p 00000000 00:00 0 
7efc26beb000-7efc26bec000 ---p 00000000 00:00 0 
7efc26bec000-7efc273ec000 rw-p 00000000 00:00 0 
7efc273ec000-7efc273ed000 ---p 00000000 00:00 0 
7efc273ed000-7efc27bed000 rw-p 00000000 00:00 0 
7efc27bed000-7efc27bee000 ---p 00000000 00:00 0 
7efc27bee000-7efc283ee000 rw-p 00000000 00:00 0 
7efc283ee000-7efc283ef000 ---p 00000000 00:00 0 
7efc283ef000-7efc28bef000 rw-p 00000000 00:00 0 
7efc28bef000-7efc28bf0000 ---p 00000000 00:00 0 
7efc28bf0000-7efc293f0000 rw-p 00000000 00:00 0 
7efc293f0000-7efc293f1000 ---p 00000000 00:00 0 
7efc293f1000-7efc29bf1000 rw-p 00000000 00:00 0 
7efc29bf1000-7efc29bf2000 ---p 00000000 00:00 0 
7efc29bf2000-7efc2a3f2000 rw-p 00000000 00:00 0 
7efc2a3f2000-7efc2a3f3000 ---p 00000000 00:00 0 
7efc2a3f3000-7efc2abf3000 rw-p 00000000 00:00 0 
7efc2abf3000-7efc2abf4000 ---p 00000000 00:00 0 
7efc2abf4000-7efc2eff6000 rw-p 00000000 00:00 0 
7efc2eff6000-7efc2eff7000 ---p 00000000 00:00 0 
7efc2eff7000-7efc2f7f7000 rw-p 00000000 00:00 0 
7efc2f7f7000-7efc2f7f8000 ---p 00000000 00:00 0 
7efc2f7f8000-7efc2fff8000 rw-p 00000000 00:00 0 
7efc2fff8000-7efc2fff9000 ---p 00000000 00:00 0 
7efc2fff9000-7efc307f9000 rw-p 00000000 00:00 0 
7efc307f9000-7efc307fa000 ---p 00000000 00:00 0 
7efc307fa000-7efc30ffa000 rw-p 00000000 00:00 0 
7efc30ffa000-7efc30ffb000 ---p 00000000 00:00 0 
7efc30ffb000-7efc317fb000 rw-p 00000000 00:00 0 
7efc317fb000-7efc317fc000 ---p 00000000 00:00 0 
7efc317fc000-7efc31ffc000 rw-p 00000000 00:00 0 
7efc31ffc000-7efc31ffd000 ---p 00000000 00:00 0 
7efc31ffd000-7efc327fd000 rw-p 00000000 00:00 0 
7efc327fd000-7efc327fe000 ---p 00000000 00:00 0 
7efc327fe000-7efc32ffe000 rw-p 00000000 00:00 0 
7efc32ffe000-7efc32fff000 ---p 00000000 00:00 0 
7efc32fff000-7efc337ff000 rw-p 00000000 00:00 0 
7efc337ff000-7efc33800000 ---p 00000000 00:00 0 
7efc33800000-7efc34000000 rw-p 00000000 00:00 0 
7efc34000000-7efc34047000 rw-p 00000000 00:00 0 
7efc34047000-7efc38000000 ---p 00000000 00:00 0 
7efc380f8000-7efc380fb000 ---p 00000000 00:00 0 
7efc380fb000-7efc381f9000 rw-p 00000000 00:00 0 
7efc381f9000-7efc381fc000 ---p 00000000 00:00 0 
7efc381fc000-7efc382fa000 rw-p 00000000 00:00 0 
7efc382fa000-7efc382fd000 ---p 00000000 00:00 0 
7efc382fd000-7efc383fb000 rw-p 00000000 00:00 0 
7efc383fb000-7efc383fe000 ---p 00000000 00:00 0 
7efc383fe000-7efc384fc000 rw-p 00000000 00:00 0 
7efc384fc000-7efc384ff000 ---p 00000000 00:00 0 
7efc384ff000-7efc386bd000 rw-p 00000000 00:00 0 
7efc386bd000-7efc387fd000 ---p 00000000 00:00 0 
7efc387fd000-7efc387fe000 ---p 00000000 00:00 0 
7efc387fe000-7efc38ffe000 rw-p 00000000 00:00 0 
7efc38ffe000-7efc38fff000 ---p 00000000 00:00 0 
7efc38fff000-7efc3c000000 rw-p 00000000 00:00 0 
7efc3c000000-7efc3c178000 rw-p 00000000 00:00 0 
7efc3c178000-7efc40000000 ---p 00000000 00:00 0 
7efc4000c000-7efc4000d000 ---p 00000000 00:00 0 
7efc4000d000-7efc4080d000 rw-p 00000000 00:00 0 
7efc4080d000-7efc4094d000 r-xp 00000000 08:17 99849                      /home/diamond/Documents/Controller/bin/linux-x86-64/libarcsoft_fsdk_face_detection.so
7efc4094d000-7efc40b4d000 ---p 00140000 08:17 99849                      /home/diamond/Documents/Controller/bin/linux-x86-64/libarcsoft_fsdk_face_detection.so
7efc40b4d000-7efc40b4e000 r--p 00140000 08:17 99849                      /home/diamond/Documents/Controller/bin/linux-x86-64/libarcsoft_fsdk_face_detection.so
7efc40b4e000-7efc40b4f000 rw-p 00141000 08:17 99849                      /home/diamond/Documents/Controller/bin/linux-x86-64/libarcsoft_fsdk_face_detection.so
7efc40b4f000-7efc41f50000 rw-p 00000000 00:00 0 
7efc41f50000-7efc41f51000 ---p 00000000 00:00 0 
7efc41f51000-7efc42751000 rw-p 00000000 00:00 0 
7efc42751000-7efc42752000 ---p 00000000 00:00 0 
7efc42752000-7efc42f52000 rw-p 00000000 00:00 0 
7efc42f52000-7efc42f53000 ---p 00000000 00:00 0 
7efc42f53000-7efc43753000 rw-p 00000000 00:00 0 
7efc43753000-7efc43754000 ---p 00000000 00:00 0 
7efc43754000-7efc43f54000 rw-p 00000000 00:00 0 
7efc43f54000-7efc43f55000 ---p 00000000 00:00 0 
7efc43f55000-7efc44755000 rw-p 00000000 00:00 0 
7efc44755000-7efc44756000 ---p 00000000 00:00 0 
7efc44756000-7efc44f56000 rw-p 00000000 00:00 0 
7efc44f56000-7efc44f57000 ---p 00000000 00:00 0 
7efc44f57000-7efc45757000 rw-p 00000000 00:00 0 
7efc45757000-7efc45758000 ---p 00000000 00:00 0 
7efc45758000-7efc45f58000 rw-p 00000000 00:00 0 
7efc45f58000-7efc45f59000 ---p 00000000 00:00 0 
7efc45f59000-7efc46759000 rw-p 00000000 00:00 0 
7efc46759000-7efc4675a000 ---p 00000000 00:00 0 
7efc4675a000-7efc46f5a000 rw-p 00000000 00:00 0 
7efc46f5a000-7efc46f5b000 ---p 00000000 00:00 0 
7efc46f5b000-7efc4775b000 rw-p 00000000 00:00 0 
7efc4775b000-7efc4775c000 ---p 00000000 00:00 0 
7efc4775c000-7efc47f5c000 rw-p 00000000 00:00 0 
7efc47f5c000-7efc47f5d000 ---p 00000000 00:00 0 
7efc47f5d000-7efc4875d000 rw-p 00000000 00:00 0 
7efc4875d000-7efc48766000 r-xp 00000000 08:17 266779                     /lib/x86_64-linux-gnu/libcrypt-2.23.so
7efc48766000-7efc48965000 ---p 00009000 08:17 266779                     /lib/x86_64-linux-gnu/libcrypt-2.23.so
7efc48965000-7efc48966000 r--p 00008000 08:17 266779                     /lib/x86_64-linux-gnu/libcrypt-2.23.so
7efc48966000-7efc48967000 rw-p 00009000 08:17 266779                     /lib/x86_64-linux-gnu/libcrypt-2.23.so
7efc48967000-7efc48995000 rw-p 00000000 00:00 0 
7efc48995000-7efc489dc000 r-xp 00000000 08:17 3810210                    /usr/lib/x86_64-linux-gnu/libhx509.so.5.0.0
7efc489dc000-7efc48bdb000 ---p 00047000 08:17 3810210                    /usr/lib/x86_64-linux-gnu/libhx509.so.5.0.0
7efc48bdb000-7efc48bdd000 r--p 00046000 08:17 3810210                    /usr/lib/x86_64-linux-gnu/libhx509.so.5.0.0
7efc48bdd000-7efc48bdf000 rw-p 00048000 08:17 3810210                    /usr/lib/x86_64-linux-gnu/libhx509.so.5.0.0
7efc48bdf000-7efc48be0000 rw-p 00000000 00:00 0 
7efc48be0000-7efc48bee000 r-xp 00000000 08:17 3810192                    /usr/lib/x86_64-linux-gnu/libheimbase.so.1.0.0
7efc48bee000-7efc48ded000 ---p 0000e000 08:17 3810192                    /usr/lib/x86_64-linux-gnu/libheimbase.so.1.0.0
7efc48ded000-7efc48dee000 r--p 0000d000 08:17 3810192                    /usr/lib/x86_64-linux-gnu/libheimbase.so.1.0.0
7efc48dee000-7efc48def000 rw-p 0000e000 08:17 3810192                    /usr/lib/x86_64-linux-gnu/libheimbase.so.1.0.0
7efc48def000-7efc48e16000 r-xp 00000000 08:17 3810867                    /usr/lib/x86_64-linux-gnu/libwind.so.0.0.0
7efc48e16000-7efc49016000 ---p 00027000 08:17 3810867                    /usr/lib/x86_64-linux-gnu/libwind.so.0.0.0
7efc49016000-7efc49017000 r--p 00027000 08:17 3810867                    /usr/lib/x86_64-linux-gnu/libwind.so.0.0.0
7efc49017000-7efc49018000 rw-p 00028000 08:17 3810867                    /usr/lib/x86_64-linux-gnu/libwind.so.0.0.0
7efc49018000-7efc4901f000 r-xp 00000000 08:17 3809925                    /usr/lib/x86_64-linux-gnu/libffi.so.6.0.4
7efc4901f000-7efc4921e000 ---p 00007000 08:17 3809925                    /usr/lib/x86_64-linux-gnu/libffi.so.6.0.4
7efc4921e000-7efc4921f000 r--p 00006000 08:17 3809925                    /usr/lib/x86_64-linux-gnu/libffi.so.6.0.4
7efc4921f000-7efc49220000 rw-p 00007000 08:17 3809925                    /usr/lib/x86_64-linux-gnu/libffi.so.6.0.4
7efc49220000-7efc49235000 r-xp 00000000 08:17 3810608                    /usr/lib/x86_64-linux-gnu/libroken.so.18.1.0
7efc49235000-7efc49434000 ---p 00015000 08:17 3810608                    /usr/lib/x86_64-linux-gnu/libroken.so.18.1.0
7efc49434000-7efc49435000 r--p 00014000 08:17 3810608                    /usr/lib/x86_64-linux-gnu/libroken.so.18.1.0
7efc49435000-7efc49436000 rw-p 00015000 08:17 3810608                    /usr/lib/x86_64-linux-gnu/libroken.so.18.1.0
7efc49436000-7efc49466000 r-xp 00000000 08:17 3810190                    /usr/lib/x86_64-linux-gnu/libhcrypto.so.4.1.0
7efc49466000-7efc49666000 ---p 00030000 08:17 3810190                    /usr/lib/x86_64-linux-gnu/libhcrypto.so.4.1.0
7efc49666000-7efc49667000 r--p 00030000 08:17 3810190                    /usr/lib/x86_64-linux-gnu/libhcrypto.so.4.1.0
7efc49667000-7efc49668000 rw-p 00031000 08:17 3810190                    /usr/lib/x86_64-linux-gnu/libhcrypto.so.4.1.0
7efc49668000-7efc49669000 rw-p 00000000 00:00 0 
7efc49669000-7efc49708000 r-xp 00000000 08:17 3809627                    /usr/lib/x86_64-linux-gnu/libasn1.so.8.0.0
7efc49708000-7efc49907000 ---p 0009f000 08:17 3809627                    /usr/lib/x86_64-linux-gnu/libasn1.so.8.0.0
7efc49907000-7efc49908000 r--p 0009e000 08:17 3809627                    /usr/lib/x86_64-linux-gnu/libasn1.so.8.0.0
7efc49908000-7efc4990b000 rw-p 0009f000 08:17 3809627                    /usr/lib/x86_64-linux-gnu/libasn1.so.8.0.0
7efc4990b000-7efc4998f000 r-xp 00000000 08:17 3810297                    /usr/lib/x86_64-linux-gnu/libkrb5.so.26.0.0
7efc4998f000-7efc49b8e000 ---p 00084000 08:17 3810297                    /usr/lib/x86_64-linux-gnu/libkrb5.so.26.0.0
7efc49b8e000-7efc49b91000 r--p 00083000 08:17 3810297                    /usr/lib/x86_64-linux-gnu/libkrb5.so.26.0.0
7efc49b91000-7efc49b94000 rw-p 00086000 08:17 3810297                    /usr/lib/x86_64-linux-gnu/libkrb5.so.26.0.0
7efc49b94000-7efc49b95000 rw-p 00000000 00:00 0 
7efc49b95000-7efc49b9d000 r-xp 00000000 08:17 3810194                    /usr/lib/x86_64-linux-gnu/libheimntlm.so.0.1.0
7efc49b9d000-7efc49d9c000 ---p 00008000 08:17 3810194                    /usr/lib/x86_64-linux-gnu/libheimntlm.so.0.1.0
7efc49d9c000-7efc49d9d000 r--p 00007000 08:17 3810194                    /usr/lib/x86_64-linux-gnu/libheimntlm.so.0.1.0
7efc49d9d000-7efc49d9e000 rw-p 00008000 08:17 3810194                    /usr/lib/x86_64-linux-gnu/libheimntlm.so.0.1.0
7efc49d9e000-7efc49da1000 r-xp 00000000 08:17 266830                     /lib/x86_64-linux-gnu/libkeyutils.so.1.5
7efc49da1000-7efc49fa0000 ---p 00003000 08:17 266830                     /lib/x86_64-linux-gnu/libkeyutils.so.1.5
7efc49fa0000-7efc49fa1000 r--p 00002000 08:17 266830                     /lib/x86_64-linux-gnu/libkeyutils.so.1.5
7efc49fa1000-7efc49fa2000 rw-p 00003000 08:17 266830                     /lib/x86_64-linux-gnu/libkeyutils.so.1.5
7efc49fa2000-7efc49fb3000 r-xp 00000000 08:17 3810713                    /usr/lib/x86_64-linux-gnu/libtasn1.so.6.5.1
7efc49fb3000-7efc4a1b3000 ---p 00011000 08:17 3810713                    /usr/lib/x86_64-linux-gnu/libtasn1.so.6.5.1
7efc4a1b3000-7efc4a1b4000 r--p 00011000 08:17 3810713                    /usr/lib/x86_64-linux-gnu/libtasn1.so.6.5.1
7efc4a1b4000-7efc4a1b5000 rw-p 00012000 08:17 3810713                    /usr/lib/x86_64-linux-gnu/libtasn1.so.6.5.1
7efc4a1b5000-7efc4a20e000 r-xp 00000000 08:17 3810484                    /usr/lib/x86_64-linux-gnu/libp11-kit.so.0.1.0
7efc4a20e000-7efc4a40d000 ---p 00059000 08:17 3810484                    /usr/lib/x86_64-linux-gnu/libp11-kit.so.0.1.0
7efc4a40d000-7efc4a417000 r--p 00058000 08:17 3810484                    /usr/lib/x86_64-linux-gnu/libp11-kit.so.0.1.0
7efc4a417000-7efc4a419000 rw-p 00062000 08:17 3810484                    /usr/lib/x86_64-linux-gnu/libp11-kit.so.0.1.0
7efc4a419000-7efc4a456000 r-xp 00000000 08:17 3810113                    /usr/lib/x86_64-linux-gnu/libgssapi.so.3.0.0
7efc4a456000-7efc4a656000 ---p 0003d000 08:17 3810113                    /usr/lib/x86_64-linux-gnu/libgssapi.so.3.0.0
7efc4a656000-7efc4a657000 r--p 0003d000 08:17 3810113                    /usr/lib/x86_64-linux-gnu/libgssapi.so.3.0.0
7efc4a657000-7efc4a659000 rw-p 0003e000 08:17 3810113                    /usr/lib/x86_64-linux-gnu/libgssapi.so.3.0.0
7efc4a659000-7efc4a65a000 rw-p 00000000 00:00 0 
7efc4a65a000-7efc4a673000 r-xp 00000000 08:17 3810635                    /usr/lib/x86_64-linux-gnu/libsasl2.so.2.0.25
7efc4a673000-7efc4a873000 ---p 00019000 08:17 3810635                    /usr/lib/x86_64-linux-gnu/libsasl2.so.2.0.25
7efc4a873000-7efc4a874000 r--p 00019000 08:17 3810635                    /usr/lib/x86_64-linux-gnu/libsasl2.so.2.0.25
7efc4a874000-7efc4a875000 rw-p 0001a000 08:17 3810635                    /usr/lib/x86_64-linux-gnu/libsasl2.so.2.0.25
7efc4a875000-7efc4a88c000 r-xp 00000000 08:17 266921                     /lib/x86_64-linux-gnu/libresolv-2.23.so
7efc4a88c000-7efc4aa8c000 ---p 00017000 08:17 266921                     /lib/x86_64-linux-gnu/libresolv-2.23.so
7efc4aa8c000-7efc4aa8d000 r--p 00017000 08:17 266921                     /lib/x86_64-linux-gnu/libresolv-2.23.so
7efc4aa8d000-7efc4aa8e000 rw-p 00018000 08:17 266921                     /lib/x86_64-linux-gnu/libresolv-2.23.so
7efc4aa8e000-7efc4aa90000 rw-p 00000000 00:00 0 
7efc4aa90000-7efc4aa9a000 r-xp 00000000 08:17 3810301                    /usr/lib/x86_64-linux-gnu/libkrb5support.so.0.1
7efc4aa9a000-7efc4ac99000 ---p 0000a000 08:17 3810301                    /usr/lib/x86_64-linux-gnu/libkrb5support.so.0.1
7efc4ac99000-7efc4ac9a000 r--p 00009000 08:17 3810301                    /usr/lib/x86_64-linux-gnu/libkrb5support.so.0.1
7efc4ac9a000-7efc4ac9b000 rw-p 0000a000 08:17 3810301                    /usr/lib/x86_64-linux-gnu/libkrb5support.so.0.1
7efc4ac9b000-7efc4ac9e000 r-xp 00000000 08:17 266778                     /lib/x86_64-linux-gnu/libcom_err.so.2.1
7efc4ac9e000-7efc4ae9d000 ---p 00003000 08:17 266778                     /lib/x86_64-linux-gnu/libcom_err.so.2.1
7efc4ae9d000-7efc4ae9e000 r--p 00002000 08:17 266778                     /lib/x86_64-linux-gnu/libcom_err.so.2.1
7efc4ae9e000-7efc4ae9f000 rw-p 00003000 08:17 266778                     /lib/x86_64-linux-gnu/libcom_err.so.2.1
7efc4ae9f000-7efc4aecb000 r-xp 00000000 08:17 3810291                    /usr/lib/x86_64-linux-gnu/libk5crypto.so.3.1
7efc4aecb000-7efc4b0ca000 ---p 0002c000 08:17 3810291                    /usr/lib/x86_64-linux-gnu/libk5crypto.so.3.1
7efc4b0ca000-7efc4b0cc000 r--p 0002b000 08:17 3810291                    /usr/lib/x86_64-linux-gnu/libk5crypto.so.3.1
7efc4b0cc000-7efc4b0cd000 rw-p 0002d000 08:17 3810291                    /usr/lib/x86_64-linux-gnu/libk5crypto.so.3.1
7efc4b0cd000-7efc4b0ce000 rw-p 00000000 00:00 0 
7efc4b0ce000-7efc4b191000 r-xp 00000000 08:17 3810299                    /usr/lib/x86_64-linux-gnu/libkrb5.so.3.3
7efc4b191000-7efc4b391000 ---p 000c3000 08:17 3810299                    /usr/lib/x86_64-linux-gnu/libkrb5.so.3.3
7efc4b391000-7efc4b39e000 r--p 000c3000 08:17 3810299                    /usr/lib/x86_64-linux-gnu/libkrb5.so.3.3
7efc4b39e000-7efc4b3a0000 rw-p 000d0000 08:17 3810299                    /usr/lib/x86_64-linux-gnu/libkrb5.so.3.3
7efc4b3a0000-7efc4b41f000 r-xp 00000000 08:17 3810058                    /usr/lib/x86_64-linux-gnu/libgmp.so.10.3.0
7efc4b41f000-7efc4b61e000 ---p 0007f000 08:17 3810058                    /usr/lib/x86_64-linux-gnu/libgmp.so.10.3.0
7efc4b61e000-7efc4b61f000 r--p 0007e000 08:17 3810058                    /usr/lib/x86_64-linux-gnu/libgmp.so.10.3.0
7efc4b61f000-7efc4b620000 rw-p 0007f000 08:17 3810058                    /usr/lib/x86_64-linux-gnu/libgmp.so.10.3.0
7efc4b620000-7efc4b654000 r-xp 00000000 08:17 3810421                    /usr/lib/x86_64-linux-gnu/libnettle.so.6.2
7efc4b654000-7efc4b853000 ---p 00034000 08:17 3810421                    /usr/lib/x86_64-linux-gnu/libnettle.so.6.2
7efc4b853000-7efc4b855000 r--p 00033000 08:17 3810421                    /usr/lib/x86_64-linux-gnu/libnettle.so.6.2
7efc4b855000-7efc4b856000 rw-p 00035000 08:17 3810421                    /usr/lib/x86_64-linux-gnu/libnettle.so.6.2
7efc4b856000-7efc4b888000 r-xp 00000000 08:17 3810196                    /usr/lib/x86_64-linux-gnu/libhogweed.so.4.2
7efc4b888000-7efc4ba87000 ---p 00032000 08:17 3810196                    /usr/lib/x86_64-linux-gnu/libhogweed.so.4.2
7efc4ba87000-7efc4ba88000 r--p 00031000 08:17 3810196                    /usr/lib/x86_64-linux-gnu/libhogweed.so.4.2
7efc4ba88000-7efc4ba89000 rw-p 00032000 08:17 3810196                    /usr/lib/x86_64-linux-gnu/libhogweed.so.4.2
7efc4ba89000-7efc4bbac000 r-xp 00000000 08:17 3803369                    /usr/lib/x86_64-linux-gnu/libgnutls.so.30.6.2
7efc4bbac000-7efc4bdab000 ---p 00123000 08:17 3803369                    /usr/lib/x86_64-linux-gnu/libgnutls.so.30.6.2
7efc4bdab000-7efc4bdb6000 r--p 00122000 08:17 3803369                    /usr/lib/x86_64-linux-gnu/libgnutls.so.30.6.2
7efc4bdb6000-7efc4bdb8000 rw-p 0012d000 08:17 3803369                    /usr/lib/x86_64-linux-gnu/libgnutls.so.30.6.2
7efc4bdb8000-7efc4bdb9000 rw-p 00000000 00:00 0 
7efc4bdb9000-7efc4bdcf000 r-xp 00000000 08:17 266807                     /lib/x86_64-linux-gnu/libgcc_s.so.1
7efc4bdcf000-7efc4bfce000 ---p 00016000 08:17 266807                     /lib/x86_64-linux-gnu/libgcc_s.so.1
7efc4bfce000-7efc4bfcf000 rw-p 00015000 08:17 266807                     /lib/x86_64-linux-gnu/libgcc_s.so.1
7efc4bfcf000-7efc4c9d4000 r-xp 00000000 08:17 99859                      /home/diamond/Documents/Controller/bin/linux-x86-64/libarcsoft_fsdk_face_recognition.so
7efc4c9d4000-7efc4cbd3000 ---p 00a05000 08:17 99859                      /home/diamond/Documents/Controller/bin/linux-x86-64/libarcsoft_fsdk_face_recognition.so
7efc4cbd3000-7efc4cbd4000 r--p 00a04000 08:17 99859                      /home/diamond/Documents/Controller/bin/linux-x86-64/libarcsoft_fsdk_face_recognition.so
7efc4cbd4000-7efc4d7ff000 rw-p 00a05000 08:17 99859                      /home/diamond/Documents/Controller/bin/linux-x86-64/libarcsoft_fsdk_face_recognition.so
7efc4d7ff000-7efc50000000 rw-p 00000000 00:00 0 
7efc50000000-7efc5013a000 rw-p 00000000 00:00 0 
7efc5013a000-7efc54000000 ---p 00000000 00:00 0 
7efc54000000-7efc54021000 rw-p 00000000 00:00 0 
7efc54021000-7efc58000000 ---p 00000000 00:00 0 
7efc58000000-7efc58134000 rw-p 00000000 00:00 0 
7efc58134000-7efc5c000000 ---p 00000000 00:00 0 
7efc5c000000-7efc5c021000 rw-p 00000000 00:00 0 
7efc5c021000-7efc60000000 ---p 00000000 00:00 0 
7efc60000000-7efc6031e000 rw-p 00000000 00:00 0 
7efc6031e000-7efc64000000 ---p 00000000 00:00 0 
7efc6408c000-7efc640a7000 r-xp 00000000 08:17 3824821                    /usr/local/lib/libz.so.1.2.9
7efc640a7000-7efc642a6000 ---p 0001b000 08:17 3824821                    /usr/local/lib/libz.so.1.2.9
7efc642a6000-7efc642a7000 r--p 0001a000 08:17 3824821                    /usr/local/lib/libz.so.1.2.9
7efc642a7000-7efc642a8000 rw-p 0001b000 08:17 3824821                    /usr/local/lib/libz.so.1.2.9
7efc642a8000-7efc642f5000 r-xp 00000000 08:17 3810312                    /usr/lib/x86_64-linux-gnu/libldap_r-2.4.so.2.10.5
7efc642f5000-7efc644f4000 ---p 0004d000 08:17 3810312                    /usr/lib/x86_64-linux-gnu/libldap_r-2.4.so.2.10.5
7efc644f4000-7efc644f6000 r--p 0004c000 08:17 3810312                    /usr/lib/x86_64-linux-gnu/libldap_r-2.4.so.2.10.5
7efc644f6000-7efc644f7000 rw-p 0004e000 08:17 3810312                    /usr/lib/x86_64-linux-gnu/libldap_r-2.4.so.2.10.5
7efc644f7000-7efc644f9000 rw-p 00000000 00:00 0 
7efc644f9000-7efc64506000 r-xp 00000000 08:17 3810307                    /usr/lib/x86_64-linux-gnu/liblber-2.4.so.2.10.5
7efc64506000-7efc64706000 ---p 0000d000 08:17 3810307                    /usr/lib/x86_64-linux-gnu/liblber-2.4.so.2.10.5
7efc64706000-7efc64707000 r--p 0000d000 08:17 3810307                    /usr/lib/x86_64-linux-gnu/liblber-2.4.so.2.10.5
7efc64707000-7efc64708000 rw-p 0000e000 08:17 3810307                    /usr/lib/x86_64-linux-gnu/liblber-2.4.so.2.10.5
7efc64708000-7efc6474f000 r-xp 00000000 08:17 3810115                    /usr/lib/x86_64-linux-gnu/libgssapi_krb5.so.2.2
7efc6474f000-7efc6494e000 ---p 00047000 08:17 3810115                    /usr/lib/x86_64-linux-gnu/libgssapi_krb5.so.2.2
7efc6494e000-7efc64950000 r--p 00046000 08:17 3810115                    /usr/lib/x86_64-linux-gnu/libgssapi_krb5.so.2.2
7efc64950000-7efc64952000 rw-p 00048000 08:17 3810115                    /usr/lib/x86_64-linux-gnu/libgssapi_krb5.so.2.2
7efc64952000-7efc64b6c000 r-xp 00000000 08:17 266823                     /lib/x86_64-linux-gnu/libcrypto.so.1.0.0
7efc64b6c000-7efc64d6b000 ---p 0021a000 08:17 266823                     /lib/x86_64-linux-gnu/libcrypto.so.1.0.0
7efc64d6b000-7efc64d87000 r--p 00219000 08:17 266823                     /lib/x86_64-linux-gnu/libcrypto.so.1.0.0
7efc64d87000-7efc64d93000 rw-p 00235000 08:17 266823                     /lib/x86_64-linux-gnu/libcrypto.so.1.0.0
7efc64d93000-7efc64d96000 rw-p 00000000 00:00 0 
7efc64d96000-7efc64df4000 r-xp 00000000 08:17 266822                     /lib/x86_64-linux-gnu/libssl.so.1.0.0
7efc64df4000-7efc64ff4000 ---p 0005e000 08:17 266822                     /lib/x86_64-linux-gnu/libssl.so.1.0.0
7efc64ff4000-7efc64ff8000 r--p 0005e000 08:17 266822                     /lib/x86_64-linux-gnu/libssl.so.1.0.0
7efc64ff8000-7efc64fff000 rw-p 00062000 08:17 266822                     /lib/x86_64-linux-gnu/libssl.so.1.0.0
7efc64fff000-7efc68000000 rw-p 00000000 00:00 0 
7efc68000000-7efc683a8000 rw-p 00000000 00:00 0 
7efc683a8000-7efc6c000000 ---p 00000000 00:00 0 
7efc6c000000-7efc6c2f7000 rw-p 00000000 00:00 0 
7efc6c2f7000-7efc70000000 ---p 00000000 00:00 0 
7efc70000000-7efc70021000 rw-p 00000000 00:00 0 
7efc70021000-7efc74000000 ---p 00000000 00:00 0 
7efc74000000-7efc74157000 rw-p 00000000 00:00 0 
7efc74157000-7efc78000000 ---p 00000000 00:00 0 
7efc78000000-7efc78021000 rw-p 00000000 00:00 0 
7efc78021000-7efc7c000000 ---p 00000000 00:00 0 
7efc7c000000-7efc7c133000 rw-p 00000000 00:00 0 
7efc7c133000-7efc80000000 ---p 00000000 00:00 0 
7efc80000000-7efc80021000 rw-p 00000000 00:00 0 
7efc80021000-7efc84000000 ---p 00000000 00:00 0 
7efc84000000-7efc84143000 rw-p 00000000 00:00 0 
7efc84143000-7efc88000000 ---p 00000000 00:00 0 
7efc88000000-7efc88081000 rw-p 00000000 00:00 0 
7efc88081000-7efc8c000000 ---p 00000000 00:00 0 
7efc8c000000-7efc8c021000 rw-p 00000000 00:00 0 
7efc8c021000-7efc90000000 ---p 00000000 00:00 0 
7efc900d8000-7efc900f3000 r-xp 00000000 08:17 3810616                    /usr/lib/x86_64-linux-gnu/librtmp.so.1
7efc900f3000-7efc902f2000 ---p 0001b000 08:17 3810616                    /usr/lib/x86_64-linux-gnu/librtmp.so.1
7efc902f2000-7efc902f3000 r--p 0001a000 08:17 3810616                    /usr/lib/x86_64-linux-gnu/librtmp.so.1
7efc902f3000-7efc902f4000 rw-p 0001b000 08:17 3810616                    /usr/lib/x86_64-linux-gnu/librtmp.so.1
7efc902f4000-7efc90325000 r-xp 00000000 08:17 3803367                    /usr/lib/x86_64-linux-gnu/libidn.so.11.6.15
7efc90325000-7efc90525000 ---p 00031000 08:17 3803367                    /usr/lib/x86_64-linux-gnu/libidn.so.11.6.15
7efc90525000-7efc90526000 r--p 00031000 08:17 3803367                    /usr/lib/x86_64-linux-gnu/libidn.so.11.6.15
7efc90526000-7efc90527000 rw-p 00032000 08:17 3803367                    /usr/lib/x86_64-linux-gnu/libidn.so.11.6.15
7efc90527000-7efc90699000 r-xp 00000000 08:17 3803290                    /usr/lib/x86_64-linux-gnu/libstdc++.so.6.0.21
7efc90699000-7efc90899000 ---p 00172000 08:17 3803290                    /usr/lib/x86_64-linux-gnu/libstdc++.so.6.0.21
7efc90899000-7efc908a3000 r--p 00172000 08:17 3803290                    /usr/lib/x86_64-linux-gnu/libstdc++.so.6.0.21
7efc908a3000-7efc908a5000 rw-p 0017c000 08:17 3803290                    /usr/lib/x86_64-linux-gnu/libstdc++.so.6.0.21
7efc908a5000-7efc908a9000 rw-p 00000000 00:00 0 
7efc908a9000-7efc90978000 r-xp 00000000 08:17 3810694                    /usr/lib/x86_64-linux-gnu/libsqlite3.so.0.8.6
7efc90978000-7efc90b78000 ---p 000cf000 08:17 3810694                    /usr/lib/x86_64-linux-gnu/libsqlite3.so.0.8.6
7efc90b78000-7efc90b7b000 r--p 000cf000 08:17 3810694                    /usr/lib/x86_64-linux-gnu/libsqlite3.so.0.8.6
7efc90b7b000-7efc90b7d000 rw-p 000d2000 08:17 3810694                    /usr/lib/x86_64-linux-gnu/libsqlite3.so.0.8.6
7efc90b7d000-7efc90b7e000 rw-p 00000000 00:00 0 
7efc90b7e000-7efc90be9000 r-xp 00000000 08:17 3801208                    /usr/lib/x86_64-linux-gnu/libcurl.so.4.4.0
7efc90be9000-7efc90de9000 ---p 0006b000 08:17 3801208                    /usr/lib/x86_64-linux-gnu/libcurl.so.4.4.0
7efc90de9000-7efc90dec000 r--p 0006b000 08:17 3801208                    /usr/lib/x86_64-linux-gnu/libcurl.so.4.4.0
7efc90dec000-7efc90ded000 rw-p 0006e000 08:17 3801208                    /usr/lib/x86_64-linux-gnu/libcurl.so.4.4.0
7efc90e19000-7efc90e1c000 ---p 00000000 00:00 0 
7efc90e1c000-7efc90e52000 rw-p 00000000 00:00 0 
7efc90e52000-7efc90e6a000 r-xp 00000000 08:17 3594274                    /tmp/jna-1655054676/jna5005311026305637003.tmp (deleted)
7efc90e6a000-7efc91069000 ---p 00018000 08:17 3594274                    /tmp/jna-1655054676/jna5005311026305637003.tmp (deleted)
7efc91069000-7efc9106b000 rw-p 00017000 08:17 3594274                    /tmp/jna-1655054676/jna5005311026305637003.tmp (deleted)
7efc9106b000-7efc9107c000 r-xp 00000000 08:17 3880230                    /usr/local/jdk1.8.0_152/jre/lib/amd64/libnio.so
7efc9107c000-7efc9127b000 ---p 00011000 08:17 3880230                    /usr/local/jdk1.8.0_152/jre/lib/amd64/libnio.so
7efc9127b000-7efc9127c000 rw-p 00010000 08:17 3880230                    /usr/local/jdk1.8.0_152/jre/lib/amd64/libnio.so
7efc9127c000-7efc9127f000 ---p 00000000 00:00 0 
7efc9127f000-7efc9137d000 rw-p 00000000 00:00 0 
7efc9137d000-7efc9137e000 ---p 00000000 00:00 0 
7efc9137e000-7efc9147e000 rw-p 00000000 00:00 0 
7efc9147e000-7efc91481000 ---p 00000000 00:00 0 
7efc91481000-7efc9157f000 rw-p 00000000 00:00 0 
7efc9157f000-7efc91595000 r-xp 00000000 08:17 3880227                    /usr/local/jdk1.8.0_152/jre/lib/amd64/libnet.so
7efc91595000-7efc91795000 ---p 00016000 08:17 3880227                    /usr/local/jdk1.8.0_152/jre/lib/amd64/libnet.so
7efc91795000-7efc91796000 rw-p 00016000 08:17 3880227                    /usr/local/jdk1.8.0_152/jre/lib/amd64/libnet.so
7efc91796000-7efc91799000 ---p 00000000 00:00 0 
7efc91799000-7efc91897000 rw-p 00000000 00:00 0 
7efc91897000-7efc9189a000 ---p 00000000 00:00 0 
7efc9189a000-7efc91998000 rw-p 00000000 00:00 0 
7efc91998000-7efc9199b000 ---p 00000000 00:00 0 
7efc9199b000-7efc91a99000 rw-p 00000000 00:00 0 
7efc91a99000-7efc91a9c000 ---p 00000000 00:00 0 
7efc91a9c000-7efc91b9a000 rw-p 00000000 00:00 0 
7efc91b9a000-7efc91c2f000 r--s 01113000 08:17 3880111                    /usr/local/jdk1.8.0_152/jre/lib/ext/jfxrt.jar
7efc91c2f000-7efc91c32000 ---p 00000000 00:00 0 
7efc91c32000-7efc91d30000 rw-p 00000000 00:00 0 
7efc91d30000-7efc926ef000 r--p 00000000 08:17 3808503                    /usr/lib/locale/locale-archive
7efc926ef000-7efc926f2000 ---p 00000000 00:00 0 
7efc926f2000-7efc927f0000 rw-p 00000000 00:00 0 
7efc927f0000-7efc927f3000 ---p 00000000 00:00 0 
7efc927f3000-7efc928f1000 rw-p 00000000 00:00 0 
7efc928f1000-7efc928f2000 ---p 00000000 00:00 0 
7efc928f2000-7efc94000000 rw-p 00000000 00:00 0 
7efc94000000-7efc94078000 rw-p 00000000 00:00 0 
7efc94078000-7efc98000000 ---p 00000000 00:00 0 
7efc9800d000-7efc9815d000 rw-p 00000000 00:00 0 
7efc9815d000-7efc98337000 r--s 03d5f000 08:17 3880058                    /usr/local/jdk1.8.0_152/jre/lib/rt.jar
7efc98337000-7efc9c46c000 rw-p 00000000 00:00 0 
7efc9c46c000-7efc9c46d000 ---p 00000000 00:00 0 
7efc9c46d000-7efc9c56d000 rw-p 00000000 00:00 0 
7efc9c56d000-7efc9c56e000 ---p 00000000 00:00 0 
7efc9c56e000-7efc9c66e000 rw-p 00000000 00:00 0 
7efc9c66e000-7efc9c66f000 ---p 00000000 00:00 0 
7efc9c66f000-7efc9c76f000 rw-p 00000000 00:00 0 
7efc9c76f000-7efc9c770000 ---p 00000000 00:00 0 
7efc9c770000-7efc9c899000 rw-p 00000000 00:00 0 
7efc9c899000-7efc9cafa000 ---p 00000000 00:00 0 
7efc9cafa000-7efc9cb3d000 rw-p 00000000 00:00 0 
7efc9cb3d000-7efc9cc3f000 ---p 00000000 00:00 0 
7efc9cc3f000-7efc9cc50000 rw-p 00000000 00:00 0 
7efc9cc50000-7efc9d000000 ---p 00000000 00:00 0 
7efc9d000000-7efc9d3f0000 rwxp 00000000 00:00 0 
7efc9d3f0000-7efcac000000 ---p 00000000 00:00 0 
7efcac000000-7efcacc4c000 rw-p 00000000 00:00 0 
7efcacc4c000-7efcb0000000 ---p 00000000 00:00 0 
7efcb000f000-7efcb0014000 r--s 0009a000 08:17 3880107                    /usr/local/jdk1.8.0_152/jre/lib/jsse.jar
7efcb0014000-7efcb0019000 r--s 002f9000 08:17 3880056                    /usr/local/jdk1.8.0_152/jre/lib/charsets.jar
7efcb0019000-7efcb0023000 r--s 000eb000 08:17 69177                      /home/diamond/Documents/Controller/lib/mysql-connector-java-5.1.44-bin.jar
7efcb0023000-7efcb0026000 r--s 00024000 08:17 79461                      /home/diamond/Documents/Controller/lib/json-lib-2.4-jdk15.jar
7efcb0026000-7efcb002a000 r--s 00107000 08:17 69176                      /home/diamond/Documents/Controller/lib/jna-4.4.0.jar
7efcb002a000-7efcb0038000 r--s 0007f000 08:17 79458                      /home/diamond/Documents/Controller/lib/commons-collections-3.2.1.jar
7efcb0038000-7efcb0061000 rw-p 00000000 00:00 0 
7efcb0061000-7efcb02c2000 ---p 00000000 00:00 0 
7efcb02c2000-7efcb02dd000 r-xp 00000000 08:17 3880223                    /usr/local/jdk1.8.0_152/jre/lib/amd64/libzip.so
7efcb02dd000-7efcb04dd000 ---p 0001b000 08:17 3880223                    /usr/local/jdk1.8.0_152/jre/lib/amd64/libzip.so
7efcb04dd000-7efcb04de000 rw-p 0001b000 08:17 3880223                    /usr/local/jdk1.8.0_152/jre/lib/amd64/libzip.so
7efcb04de000-7efcb04e9000 r-xp 00000000 08:17 266868                     /lib/x86_64-linux-gnu/libnss_files-2.23.so
7efcb04e9000-7efcb06e8000 ---p 0000b000 08:17 266868                     /lib/x86_64-linux-gnu/libnss_files-2.23.so
7efcb06e8000-7efcb06e9000 r--p 0000a000 08:17 266868                     /lib/x86_64-linux-gnu/libnss_files-2.23.so
7efcb06e9000-7efcb06ea000 rw-p 0000b000 08:17 266868                     /lib/x86_64-linux-gnu/libnss_files-2.23.so
7efcb06ea000-7efcb06f0000 rw-p 00000000 00:00 0 
7efcb06f0000-7efcb06fb000 r-xp 00000000 08:17 266878                     /lib/x86_64-linux-gnu/libnss_nis-2.23.so
7efcb06fb000-7efcb08fa000 ---p 0000b000 08:17 266878                     /lib/x86_64-linux-gnu/libnss_nis-2.23.so
7efcb08fa000-7efcb08fb000 r--p 0000a000 08:17 266878                     /lib/x86_64-linux-gnu/libnss_nis-2.23.so
7efcb08fb000-7efcb08fc000 rw-p 0000b000 08:17 266878                     /lib/x86_64-linux-gnu/libnss_nis-2.23.so
7efcb08fc000-7efcb0912000 r-xp 00000000 08:17 266862                     /lib/x86_64-linux-gnu/libnsl-2.23.so
7efcb0912000-7efcb0b11000 ---p 00016000 08:17 266862                     /lib/x86_64-linux-gnu/libnsl-2.23.so
7efcb0b11000-7efcb0b12000 r--p 00015000 08:17 266862                     /lib/x86_64-linux-gnu/libnsl-2.23.so
7efcb0b12000-7efcb0b13000 rw-p 00016000 08:17 266862                     /lib/x86_64-linux-gnu/libnsl-2.23.so
7efcb0b13000-7efcb0b15000 rw-p 00000000 00:00 0 
7efcb0b15000-7efcb0b1d000 r-xp 00000000 08:17 266864                     /lib/x86_64-linux-gnu/libnss_compat-2.23.so
7efcb0b1d000-7efcb0d1c000 ---p 00008000 08:17 266864                     /lib/x86_64-linux-gnu/libnss_compat-2.23.so
7efcb0d1c000-7efcb0d1d000 r--p 00007000 08:17 266864                     /lib/x86_64-linux-gnu/libnss_compat-2.23.so
7efcb0d1d000-7efcb0d1e000 rw-p 00008000 08:17 266864                     /lib/x86_64-linux-gnu/libnss_compat-2.23.so
7efcb0d1e000-7efcb0d28000 r-xp 00000000 08:17 3880232                    /usr/local/jdk1.8.0_152/jre/lib/amd64/libinstrument.so
7efcb0d28000-7efcb0f27000 ---p 0000a000 08:17 3880232                    /usr/local/jdk1.8.0_152/jre/lib/amd64/libinstrument.so
7efcb0f27000-7efcb0f28000 rw-p 00009000 08:17 3880232                    /usr/local/jdk1.8.0_152/jre/lib/amd64/libinstrument.so
7efcb0f28000-7efcb0f53000 r-xp 00000000 08:17 3880217                    /usr/local/jdk1.8.0_152/jre/lib/amd64/libjava.so
7efcb0f53000-7efcb1152000 ---p 0002b000 08:17 3880217                    /usr/local/jdk1.8.0_152/jre/lib/amd64/libjava.so
7efcb1152000-7efcb1154000 rw-p 0002a000 08:17 3880217                    /usr/local/jdk1.8.0_152/jre/lib/amd64/libjava.so
7efcb1154000-7efcb1161000 r-xp 00000000 08:17 3880222                    /usr/local/jdk1.8.0_152/jre/lib/amd64/libverify.so
7efcb1161000-7efcb1361000 ---p 0000d000 08:17 3880222                    /usr/local/jdk1.8.0_152/jre/lib/amd64/libverify.so
7efcb1361000-7efcb1363000 rw-p 0000d000 08:17 3880222                    /usr/local/jdk1.8.0_152/jre/lib/amd64/libverify.so
7efcb1363000-7efcb136a000 r-xp 00000000 08:17 266923                     /lib/x86_64-linux-gnu/librt-2.23.so
7efcb136a000-7efcb1569000 ---p 00007000 08:17 266923                     /lib/x86_64-linux-gnu/librt-2.23.so
7efcb1569000-7efcb156a000 r--p 00006000 08:17 266923                     /lib/x86_64-linux-gnu/librt-2.23.so
7efcb156a000-7efcb156b000 rw-p 00007000 08:17 266923                     /lib/x86_64-linux-gnu/librt-2.23.so
7efcb156b000-7efcb1673000 r-xp 00000000 08:17 266839                     /lib/x86_64-linux-gnu/libm-2.23.so
7efcb1673000-7efcb1872000 ---p 00108000 08:17 266839                     /lib/x86_64-linux-gnu/libm-2.23.so
7efcb1872000-7efcb1873000 r--p 00107000 08:17 266839                     /lib/x86_64-linux-gnu/libm-2.23.so
7efcb1873000-7efcb1874000 rw-p 00108000 08:17 266839                     /lib/x86_64-linux-gnu/libm-2.23.so
7efcb1874000-7efcb254c000 r-xp 00000000 08:17 3880200                    /usr/local/jdk1.8.0_152/jre/lib/amd64/server/libjvm.so
7efcb254c000-7efcb274b000 ---p 00cd8000 08:17 3880200                    /usr/local/jdk1.8.0_152/jre/lib/amd64/server/libjvm.so
7efcb274b000-7efcb2825000 rw-p 00cd7000 08:17 3880200                    /usr/local/jdk1.8.0_152/jre/lib/amd64/server/libjvm.so
7efcb2825000-7efcb2870000 rw-p 00000000 00:00 0 
7efcb2870000-7efcb2a30000 r-xp 00000000 08:17 266769                     /lib/x86_64-linux-gnu/libc-2.23.so
7efcb2a30000-7efcb2c30000 ---p 001c0000 08:17 266769                     /lib/x86_64-linux-gnu/libc-2.23.so
7efcb2c30000-7efcb2c34000 r--p 001c0000 08:17 266769                     /lib/x86_64-linux-gnu/libc-2.23.so
7efcb2c34000-7efcb2c36000 rw-p 001c4000 08:17 266769                     /lib/x86_64-linux-gnu/libc-2.23.so
7efcb2c36000-7efcb2c3a000 rw-p 00000000 00:00 0 
7efcb2c3a000-7efcb2c3d000 r-xp 00000000 08:17 266793                     /lib/x86_64-linux-gnu/libdl-2.23.so
7efcb2c3d000-7efcb2e3c000 ---p 00003000 08:17 266793                     /lib/x86_64-linux-gnu/libdl-2.23.so
7efcb2e3c000-7efcb2e3d000 r--p 00002000 08:17 266793                     /lib/x86_64-linux-gnu/libdl-2.23.so
7efcb2e3d000-7efcb2e3e000 rw-p 00003000 08:17 266793                     /lib/x86_64-linux-gnu/libdl-2.23.so
7efcb2e3e000-7efcb2e54000 r-xp 00000000 08:17 3879918                    /usr/local/jdk1.8.0_152/lib/amd64/jli/libjli.so
7efcb2e54000-7efcb3053000 ---p 00016000 08:17 3879918                    /usr/local/jdk1.8.0_152/lib/amd64/jli/libjli.so
7efcb3053000-7efcb3054000 rw-p 00015000 08:17 3879918                    /usr/local/jdk1.8.0_152/lib/amd64/jli/libjli.so
7efcb3054000-7efcb306c000 r-xp 00000000 08:17 266915                     /lib/x86_64-linux-gnu/libpthread-2.23.so
7efcb306c000-7efcb326b000 ---p 00018000 08:17 266915                     /lib/x86_64-linux-gnu/libpthread-2.23.so
7efcb326b000-7efcb326c000 r--p 00017000 08:17 266915                     /lib/x86_64-linux-gnu/libpthread-2.23.so
7efcb326c000-7efcb326d000 rw-p 00018000 08:17 266915                     /lib/x86_64-linux-gnu/libpthread-2.23.so
7efcb326d000-7efcb3271000 rw-p 00000000 00:00 0 
7efcb3271000-7efcb3297000 r-xp 00000000 08:17 266741                     /lib/x86_64-linux-gnu/ld-2.23.so
7efcb3297000-7efcb3299000 r--s 0001a000 08:17 18339                      /home/diamond/soft/idea-IU-173.3942.27/lib/idea_rt.jar
7efcb3299000-7efcb329c000 r--s 00013000 08:17 79443                      /home/diamond/Documents/Controller/lib/ezmorph-1.0.6.jar
7efcb329c000-7efcb329e000 r--s 0000d000 08:17 79460                      /home/diamond/Documents/Controller/lib/commons-logging-1.1.1.jar
7efcb329e000-7efcb32a3000 r--s 00034000 08:17 79459                      /home/diamond/Documents/Controller/lib/commons-beanutils-1.8.0.jar
7efcb32a3000-7efcb32b6000 r--s 00345000 08:17 3880093                    /usr/local/jdk1.8.0_152/jre/lib/resources.jar
7efcb32b6000-7efcb32c9000 r--s 000d6000 08:17 3880030                    /usr/local/jdk1.8.0_152/jre/lib/plugin.jar
7efcb32c9000-7efcb32ce000 r--s 0009a000 08:17 3880107                    /usr/local/jdk1.8.0_152/jre/lib/jsse.jar
7efcb32ce000-7efcb32d0000 r--s 00007000 08:17 3880245                    /usr/local/jdk1.8.0_152/jre/lib/jfxswt.jar
7efcb32d0000-7efcb32d5000 r--s 00084000 08:17 3880007                    /usr/local/jdk1.8.0_152/jre/lib/jfr.jar
7efcb32d5000-7efcb32d8000 r--s 0001a000 08:17 3880243                    /usr/local/jdk1.8.0_152/jre/lib/jce.jar
7efcb32d8000-7efcb32e1000 r--s 0006d000 08:17 3880017                    /usr/local/jdk1.8.0_152/jre/lib/javaws.jar
7efcb32e1000-7efcb3363000 rw-p 00000000 00:00 0 
7efcb3363000-7efcb3366000 ---p 00000000 00:00 0 
7efcb3366000-7efcb3468000 rw-p 00000000 00:00 0 
7efcb3468000-7efcb3469000 r--s 00000000 08:17 3880014                    /usr/local/jdk1.8.0_152/jre/lib/management-agent.jar
7efcb3469000-7efcb3485000 r--s 0020b000 08:17 3880008                    /usr/local/jdk1.8.0_152/jre/lib/deploy.jar
7efcb3485000-7efcb348a000 r--s 002f9000 08:17 3880056                    /usr/local/jdk1.8.0_152/jre/lib/charsets.jar
7efcb348a000-7efcb3492000 rw-s 00000000 08:17 3594259                    /tmp/hsperfdata_diamond/19933
7efcb3492000-7efcb3493000 rw-p 00000000 00:00 0 
7efcb3493000-7efcb3494000 r--p 00000000 00:00 0 
7efcb3494000-7efcb3496000 rw-p 00000000 00:00 0 
7efcb3496000-7efcb3497000 r--p 00025000 08:17 266741                     /lib/x86_64-linux-gnu/ld-2.23.so
7efcb3497000-7efcb3498000 rw-p 00026000 08:17 266741                     /lib/x86_64-linux-gnu/ld-2.23.so
7efcb3498000-7efcb3499000 rw-p 00000000 00:00 0 
7ffd72e1f000-7ffd72e41000 rw-p 00000000 00:00 0                          [stack]
7ffd72ff7000-7ffd72ff9000 r--p 00000000 00:00 0                          [vvar]
7ffd72ff9000-7ffd72ffb000 r-xp 00000000 00:00 0                          [vdso]
ffffffffff600000-ffffffffff601000 r-xp 00000000 00:00 0                  [vsyscall]

VM Arguments:
jvm_args: -javaagent:/home/diamond/soft/idea-IU-173.3942.27/lib/idea_rt.jar=43623:/home/diamond/soft/idea-IU-173.3942.27/bin -Dfile.encoding=UTF-8 
java_command: com.moma.Controller
java_class_path (initial): /usr/local/jdk1.8.0_152/jre/lib/charsets.jar:/usr/local/jdk1.8.0_152/jre/lib/deploy.jar:/usr/local/jdk1.8.0_152/jre/lib/ext/cldrdata.jar:/usr/local/jdk1.8.0_152/jre/lib/ext/dnsns.jar:/usr/local/jdk1.8.0_152/jre/lib/ext/jaccess.jar:/usr/local/jdk1.8.0_152/jre/lib/ext/jfxrt.jar:/usr/local/jdk1.8.0_152/jre/lib/ext/localedata.jar:/usr/local/jdk1.8.0_152/jre/lib/ext/nashorn.jar:/usr/local/jdk1.8.0_152/jre/lib/ext/sunec.jar:/usr/local/jdk1.8.0_152/jre/lib/ext/sunjce_provider.jar:/usr/local/jdk1.8.0_152/jre/lib/ext/sunpkcs11.jar:/usr/local/jdk1.8.0_152/jre/lib/ext/zipfs.jar:/usr/local/jdk1.8.0_152/jre/lib/javaws.jar:/usr/local/jdk1.8.0_152/jre/lib/jce.jar:/usr/local/jdk1.8.0_152/jre/lib/jfr.jar:/usr/local/jdk1.8.0_152/jre/lib/jfxswt.jar:/usr/local/jdk1.8.0_152/jre/lib/jsse.jar:/usr/local/jdk1.8.0_152/jre/lib/management-agent.jar:/usr/local/jdk1.8.0_152/jre/lib/plugin.jar:/usr/local/jdk1.8.0_152/jre/lib/resources.jar:/usr/local/jdk1.8.0_152/jre/lib/rt.jar:/home/diamond/Documents/Controller/out/production/Controller:/home/diamond/Documents/Controller/lib/commons-beanutils-1.8.0.jar:/home/diamond/Documents/Controller/lib/commons-logging-1.1.1.jar:/home/diamond/Documents/Controller/lib/commons-collections-3.2.1.jar:/home/diamond/Documents/Controller/lib/ezmorph-1.0.6.jar:/home/diamond/Documents/Controller/lib/jna-4.4.0.jar:/home/diamond/Documents/Controller/lib/json-lib-2.4-jdk15.jar:/home/diamond/Documents/Controller/lib/mysql-connector-java-5.1.44-bin.jar:/home/diamond/soft/idea-IU-173.3942.27/lib/idea_rt.jar
Launcher Type: SUN_STANDARD

Environment Variables:
JAVA_HOME=/usr/local/jdk1.8.0_152/
JRE_HOME=/usr/local/jdk1.8.0_152//jre
CLASSPATH=/home/diamond/soft/idea-IU-173.3942.27/lib/bootstrap.jar:/home/diamond/soft/idea-IU-173.3942.27/lib/extensions.jar:/home/diamond/soft/idea-IU-173.3942.27/lib/util.jar:/home/diamond/soft/idea-IU-173.3942.27/lib/jdom.jar:/home/diamond/soft/idea-IU-173.3942.27/lib/log4j.jar:/home/diamond/soft/idea-IU-173.3942.27/lib/trove4j.jar:/home/diamond/soft/idea-IU-173.3942.27/lib/jna.jar:/home/diamond/soft/idea-IU-173.3942.27/jre64/lib/tools.jar
PATH=/home/diamond/bin:/home/diamond/.local/bin:/usr/local/cuda-8.0/bin:/usr/local/sbin:/usr/local/bin:/usr/sbin:/usr/bin:/sbin:/bin:/usr/games:/usr/local/games:/snap/bin:/usr/local/jdk1.8.0_152//bin:/usr/local/jdk1.8.0_152//jre/bin
LD_LIBRARY_PATH=/usr/local/cuda-8.0/lib64
SHELL=/bin/bash
DISPLAY=:0

Signal Handlers:
SIGSEGV: [libjvm.so+0xacfec0], sa_mask[0]=11111111011111111101111111111110, sa_flags=SA_RESTART|SA_SIGINFO
SIGBUS: [libjvm.so+0xacfec0], sa_mask[0]=11111111011111111101111111111110, sa_flags=SA_RESTART|SA_SIGINFO
SIGFPE: [libjvm.so+0x927e60], sa_mask[0]=11111111011111111101111111111110, sa_flags=SA_RESTART|SA_SIGINFO
SIGPIPE: [libjvm.so+0x927e60], sa_mask[0]=11111111011111111101111111111110, sa_flags=SA_RESTART|SA_SIGINFO
SIGXFSZ: [libjvm.so+0x927e60], sa_mask[0]=11111111011111111101111111111110, sa_flags=SA_RESTART|SA_SIGINFO
SIGILL: [libjvm.so+0x927e60], sa_mask[0]=11111111011111111101111111111110, sa_flags=SA_RESTART|SA_SIGINFO
SIGUSR1: SIG_DFL, sa_mask[0]=00000000000000000000000000000000, sa_flags=none
SIGUSR2: [libjvm.so+0x9296a0], sa_mask[0]=00100000000000000000000000000000, sa_flags=SA_RESTART|SA_SIGINFO
SIGHUP: [libjvm.so+0x92aaa0], sa_mask[0]=11111111011111111101111111111110, sa_flags=SA_RESTART|SA_SIGINFO
SIGINT: [libarcsoft_fsdk_face_detection.so+0x3700], sa_mask[0]=00000000000000000000000000000000, sa_flags=SA_RESETHAND|SA_RESTART|SA_SIGINFO|SA_NOCLDWAIT
SIGTERM: [libjvm.so+0x92aaa0], sa_mask[0]=11111111011111111101111111111110, sa_flags=SA_RESTART|SA_SIGINFO
SIGQUIT: [libjvm.so+0x92aaa0], sa_mask[0]=11111111011111111101111111111110, sa_flags=SA_RESTART|SA_SIGINFO


---------------  S Y S T E M  ---------------

OS:DISTRIB_ID=Ubuntu
DISTRIB_RELEASE=16.04
DISTRIB_CODENAME=xenial
DISTRIB_DESCRIPTION="Ubuntu 16.04.3 LTS"

uname:Linux 4.10.0-42-generic #46~16.04.1-Ubuntu SMP Mon Dec 4 15:57:59 UTC 2017 x86_64
libc:glibc 2.23 NPTL 2.23 
rlimit: STACK 8192k, CORE 0k, NPROC 30234, NOFILE 1048576, AS infinity
load average:0.57 0.67 0.67

/proc/meminfo:
MemTotal:        7986184 kB
MemFree:          292320 kB
MemAvailable:    1801816 kB
Buffers:           97688 kB
Cached:          1608724 kB
SwapCached:         5012 kB
Active:          6073016 kB
Inactive:        1170284 kB
Active(anon):    4862820 kB
Inactive(anon):   744504 kB
Active(file):    1210196 kB
Inactive(file):   425780 kB
Unevictable:         232 kB
Mlocked:             232 kB
SwapTotal:       4097020 kB
SwapFree:        4038200 kB
Dirty:              3408 kB
Writeback:             0 kB
AnonPages:       5409380 kB
Mapped:           543696 kB
Shmem:             70432 kB
Slab:             244012 kB
SReclaimable:     180384 kB
SUnreclaim:        63628 kB
KernelStack:       18512 kB
PageTables:        65464 kB
NFS_Unstable:          0 kB
Bounce:                0 kB
WritebackTmp:          0 kB
CommitLimit:     8090112 kB
Committed_AS:   13496220 kB
VmallocTotal:   34359738367 kB
VmallocUsed:           0 kB
VmallocChunk:          0 kB
HardwareCorrupted:     0 kB
AnonHugePages:   3395584 kB
ShmemHugePages:        0 kB
ShmemPmdMapped:        0 kB
CmaTotal:              0 kB
CmaFree:               0 kB
HugePages_Total:       0
HugePages_Free:        0
HugePages_Rsvd:        0
HugePages_Surp:        0
Hugepagesize:       2048 kB
DirectMap4k:      341892 kB
DirectMap2M:     7860224 kB


CPU:total 4 (initial active 4) (2 cores per cpu, 2 threads per core) family 6 model 58 stepping 9, cmov, cx8, fxsr, mmx, sse, sse2, sse3, ssse3, sse4.1, sse4.2, popcnt, avx, aes, clmul, erms, ht, tsc, tscinvbit, tscinv

/proc/cpuinfo:
processor	: 0
vendor_id	: GenuineIntel
cpu family	: 6
model		: 58
model name	: Intel(R) Core(TM) i5-3210M CPU @ 2.50GHz
stepping	: 9
microcode	: 0x15
cpu MHz		: 1693.420
cache size	: 3072 KB
physical id	: 0
siblings	: 4
core id		: 0
cpu cores	: 2
apicid		: 0
initial apicid	: 0
fpu		: yes
fpu_exception	: yes
cpuid level	: 13
wp		: yes
flags		: fpu vme de pse tsc msr pae mce cx8 apic sep mtrr pge mca cmov pat pse36 clflush dts acpi mmx fxsr sse sse2 ss ht tm pbe syscall nx rdtscp lm constant_tsc arch_perfmon pebs bts rep_good nopl xtopology nonstop_tsc aperfmperf pni pclmulqdq dtes64 monitor ds_cpl vmx est tm2 ssse3 cx16 xtpr pdcm pcid sse4_1 sse4_2 x2apic popcnt tsc_deadline_timer aes xsave avx f16c rdrand lahf_lm epb tpr_shadow vnmi flexpriority ept vpid fsgsbase smep erms xsaveopt dtherm ida arat pln pts
bugs		:
bogomips	: 4988.88
clflush size	: 64
cache_alignment	: 64
address sizes	: 36 bits physical, 48 bits virtual
power management:

processor	: 1
vendor_id	: GenuineIntel
cpu family	: 6
model		: 58
model name	: Intel(R) Core(TM) i5-3210M CPU @ 2.50GHz
stepping	: 9
microcode	: 0x15
cpu MHz		: 1561.737
cache size	: 3072 KB
physical id	: 0
siblings	: 4
core id		: 0
cpu cores	: 2
apicid		: 1
initial apicid	: 1
fpu		: yes
fpu_exception	: yes
cpuid level	: 13
wp		: yes
flags		: fpu vme de pse tsc msr pae mce cx8 apic sep mtrr pge mca cmov pat pse36 clflush dts acpi mmx fxsr sse sse2 ss ht tm pbe syscall nx rdtscp lm constant_tsc arch_perfmon pebs bts rep_good nopl xtopology nonstop_tsc aperfmperf pni pclmulqdq dtes64 monitor ds_cpl vmx est tm2 ssse3 cx16 xtpr pdcm pcid sse4_1 sse4_2 x2apic popcnt tsc_deadline_timer aes xsave avx f16c rdrand lahf_lm epb tpr_shadow vnmi flexpriority ept vpid fsgsbase smep erms xsaveopt dtherm ida arat pln pts
bugs		:
bogomips	: 4988.88
clflush size	: 64
cache_alignment	: 64
address sizes	: 36 bits physical, 48 bits virtual
power management:

processor	: 2
vendor_id	: GenuineIntel
cpu family	: 6
model		: 58
model name	: Intel(R) Core(TM) i5-3210M CPU @ 2.50GHz
stepping	: 9
microcode	: 0x15
cpu MHz		: 1628.112
cache size	: 3072 KB
physical id	: 0
siblings	: 4
core id		: 1
cpu cores	: 2
apicid		: 2
initial apicid	: 2
fpu		: yes
fpu_exception	: yes
cpuid level	: 13
wp		: yes
flags		: fpu vme de pse tsc msr pae mce cx8 apic sep mtrr pge mca cmov pat pse36 clflush dts acpi mmx fxsr sse sse2 ss ht tm pbe syscall nx rdtscp lm constant_tsc arch_perfmon pebs bts rep_good nopl xtopology nonstop_tsc aperfmperf pni pclmulqdq dtes64 monitor ds_cpl vmx est tm2 ssse3 cx16 xtpr pdcm pcid sse4_1 sse4_2 x2apic popcnt tsc_deadline_timer aes xsave avx f16c rdrand lahf_lm epb tpr_shadow vnmi flexpriority ept vpid fsgsbase smep erms xsaveopt dtherm ida arat pln pts
bugs		:
bogomips	: 4988.88
clflush size	: 64
cache_alignment	: 64
address sizes	: 36 bits physical, 48 bits virtual
power management:

processor	: 3
vendor_id	: GenuineIntel
cpu family	: 6
model		: 58
model name	: Intel(R) Core(TM) i5-3210M CPU @ 2.50GHz
stepping	: 9
microcode	: 0x15
cpu MHz		: 1316.986
cache size	: 3072 KB
physical id	: 0
siblings	: 4
core id		: 1
cpu cores	: 2
apicid		: 3
initial apicid	: 3
fpu		: yes
fpu_exception	: yes
cpuid level	: 13
wp		: yes
flags		: fpu vme de pse tsc msr pae mce cx8 apic sep mtrr pge mca cmov pat pse36 clflush dts acpi mmx fxsr sse sse2 ss ht tm pbe syscall nx rdtscp lm constant_tsc arch_perfmon pebs bts rep_good nopl xtopology nonstop_tsc aperfmperf pni pclmulqdq dtes64 monitor ds_cpl vmx est tm2 ssse3 cx16 xtpr pdcm pcid sse4_1 sse4_2 x2apic popcnt tsc_deadline_timer aes xsave avx f16c rdrand lahf_lm epb tpr_shadow vnmi flexpriority ept vpid fsgsbase smep erms xsaveopt dtherm ida arat pln pts
bugs		:
bogomips	: 4988.88
clflush size	: 64
cache_alignment	: 64
address sizes	: 36 bits physical, 48 bits virtual
power management:



Memory: 4k page, physical 7986184k(292320k free), swap 4097020k(4038200k free)

vm_info: Java HotSpot(TM) 64-Bit Server VM (25.152-b16) for linux-amd64 JRE (1.8.0_152-b16), built on Sep 14 2017 02:16:14 by "java_re" with gcc 4.3.0 20080428 (Red Hat 4.3.0-8)

time: Thu Jan 18 17:25:08 2018
elapsed time: 1848 seconds (0d 0h 30m 48s)

