#
# A fatal error has been detected by the Java Runtime Environment:
#
#  SIGSEGV (0xb) at pc=0x00007fa5787ee880, pid=16654, tid=0x00007fa50cbd9700
#
# JRE version: Java(TM) SE Runtime Environment (8.0_152-b16) (build 1.8.0_152-b16)
# Java VM: Java HotSpot(TM) 64-Bit Server VM (25.152-b16 mixed mode linux-amd64 compressed oops)
# Problematic frame:
# C  [libarcsoft_fsdk_face_recognition.so+0x2e880]
#
# Failed to write core dump. Core dumps have been disabled. To enable core dumping, try "ulimit -c unlimited" before starting Java again
#
# If you would like to submit a bug report, please visit:
#   http://bugreport.java.com/bugreport/crash.jsp
#

---------------  T H R E A D  ---------------

Current thread is native thread

siginfo: si_signo: 11 (SIGSEGV), si_code: 2 (SEGV_ACCERR), si_addr: 0x00007fa574080330

Registers:
RAX=0x00007fa574080330, RBX=0x00007fa4c27e5620, RCX=0x000000000000a749, RDX=0x0000000000004880
RSP=0x00007fa50cbd8e98, RBP=0x00000000003a6df6, RSI=0x000000000000004b, RDI=0x000000000000004b
R8 =0x0000000002b87c38, R9 =0x00007fa50cbda84a, R10=0x000000000000711a, R11=0x00007fa50cbee10a
R12=0x00000000000001b8, R13=0x00000000fffff0ce, R14=0x00007fa4c27da960, R15=0x0000000000020775
RIP=0x00007fa5787ee880, EFLAGS=0x0000000000010202, CSGSFS=0x002b000000000033, ERR=0x0000000000000004
  TRAPNO=0x000000000000000e

Top of Stack: (sp=0x00007fa50cbd8e98)
0x00007fa50cbd8e98:   0000000100000280 0000000000000000
0x00007fa50cbd8ea8:   0000000000000000 0000000000000000
0x00007fa50cbd8eb8:   00007fa579faf6c0 0000000000000000
0x00007fa50cbd8ec8:   ffec2688003b05ea 0000000000000000
0x00007fa50cbd8ed8:   00007fa50cce2d20 00007fa50cce2d70
0x00007fa50cbd8ee8:   00007fa50cce2d48 00007fa50cce2da0
0x00007fa50cbd8ef8:   00007fa5787e4970 00007fa4c27da9a0
0x00007fa50cbd8f08:   00007fa5787f267f 0000000000000000
0x00007fa50cbd8f18:   0000000000000000 0000000000000000
0x00007fa50cbd8f28:   0000000000000000 0000000000000000
0x00007fa50cbd8f38:   0000000000000000 00007fa5a869a59f
0x00007fa50cbd8f48:   00007fa50cbd99c0 0000000000000001
0x00007fa50cbd8f58:   00007fa5a82946ba 0000000000000000
0x00007fa50cbd8f68:   00007fa50cbd9700 00007fa50cbd9700
0x00007fa50cbd8f78:   21c103211a7f098d 0000000000000000
0x00007fa50cbd8f88:   00007fa5a869a59f 00007fa50cbd99c0
0x00007fa50cbd8f98:   0000000000000001 de8b1a5a04bf098d
0x00007fa50cbd8fa8:   de8a53739685098d 0000000000000000
0x00007fa50cbd8fb8:   0000000000000000 0000000000000000
0x00007fa50cbd8fc8:   0000000000000000 0000000000000000
0x00007fa50cbd8fd8:   0000000000000000 0000000000000000
0x00007fa50cbd8fe8:   0000000000000000 00007fa50cbd9700
0x00007fa50cbd8ff8:   00007fa5a7bb03dd 0000000000000000
0x00007fa50cbd9008:   0000000000000000 0000000000000000
0x00007fa50cbd9018:   0000000000000000 0000000000000000
0x00007fa50cbd9028:   0000000000000000 0000000000000000
0x00007fa50cbd9038:   0000000000000000 0000000000000000
0x00007fa50cbd9048:   0000000000000000 0000000000000000
0x00007fa50cbd9058:   0000000000000000 0000000000000000
0x00007fa50cbd9068:   0000000000000000 0000000000000000
0x00007fa50cbd9078:   0000000000000000 0000000000000000
0x00007fa50cbd9088:   0000000000000000 0000000000000000 

Instructions: (pc=0x00007fa5787ee880)
0x00007fa5787ee860:   d8 c1 fa 11 0f af 54 24 b8 48 63 d2 48 01 d0 48
0x00007fa5787ee870:   03 44 24 d0 81 3b 01 08 00 00 0f 84 e0 00 00 00
0x00007fa5787ee880:   0f b6 10 0f b6 48 01 89 f8 d1 e9 d1 ea c1 f8 04
0x00007fa5787ee890:   48 83 7c 24 20 00 0f 84 94 00 00 00 c1 e0 07 48 

Register to memory mapping:

RAX=0x00007fa574080330 is an unknown value
RBX=0x00007fa4c27e5620 is pointing into the stack for thread: 0x00007fa4e0047000
RCX=0x000000000000a749 is an unknown value
RDX=0x0000000000004880 is an unknown value
RSP=0x00007fa50cbd8e98 is an unknown value
RBP=0x00000000003a6df6 is an unknown value
RSI=0x000000000000004b is an unknown value
RDI=0x000000000000004b is an unknown value
R8 =0x0000000002b87c38 is an unknown value
R9 =0x00007fa50cbda84a is an unknown value
R10=0x000000000000711a is an unknown value
R11=0x00007fa50cbee10a is an unknown value
R12=0x00000000000001b8 is an unknown value
R13=0x00000000fffff0ce is an unallocated location in the heap
R14=0x00007fa4c27da960 is pointing into the stack for thread: 0x00007fa4e0047000
R15=0x0000000000020775 is an unknown value


Stack: [0x00007fa50c3d9000,0x00007fa50cbda000],  sp=0x00007fa50cbd8e98,  free space=8191k
Native frames: (J=compiled Java code, j=interpreted, Vv=VM code, C=native code)
C  [libarcsoft_fsdk_face_recognition.so+0x2e880]


---------------  P R O C E S S  ---------------

VM state:not at safepoint (normal execution)

VM Mutex/Monitor currently owned by a thread: None

Heap:
 PSYoungGen      total 67584K, used 52195K [0x00000000d7600000, 0x00000000dfc00000, 0x0000000100000000)
  eden space 62464K, 75% used [0x00000000d7600000,0x00000000da3fab08,0x00000000db300000)
  from space 5120K, 99% used [0x00000000db300000,0x00000000db7fe3b0,0x00000000db800000)
  to   space 6144K, 0% used [0x00000000df600000,0x00000000df600000,0x00000000dfc00000)
 ParOldGen       total 83456K, used 961K [0x0000000086200000, 0x000000008b380000, 0x00000000d7600000)
  object space 83456K, 1% used [0x0000000086200000,0x00000000862f05e8,0x000000008b380000)
 Metaspace       used 9604K, capacity 9748K, committed 9856K, reserved 1058816K
  class space    used 1025K, capacity 1092K, committed 1152K, reserved 1048576K

Card table byte_map: [0x00007fa5a4d6b000,0x00007fa5a513b000] byte_map_base: 0x00007fa5a493a000

Marking Bits: (ParMarkBitMap*) 0x00007fa5a7a7c1a0
 Begin Bits: [0x00007fa588310000, 0x00007fa58a188000)
 End Bits:   [0x00007fa58a188000, 0x00007fa58c000000)

Polling page: 0x00007fa5a86cc000

CodeCache: size=245760Kb used=3651Kb max_used=3651Kb free=242108Kb
 bounds [0x00007fa591000000, 0x00007fa5913a0000, 0x00007fa5a0000000]
 total_blobs=1269 nmethods=872 adapters=311
 compilation: enabled

Compilation events (10 events):
Event: 39.854 Thread 0x00007fa5a0265000 nmethod 863 0x00007fa591385310 code [0x00007fa5913854a0, 0x00007fa591385938]
Event: 39.854 Thread 0x00007fa5a0265000  864   !   3       com.sun.jna.PointerType::fromNative (89 bytes)
Event: 39.855 Thread 0x00007fa5a0265000 nmethod 864 0x00007fa591385a90 code [0x00007fa591385d80, 0x00007fa5913875c8]
Event: 39.855 Thread 0x00007fa5a0265000  866   !   3       com.sun.jna.Structure::read (192 bytes)
Event: 39.856 Thread 0x00007fa5a0265000 nmethod 866 0x00007fa5913880d0 code [0x00007fa591388540, 0x00007fa59138b3e8]
Event: 39.856 Thread 0x00007fa5a0265000  865       3       com.sun.jna.PointerType::equals (50 bytes)
Event: 39.857 Thread 0x00007fa5a0265000 nmethod 865 0x00007fa59138c190 code [0x00007fa59138c320, 0x00007fa59138c8e8]
Event: 39.857 Thread 0x00007fa5a0262800  867   !   4       java.util.WeakHashMap::expungeStaleEntries (139 bytes)
Event: 39.868 Thread 0x00007fa5a0262800 nmethod 867 0x00007fa591390410 code [0x00007fa5913905a0, 0x00007fa591390ff8]
Event: 40.449 Thread 0x00007fa5a0265000  870       3       sun.reflect.UnsafeIntegerFieldAccessorImpl::set (136 bytes)

GC Heap History (10 events):
Event: 0.994 GC heap before
{Heap before GC invocations=1 (full 0):
 PSYoungGen      total 36352K, used 31218K [0x00000000d7600000, 0x00000000d9e80000, 0x0000000100000000)
  eden space 31232K, 99% used [0x00000000d7600000,0x00000000d947c9e8,0x00000000d9480000)
  from space 5120K, 0% used [0x00000000d9980000,0x00000000d9980000,0x00000000d9e80000)
  to   space 5120K, 0% used [0x00000000d9480000,0x00000000d9480000,0x00000000d9980000)
 ParOldGen       total 83456K, used 0K [0x0000000086200000, 0x000000008b380000, 0x00000000d7600000)
  object space 83456K, 0% used [0x0000000086200000,0x0000000086200000,0x000000008b380000)
 Metaspace       used 8926K, capacity 9102K, committed 9344K, reserved 1056768K
  class space    used 968K, capacity 1027K, committed 1152K, reserved 1048576K
Event: 1.000 GC heap after
Heap after GC invocations=1 (full 0):
 PSYoungGen      total 36352K, used 5113K [0x00000000d7600000, 0x00000000d9e80000, 0x0000000100000000)
  eden space 31232K, 0% used [0x00000000d7600000,0x00000000d7600000,0x00000000d9480000)
  from space 5120K, 99% used [0x00000000d9480000,0x00000000d997e550,0x00000000d9980000)
  to   space 5120K, 0% used [0x00000000d9980000,0x00000000d9980000,0x00000000d9e80000)
 ParOldGen       total 83456K, used 937K [0x0000000086200000, 0x000000008b380000, 0x00000000d7600000)
  object space 83456K, 1% used [0x0000000086200000,0x00000000862ea5e8,0x000000008b380000)
 Metaspace       used 8926K, capacity 9102K, committed 9344K, reserved 1056768K
  class space    used 968K, capacity 1027K, committed 1152K, reserved 1048576K
}
Event: 1.147 GC heap before
{Heap before GC invocations=2 (full 0):
 PSYoungGen      total 36352K, used 36345K [0x00000000d7600000, 0x00000000d9e80000, 0x0000000100000000)
  eden space 31232K, 100% used [0x00000000d7600000,0x00000000d9480000,0x00000000d9480000)
  from space 5120K, 99% used [0x00000000d9480000,0x00000000d997e550,0x00000000d9980000)
  to   space 5120K, 0% used [0x00000000d9980000,0x00000000d9980000,0x00000000d9e80000)
 ParOldGen       total 83456K, used 937K [0x0000000086200000, 0x000000008b380000, 0x00000000d7600000)
  object space 83456K, 1% used [0x0000000086200000,0x00000000862ea5e8,0x000000008b380000)
 Metaspace       used 9018K, capacity 9166K, committed 9344K, reserved 1056768K
  class space    used 980K, capacity 1027K, committed 1152K, reserved 1048576K
Event: 1.153 GC heap after
Heap after GC invocations=2 (full 0):
 PSYoungGen      total 36352K, used 3504K [0x00000000d7600000, 0x00000000dbd00000, 0x0000000100000000)
  eden space 31232K, 0% used [0x00000000d7600000,0x00000000d7600000,0x00000000d9480000)
  from space 5120K, 68% used [0x00000000d9980000,0x00000000d9cec280,0x00000000d9e80000)
  to   space 5120K, 0% used [0x00000000d9480000,0x00000000d9480000,0x00000000d9980000)
 ParOldGen       total 83456K, used 945K [0x0000000086200000, 0x000000008b380000, 0x00000000d7600000)
  object space 83456K, 1% used [0x0000000086200000,0x00000000862ec5e8,0x000000008b380000)
 Metaspace       used 9018K, capacity 9166K, committed 9344K, reserved 1056768K
  class space    used 980K, capacity 1027K, committed 1152K, reserved 1048576K
}
Event: 1.282 GC heap before
{Heap before GC invocations=3 (full 0):
 PSYoungGen      total 36352K, used 34736K [0x00000000d7600000, 0x00000000dbd00000, 0x0000000100000000)
  eden space 31232K, 100% used [0x00000000d7600000,0x00000000d9480000,0x00000000d9480000)
  from space 5120K, 68% used [0x00000000d9980000,0x00000000d9cec280,0x00000000d9e80000)
  to   space 5120K, 0% used [0x00000000d9480000,0x00000000d9480000,0x00000000d9980000)
 ParOldGen       total 83456K, used 945K [0x0000000086200000, 0x000000008b380000, 0x00000000d7600000)
  object space 83456K, 1% used [0x0000000086200000,0x00000000862ec5e8,0x000000008b380000)
 Metaspace       used 9081K, capacity 9294K, committed 9600K, reserved 1058816K
  class space    used 980K, capacity 1027K, committed 1152K, reserved 1048576K
Event: 1.306 GC heap after
Heap after GC invocations=3 (full 0):
 PSYoungGen      total 36352K, used 4968K [0x00000000d7600000, 0x00000000dbd00000, 0x0000000100000000)
  eden space 31232K, 0% used [0x00000000d7600000,0x00000000d7600000,0x00000000d9480000)
  from space 5120K, 97% used [0x00000000d9480000,0x00000000d995a3e0,0x00000000d9980000)
  to   space 5120K, 0% used [0x00000000db800000,0x00000000db800000,0x00000000dbd00000)
 ParOldGen       total 83456K, used 953K [0x0000000086200000, 0x000000008b380000, 0x00000000d7600000)
  object space 83456K, 1% used [0x0000000086200000,0x00000000862ee5e8,0x000000008b380000)
 Metaspace       used 9081K, capacity 9294K, committed 9600K, reserved 1058816K
  class space    used 980K, capacity 1027K, committed 1152K, reserved 1048576K
}
Event: 1.438 GC heap before
{Heap before GC invocations=4 (full 0):
 PSYoungGen      total 36352K, used 36187K [0x00000000d7600000, 0x00000000dbd00000, 0x0000000100000000)
  eden space 31232K, 99% used [0x00000000d7600000,0x00000000d947cb98,0x00000000d9480000)
  from space 5120K, 97% used [0x00000000d9480000,0x00000000d995a3e0,0x00000000d9980000)
  to   space 5120K, 0% used [0x00000000db800000,0x00000000db800000,0x00000000dbd00000)
 ParOldGen       total 83456K, used 953K [0x0000000086200000, 0x000000008b380000, 0x00000000d7600000)
  object space 83456K, 1% used [0x0000000086200000,0x00000000862ee5e8,0x000000008b380000)
 Metaspace       used 9148K, capacity 9294K, committed 9600K, reserved 1058816K
  class space    used 980K, capacity 1027K, committed 1152K, reserved 1048576K
Event: 1.455 GC heap after
Heap after GC invocations=4 (full 0):
 PSYoungGen      total 67584K, used 4343K [0x00000000d7600000, 0x00000000dbd00000, 0x0000000100000000)
  eden space 62464K, 0% used [0x00000000d7600000,0x00000000d7600000,0x00000000db300000)
  from space 5120K, 84% used [0x00000000db800000,0x00000000dbc3dfb0,0x00000000dbd00000)
  to   space 5120K, 0% used [0x00000000db300000,0x00000000db300000,0x00000000db800000)
 ParOldGen       total 83456K, used 961K [0x0000000086200000, 0x000000008b380000, 0x00000000d7600000)
  object space 83456K, 1% used [0x0000000086200000,0x00000000862f05e8,0x000000008b380000)
 Metaspace       used 9148K, capacity 9294K, committed 9600K, reserved 1058816K
  class space    used 980K, capacity 1027K, committed 1152K, reserved 1048576K
}
Event: 1.706 GC heap before
{Heap before GC invocations=5 (full 0):
 PSYoungGen      total 67584K, used 66807K [0x00000000d7600000, 0x00000000dbd00000, 0x0000000100000000)
  eden space 62464K, 100% used [0x00000000d7600000,0x00000000db300000,0x00000000db300000)
  from space 5120K, 84% used [0x00000000db800000,0x00000000dbc3dfb0,0x00000000dbd00000)
  to   space 5120K, 0% used [0x00000000db300000,0x00000000db300000,0x00000000db800000)
 ParOldGen       total 83456K, used 961K [0x0000000086200000, 0x000000008b380000, 0x00000000d7600000)
  object space 83456K, 1% used [0x0000000086200000,0x00000000862f05e8,0x000000008b380000)
 Metaspace       used 9234K, capacity 9364K, committed 9600K, reserved 1058816K
  class space    used 981K, capacity 1028K, committed 1152K, reserved 1048576K
Event: 1.729 GC heap after
Heap after GC invocations=5 (full 0):
 PSYoungGen      total 67584K, used 5112K [0x00000000d7600000, 0x00000000dfc00000, 0x0000000100000000)
  eden space 62464K, 0% used [0x00000000d7600000,0x00000000d7600000,0x00000000db300000)
  from space 5120K, 99% used [0x00000000db300000,0x00000000db7fe3b0,0x00000000db800000)
  to   space 6144K, 0% used [0x00000000df600000,0x00000000df600000,0x00000000dfc00000)
 ParOldGen       total 83456K, used 961K [0x0000000086200000, 0x000000008b380000, 0x00000000d7600000)
  object space 83456K, 1% used [0x0000000086200000,0x00000000862f05e8,0x000000008b380000)
 Metaspace       used 9234K, capacity 9364K, committed 9600K, reserved 1058816K
  class space    used 981K, capacity 1028K, committed 1152K, reserved 1048576K
}

Deoptimization events (3 events):
Event: 0.800 Thread 0x00007fa5a000c000 Uncommon trap: reason=unstable_if action=reinterpret pc=0x00007fa5912044d4 method=java.lang.String.lastIndexOf([CII[CIII)I @ 66
Event: 0.907 Thread 0x00007fa5a000c000 Uncommon trap: reason=unstable_if action=reinterpret pc=0x00007fa59120e324 method=java.lang.String.replace(CC)Ljava/lang/String; @ 26
Event: 5.179 Thread 0x00007fa5a02d4800 Uncommon trap: reason=unstable_if action=reinterpret pc=0x00007fa59122a988 method=java.util.zip.ZipCoder.getBytes(Ljava/lang/String;)[B @ 32

Classes redefined (0 events):
No events

Internal exceptions (8 events):
Event: 0.052 Thread 0x00007fa5a000c000 Exception <a 'java/lang/NoSuchMethodError': Method sun.misc.Unsafe.defineClass(Ljava/lang/String;[BII)Ljava/lang/Class; name or signature does not match> (0x00000000d7607ca8) thrown at [/HUDSON/workspace/8-2-build-linux-amd64/jdk8u152/9742/hotspot/src/sha
Event: 0.052 Thread 0x00007fa5a000c000 Exception <a 'java/lang/NoSuchMethodError': Method sun.misc.Unsafe.prefetchRead(Ljava/lang/Object;J)V name or signature does not match> (0x00000000d7607f90) thrown at [/HUDSON/workspace/8-2-build-linux-amd64/jdk8u152/9742/hotspot/src/share/vm/prims/jni.cp
Event: 0.177 Thread 0x00007fa5a02d4800 Exception <a 'java/security/PrivilegedActionException'> (0x00000000d79bd5f8) thrown at [/HUDSON/workspace/8-2-build-linux-amd64/jdk8u152/9742/hotspot/src/share/vm/prims/jvm.cpp, line 1390]
Event: 0.177 Thread 0x00007fa5a02d4800 Exception <a 'java/security/PrivilegedActionException'> (0x00000000d79bd808) thrown at [/HUDSON/workspace/8-2-build-linux-amd64/jdk8u152/9742/hotspot/src/share/vm/prims/jvm.cpp, line 1390]
Event: 0.178 Thread 0x00007fa5a02d4800 Exception <a 'java/security/PrivilegedActionException'> (0x00000000d79bfb30) thrown at [/HUDSON/workspace/8-2-build-linux-amd64/jdk8u152/9742/hotspot/src/share/vm/prims/jvm.cpp, line 1390]
Event: 0.178 Thread 0x00007fa5a02d4800 Exception <a 'java/security/PrivilegedActionException'> (0x00000000d79bfd40) thrown at [/HUDSON/workspace/8-2-build-linux-amd64/jdk8u152/9742/hotspot/src/share/vm/prims/jvm.cpp, line 1390]
Event: 0.854 Thread 0x00007fa5a000c000 Exception <a 'java/lang/NoSuchFieldError': method resolution failed> (0x00000000d8aef4c8) thrown at [/HUDSON/workspace/8-2-build-linux-amd64/jdk8u152/9742/hotspot/src/share/vm/prims/methodHandles.cpp, line 1167]
Event: 0.857 Thread 0x00007fa5a000c000 Exception <a 'java/lang/NoSuchFieldError': method resolution failed> (0x00000000d8afd458) thrown at [/HUDSON/workspace/8-2-build-linux-amd64/jdk8u152/9742/hotspot/src/share/vm/prims/methodHandles.cpp, line 1167]

Events (10 events):
Event: 38.953 Thread 0x00007fa568007000 Thread added: 0x00007fa568007000
Event: 38.960 Executing VM operation: RevokeBias
Event: 38.960 Executing VM operation: RevokeBias done
Event: 38.960 Thread 0x00007fa568007000 Thread exited: 0x00007fa568007000
Event: 39.187 Thread 0x00007fa4e0046000 Thread added: 0x00007fa4e0046000
Event: 39.859 Thread 0x00007fa570072000 Thread added: 0x00007fa570072000
Event: 39.863 Executing VM operation: RevokeBias
Event: 39.863 Executing VM operation: RevokeBias done
Event: 39.863 Thread 0x00007fa570072000 Thread exited: 0x00007fa570072000
Event: 39.989 Thread 0x00007fa4e0047000 Thread added: 0x00007fa4e0047000


Dynamic libraries:
00400000-00401000 r-xp 00000000 08:17 3810873                            /usr/local/jdk1.8.0_152/bin/java
00600000-00601000 rw-p 00000000 08:17 3810873                            /usr/local/jdk1.8.0_152/bin/java
01b18000-01b39000 rw-p 00000000 00:00 0                                  [heap]
86200000-8b380000 rw-p 00000000 00:00 0 
8b380000-d7600000 ---p 00000000 00:00 0 
d7600000-dfc00000 rw-p 00000000 00:00 0 
dfc00000-100000000 ---p 00000000 00:00 0 
100000000-100120000 rw-p 00000000 00:00 0 
100120000-140000000 ---p 00000000 00:00 0 
7fa4b0000000-7fa4b0021000 rw-p 00000000 00:00 0 
7fa4b0021000-7fa4b4000000 ---p 00000000 00:00 0 
7fa4b8000000-7fa4b8021000 rw-p 00000000 00:00 0 
7fa4b8021000-7fa4bc000000 ---p 00000000 00:00 0 
7fa4bc000000-7fa4bc021000 rw-p 00000000 00:00 0 
7fa4bc021000-7fa4c0000000 ---p 00000000 00:00 0 
7fa4c26e7000-7fa4c26ea000 ---p 00000000 00:00 0 
7fa4c26ea000-7fa4c27e8000 rw-p 00000000 00:00 0 
7fa4c27e8000-7fa4c27eb000 ---p 00000000 00:00 0 
7fa4c27eb000-7fa4c28e9000 rw-p 00000000 00:00 0 
7fa4c28e9000-7fa4c28ec000 ---p 00000000 00:00 0 
7fa4c28ec000-7fa4c29ea000 rw-p 00000000 00:00 0 
7fa4c29ea000-7fa4c29ed000 ---p 00000000 00:00 0 
7fa4c29ed000-7fa4c2aeb000 rw-p 00000000 00:00 0 
7fa4c2aeb000-7fa4c2aee000 ---p 00000000 00:00 0 
7fa4c2aee000-7fa4c2bec000 rw-p 00000000 00:00 0 
7fa4c2bec000-7fa4c2bef000 ---p 00000000 00:00 0 
7fa4c2bef000-7fa4c2ced000 rw-p 00000000 00:00 0 
7fa4c2ced000-7fa4c2cf0000 ---p 00000000 00:00 0 
7fa4c2cf0000-7fa4c2dee000 rw-p 00000000 00:00 0 
7fa4c2dee000-7fa4c2df1000 ---p 00000000 00:00 0 
7fa4c2df1000-7fa4c2eef000 rw-p 00000000 00:00 0 
7fa4c2eef000-7fa4c2ef2000 ---p 00000000 00:00 0 
7fa4c2ef2000-7fa4c2ff0000 rw-p 00000000 00:00 0 
7fa4c2ff0000-7fa4c2ff3000 ---p 00000000 00:00 0 
7fa4c2ff3000-7fa4c30f1000 rw-p 00000000 00:00 0 
7fa4c30f1000-7fa4c30f4000 ---p 00000000 00:00 0 
7fa4c30f4000-7fa4c31f2000 rw-p 00000000 00:00 0 
7fa4c31f2000-7fa4c31f5000 ---p 00000000 00:00 0 
7fa4c31f5000-7fa4c32f3000 rw-p 00000000 00:00 0 
7fa4c32f3000-7fa4c32f6000 ---p 00000000 00:00 0 
7fa4c32f6000-7fa4c33f4000 rw-p 00000000 00:00 0 
7fa4c33f4000-7fa4c33f7000 ---p 00000000 00:00 0 
7fa4c33f7000-7fa4c34f5000 rw-p 00000000 00:00 0 
7fa4c34f5000-7fa4c34f8000 ---p 00000000 00:00 0 
7fa4c34f8000-7fa4c35f6000 rw-p 00000000 00:00 0 
7fa4c35f6000-7fa4c35f9000 ---p 00000000 00:00 0 
7fa4c35f9000-7fa4c36f7000 rw-p 00000000 00:00 0 
7fa4c36f7000-7fa4c36fa000 ---p 00000000 00:00 0 
7fa4c36fa000-7fa4c37f8000 rw-p 00000000 00:00 0 
7fa4c37f8000-7fa4c37fb000 ---p 00000000 00:00 0 
7fa4c37fb000-7fa4c38f9000 rw-p 00000000 00:00 0 
7fa4c38f9000-7fa4c38fc000 ---p 00000000 00:00 0 
7fa4c38fc000-7fa4c39fa000 rw-p 00000000 00:00 0 
7fa4c39fa000-7fa4c39fd000 ---p 00000000 00:00 0 
7fa4c39fd000-7fa4c3afb000 rw-p 00000000 00:00 0 
7fa4c3afb000-7fa4c3afe000 ---p 00000000 00:00 0 
7fa4c3afe000-7fa4c3bfc000 rw-p 00000000 00:00 0 
7fa4c3bfc000-7fa4c3bff000 ---p 00000000 00:00 0 
7fa4c3bff000-7fa4c3cfd000 rw-p 00000000 00:00 0 
7fa4c3cfd000-7fa4c3d00000 ---p 00000000 00:00 0 
7fa4c3d00000-7fa4c3dfe000 rw-p 00000000 00:00 0 
7fa4c3dfe000-7fa4c3e01000 ---p 00000000 00:00 0 
7fa4c3e01000-7fa4c3eff000 rw-p 00000000 00:00 0 
7fa4c3eff000-7fa4c3f02000 ---p 00000000 00:00 0 
7fa4c3f02000-7fa4c4000000 rw-p 00000000 00:00 0 
7fa4c4000000-7fa4c4021000 rw-p 00000000 00:00 0 
7fa4c4021000-7fa4c8000000 ---p 00000000 00:00 0 
7fa4c8000000-7fa4c8021000 rw-p 00000000 00:00 0 
7fa4c8021000-7fa4cc000000 ---p 00000000 00:00 0 
7fa4cc000000-7fa4cc021000 rw-p 00000000 00:00 0 
7fa4cc021000-7fa4d0000000 ---p 00000000 00:00 0 
7fa4d0000000-7fa4d0021000 rw-p 00000000 00:00 0 
7fa4d0021000-7fa4d4000000 ---p 00000000 00:00 0 
7fa4d4000000-7fa4d4021000 rw-p 00000000 00:00 0 
7fa4d4021000-7fa4d8000000 ---p 00000000 00:00 0 
7fa4d8000000-7fa4d8021000 rw-p 00000000 00:00 0 
7fa4d8021000-7fa4dc000000 ---p 00000000 00:00 0 
7fa4dc000000-7fa4dc02b000 rw-p 00000000 00:00 0 
7fa4dc02b000-7fa4e0000000 ---p 00000000 00:00 0 
7fa4e0000000-7fa4e0048000 rw-p 00000000 00:00 0 
7fa4e0048000-7fa4e4000000 ---p 00000000 00:00 0 
7fa4e4000000-7fa4e4021000 rw-p 00000000 00:00 0 
7fa4e4021000-7fa4e8000000 ---p 00000000 00:00 0 
7fa4e80a0000-7fa4e80a3000 ---p 00000000 00:00 0 
7fa4e80a3000-7fa4e81a1000 rw-p 00000000 00:00 0 
7fa4e81a1000-7fa4e81a4000 ---p 00000000 00:00 0 
7fa4e81a4000-7fa4e82a2000 rw-p 00000000 00:00 0 
7fa4e82a2000-7fa4e82a5000 ---p 00000000 00:00 0 
7fa4e82a5000-7fa4e97a4000 rw-p 00000000 00:00 0 
7fa4e97a4000-7fa4e97a5000 ---p 00000000 00:00 0 
7fa4e97a5000-7fa4e9fa5000 rw-p 00000000 00:00 0 
7fa4e9fa5000-7fa4e9fa6000 ---p 00000000 00:00 0 
7fa4e9fa6000-7fa4ea7a6000 rw-p 00000000 00:00 0 
7fa4ea7a6000-7fa4ea7a7000 ---p 00000000 00:00 0 
7fa4ea7a7000-7fa4eafa7000 rw-p 00000000 00:00 0 
7fa4eafa7000-7fa4eafa8000 ---p 00000000 00:00 0 
7fa4eafa8000-7fa4eb7a8000 rw-p 00000000 00:00 0 
7fa4eb7a8000-7fa4eb7a9000 ---p 00000000 00:00 0 
7fa4eb7a9000-7fa4ebfa9000 rw-p 00000000 00:00 0 
7fa4ebfa9000-7fa4ebfaa000 ---p 00000000 00:00 0 
7fa4ebfaa000-7fa4ec7aa000 rw-p 00000000 00:00 0 
7fa4ec7aa000-7fa4ec7ab000 ---p 00000000 00:00 0 
7fa4ec7ab000-7fa4ecfab000 rw-p 00000000 00:00 0 
7fa4ecfab000-7fa4ecfac000 ---p 00000000 00:00 0 
7fa4ecfac000-7fa4ed7ac000 rw-p 00000000 00:00 0 
7fa4ed7ac000-7fa4ed7ad000 ---p 00000000 00:00 0 
7fa4ed7ad000-7fa4edfad000 rw-p 00000000 00:00 0 
7fa4edfad000-7fa4edfae000 ---p 00000000 00:00 0 
7fa4edfae000-7fa4ee7ae000 rw-p 00000000 00:00 0 
7fa4ee7ae000-7fa4ee7af000 ---p 00000000 00:00 0 
7fa4ee7af000-7fa4eefaf000 rw-p 00000000 00:00 0 
7fa4eefaf000-7fa4eefb0000 ---p 00000000 00:00 0 
7fa4eefb0000-7fa4f33b2000 rw-p 00000000 00:00 0 
7fa4f33b2000-7fa4f33b3000 ---p 00000000 00:00 0 
7fa4f33b3000-7fa4f3bb3000 rw-p 00000000 00:00 0 
7fa4f3bb3000-7fa4f3bb4000 ---p 00000000 00:00 0 
7fa4f3bb4000-7fa4f43b4000 rw-p 00000000 00:00 0 
7fa4f43b4000-7fa4f43b5000 ---p 00000000 00:00 0 
7fa4f43b5000-7fa4f4bb5000 rw-p 00000000 00:00 0 
7fa4f4bb5000-7fa4f4bb6000 ---p 00000000 00:00 0 
7fa4f4bb6000-7fa4f53b6000 rw-p 00000000 00:00 0 
7fa4f53b6000-7fa4f53b7000 ---p 00000000 00:00 0 
7fa4f53b7000-7fa4f5bb7000 rw-p 00000000 00:00 0 
7fa4f5bb7000-7fa4f5bb8000 ---p 00000000 00:00 0 
7fa4f5bb8000-7fa4f63b8000 rw-p 00000000 00:00 0 
7fa4f63b8000-7fa4f63b9000 ---p 00000000 00:00 0 
7fa4f63b9000-7fa4f6bb9000 rw-p 00000000 00:00 0 
7fa4f6bb9000-7fa4f6bba000 ---p 00000000 00:00 0 
7fa4f6bba000-7fa4f73ba000 rw-p 00000000 00:00 0 
7fa4f73ba000-7fa4f73bb000 ---p 00000000 00:00 0 
7fa4f73bb000-7fa4f7bbb000 rw-p 00000000 00:00 0 
7fa4f7bbb000-7fa4f7bbc000 ---p 00000000 00:00 0 
7fa4f7bbc000-7fa4f83bc000 rw-p 00000000 00:00 0 
7fa4f83bc000-7fa4f83bd000 ---p 00000000 00:00 0 
7fa4f83bd000-7fa4f8bbd000 rw-p 00000000 00:00 0 
7fa4f8bbd000-7fa4f8bbe000 ---p 00000000 00:00 0 
7fa4f8bbe000-7fa4fcfc0000 rw-p 00000000 00:00 0 
7fa4fcfc0000-7fa4fcfc1000 ---p 00000000 00:00 0 
7fa4fcfc1000-7fa4fd7c1000 rw-p 00000000 00:00 0 
7fa4fd7c1000-7fa4fd7c2000 ---p 00000000 00:00 0 
7fa4fd7c2000-7fa4fdfc2000 rw-p 00000000 00:00 0 
7fa4fdfc2000-7fa4fdfc3000 ---p 00000000 00:00 0 
7fa4fdfc3000-7fa4fe7c3000 rw-p 00000000 00:00 0 
7fa4fe7c3000-7fa4fe7c4000 ---p 00000000 00:00 0 
7fa4fe7c4000-7fa4fefc4000 rw-p 00000000 00:00 0 
7fa4fefc4000-7fa4fefc5000 ---p 00000000 00:00 0 
7fa4fefc5000-7fa4ff7c5000 rw-p 00000000 00:00 0 
7fa4ff7c5000-7fa4ff7c6000 ---p 00000000 00:00 0 
7fa4ff7c6000-7fa4fffc6000 rw-p 00000000 00:00 0 
7fa4fffc6000-7fa4fffc7000 ---p 00000000 00:00 0 
7fa4fffc7000-7fa5007c7000 rw-p 00000000 00:00 0 
7fa5007c7000-7fa5007c8000 ---p 00000000 00:00 0 
7fa5007c8000-7fa500fc8000 rw-p 00000000 00:00 0 
7fa500fc8000-7fa500fc9000 ---p 00000000 00:00 0 
7fa500fc9000-7fa5017c9000 rw-p 00000000 00:00 0 
7fa5017c9000-7fa5017ca000 ---p 00000000 00:00 0 
7fa5017ca000-7fa501fca000 rw-p 00000000 00:00 0 
7fa501fca000-7fa501fcb000 ---p 00000000 00:00 0 
7fa501fcb000-7fa5027cb000 rw-p 00000000 00:00 0 
7fa5027cb000-7fa5027cc000 ---p 00000000 00:00 0 
7fa5027cc000-7fa506bce000 rw-p 00000000 00:00 0 
7fa506bce000-7fa506bcf000 ---p 00000000 00:00 0 
7fa506bcf000-7fa5073cf000 rw-p 00000000 00:00 0 
7fa5073cf000-7fa5073d0000 ---p 00000000 00:00 0 
7fa5073d0000-7fa507bd0000 rw-p 00000000 00:00 0 
7fa507bd0000-7fa507bd1000 ---p 00000000 00:00 0 
7fa507bd1000-7fa5083d1000 rw-p 00000000 00:00 0 
7fa5083d1000-7fa5083d2000 ---p 00000000 00:00 0 
7fa5083d2000-7fa508bd2000 rw-p 00000000 00:00 0 
7fa508bd2000-7fa508bd3000 ---p 00000000 00:00 0 
7fa508bd3000-7fa5093d3000 rw-p 00000000 00:00 0 
7fa5093d3000-7fa5093d4000 ---p 00000000 00:00 0 
7fa5093d4000-7fa509bd4000 rw-p 00000000 00:00 0 
7fa509bd4000-7fa509bd5000 ---p 00000000 00:00 0 
7fa509bd5000-7fa50a3d5000 rw-p 00000000 00:00 0 
7fa50a3d5000-7fa50a3d6000 ---p 00000000 00:00 0 
7fa50a3d6000-7fa50abd6000 rw-p 00000000 00:00 0 
7fa50abd6000-7fa50abd7000 ---p 00000000 00:00 0 
7fa50abd7000-7fa50b3d7000 rw-p 00000000 00:00 0 
7fa50b3d7000-7fa50b3d8000 ---p 00000000 00:00 0 
7fa50b3d8000-7fa50bbd8000 rw-p 00000000 00:00 0 
7fa50bbd8000-7fa50bbd9000 ---p 00000000 00:00 0 
7fa50bbd9000-7fa50c3d9000 rw-p 00000000 00:00 0 
7fa50c3d9000-7fa50c3da000 ---p 00000000 00:00 0 
7fa50c3da000-7fa5107dc000 rw-p 00000000 00:00 0 
7fa5107dc000-7fa5107dd000 ---p 00000000 00:00 0 
7fa5107dd000-7fa510fdd000 rw-p 00000000 00:00 0 
7fa510fdd000-7fa510fde000 ---p 00000000 00:00 0 
7fa510fde000-7fa5117de000 rw-p 00000000 00:00 0 
7fa5117de000-7fa5117df000 ---p 00000000 00:00 0 
7fa5117df000-7fa511fdf000 rw-p 00000000 00:00 0 
7fa511fdf000-7fa511fe0000 ---p 00000000 00:00 0 
7fa511fe0000-7fa5127e0000 rw-p 00000000 00:00 0 
7fa5127e0000-7fa5127e1000 ---p 00000000 00:00 0 
7fa5127e1000-7fa512fe1000 rw-p 00000000 00:00 0 
7fa512fe1000-7fa512fe2000 ---p 00000000 00:00 0 
7fa512fe2000-7fa5137e2000 rw-p 00000000 00:00 0 
7fa5137e2000-7fa5137e3000 ---p 00000000 00:00 0 
7fa5137e3000-7fa513fe3000 rw-p 00000000 00:00 0 
7fa513fe3000-7fa513fe4000 ---p 00000000 00:00 0 
7fa513fe4000-7fa5147e4000 rw-p 00000000 00:00 0 
7fa5147e4000-7fa5147e5000 ---p 00000000 00:00 0 
7fa5147e5000-7fa514fe5000 rw-p 00000000 00:00 0 
7fa514fe5000-7fa514fe6000 ---p 00000000 00:00 0 
7fa514fe6000-7fa5157e6000 rw-p 00000000 00:00 0 
7fa5157e6000-7fa5157e7000 ---p 00000000 00:00 0 
7fa5157e7000-7fa515fe7000 rw-p 00000000 00:00 0 
7fa515fe7000-7fa515fe8000 ---p 00000000 00:00 0 
7fa515fe8000-7fa51a3ea000 rw-p 00000000 00:00 0 
7fa51a3ea000-7fa51a3eb000 ---p 00000000 00:00 0 
7fa51a3eb000-7fa51abeb000 rw-p 00000000 00:00 0 
7fa51abeb000-7fa51abec000 ---p 00000000 00:00 0 
7fa51abec000-7fa51b3ec000 rw-p 00000000 00:00 0 
7fa51b3ec000-7fa51b3ed000 ---p 00000000 00:00 0 
7fa51b3ed000-7fa51bbed000 rw-p 00000000 00:00 0 
7fa51bbed000-7fa51bbee000 ---p 00000000 00:00 0 
7fa51bbee000-7fa51c3ee000 rw-p 00000000 00:00 0 
7fa51c3ee000-7fa51c3ef000 ---p 00000000 00:00 0 
7fa51c3ef000-7fa51cbef000 rw-p 00000000 00:00 0 
7fa51cbef000-7fa51cbf0000 ---p 00000000 00:00 0 
7fa51cbf0000-7fa51d3f0000 rw-p 00000000 00:00 0 
7fa51d3f0000-7fa51d3f1000 ---p 00000000 00:00 0 
7fa51d3f1000-7fa51dbf1000 rw-p 00000000 00:00 0 
7fa51dbf1000-7fa51dbf2000 ---p 00000000 00:00 0 
7fa51dbf2000-7fa51e3f2000 rw-p 00000000 00:00 0 
7fa51e3f2000-7fa51e3f3000 ---p 00000000 00:00 0 
7fa51e3f3000-7fa51ebf3000 rw-p 00000000 00:00 0 
7fa51ebf3000-7fa51ebf4000 ---p 00000000 00:00 0 
7fa51ebf4000-7fa51f3f4000 rw-p 00000000 00:00 0 
7fa51f3f4000-7fa51f3f5000 ---p 00000000 00:00 0 
7fa51f3f5000-7fa51fbf5000 rw-p 00000000 00:00 0 
7fa51fbf5000-7fa51fbf6000 ---p 00000000 00:00 0 
7fa51fbf6000-7fa523ff8000 rw-p 00000000 00:00 0 
7fa523ff8000-7fa523ff9000 ---p 00000000 00:00 0 
7fa523ff9000-7fa5247f9000 rw-p 00000000 00:00 0 
7fa5247f9000-7fa5247fa000 ---p 00000000 00:00 0 
7fa5247fa000-7fa524ffa000 rw-p 00000000 00:00 0 
7fa524ffa000-7fa524ffb000 ---p 00000000 00:00 0 
7fa524ffb000-7fa5257fb000 rw-p 00000000 00:00 0 
7fa5257fb000-7fa5257fc000 ---p 00000000 00:00 0 
7fa5257fc000-7fa525ffc000 rw-p 00000000 00:00 0 
7fa525ffc000-7fa525ffd000 ---p 00000000 00:00 0 
7fa525ffd000-7fa5267fd000 rw-p 00000000 00:00 0 
7fa5267fd000-7fa5267fe000 ---p 00000000 00:00 0 
7fa5267fe000-7fa526ffe000 rw-p 00000000 00:00 0 
7fa526ffe000-7fa526fff000 ---p 00000000 00:00 0 
7fa526fff000-7fa5277ff000 rw-p 00000000 00:00 0 
7fa5277ff000-7fa527800000 ---p 00000000 00:00 0 
7fa527800000-7fa528000000 rw-p 00000000 00:00 0 
7fa528000000-7fa528047000 rw-p 00000000 00:00 0 
7fa528047000-7fa52c000000 ---p 00000000 00:00 0 
7fa52c0f8000-7fa52c0fb000 ---p 00000000 00:00 0 
7fa52c0fb000-7fa52c1f9000 rw-p 00000000 00:00 0 
7fa52c1f9000-7fa52c1fc000 ---p 00000000 00:00 0 
7fa52c1fc000-7fa52c2fa000 rw-p 00000000 00:00 0 
7fa52c2fa000-7fa52c2fd000 ---p 00000000 00:00 0 
7fa52c2fd000-7fa52c3fb000 rw-p 00000000 00:00 0 
7fa52c3fb000-7fa52c3fe000 ---p 00000000 00:00 0 
7fa52c3fe000-7fa52c4fc000 rw-p 00000000 00:00 0 
7fa52c4fc000-7fa52c4ff000 ---p 00000000 00:00 0 
7fa52c4ff000-7fa52c67d000 rw-p 00000000 00:00 0 
7fa52c67d000-7fa52c7fd000 ---p 00000000 00:00 0 
7fa52c7fd000-7fa52c7fe000 ---p 00000000 00:00 0 
7fa52c7fe000-7fa52cffe000 rw-p 00000000 00:00 0 
7fa52cffe000-7fa52cfff000 ---p 00000000 00:00 0 
7fa52cfff000-7fa530000000 rw-p 00000000 00:00 0 
7fa530000000-7fa530047000 rw-p 00000000 00:00 0 
7fa530047000-7fa534000000 ---p 00000000 00:00 0 
7fa5340bd000-7fa5340c0000 ---p 00000000 00:00 0 
7fa5340c0000-7fa5341be000 rw-p 00000000 00:00 0 
7fa5341be000-7fa5341bf000 ---p 00000000 00:00 0 
7fa5341bf000-7fa5349bf000 rw-p 00000000 00:00 0 
7fa5349bf000-7fa5349c0000 ---p 00000000 00:00 0 
7fa5349c0000-7fa5351c0000 rw-p 00000000 00:00 0 
7fa5351c0000-7fa5351c1000 ---p 00000000 00:00 0 
7fa5351c1000-7fa5359c1000 rw-p 00000000 00:00 0 
7fa5359c1000-7fa535b01000 r-xp 00000000 08:17 99849                      /home/diamond/Documents/Controller/bin/linux-x86-64/libarcsoft_fsdk_face_detection.so
7fa535b01000-7fa535d01000 ---p 00140000 08:17 99849                      /home/diamond/Documents/Controller/bin/linux-x86-64/libarcsoft_fsdk_face_detection.so
7fa535d01000-7fa535d02000 r--p 00140000 08:17 99849                      /home/diamond/Documents/Controller/bin/linux-x86-64/libarcsoft_fsdk_face_detection.so
7fa535d02000-7fa535d03000 rw-p 00141000 08:17 99849                      /home/diamond/Documents/Controller/bin/linux-x86-64/libarcsoft_fsdk_face_detection.so
7fa535d03000-7fa537104000 rw-p 00000000 00:00 0 
7fa537104000-7fa537105000 ---p 00000000 00:00 0 
7fa537105000-7fa537905000 rw-p 00000000 00:00 0 
7fa537905000-7fa537906000 ---p 00000000 00:00 0 
7fa537906000-7fa538106000 rw-p 00000000 00:00 0 
7fa538106000-7fa538107000 ---p 00000000 00:00 0 
7fa538107000-7fa538907000 rw-p 00000000 00:00 0 
7fa538907000-7fa538908000 ---p 00000000 00:00 0 
7fa538908000-7fa539108000 rw-p 00000000 00:00 0 
7fa539108000-7fa539109000 ---p 00000000 00:00 0 
7fa539109000-7fa539909000 rw-p 00000000 00:00 0 
7fa539909000-7fa53990a000 ---p 00000000 00:00 0 
7fa53990a000-7fa53a10a000 rw-p 00000000 00:00 0 
7fa53a10a000-7fa53a10b000 ---p 00000000 00:00 0 
7fa53a10b000-7fa53a90b000 rw-p 00000000 00:00 0 
7fa53a90b000-7fa53a90c000 ---p 00000000 00:00 0 
7fa53a90c000-7fa53b10c000 rw-p 00000000 00:00 0 
7fa53b10c000-7fa53b10d000 ---p 00000000 00:00 0 
7fa53b10d000-7fa53b90d000 rw-p 00000000 00:00 0 
7fa53b90d000-7fa53b90e000 ---p 00000000 00:00 0 
7fa53b90e000-7fa53c10e000 rw-p 00000000 00:00 0 
7fa53c10e000-7fa53c10f000 ---p 00000000 00:00 0 
7fa53c10f000-7fa53c90f000 rw-p 00000000 00:00 0 
7fa53c90f000-7fa53c910000 ---p 00000000 00:00 0 
7fa53c910000-7fa53d110000 rw-p 00000000 00:00 0 
7fa53d110000-7fa53d111000 ---p 00000000 00:00 0 
7fa53d111000-7fa53d911000 rw-p 00000000 00:00 0 
7fa53d911000-7fa53d91a000 r-xp 00000000 08:17 266779                     /lib/x86_64-linux-gnu/libcrypt-2.23.so
7fa53d91a000-7fa53db19000 ---p 00009000 08:17 266779                     /lib/x86_64-linux-gnu/libcrypt-2.23.so
7fa53db19000-7fa53db1a000 r--p 00008000 08:17 266779                     /lib/x86_64-linux-gnu/libcrypt-2.23.so
7fa53db1a000-7fa53db1b000 rw-p 00009000 08:17 266779                     /lib/x86_64-linux-gnu/libcrypt-2.23.so
7fa53db1b000-7fa53db49000 rw-p 00000000 00:00 0 
7fa53db49000-7fa53db90000 r-xp 00000000 08:17 3810210                    /usr/lib/x86_64-linux-gnu/libhx509.so.5.0.0
7fa53db90000-7fa53dd8f000 ---p 00047000 08:17 3810210                    /usr/lib/x86_64-linux-gnu/libhx509.so.5.0.0
7fa53dd8f000-7fa53dd91000 r--p 00046000 08:17 3810210                    /usr/lib/x86_64-linux-gnu/libhx509.so.5.0.0
7fa53dd91000-7fa53dd93000 rw-p 00048000 08:17 3810210                    /usr/lib/x86_64-linux-gnu/libhx509.so.5.0.0
7fa53dd93000-7fa53dd94000 rw-p 00000000 00:00 0 
7fa53dd94000-7fa53dda2000 r-xp 00000000 08:17 3810192                    /usr/lib/x86_64-linux-gnu/libheimbase.so.1.0.0
7fa53dda2000-7fa53dfa1000 ---p 0000e000 08:17 3810192                    /usr/lib/x86_64-linux-gnu/libheimbase.so.1.0.0
7fa53dfa1000-7fa53dfa2000 r--p 0000d000 08:17 3810192                    /usr/lib/x86_64-linux-gnu/libheimbase.so.1.0.0
7fa53dfa2000-7fa53dfa3000 rw-p 0000e000 08:17 3810192                    /usr/lib/x86_64-linux-gnu/libheimbase.so.1.0.0
7fa53dfa3000-7fa53dfca000 r-xp 00000000 08:17 3810867                    /usr/lib/x86_64-linux-gnu/libwind.so.0.0.0
7fa53dfca000-7fa53e1ca000 ---p 00027000 08:17 3810867                    /usr/lib/x86_64-linux-gnu/libwind.so.0.0.0
7fa53e1ca000-7fa53e1cb000 r--p 00027000 08:17 3810867                    /usr/lib/x86_64-linux-gnu/libwind.so.0.0.0
7fa53e1cb000-7fa53e1cc000 rw-p 00028000 08:17 3810867                    /usr/lib/x86_64-linux-gnu/libwind.so.0.0.0
7fa53e1cc000-7fa53e1d3000 r-xp 00000000 08:17 3809925                    /usr/lib/x86_64-linux-gnu/libffi.so.6.0.4
7fa53e1d3000-7fa53e3d2000 ---p 00007000 08:17 3809925                    /usr/lib/x86_64-linux-gnu/libffi.so.6.0.4
7fa53e3d2000-7fa53e3d3000 r--p 00006000 08:17 3809925                    /usr/lib/x86_64-linux-gnu/libffi.so.6.0.4
7fa53e3d3000-7fa53e3d4000 rw-p 00007000 08:17 3809925                    /usr/lib/x86_64-linux-gnu/libffi.so.6.0.4
7fa53e3d4000-7fa53e3e9000 r-xp 00000000 08:17 3810608                    /usr/lib/x86_64-linux-gnu/libroken.so.18.1.0
7fa53e3e9000-7fa53e5e8000 ---p 00015000 08:17 3810608                    /usr/lib/x86_64-linux-gnu/libroken.so.18.1.0
7fa53e5e8000-7fa53e5e9000 r--p 00014000 08:17 3810608                    /usr/lib/x86_64-linux-gnu/libroken.so.18.1.0
7fa53e5e9000-7fa53e5ea000 rw-p 00015000 08:17 3810608                    /usr/lib/x86_64-linux-gnu/libroken.so.18.1.0
7fa53e5ea000-7fa53e61a000 r-xp 00000000 08:17 3810190                    /usr/lib/x86_64-linux-gnu/libhcrypto.so.4.1.0
7fa53e61a000-7fa53e81a000 ---p 00030000 08:17 3810190                    /usr/lib/x86_64-linux-gnu/libhcrypto.so.4.1.0
7fa53e81a000-7fa53e81b000 r--p 00030000 08:17 3810190                    /usr/lib/x86_64-linux-gnu/libhcrypto.so.4.1.0
7fa53e81b000-7fa53e81c000 rw-p 00031000 08:17 3810190                    /usr/lib/x86_64-linux-gnu/libhcrypto.so.4.1.0
7fa53e81c000-7fa53e81d000 rw-p 00000000 00:00 0 
7fa53e81d000-7fa53e8bc000 r-xp 00000000 08:17 3809627                    /usr/lib/x86_64-linux-gnu/libasn1.so.8.0.0
7fa53e8bc000-7fa53eabb000 ---p 0009f000 08:17 3809627                    /usr/lib/x86_64-linux-gnu/libasn1.so.8.0.0
7fa53eabb000-7fa53eabc000 r--p 0009e000 08:17 3809627                    /usr/lib/x86_64-linux-gnu/libasn1.so.8.0.0
7fa53eabc000-7fa53eabf000 rw-p 0009f000 08:17 3809627                    /usr/lib/x86_64-linux-gnu/libasn1.so.8.0.0
7fa53eabf000-7fa53eb43000 r-xp 00000000 08:17 3810297                    /usr/lib/x86_64-linux-gnu/libkrb5.so.26.0.0
7fa53eb43000-7fa53ed42000 ---p 00084000 08:17 3810297                    /usr/lib/x86_64-linux-gnu/libkrb5.so.26.0.0
7fa53ed42000-7fa53ed45000 r--p 00083000 08:17 3810297                    /usr/lib/x86_64-linux-gnu/libkrb5.so.26.0.0
7fa53ed45000-7fa53ed48000 rw-p 00086000 08:17 3810297                    /usr/lib/x86_64-linux-gnu/libkrb5.so.26.0.0
7fa53ed48000-7fa53ed49000 rw-p 00000000 00:00 0 
7fa53ed49000-7fa53ed51000 r-xp 00000000 08:17 3810194                    /usr/lib/x86_64-linux-gnu/libheimntlm.so.0.1.0
7fa53ed51000-7fa53ef50000 ---p 00008000 08:17 3810194                    /usr/lib/x86_64-linux-gnu/libheimntlm.so.0.1.0
7fa53ef50000-7fa53ef51000 r--p 00007000 08:17 3810194                    /usr/lib/x86_64-linux-gnu/libheimntlm.so.0.1.0
7fa53ef51000-7fa53ef52000 rw-p 00008000 08:17 3810194                    /usr/lib/x86_64-linux-gnu/libheimntlm.so.0.1.0
7fa53ef52000-7fa53ef55000 r-xp 00000000 08:17 266830                     /lib/x86_64-linux-gnu/libkeyutils.so.1.5
7fa53ef55000-7fa53f154000 ---p 00003000 08:17 266830                     /lib/x86_64-linux-gnu/libkeyutils.so.1.5
7fa53f154000-7fa53f155000 r--p 00002000 08:17 266830                     /lib/x86_64-linux-gnu/libkeyutils.so.1.5
7fa53f155000-7fa53f156000 rw-p 00003000 08:17 266830                     /lib/x86_64-linux-gnu/libkeyutils.so.1.5
7fa53f156000-7fa53f167000 r-xp 00000000 08:17 3810713                    /usr/lib/x86_64-linux-gnu/libtasn1.so.6.5.1
7fa53f167000-7fa53f367000 ---p 00011000 08:17 3810713                    /usr/lib/x86_64-linux-gnu/libtasn1.so.6.5.1
7fa53f367000-7fa53f368000 r--p 00011000 08:17 3810713                    /usr/lib/x86_64-linux-gnu/libtasn1.so.6.5.1
7fa53f368000-7fa53f369000 rw-p 00012000 08:17 3810713                    /usr/lib/x86_64-linux-gnu/libtasn1.so.6.5.1
7fa53f369000-7fa53f3c2000 r-xp 00000000 08:17 3810484                    /usr/lib/x86_64-linux-gnu/libp11-kit.so.0.1.0
7fa53f3c2000-7fa53f5c1000 ---p 00059000 08:17 3810484                    /usr/lib/x86_64-linux-gnu/libp11-kit.so.0.1.0
7fa53f5c1000-7fa53f5cb000 r--p 00058000 08:17 3810484                    /usr/lib/x86_64-linux-gnu/libp11-kit.so.0.1.0
7fa53f5cb000-7fa53f5cd000 rw-p 00062000 08:17 3810484                    /usr/lib/x86_64-linux-gnu/libp11-kit.so.0.1.0
7fa53f5cd000-7fa53f60a000 r-xp 00000000 08:17 3810113                    /usr/lib/x86_64-linux-gnu/libgssapi.so.3.0.0
7fa53f60a000-7fa53f80a000 ---p 0003d000 08:17 3810113                    /usr/lib/x86_64-linux-gnu/libgssapi.so.3.0.0
7fa53f80a000-7fa53f80b000 r--p 0003d000 08:17 3810113                    /usr/lib/x86_64-linux-gnu/libgssapi.so.3.0.0
7fa53f80b000-7fa53f80d000 rw-p 0003e000 08:17 3810113                    /usr/lib/x86_64-linux-gnu/libgssapi.so.3.0.0
7fa53f80d000-7fa53f80e000 rw-p 00000000 00:00 0 
7fa53f80e000-7fa53f827000 r-xp 00000000 08:17 3810635                    /usr/lib/x86_64-linux-gnu/libsasl2.so.2.0.25
7fa53f827000-7fa53fa27000 ---p 00019000 08:17 3810635                    /usr/lib/x86_64-linux-gnu/libsasl2.so.2.0.25
7fa53fa27000-7fa53fa28000 r--p 00019000 08:17 3810635                    /usr/lib/x86_64-linux-gnu/libsasl2.so.2.0.25
7fa53fa28000-7fa53fa29000 rw-p 0001a000 08:17 3810635                    /usr/lib/x86_64-linux-gnu/libsasl2.so.2.0.25
7fa53fa29000-7fa53fa40000 r-xp 00000000 08:17 266921                     /lib/x86_64-linux-gnu/libresolv-2.23.so
7fa53fa40000-7fa53fc40000 ---p 00017000 08:17 266921                     /lib/x86_64-linux-gnu/libresolv-2.23.so
7fa53fc40000-7fa53fc41000 r--p 00017000 08:17 266921                     /lib/x86_64-linux-gnu/libresolv-2.23.so
7fa53fc41000-7fa53fc42000 rw-p 00018000 08:17 266921                     /lib/x86_64-linux-gnu/libresolv-2.23.so
7fa53fc42000-7fa53fc44000 rw-p 00000000 00:00 0 
7fa53fc44000-7fa53fc4e000 r-xp 00000000 08:17 3810301                    /usr/lib/x86_64-linux-gnu/libkrb5support.so.0.1
7fa53fc4e000-7fa53fe4d000 ---p 0000a000 08:17 3810301                    /usr/lib/x86_64-linux-gnu/libkrb5support.so.0.1
7fa53fe4d000-7fa53fe4e000 r--p 00009000 08:17 3810301                    /usr/lib/x86_64-linux-gnu/libkrb5support.so.0.1
7fa53fe4e000-7fa53fe4f000 rw-p 0000a000 08:17 3810301                    /usr/lib/x86_64-linux-gnu/libkrb5support.so.0.1
7fa53fe4f000-7fa53fe52000 r-xp 00000000 08:17 266778                     /lib/x86_64-linux-gnu/libcom_err.so.2.1
7fa53fe52000-7fa540051000 ---p 00003000 08:17 266778                     /lib/x86_64-linux-gnu/libcom_err.so.2.1
7fa540051000-7fa540052000 r--p 00002000 08:17 266778                     /lib/x86_64-linux-gnu/libcom_err.so.2.1
7fa540052000-7fa540053000 rw-p 00003000 08:17 266778                     /lib/x86_64-linux-gnu/libcom_err.so.2.1
7fa540053000-7fa54007f000 r-xp 00000000 08:17 3810291                    /usr/lib/x86_64-linux-gnu/libk5crypto.so.3.1
7fa54007f000-7fa54027e000 ---p 0002c000 08:17 3810291                    /usr/lib/x86_64-linux-gnu/libk5crypto.so.3.1
7fa54027e000-7fa540280000 r--p 0002b000 08:17 3810291                    /usr/lib/x86_64-linux-gnu/libk5crypto.so.3.1
7fa540280000-7fa540281000 rw-p 0002d000 08:17 3810291                    /usr/lib/x86_64-linux-gnu/libk5crypto.so.3.1
7fa540281000-7fa540282000 rw-p 00000000 00:00 0 
7fa540282000-7fa540345000 r-xp 00000000 08:17 3810299                    /usr/lib/x86_64-linux-gnu/libkrb5.so.3.3
7fa540345000-7fa540545000 ---p 000c3000 08:17 3810299                    /usr/lib/x86_64-linux-gnu/libkrb5.so.3.3
7fa540545000-7fa540552000 r--p 000c3000 08:17 3810299                    /usr/lib/x86_64-linux-gnu/libkrb5.so.3.3
7fa540552000-7fa540554000 rw-p 000d0000 08:17 3810299                    /usr/lib/x86_64-linux-gnu/libkrb5.so.3.3
7fa540554000-7fa5405d3000 r-xp 00000000 08:17 3810058                    /usr/lib/x86_64-linux-gnu/libgmp.so.10.3.0
7fa5405d3000-7fa5407d2000 ---p 0007f000 08:17 3810058                    /usr/lib/x86_64-linux-gnu/libgmp.so.10.3.0
7fa5407d2000-7fa5407d3000 r--p 0007e000 08:17 3810058                    /usr/lib/x86_64-linux-gnu/libgmp.so.10.3.0
7fa5407d3000-7fa5407d4000 rw-p 0007f000 08:17 3810058                    /usr/lib/x86_64-linux-gnu/libgmp.so.10.3.0
7fa5407d4000-7fa540808000 r-xp 00000000 08:17 3810421                    /usr/lib/x86_64-linux-gnu/libnettle.so.6.2
7fa540808000-7fa540a07000 ---p 00034000 08:17 3810421                    /usr/lib/x86_64-linux-gnu/libnettle.so.6.2
7fa540a07000-7fa540a09000 r--p 00033000 08:17 3810421                    /usr/lib/x86_64-linux-gnu/libnettle.so.6.2
7fa540a09000-7fa540a0a000 rw-p 00035000 08:17 3810421                    /usr/lib/x86_64-linux-gnu/libnettle.so.6.2
7fa540a0a000-7fa540a3c000 r-xp 00000000 08:17 3810196                    /usr/lib/x86_64-linux-gnu/libhogweed.so.4.2
7fa540a3c000-7fa540c3b000 ---p 00032000 08:17 3810196                    /usr/lib/x86_64-linux-gnu/libhogweed.so.4.2
7fa540c3b000-7fa540c3c000 r--p 00031000 08:17 3810196                    /usr/lib/x86_64-linux-gnu/libhogweed.so.4.2
7fa540c3c000-7fa540c3d000 rw-p 00032000 08:17 3810196                    /usr/lib/x86_64-linux-gnu/libhogweed.so.4.2
7fa540c3d000-7fa540d60000 r-xp 00000000 08:17 3803369                    /usr/lib/x86_64-linux-gnu/libgnutls.so.30.6.2
7fa540d60000-7fa540f5f000 ---p 00123000 08:17 3803369                    /usr/lib/x86_64-linux-gnu/libgnutls.so.30.6.2
7fa540f5f000-7fa540f6a000 r--p 00122000 08:17 3803369                    /usr/lib/x86_64-linux-gnu/libgnutls.so.30.6.2
7fa540f6a000-7fa540f6c000 rw-p 0012d000 08:17 3803369                    /usr/lib/x86_64-linux-gnu/libgnutls.so.30.6.2
7fa540f6c000-7fa540f6d000 rw-p 00000000 00:00 0 
7fa540f6d000-7fa540f83000 r-xp 00000000 08:17 266807                     /lib/x86_64-linux-gnu/libgcc_s.so.1
7fa540f83000-7fa541182000 ---p 00016000 08:17 266807                     /lib/x86_64-linux-gnu/libgcc_s.so.1
7fa541182000-7fa541183000 rw-p 00015000 08:17 266807                     /lib/x86_64-linux-gnu/libgcc_s.so.1
7fa541183000-7fa54119e000 r-xp 00000000 08:17 3824821                    /usr/local/lib/libz.so.1.2.9
7fa54119e000-7fa54139d000 ---p 0001b000 08:17 3824821                    /usr/local/lib/libz.so.1.2.9
7fa54139d000-7fa54139e000 r--p 0001a000 08:17 3824821                    /usr/local/lib/libz.so.1.2.9
7fa54139e000-7fa54139f000 rw-p 0001b000 08:17 3824821                    /usr/local/lib/libz.so.1.2.9
7fa54139f000-7fa5413ec000 r-xp 00000000 08:17 3810312                    /usr/lib/x86_64-linux-gnu/libldap_r-2.4.so.2.10.5
7fa5413ec000-7fa5415eb000 ---p 0004d000 08:17 3810312                    /usr/lib/x86_64-linux-gnu/libldap_r-2.4.so.2.10.5
7fa5415eb000-7fa5415ed000 r--p 0004c000 08:17 3810312                    /usr/lib/x86_64-linux-gnu/libldap_r-2.4.so.2.10.5
7fa5415ed000-7fa5415ee000 rw-p 0004e000 08:17 3810312                    /usr/lib/x86_64-linux-gnu/libldap_r-2.4.so.2.10.5
7fa5415ee000-7fa5415f0000 rw-p 00000000 00:00 0 
7fa5415f0000-7fa5415fd000 r-xp 00000000 08:17 3810307                    /usr/lib/x86_64-linux-gnu/liblber-2.4.so.2.10.5
7fa5415fd000-7fa5417fd000 ---p 0000d000 08:17 3810307                    /usr/lib/x86_64-linux-gnu/liblber-2.4.so.2.10.5
7fa5417fd000-7fa5417fe000 r--p 0000d000 08:17 3810307                    /usr/lib/x86_64-linux-gnu/liblber-2.4.so.2.10.5
7fa5417fe000-7fa5417ff000 rw-p 0000e000 08:17 3810307                    /usr/lib/x86_64-linux-gnu/liblber-2.4.so.2.10.5
7fa5417ff000-7fa544000000 rw-p 00000000 00:00 0 
7fa544000000-7fa544021000 rw-p 00000000 00:00 0 
7fa544021000-7fa548000000 ---p 00000000 00:00 0 
7fa548000000-7fa548021000 rw-p 00000000 00:00 0 
7fa548021000-7fa54c000000 ---p 00000000 00:00 0 
7fa54c000000-7fa54c021000 rw-p 00000000 00:00 0 
7fa54c021000-7fa550000000 ---p 00000000 00:00 0 
7fa550069000-7fa55006c000 ---p 00000000 00:00 0 
7fa55006c000-7fa55016a000 rw-p 00000000 00:00 0 
7fa55016a000-7fa5501b1000 r-xp 00000000 08:17 3810115                    /usr/lib/x86_64-linux-gnu/libgssapi_krb5.so.2.2
7fa5501b1000-7fa5503b0000 ---p 00047000 08:17 3810115                    /usr/lib/x86_64-linux-gnu/libgssapi_krb5.so.2.2
7fa5503b0000-7fa5503b2000 r--p 00046000 08:17 3810115                    /usr/lib/x86_64-linux-gnu/libgssapi_krb5.so.2.2
7fa5503b2000-7fa5503b4000 rw-p 00048000 08:17 3810115                    /usr/lib/x86_64-linux-gnu/libgssapi_krb5.so.2.2
7fa5503b4000-7fa5505ce000 r-xp 00000000 08:17 266823                     /lib/x86_64-linux-gnu/libcrypto.so.1.0.0
7fa5505ce000-7fa5507cd000 ---p 0021a000 08:17 266823                     /lib/x86_64-linux-gnu/libcrypto.so.1.0.0
7fa5507cd000-7fa5507e9000 r--p 00219000 08:17 266823                     /lib/x86_64-linux-gnu/libcrypto.so.1.0.0
7fa5507e9000-7fa5507f5000 rw-p 00235000 08:17 266823                     /lib/x86_64-linux-gnu/libcrypto.so.1.0.0
7fa5507f5000-7fa5507f8000 rw-p 00000000 00:00 0 
7fa5507f8000-7fa550856000 r-xp 00000000 08:17 266822                     /lib/x86_64-linux-gnu/libssl.so.1.0.0
7fa550856000-7fa550a56000 ---p 0005e000 08:17 266822                     /lib/x86_64-linux-gnu/libssl.so.1.0.0
7fa550a56000-7fa550a5a000 r--p 0005e000 08:17 266822                     /lib/x86_64-linux-gnu/libssl.so.1.0.0
7fa550a5a000-7fa550a61000 rw-p 00062000 08:17 266822                     /lib/x86_64-linux-gnu/libssl.so.1.0.0
7fa550a61000-7fa550a7c000 r-xp 00000000 08:17 3810616                    /usr/lib/x86_64-linux-gnu/librtmp.so.1
7fa550a7c000-7fa550c7b000 ---p 0001b000 08:17 3810616                    /usr/lib/x86_64-linux-gnu/librtmp.so.1
7fa550c7b000-7fa550c7c000 r--p 0001a000 08:17 3810616                    /usr/lib/x86_64-linux-gnu/librtmp.so.1
7fa550c7c000-7fa550c7d000 rw-p 0001b000 08:17 3810616                    /usr/lib/x86_64-linux-gnu/librtmp.so.1
7fa550c7d000-7fa550def000 r-xp 00000000 08:17 3803290                    /usr/lib/x86_64-linux-gnu/libstdc++.so.6.0.21
7fa550def000-7fa550fef000 ---p 00172000 08:17 3803290                    /usr/lib/x86_64-linux-gnu/libstdc++.so.6.0.21
7fa550fef000-7fa550ff9000 r--p 00172000 08:17 3803290                    /usr/lib/x86_64-linux-gnu/libstdc++.so.6.0.21
7fa550ff9000-7fa550ffb000 rw-p 0017c000 08:17 3803290                    /usr/lib/x86_64-linux-gnu/libstdc++.so.6.0.21
7fa550ffb000-7fa554000000 rw-p 00000000 00:00 0 
7fa554000000-7fa55432f000 rw-p 00000000 00:00 0 
7fa55432f000-7fa558000000 ---p 00000000 00:00 0 
7fa558000000-7fa558146000 rw-p 00000000 00:00 0 
7fa558146000-7fa55c000000 ---p 00000000 00:00 0 
7fa55c000000-7fa55c36c000 rw-p 00000000 00:00 0 
7fa55c36c000-7fa560000000 ---p 00000000 00:00 0 
7fa560000000-7fa560264000 rw-p 00000000 00:00 0 
7fa560264000-7fa564000000 ---p 00000000 00:00 0 
7fa564000000-7fa564021000 rw-p 00000000 00:00 0 
7fa564021000-7fa568000000 ---p 00000000 00:00 0 
7fa568000000-7fa56814f000 rw-p 00000000 00:00 0 
7fa56814f000-7fa56c000000 ---p 00000000 00:00 0 
7fa56c000000-7fa56c021000 rw-p 00000000 00:00 0 
7fa56c021000-7fa570000000 ---p 00000000 00:00 0 
7fa570000000-7fa570132000 rw-p 00000000 00:00 0 
7fa570132000-7fa574000000 ---p 00000000 00:00 0 
7fa574000000-7fa57407c000 rw-p 00000000 00:00 0 
7fa57407c000-7fa578000000 ---p 00000000 00:00 0 
7fa578049000-7fa57807a000 r-xp 00000000 08:17 3803367                    /usr/lib/x86_64-linux-gnu/libidn.so.11.6.15
7fa57807a000-7fa57827a000 ---p 00031000 08:17 3803367                    /usr/lib/x86_64-linux-gnu/libidn.so.11.6.15
7fa57827a000-7fa57827b000 r--p 00031000 08:17 3803367                    /usr/lib/x86_64-linux-gnu/libidn.so.11.6.15
7fa57827b000-7fa57827c000 rw-p 00032000 08:17 3803367                    /usr/lib/x86_64-linux-gnu/libidn.so.11.6.15
7fa57827c000-7fa57834b000 r-xp 00000000 08:17 3810694                    /usr/lib/x86_64-linux-gnu/libsqlite3.so.0.8.6
7fa57834b000-7fa57854b000 ---p 000cf000 08:17 3810694                    /usr/lib/x86_64-linux-gnu/libsqlite3.so.0.8.6
7fa57854b000-7fa57854e000 r--p 000cf000 08:17 3810694                    /usr/lib/x86_64-linux-gnu/libsqlite3.so.0.8.6
7fa57854e000-7fa578550000 rw-p 000d2000 08:17 3810694                    /usr/lib/x86_64-linux-gnu/libsqlite3.so.0.8.6
7fa578550000-7fa578551000 rw-p 00000000 00:00 0 
7fa578551000-7fa5785bc000 r-xp 00000000 08:17 3801208                    /usr/lib/x86_64-linux-gnu/libcurl.so.4.4.0
7fa5785bc000-7fa5787bc000 ---p 0006b000 08:17 3801208                    /usr/lib/x86_64-linux-gnu/libcurl.so.4.4.0
7fa5787bc000-7fa5787bf000 r--p 0006b000 08:17 3801208                    /usr/lib/x86_64-linux-gnu/libcurl.so.4.4.0
7fa5787bf000-7fa5787c0000 rw-p 0006e000 08:17 3801208                    /usr/lib/x86_64-linux-gnu/libcurl.so.4.4.0
7fa5787c0000-7fa5791c5000 r-xp 00000000 08:17 99859                      /home/diamond/Documents/Controller/bin/linux-x86-64/libarcsoft_fsdk_face_recognition.so
7fa5791c5000-7fa5793c4000 ---p 00a05000 08:17 99859                      /home/diamond/Documents/Controller/bin/linux-x86-64/libarcsoft_fsdk_face_recognition.so
7fa5793c4000-7fa5793c5000 r--p 00a04000 08:17 99859                      /home/diamond/Documents/Controller/bin/linux-x86-64/libarcsoft_fsdk_face_recognition.so
7fa5793c5000-7fa579ff0000 rw-p 00a05000 08:17 99859                      /home/diamond/Documents/Controller/bin/linux-x86-64/libarcsoft_fsdk_face_recognition.so
7fa579ff0000-7fa57a008000 r-xp 00000000 08:17 3594274                    /tmp/jna-1655054676/jna1901247679409710551.tmp (deleted)
7fa57a008000-7fa57a207000 ---p 00018000 08:17 3594274                    /tmp/jna-1655054676/jna1901247679409710551.tmp (deleted)
7fa57a207000-7fa57a209000 rw-p 00017000 08:17 3594274                    /tmp/jna-1655054676/jna1901247679409710551.tmp (deleted)
7fa57a209000-7fa57a21a000 r-xp 00000000 08:17 3880230                    /usr/local/jdk1.8.0_152/jre/lib/amd64/libnio.so
7fa57a21a000-7fa57a419000 ---p 00011000 08:17 3880230                    /usr/local/jdk1.8.0_152/jre/lib/amd64/libnio.so
7fa57a419000-7fa57a41a000 rw-p 00010000 08:17 3880230                    /usr/local/jdk1.8.0_152/jre/lib/amd64/libnio.so
7fa57a41a000-7fa57a41d000 ---p 00000000 00:00 0 
7fa57a41d000-7fa57a51b000 rw-p 00000000 00:00 0 
7fa57a51b000-7fa57a531000 r-xp 00000000 08:17 3880227                    /usr/local/jdk1.8.0_152/jre/lib/amd64/libnet.so
7fa57a531000-7fa57a731000 ---p 00016000 08:17 3880227                    /usr/local/jdk1.8.0_152/jre/lib/amd64/libnet.so
7fa57a731000-7fa57a732000 rw-p 00016000 08:17 3880227                    /usr/local/jdk1.8.0_152/jre/lib/amd64/libnet.so
7fa57a732000-7fa57a733000 ---p 00000000 00:00 0 
7fa57a733000-7fa57a833000 rw-p 00000000 00:00 0 
7fa57a833000-7fa57a836000 ---p 00000000 00:00 0 
7fa57a836000-7fa57a934000 rw-p 00000000 00:00 0 
7fa57a934000-7fa57a937000 ---p 00000000 00:00 0 
7fa57a937000-7fa57aa35000 rw-p 00000000 00:00 0 
7fa57aa35000-7fa57aa38000 ---p 00000000 00:00 0 
7fa57aa38000-7fa57ab36000 rw-p 00000000 00:00 0 
7fa57ab36000-7fa57ab39000 ---p 00000000 00:00 0 
7fa57ab39000-7fa57ac37000 rw-p 00000000 00:00 0 
7fa57ac37000-7fa57ac3a000 ---p 00000000 00:00 0 
7fa57ac3a000-7fa57ad38000 rw-p 00000000 00:00 0 
7fa57ad38000-7fa57ad3b000 ---p 00000000 00:00 0 
7fa57ad3b000-7fa57ae39000 rw-p 00000000 00:00 0 
7fa57ae39000-7fa57b7f8000 r--p 00000000 08:17 3808503                    /usr/lib/locale/locale-archive
7fa57b7f8000-7fa57b7fb000 ---p 00000000 00:00 0 
7fa57b7fb000-7fa57b8f9000 rw-p 00000000 00:00 0 
7fa57b8f9000-7fa57b8fc000 ---p 00000000 00:00 0 
7fa57b8fc000-7fa57b9fa000 rw-p 00000000 00:00 0 
7fa57b9fa000-7fa57b9fb000 ---p 00000000 00:00 0 
7fa57b9fb000-7fa57c000000 rw-p 00000000 00:00 0 
7fa57c000000-7fa57c021000 rw-p 00000000 00:00 0 
7fa57c021000-7fa580000000 ---p 00000000 00:00 0 
7fa580000000-7fa580021000 rw-p 00000000 00:00 0 
7fa580021000-7fa584000000 ---p 00000000 00:00 0 
7fa584000000-7fa584021000 rw-p 00000000 00:00 0 
7fa584021000-7fa588000000 ---p 00000000 00:00 0 
7fa58800d000-7fa58c000000 rw-p 00000000 00:00 0 
7fa58c000000-7fa58c021000 rw-p 00000000 00:00 0 
7fa58c021000-7fa590000000 ---p 00000000 00:00 0 
7fa590064000-7fa5900f9000 r--s 01113000 08:17 3880111                    /usr/local/jdk1.8.0_152/jre/lib/ext/jfxrt.jar
7fa5900f9000-7fa591000000 rw-p 00000000 00:00 0 
7fa591000000-7fa5913a0000 rwxp 00000000 00:00 0 
7fa5913a0000-7fa5a0000000 ---p 00000000 00:00 0 
7fa5a0000000-7fa5a0c7c000 rw-p 00000000 00:00 0 
7fa5a0c7c000-7fa5a4000000 ---p 00000000 00:00 0 
7fa5a400d000-7fa5a4010000 ---p 00000000 00:00 0 
7fa5a4010000-7fa5a4046000 rw-p 00000000 00:00 0 
7fa5a4046000-7fa5a404b000 r--s 0009a000 08:17 3880107                    /usr/local/jdk1.8.0_152/jre/lib/jsse.jar
7fa5a404b000-7fa5a4050000 r--s 002f9000 08:17 3880056                    /usr/local/jdk1.8.0_152/jre/lib/charsets.jar
7fa5a4050000-7fa5a405a000 r--s 000eb000 08:17 69177                      /home/diamond/Documents/Controller/lib/mysql-connector-java-5.1.44-bin.jar
7fa5a405a000-7fa5a405d000 r--s 00024000 08:17 79461                      /home/diamond/Documents/Controller/lib/json-lib-2.4-jdk15.jar
7fa5a405d000-7fa5a4061000 r--s 00107000 08:17 69176                      /home/diamond/Documents/Controller/lib/jna-4.4.0.jar
7fa5a4061000-7fa5a406f000 r--s 0007f000 08:17 79458                      /home/diamond/Documents/Controller/lib/commons-collections-3.2.1.jar
7fa5a406f000-7fa5a40be000 rw-p 00000000 00:00 0 
7fa5a40be000-7fa5a4298000 r--s 03d5f000 08:17 3880058                    /usr/local/jdk1.8.0_152/jre/lib/rt.jar
7fa5a4298000-7fa5a46dd000 rw-p 00000000 00:00 0 
7fa5a46dd000-7fa5a46de000 ---p 00000000 00:00 0 
7fa5a46de000-7fa5a47de000 rw-p 00000000 00:00 0 
7fa5a47de000-7fa5a47df000 ---p 00000000 00:00 0 
7fa5a47df000-7fa5a48df000 rw-p 00000000 00:00 0 
7fa5a48df000-7fa5a48e0000 ---p 00000000 00:00 0 
7fa5a48e0000-7fa5a49e0000 rw-p 00000000 00:00 0 
7fa5a49e0000-7fa5a49e1000 ---p 00000000 00:00 0 
7fa5a49e1000-7fa5a4b0a000 rw-p 00000000 00:00 0 
7fa5a4b0a000-7fa5a4d6b000 ---p 00000000 00:00 0 
7fa5a4d6b000-7fa5a4d94000 rw-p 00000000 00:00 0 
7fa5a4d94000-7fa5a4ff5000 ---p 00000000 00:00 0 
7fa5a4ff5000-7fa5a5038000 rw-p 00000000 00:00 0 
7fa5a5038000-7fa5a513a000 ---p 00000000 00:00 0 
7fa5a513a000-7fa5a514a000 rw-p 00000000 00:00 0 
7fa5a514a000-7fa5a54fb000 ---p 00000000 00:00 0 
7fa5a54fb000-7fa5a5516000 r-xp 00000000 08:17 3880223                    /usr/local/jdk1.8.0_152/jre/lib/amd64/libzip.so
7fa5a5516000-7fa5a5716000 ---p 0001b000 08:17 3880223                    /usr/local/jdk1.8.0_152/jre/lib/amd64/libzip.so
7fa5a5716000-7fa5a5717000 rw-p 0001b000 08:17 3880223                    /usr/local/jdk1.8.0_152/jre/lib/amd64/libzip.so
7fa5a5717000-7fa5a5722000 r-xp 00000000 08:17 266868                     /lib/x86_64-linux-gnu/libnss_files-2.23.so
7fa5a5722000-7fa5a5921000 ---p 0000b000 08:17 266868                     /lib/x86_64-linux-gnu/libnss_files-2.23.so
7fa5a5921000-7fa5a5922000 r--p 0000a000 08:17 266868                     /lib/x86_64-linux-gnu/libnss_files-2.23.so
7fa5a5922000-7fa5a5923000 rw-p 0000b000 08:17 266868                     /lib/x86_64-linux-gnu/libnss_files-2.23.so
7fa5a5923000-7fa5a5929000 rw-p 00000000 00:00 0 
7fa5a5929000-7fa5a5934000 r-xp 00000000 08:17 266878                     /lib/x86_64-linux-gnu/libnss_nis-2.23.so
7fa5a5934000-7fa5a5b33000 ---p 0000b000 08:17 266878                     /lib/x86_64-linux-gnu/libnss_nis-2.23.so
7fa5a5b33000-7fa5a5b34000 r--p 0000a000 08:17 266878                     /lib/x86_64-linux-gnu/libnss_nis-2.23.so
7fa5a5b34000-7fa5a5b35000 rw-p 0000b000 08:17 266878                     /lib/x86_64-linux-gnu/libnss_nis-2.23.so
7fa5a5b35000-7fa5a5b4b000 r-xp 00000000 08:17 266862                     /lib/x86_64-linux-gnu/libnsl-2.23.so
7fa5a5b4b000-7fa5a5d4a000 ---p 00016000 08:17 266862                     /lib/x86_64-linux-gnu/libnsl-2.23.so
7fa5a5d4a000-7fa5a5d4b000 r--p 00015000 08:17 266862                     /lib/x86_64-linux-gnu/libnsl-2.23.so
7fa5a5d4b000-7fa5a5d4c000 rw-p 00016000 08:17 266862                     /lib/x86_64-linux-gnu/libnsl-2.23.so
7fa5a5d4c000-7fa5a5d4e000 rw-p 00000000 00:00 0 
7fa5a5d4e000-7fa5a5d56000 r-xp 00000000 08:17 266864                     /lib/x86_64-linux-gnu/libnss_compat-2.23.so
7fa5a5d56000-7fa5a5f55000 ---p 00008000 08:17 266864                     /lib/x86_64-linux-gnu/libnss_compat-2.23.so
7fa5a5f55000-7fa5a5f56000 r--p 00007000 08:17 266864                     /lib/x86_64-linux-gnu/libnss_compat-2.23.so
7fa5a5f56000-7fa5a5f57000 rw-p 00008000 08:17 266864                     /lib/x86_64-linux-gnu/libnss_compat-2.23.so
7fa5a5f57000-7fa5a5f61000 r-xp 00000000 08:17 3880232                    /usr/local/jdk1.8.0_152/jre/lib/amd64/libinstrument.so
7fa5a5f61000-7fa5a6160000 ---p 0000a000 08:17 3880232                    /usr/local/jdk1.8.0_152/jre/lib/amd64/libinstrument.so
7fa5a6160000-7fa5a6161000 rw-p 00009000 08:17 3880232                    /usr/local/jdk1.8.0_152/jre/lib/amd64/libinstrument.so
7fa5a6161000-7fa5a618c000 r-xp 00000000 08:17 3880217                    /usr/local/jdk1.8.0_152/jre/lib/amd64/libjava.so
7fa5a618c000-7fa5a638b000 ---p 0002b000 08:17 3880217                    /usr/local/jdk1.8.0_152/jre/lib/amd64/libjava.so
7fa5a638b000-7fa5a638d000 rw-p 0002a000 08:17 3880217                    /usr/local/jdk1.8.0_152/jre/lib/amd64/libjava.so
7fa5a638d000-7fa5a639a000 r-xp 00000000 08:17 3880222                    /usr/local/jdk1.8.0_152/jre/lib/amd64/libverify.so
7fa5a639a000-7fa5a659a000 ---p 0000d000 08:17 3880222                    /usr/local/jdk1.8.0_152/jre/lib/amd64/libverify.so
7fa5a659a000-7fa5a659c000 rw-p 0000d000 08:17 3880222                    /usr/local/jdk1.8.0_152/jre/lib/amd64/libverify.so
7fa5a659c000-7fa5a65a3000 r-xp 00000000 08:17 266923                     /lib/x86_64-linux-gnu/librt-2.23.so
7fa5a65a3000-7fa5a67a2000 ---p 00007000 08:17 266923                     /lib/x86_64-linux-gnu/librt-2.23.so
7fa5a67a2000-7fa5a67a3000 r--p 00006000 08:17 266923                     /lib/x86_64-linux-gnu/librt-2.23.so
7fa5a67a3000-7fa5a67a4000 rw-p 00007000 08:17 266923                     /lib/x86_64-linux-gnu/librt-2.23.so
7fa5a67a4000-7fa5a68ac000 r-xp 00000000 08:17 266839                     /lib/x86_64-linux-gnu/libm-2.23.so
7fa5a68ac000-7fa5a6aab000 ---p 00108000 08:17 266839                     /lib/x86_64-linux-gnu/libm-2.23.so
7fa5a6aab000-7fa5a6aac000 r--p 00107000 08:17 266839                     /lib/x86_64-linux-gnu/libm-2.23.so
7fa5a6aac000-7fa5a6aad000 rw-p 00108000 08:17 266839                     /lib/x86_64-linux-gnu/libm-2.23.so
7fa5a6aad000-7fa5a7785000 r-xp 00000000 08:17 3880200                    /usr/local/jdk1.8.0_152/jre/lib/amd64/server/libjvm.so
7fa5a7785000-7fa5a7984000 ---p 00cd8000 08:17 3880200                    /usr/local/jdk1.8.0_152/jre/lib/amd64/server/libjvm.so
7fa5a7984000-7fa5a7a5e000 rw-p 00cd7000 08:17 3880200                    /usr/local/jdk1.8.0_152/jre/lib/amd64/server/libjvm.so
7fa5a7a5e000-7fa5a7aa9000 rw-p 00000000 00:00 0 
7fa5a7aa9000-7fa5a7c69000 r-xp 00000000 08:17 266769                     /lib/x86_64-linux-gnu/libc-2.23.so
7fa5a7c69000-7fa5a7e69000 ---p 001c0000 08:17 266769                     /lib/x86_64-linux-gnu/libc-2.23.so
7fa5a7e69000-7fa5a7e6d000 r--p 001c0000 08:17 266769                     /lib/x86_64-linux-gnu/libc-2.23.so
7fa5a7e6d000-7fa5a7e6f000 rw-p 001c4000 08:17 266769                     /lib/x86_64-linux-gnu/libc-2.23.so
7fa5a7e6f000-7fa5a7e73000 rw-p 00000000 00:00 0 
7fa5a7e73000-7fa5a7e76000 r-xp 00000000 08:17 266793                     /lib/x86_64-linux-gnu/libdl-2.23.so
7fa5a7e76000-7fa5a8075000 ---p 00003000 08:17 266793                     /lib/x86_64-linux-gnu/libdl-2.23.so
7fa5a8075000-7fa5a8076000 r--p 00002000 08:17 266793                     /lib/x86_64-linux-gnu/libdl-2.23.so
7fa5a8076000-7fa5a8077000 rw-p 00003000 08:17 266793                     /lib/x86_64-linux-gnu/libdl-2.23.so
7fa5a8077000-7fa5a808d000 r-xp 00000000 08:17 3879918                    /usr/local/jdk1.8.0_152/lib/amd64/jli/libjli.so
7fa5a808d000-7fa5a828c000 ---p 00016000 08:17 3879918                    /usr/local/jdk1.8.0_152/lib/amd64/jli/libjli.so
7fa5a828c000-7fa5a828d000 rw-p 00015000 08:17 3879918                    /usr/local/jdk1.8.0_152/lib/amd64/jli/libjli.so
7fa5a828d000-7fa5a82a5000 r-xp 00000000 08:17 266915                     /lib/x86_64-linux-gnu/libpthread-2.23.so
7fa5a82a5000-7fa5a84a4000 ---p 00018000 08:17 266915                     /lib/x86_64-linux-gnu/libpthread-2.23.so
7fa5a84a4000-7fa5a84a5000 r--p 00017000 08:17 266915                     /lib/x86_64-linux-gnu/libpthread-2.23.so
7fa5a84a5000-7fa5a84a6000 rw-p 00018000 08:17 266915                     /lib/x86_64-linux-gnu/libpthread-2.23.so
7fa5a84a6000-7fa5a84aa000 rw-p 00000000 00:00 0 
7fa5a84aa000-7fa5a84d0000 r-xp 00000000 08:17 266741                     /lib/x86_64-linux-gnu/ld-2.23.so
7fa5a84d0000-7fa5a84d2000 r--s 0001a000 08:17 18339                      /home/diamond/soft/idea-IU-173.3942.27/lib/idea_rt.jar
7fa5a84d2000-7fa5a84d5000 r--s 00013000 08:17 79443                      /home/diamond/Documents/Controller/lib/ezmorph-1.0.6.jar
7fa5a84d5000-7fa5a84d7000 r--s 0000d000 08:17 79460                      /home/diamond/Documents/Controller/lib/commons-logging-1.1.1.jar
7fa5a84d7000-7fa5a84dc000 r--s 00034000 08:17 79459                      /home/diamond/Documents/Controller/lib/commons-beanutils-1.8.0.jar
7fa5a84dc000-7fa5a84ef000 r--s 00345000 08:17 3880093                    /usr/local/jdk1.8.0_152/jre/lib/resources.jar
7fa5a84ef000-7fa5a8502000 r--s 000d6000 08:17 3880030                    /usr/local/jdk1.8.0_152/jre/lib/plugin.jar
7fa5a8502000-7fa5a8507000 r--s 0009a000 08:17 3880107                    /usr/local/jdk1.8.0_152/jre/lib/jsse.jar
7fa5a8507000-7fa5a8509000 r--s 00007000 08:17 3880245                    /usr/local/jdk1.8.0_152/jre/lib/jfxswt.jar
7fa5a8509000-7fa5a850e000 r--s 00084000 08:17 3880007                    /usr/local/jdk1.8.0_152/jre/lib/jfr.jar
7fa5a850e000-7fa5a8511000 r--s 0001a000 08:17 3880243                    /usr/local/jdk1.8.0_152/jre/lib/jce.jar
7fa5a8511000-7fa5a851a000 r--s 0006d000 08:17 3880017                    /usr/local/jdk1.8.0_152/jre/lib/javaws.jar
7fa5a851a000-7fa5a859c000 rw-p 00000000 00:00 0 
7fa5a859c000-7fa5a859f000 ---p 00000000 00:00 0 
7fa5a859f000-7fa5a86a1000 rw-p 00000000 00:00 0 
7fa5a86a1000-7fa5a86a2000 r--s 00000000 08:17 3880014                    /usr/local/jdk1.8.0_152/jre/lib/management-agent.jar
7fa5a86a2000-7fa5a86be000 r--s 0020b000 08:17 3880008                    /usr/local/jdk1.8.0_152/jre/lib/deploy.jar
7fa5a86be000-7fa5a86c3000 r--s 002f9000 08:17 3880056                    /usr/local/jdk1.8.0_152/jre/lib/charsets.jar
7fa5a86c3000-7fa5a86cb000 rw-s 00000000 08:17 3594263                    /tmp/hsperfdata_diamond/16654
7fa5a86cb000-7fa5a86cc000 rw-p 00000000 00:00 0 
7fa5a86cc000-7fa5a86cd000 r--p 00000000 00:00 0 
7fa5a86cd000-7fa5a86cf000 rw-p 00000000 00:00 0 
7fa5a86cf000-7fa5a86d0000 r--p 00025000 08:17 266741                     /lib/x86_64-linux-gnu/ld-2.23.so
7fa5a86d0000-7fa5a86d1000 rw-p 00026000 08:17 266741                     /lib/x86_64-linux-gnu/ld-2.23.so
7fa5a86d1000-7fa5a86d2000 rw-p 00000000 00:00 0 
7ffd7dd44000-7ffd7dd66000 rw-p 00000000 00:00 0                          [stack]
7ffd7dda1000-7ffd7dda3000 r--p 00000000 00:00 0                          [vvar]
7ffd7dda3000-7ffd7dda5000 r-xp 00000000 00:00 0                          [vdso]
ffffffffff600000-ffffffffff601000 r-xp 00000000 00:00 0                  [vsyscall]

VM Arguments:
jvm_args: -javaagent:/home/diamond/soft/idea-IU-173.3942.27/lib/idea_rt.jar=33485:/home/diamond/soft/idea-IU-173.3942.27/bin -Dfile.encoding=UTF-8 
java_command: com.moma.Controller
java_class_path (initial): /usr/local/jdk1.8.0_152/jre/lib/charsets.jar:/usr/local/jdk1.8.0_152/jre/lib/deploy.jar:/usr/local/jdk1.8.0_152/jre/lib/ext/cldrdata.jar:/usr/local/jdk1.8.0_152/jre/lib/ext/dnsns.jar:/usr/local/jdk1.8.0_152/jre/lib/ext/jaccess.jar:/usr/local/jdk1.8.0_152/jre/lib/ext/jfxrt.jar:/usr/local/jdk1.8.0_152/jre/lib/ext/localedata.jar:/usr/local/jdk1.8.0_152/jre/lib/ext/nashorn.jar:/usr/local/jdk1.8.0_152/jre/lib/ext/sunec.jar:/usr/local/jdk1.8.0_152/jre/lib/ext/sunjce_provider.jar:/usr/local/jdk1.8.0_152/jre/lib/ext/sunpkcs11.jar:/usr/local/jdk1.8.0_152/jre/lib/ext/zipfs.jar:/usr/local/jdk1.8.0_152/jre/lib/javaws.jar:/usr/local/jdk1.8.0_152/jre/lib/jce.jar:/usr/local/jdk1.8.0_152/jre/lib/jfr.jar:/usr/local/jdk1.8.0_152/jre/lib/jfxswt.jar:/usr/local/jdk1.8.0_152/jre/lib/jsse.jar:/usr/local/jdk1.8.0_152/jre/lib/management-agent.jar:/usr/local/jdk1.8.0_152/jre/lib/plugin.jar:/usr/local/jdk1.8.0_152/jre/lib/resources.jar:/usr/local/jdk1.8.0_152/jre/lib/rt.jar:/home/diamond/Documents/Controller/out/production/Controller:/home/diamond/Documents/Controller/lib/commons-beanutils-1.8.0.jar:/home/diamond/Documents/Controller/lib/commons-logging-1.1.1.jar:/home/diamond/Documents/Controller/lib/commons-collections-3.2.1.jar:/home/diamond/Documents/Controller/lib/ezmorph-1.0.6.jar:/home/diamond/Documents/Controller/lib/jna-4.4.0.jar:/home/diamond/Documents/Controller/lib/json-lib-2.4-jdk15.jar:/home/diamond/Documents/Controller/lib/mysql-connector-java-5.1.44-bin.jar:/home/diamond/soft/idea-IU-173.3942.27/lib/idea_rt.jar
Launcher Type: SUN_STANDARD

Environment Variables:
JAVA_HOME=/usr/local/jdk1.8.0_152/
JRE_HOME=/usr/local/jdk1.8.0_152//jre
CLASSPATH=/home/diamond/soft/idea-IU-173.3942.27/lib/bootstrap.jar:/home/diamond/soft/idea-IU-173.3942.27/lib/extensions.jar:/home/diamond/soft/idea-IU-173.3942.27/lib/util.jar:/home/diamond/soft/idea-IU-173.3942.27/lib/jdom.jar:/home/diamond/soft/idea-IU-173.3942.27/lib/log4j.jar:/home/diamond/soft/idea-IU-173.3942.27/lib/trove4j.jar:/home/diamond/soft/idea-IU-173.3942.27/lib/jna.jar:/home/diamond/soft/idea-IU-173.3942.27/jre64/lib/tools.jar
PATH=/home/diamond/bin:/home/diamond/.local/bin:/usr/local/cuda-8.0/bin:/usr/local/sbin:/usr/local/bin:/usr/sbin:/usr/bin:/sbin:/bin:/usr/games:/usr/local/games:/snap/bin:/usr/local/jdk1.8.0_152//bin:/usr/local/jdk1.8.0_152//jre/bin
LD_LIBRARY_PATH=/usr/local/cuda-8.0/lib64
SHELL=/bin/bash
DISPLAY=:0

Signal Handlers:
SIGSEGV: [libjvm.so+0xacfec0], sa_mask[0]=11111111011111111101111111111110, sa_flags=SA_RESTART|SA_SIGINFO
SIGBUS: [libjvm.so+0xacfec0], sa_mask[0]=11111111011111111101111111111110, sa_flags=SA_RESTART|SA_SIGINFO
SIGFPE: [libjvm.so+0x927e60], sa_mask[0]=11111111011111111101111111111110, sa_flags=SA_RESTART|SA_SIGINFO
SIGPIPE: [libjvm.so+0x927e60], sa_mask[0]=11111111011111111101111111111110, sa_flags=SA_RESTART|SA_SIGINFO
SIGXFSZ: [libjvm.so+0x927e60], sa_mask[0]=11111111011111111101111111111110, sa_flags=SA_RESTART|SA_SIGINFO
SIGILL: [libjvm.so+0x927e60], sa_mask[0]=11111111011111111101111111111110, sa_flags=SA_RESTART|SA_SIGINFO
SIGUSR1: SIG_DFL, sa_mask[0]=00000000000000000000000000000000, sa_flags=none
SIGUSR2: [libjvm.so+0x9296a0], sa_mask[0]=00100000000000000000000000000000, sa_flags=SA_RESTART|SA_SIGINFO
SIGHUP: [libjvm.so+0x92aaa0], sa_mask[0]=11111111011111111101111111111110, sa_flags=SA_RESTART|SA_SIGINFO
SIGINT: [libarcsoft_fsdk_face_detection.so+0x3700], sa_mask[0]=00000000000000000000000000000000, sa_flags=SA_RESETHAND|SA_SIGINFO|SA_NOCLDWAIT
SIGTERM: [libjvm.so+0x92aaa0], sa_mask[0]=11111111011111111101111111111110, sa_flags=SA_RESTART|SA_SIGINFO
SIGQUIT: [libjvm.so+0x92aaa0], sa_mask[0]=11111111011111111101111111111110, sa_flags=SA_RESTART|SA_SIGINFO


---------------  S Y S T E M  ---------------

OS:DISTRIB_ID=Ubuntu
DISTRIB_RELEASE=16.04
DISTRIB_CODENAME=xenial
DISTRIB_DESCRIPTION="Ubuntu 16.04.3 LTS"

uname:Linux 4.10.0-42-generic #46~16.04.1-Ubuntu SMP Mon Dec 4 15:57:59 UTC 2017 x86_64
libc:glibc 2.23 NPTL 2.23 
rlimit: STACK 8192k, CORE 0k, NPROC 30234, NOFILE 1048576, AS infinity
load average:0.44 0.52 0.85

/proc/meminfo:
MemTotal:        7986184 kB
MemFree:          232716 kB
MemAvailable:    2012316 kB
Buffers:          140216 kB
Cached:          1809028 kB
SwapCached:         7784 kB
Active:          6101288 kB
Inactive:        1201056 kB
Active(anon):    4673116 kB
Inactive(anon):   725332 kB
Active(file):    1428172 kB
Inactive(file):   475724 kB
Unevictable:         232 kB
Mlocked:             232 kB
SwapTotal:       4097020 kB
SwapFree:        4038496 kB
Dirty:               244 kB
Writeback:             0 kB
AnonPages:       5235648 kB
Mapped:           524692 kB
Shmem:             45336 kB
Slab:             245412 kB
SReclaimable:     182568 kB
SUnreclaim:        62844 kB
KernelStack:       17584 kB
PageTables:        64188 kB
NFS_Unstable:          0 kB
Bounce:                0 kB
WritebackTmp:          0 kB
CommitLimit:     8090112 kB
Committed_AS:   13219004 kB
VmallocTotal:   34359738367 kB
VmallocUsed:           0 kB
VmallocChunk:          0 kB
HardwareCorrupted:     0 kB
AnonHugePages:   3241984 kB
ShmemHugePages:        0 kB
ShmemPmdMapped:        0 kB
CmaTotal:              0 kB
CmaFree:               0 kB
HugePages_Total:       0
HugePages_Free:        0
HugePages_Rsvd:        0
HugePages_Surp:        0
Hugepagesize:       2048 kB
DirectMap4k:      302980 kB
DirectMap2M:     7899136 kB


CPU:total 4 (initial active 4) (2 cores per cpu, 2 threads per core) family 6 model 58 stepping 9, cmov, cx8, fxsr, mmx, sse, sse2, sse3, ssse3, sse4.1, sse4.2, popcnt, avx, aes, clmul, erms, ht, tsc, tscinvbit, tscinv

/proc/cpuinfo:
processor	: 0
vendor_id	: GenuineIntel
cpu family	: 6
model		: 58
model name	: Intel(R) Core(TM) i5-3210M CPU @ 2.50GHz
stepping	: 9
microcode	: 0x15
cpu MHz		: 1199.951
cache size	: 3072 KB
physical id	: 0
siblings	: 4
core id		: 0
cpu cores	: 2
apicid		: 0
initial apicid	: 0
fpu		: yes
fpu_exception	: yes
cpuid level	: 13
wp		: yes
flags		: fpu vme de pse tsc msr pae mce cx8 apic sep mtrr pge mca cmov pat pse36 clflush dts acpi mmx fxsr sse sse2 ss ht tm pbe syscall nx rdtscp lm constant_tsc arch_perfmon pebs bts rep_good nopl xtopology nonstop_tsc aperfmperf pni pclmulqdq dtes64 monitor ds_cpl vmx est tm2 ssse3 cx16 xtpr pdcm pcid sse4_1 sse4_2 x2apic popcnt tsc_deadline_timer aes xsave avx f16c rdrand lahf_lm epb tpr_shadow vnmi flexpriority ept vpid fsgsbase smep erms xsaveopt dtherm ida arat pln pts
bugs		:
bogomips	: 4988.88
clflush size	: 64
cache_alignment	: 64
address sizes	: 36 bits physical, 48 bits virtual
power management:

processor	: 1
vendor_id	: GenuineIntel
cpu family	: 6
model		: 58
model name	: Intel(R) Core(TM) i5-3210M CPU @ 2.50GHz
stepping	: 9
microcode	: 0x15
cpu MHz		: 2028.045
cache size	: 3072 KB
physical id	: 0
siblings	: 4
core id		: 0
cpu cores	: 2
apicid		: 1
initial apicid	: 1
fpu		: yes
fpu_exception	: yes
cpuid level	: 13
wp		: yes
flags		: fpu vme de pse tsc msr pae mce cx8 apic sep mtrr pge mca cmov pat pse36 clflush dts acpi mmx fxsr sse sse2 ss ht tm pbe syscall nx rdtscp lm constant_tsc arch_perfmon pebs bts rep_good nopl xtopology nonstop_tsc aperfmperf pni pclmulqdq dtes64 monitor ds_cpl vmx est tm2 ssse3 cx16 xtpr pdcm pcid sse4_1 sse4_2 x2apic popcnt tsc_deadline_timer aes xsave avx f16c rdrand lahf_lm epb tpr_shadow vnmi flexpriority ept vpid fsgsbase smep erms xsaveopt dtherm ida arat pln pts
bugs		:
bogomips	: 4988.88
clflush size	: 64
cache_alignment	: 64
address sizes	: 36 bits physical, 48 bits virtual
power management:

processor	: 2
vendor_id	: GenuineIntel
cpu family	: 6
model		: 58
model name	: Intel(R) Core(TM) i5-3210M CPU @ 2.50GHz
stepping	: 9
microcode	: 0x15
cpu MHz		: 1568.450
cache size	: 3072 KB
physical id	: 0
siblings	: 4
core id		: 1
cpu cores	: 2
apicid		: 2
initial apicid	: 2
fpu		: yes
fpu_exception	: yes
cpuid level	: 13
wp		: yes
flags		: fpu vme de pse tsc msr pae mce cx8 apic sep mtrr pge mca cmov pat pse36 clflush dts acpi mmx fxsr sse sse2 ss ht tm pbe syscall nx rdtscp lm constant_tsc arch_perfmon pebs bts rep_good nopl xtopology nonstop_tsc aperfmperf pni pclmulqdq dtes64 monitor ds_cpl vmx est tm2 ssse3 cx16 xtpr pdcm pcid sse4_1 sse4_2 x2apic popcnt tsc_deadline_timer aes xsave avx f16c rdrand lahf_lm epb tpr_shadow vnmi flexpriority ept vpid fsgsbase smep erms xsaveopt dtherm ida arat pln pts
bugs		:
bogomips	: 4988.88
clflush size	: 64
cache_alignment	: 64
address sizes	: 36 bits physical, 48 bits virtual
power management:

processor	: 3
vendor_id	: GenuineIntel
cpu family	: 6
model		: 58
model name	: Intel(R) Core(TM) i5-3210M CPU @ 2.50GHz
stepping	: 9
microcode	: 0x15
cpu MHz		: 2504.882
cache size	: 3072 KB
physical id	: 0
siblings	: 4
core id		: 1
cpu cores	: 2
apicid		: 3
initial apicid	: 3
fpu		: yes
fpu_exception	: yes
cpuid level	: 13
wp		: yes
flags		: fpu vme de pse tsc msr pae mce cx8 apic sep mtrr pge mca cmov pat pse36 clflush dts acpi mmx fxsr sse sse2 ss ht tm pbe syscall nx rdtscp lm constant_tsc arch_perfmon pebs bts rep_good nopl xtopology nonstop_tsc aperfmperf pni pclmulqdq dtes64 monitor ds_cpl vmx est tm2 ssse3 cx16 xtpr pdcm pcid sse4_1 sse4_2 x2apic popcnt tsc_deadline_timer aes xsave avx f16c rdrand lahf_lm epb tpr_shadow vnmi flexpriority ept vpid fsgsbase smep erms xsaveopt dtherm ida arat pln pts
bugs		:
bogomips	: 4988.88
clflush size	: 64
cache_alignment	: 64
address sizes	: 36 bits physical, 48 bits virtual
power management:



Memory: 4k page, physical 7986184k(232480k free), swap 4097020k(4038496k free)

vm_info: Java HotSpot(TM) 64-Bit Server VM (25.152-b16) for linux-amd64 JRE (1.8.0_152-b16), built on Sep 14 2017 02:16:14 by "java_re" with gcc 4.3.0 20080428 (Red Hat 4.3.0-8)

time: Thu Jan 18 16:13:33 2018
elapsed time: 40 seconds (0d 0h 0m 40s)

